<?xml version="1.0" encoding="UTF-8"?>
<testsuite name="ru.stqa.pft.addressbook.lessons_21.GroupCreationTests" tests="1" skipped="0" failures="0" errors="0" timestamp="2020-11-24T10:48:39" hostname="lst-1" time="2.587">
  <properties/>
  <testcase name="testGroupCreation" classname="ru.stqa.pft.addressbook.lessons_21.GroupCreationTests" time="2.587"/>
  <system-out><![CDATA[]]></system-out>
  <system-err><![CDATA[SLF4J: Failed to load class "org.slf4j.impl.StaticLoggerBinder".
SLF4J: Defaulting to no-operation (NOP) logger implementation
SLF4J: See http://www.slf4j.org/codes.html#StaticLoggerBinder for further details.
1606214892914	geckodriver	INFO	Listening on 127.0.0.1:35157
1606214893793	mozrunner::runner	INFO	Running command: "C:\\Program Files\\Mozilla Firefox\\firefox.exe" "--marionette" "-foreground" "-no-remote" "-profile" "C:\\Users\\admin\\AppData\\Local\\Temp\\rust_mozprofileNdM3q2"
console.warn: SearchSettings: "get: No settings file exists, new profile?" (new Error("", "(unknown module)"))
JavaScript error: resource://gre/modules/XULStore.jsm, line 66: Error: Can't find profile directory.

###!!! [Child][RunMessage] Error: Channel closing: too late to send/recv, messages will be lost

1606214910052	Marionette	INFO	Listening on port 65436
1606214911230	Marionette	WARN	TLS certificate errors will be ignored for this session
ноя 24, 2020 12:48:32 PM org.openqa.selenium.remote.ProtocolHandshake createSession
INFO: Detected dialect: W3C
]]></system-err>
</testsuite>
