<?xml version="1.0" encoding="UTF-8"?>
<testsuite name="GoogleTests" tests="1" skipped="0" failures="0" errors="0" timestamp="2021-04-24T14:45:13" hostname="DESKTOP-5UIVN5C" time="15.489">
  <properties/>
  <testcase name="selenideSearchTest()" classname="GoogleTests" time="15.489"/>
  <system-out><![CDATA[]]></system-out>
  <system-err><![CDATA[Starting ChromeDriver 90.0.4430.24 (4c6d850f087da467d926e8eddb76550aed655991-refs/branch-heads/4430@{#429}) on port 18754
Only local connections are allowed.
Please see https://chromedriver.chromium.org/security-considerations for suggestions on keeping ChromeDriver safe.
ChromeDriver was started successfully.
апр 24, 2021 5:45:22 PM org.openqa.selenium.remote.ProtocolHandshake createSession
INFO: Detected dialect: W3C
]]></system-err>
</testsuite>
