<?xml version="1.0" encoding="UTF-8"?>
<testsuite name="io.github.allure.RetrofitTest" tests="1" skipped="0" failures="0" errors="0" timestamp="2021-04-18T19:36:47" hostname="DESKTOP-5UIVN5C" time="4.07">
  <properties/>
  <testcase name="testGitHubRepos()" classname="io.github.allure.RetrofitTest" time="4.07"/>
  <system-out><![CDATA[]]></system-out>
  <system-err><![CDATA[]]></system-err>
</testsuite>
