<?xml version="1.0" encoding="UTF-8"?>
<testsuite name="io.github.allure.SelenideTest" tests="1" skipped="0" failures="0" errors="0" timestamp="2021-04-19T10:28:38" hostname="LST-1" time="47.813">
  <properties/>
  <testcase name="SearchForIssue()" classname="io.github.allure.SelenideTest" time="47.813"/>
  <system-out><![CDATA[]]></system-out>
  <system-err><![CDATA[Starting ChromeDriver 89.0.4389.23 (61b08ee2c50024bab004e48d2b1b083cdbdac579-refs/branch-heads/4389@{#294}) on port 2075
Only local connections are allowed.
Please see https://chromedriver.chromium.org/security-considerations for suggestions on keeping ChromeDriver safe.
ChromeDriver was started successfully.
апр 19, 2021 1:29:09 PM org.openqa.selenium.remote.ProtocolHandshake createSession
INFO: Detected dialect: W3C
]]></system-err>
</testsuite>
