<?xml version="1.0" encoding="UTF-8"?>
<testsuite name="ru.stqa.pft.addressbook.lessons_68.tests.GroupCreationTests" tests="2" skipped="0" failures="1" errors="0" timestamp="2021-03-01T14:01:19" hostname="lst-1" time="38.744">
  <properties/>
  <testcase name="testGroupCreation[0](GroupData{name='test 0', id='2147483647'})" classname="ru.stqa.pft.addressbook.lessons_68.tests.GroupCreationTests" time="11.192">
    <failure message="org.openqa.selenium.NoSuchElementException: no such element: Unable to locate element: {&quot;method&quot;:&quot;name&quot;,&quot;selector&quot;:&quot;new&quot;}&#10;  (Session info: chrome=88.0.4324.150)&#10;  (Driver info: operadriver=87.0.4280.67 (0e5d92df40086cf0050c00f87b11da1b14580930-refs/branch-heads/4280@{#1441}),platform=Windows NT 6.1.7601 SP1 x86_64) (WARNING: The server did not provide any stacktrace information)&#10;Command duration or timeout: 0 milliseconds&#10;For documentation on this error, please visit: https://selenium.dev/exceptions/#no_such_element&#10;Build info: version: '4.0.0-alpha-7', revision: 'de8579b6d5'&#10;System info: host: 'LST-1', ip: '10.0.0.60', os.name: 'Windows 7', os.arch: 'amd64', os.version: '6.1', java.version: '1.8.0_275'&#10;Driver info: org.openqa.selenium.chrome.ChromeDriver&#10;Capabilities {acceptInsecureCerts: false, acceptSslCerts: false, applicationCacheEnabled: false, browserConnectionEnabled: false, browserName: opera, cssSelectorsEnabled: true, databaseEnabled: false, goog:chromeOptions: {debuggerAddress: localhost:53512}, handlesAlerts: true, hasTouchScreen: false, javascriptEnabled: true, locationContextEnabled: true, mobileEmulationEnabled: false, nativeEvents: true, networkConnectionEnabled: false, opera: {operadriverVersion: 87.0.4280.67 (0e5d92df40086..., userDataDir: C:\Users\admin\AppData\Loca...}, pageLoadStrategy: normal, platform: WINDOWS, platformName: WINDOWS, proxy: Proxy(), rotatable: false, setWindowRect: true, strictFileInteractability: false, takesHeapSnapshot: true, takesScreenshot: true, timeouts: {implicit: 0, pageLoad: 300000, script: 30000}, unexpectedAlertBehaviour: ignore, unhandledPromptBehavior: ignore, version: 88.0.4324.150, webStorageEnabled: true, webauthn:virtualAuthenticators: true}&#10;Session ID: 3e4951c79d2ede6566ce6a8f9cc5332f&#10;*** Element info: {Using=name, value=new}" type="org.openqa.selenium.NoSuchElementException">org.openqa.selenium.NoSuchElementException: no such element: Unable to locate element: {&quot;method&quot;:&quot;name&quot;,&quot;selector&quot;:&quot;new&quot;}
  (Session info: chrome=88.0.4324.150)
  (Driver info: operadriver=87.0.4280.67 (0e5d92df40086cf0050c00f87b11da1b14580930-refs/branch-heads/4280@{#1441}),platform=Windows NT 6.1.7601 SP1 x86_64) (WARNING: The server did not provide any stacktrace information)
Command duration or timeout: 0 milliseconds
For documentation on this error, please visit: https://selenium.dev/exceptions/#no_such_element
Build info: version: '4.0.0-alpha-7', revision: 'de8579b6d5'
System info: host: 'LST-1', ip: '10.0.0.60', os.name: 'Windows 7', os.arch: 'amd64', os.version: '6.1', java.version: '1.8.0_275'
Driver info: org.openqa.selenium.chrome.ChromeDriver
Capabilities {acceptInsecureCerts: false, acceptSslCerts: false, applicationCacheEnabled: false, browserConnectionEnabled: false, browserName: opera, cssSelectorsEnabled: true, databaseEnabled: false, goog:chromeOptions: {debuggerAddress: localhost:53512}, handlesAlerts: true, hasTouchScreen: false, javascriptEnabled: true, locationContextEnabled: true, mobileEmulationEnabled: false, nativeEvents: true, networkConnectionEnabled: false, opera: {operadriverVersion: 87.0.4280.67 (0e5d92df40086..., userDataDir: C:\Users\admin\AppData\Loca...}, pageLoadStrategy: normal, platform: WINDOWS, platformName: WINDOWS, proxy: Proxy(), rotatable: false, setWindowRect: true, strictFileInteractability: false, takesHeapSnapshot: true, takesScreenshot: true, timeouts: {implicit: 0, pageLoad: 300000, script: 30000}, unexpectedAlertBehaviour: ignore, unhandledPromptBehavior: ignore, version: 88.0.4324.150, webStorageEnabled: true, webauthn:virtualAuthenticators: true}
Session ID: 3e4951c79d2ede6566ce6a8f9cc5332f
*** Element info: {Using=name, value=new}
	at sun.reflect.NativeConstructorAccessorImpl.newInstance0(Native Method)
	at sun.reflect.NativeConstructorAccessorImpl.newInstance(NativeConstructorAccessorImpl.java:62)
	at sun.reflect.DelegatingConstructorAccessorImpl.newInstance(DelegatingConstructorAccessorImpl.java:45)
	at java.lang.reflect.Constructor.newInstance(Constructor.java:423)
	at org.openqa.selenium.remote.ErrorHandler.createThrowable(ErrorHandler.java:217)
	at org.openqa.selenium.remote.ErrorHandler.throwIfResponseFailed(ErrorHandler.java:169)
	at org.openqa.selenium.remote.codec.jwp.JsonHttpResponseCodec.reconstructValue(JsonHttpResponseCodec.java:41)
	at org.openqa.selenium.remote.codec.AbstractHttpResponseCodec.decode(AbstractHttpResponseCodec.java:83)
	at org.openqa.selenium.remote.codec.AbstractHttpResponseCodec.decode(AbstractHttpResponseCodec.java:47)
	at org.openqa.selenium.remote.HttpCommandExecutor.execute(HttpCommandExecutor.java:167)
	at org.openqa.selenium.remote.service.DriverCommandExecutor.execute(DriverCommandExecutor.java:123)
	at org.openqa.selenium.remote.RemoteWebDriver.execute(RemoteWebDriver.java:501)
	at org.openqa.selenium.remote.RemoteWebDriver.findElement(RemoteWebDriver.java:332)
	at org.openqa.selenium.By$ByName.findElement(By.java:304)
	at org.openqa.selenium.remote.RemoteWebDriver.findElement(RemoteWebDriver.java:312)
	at ru.stqa.pft.addressbook.lessons_68.appmanager.HelperBase.click(HelperBase.java:21)
	at ru.stqa.pft.addressbook.lessons_68.appmanager.GroupHelper.initGroupCreation(GroupHelper.java:35)
	at ru.stqa.pft.addressbook.lessons_68.appmanager.GroupHelper.create(GroupHelper.java:66)
	at ru.stqa.pft.addressbook.lessons_68.tests.GroupCreationTests.testGroupCreation(GroupCreationTests.java:79)
	at sun.reflect.NativeMethodAccessorImpl.invoke0(Native Method)
	at sun.reflect.NativeMethodAccessorImpl.invoke(NativeMethodAccessorImpl.java:62)
	at sun.reflect.DelegatingMethodAccessorImpl.invoke(DelegatingMethodAccessorImpl.java:43)
	at java.lang.reflect.Method.invoke(Method.java:498)
	at org.testng.internal.MethodInvocationHelper.invokeMethod(MethodInvocationHelper.java:132)
	at org.testng.internal.TestInvoker.invokeMethod(TestInvoker.java:599)
	at org.testng.internal.TestInvoker.invokeTestMethod(TestInvoker.java:174)
	at org.testng.internal.MethodRunner.runInSequence(MethodRunner.java:46)
	at org.testng.internal.TestInvoker$MethodInvocationAgent.invoke(TestInvoker.java:822)
	at org.testng.internal.TestInvoker.invokeTestMethods(TestInvoker.java:147)
	at org.testng.internal.TestMethodWorker.invokeTestMethods(TestMethodWorker.java:146)
	at org.testng.internal.TestMethodWorker.run(TestMethodWorker.java:128)
	at java.util.ArrayList.forEach(ArrayList.java:1259)
	at org.testng.TestRunner.privateRun(TestRunner.java:764)
	at org.testng.TestRunner.run(TestRunner.java:585)
	at org.testng.SuiteRunner.runTest(SuiteRunner.java:384)
	at org.testng.SuiteRunner.runSequentially(SuiteRunner.java:378)
	at org.testng.SuiteRunner.privateRun(SuiteRunner.java:337)
	at org.testng.SuiteRunner.run(SuiteRunner.java:286)
	at org.testng.SuiteRunnerWorker.runSuite(SuiteRunnerWorker.java:53)
	at org.testng.SuiteRunnerWorker.run(SuiteRunnerWorker.java:96)
	at org.testng.TestNG.runSuitesSequentially(TestNG.java:1218)
	at org.testng.TestNG.runSuitesLocally(TestNG.java:1140)
	at org.testng.TestNG.runSuites(TestNG.java:1069)
	at org.testng.TestNG.run(TestNG.java:1037)
	at org.gradle.api.internal.tasks.testing.testng.TestNGTestClassProcessor.runTests(TestNGTestClassProcessor.java:139)
	at org.gradle.api.internal.tasks.testing.testng.TestNGTestClassProcessor.stop(TestNGTestClassProcessor.java:89)
	at org.gradle.api.internal.tasks.testing.SuiteTestClassProcessor.stop(SuiteTestClassProcessor.java:61)
	at sun.reflect.NativeMethodAccessorImpl.invoke0(Native Method)
	at sun.reflect.NativeMethodAccessorImpl.invoke(NativeMethodAccessorImpl.java:62)
	at sun.reflect.DelegatingMethodAccessorImpl.invoke(DelegatingMethodAccessorImpl.java:43)
	at java.lang.reflect.Method.invoke(Method.java:498)
	at org.gradle.internal.dispatch.ReflectionDispatch.dispatch(ReflectionDispatch.java:35)
	at org.gradle.internal.dispatch.ReflectionDispatch.dispatch(ReflectionDispatch.java:24)
	at org.gradle.internal.dispatch.ContextClassLoaderDispatch.dispatch(ContextClassLoaderDispatch.java:32)
	at org.gradle.internal.dispatch.ProxyDispatchAdapter$DispatchingInvocationHandler.invoke(ProxyDispatchAdapter.java:93)
	at com.sun.proxy.$Proxy1.stop(Unknown Source)
	at org.gradle.api.internal.tasks.testing.worker.TestWorker.stop(TestWorker.java:123)
	at sun.reflect.NativeMethodAccessorImpl.invoke0(Native Method)
	at sun.reflect.NativeMethodAccessorImpl.invoke(NativeMethodAccessorImpl.java:62)
	at sun.reflect.DelegatingMethodAccessorImpl.invoke(DelegatingMethodAccessorImpl.java:43)
	at java.lang.reflect.Method.invoke(Method.java:498)
	at org.gradle.internal.dispatch.ReflectionDispatch.dispatch(ReflectionDispatch.java:35)
	at org.gradle.internal.dispatch.ReflectionDispatch.dispatch(ReflectionDispatch.java:24)
	at org.gradle.internal.remote.internal.hub.MessageHubBackedObjectConnection$DispatchWrapper.dispatch(MessageHubBackedObjectConnection.java:155)
	at org.gradle.internal.remote.internal.hub.MessageHubBackedObjectConnection$DispatchWrapper.dispatch(MessageHubBackedObjectConnection.java:137)
	at org.gradle.internal.remote.internal.hub.MessageHub$Handler.run(MessageHub.java:404)
	at org.gradle.internal.concurrent.ExecutorPolicy$CatchAndRecordFailures.onExecute(ExecutorPolicy.java:63)
	at org.gradle.internal.concurrent.ManagedExecutorImpl$1.run(ManagedExecutorImpl.java:46)
	at java.util.concurrent.ThreadPoolExecutor.runWorker(ThreadPoolExecutor.java:1149)
	at java.util.concurrent.ThreadPoolExecutor$Worker.run(ThreadPoolExecutor.java:624)
	at org.gradle.internal.concurrent.ThreadFactoryImpl$ManagedThreadRunnable.run(ThreadFactoryImpl.java:55)
	at java.lang.Thread.run(Thread.java:748)
</failure>
  </testcase>
  <testcase name="testGroupCreation[1](GroupData{name='test 1', id='2147483647'})" classname="ru.stqa.pft.addressbook.lessons_68.tests.GroupCreationTests" time="20.578"/>
  <system-out><![CDATA[16:00:27.620 [Test worker] DEBUG io.netty.util.internal.logging.InternalLoggerFactory - Using SLF4J as the default logging framework
16:00:27.666 [Test worker] DEBUG io.netty.util.ResourceLeakDetector - -Dio.netty.leakDetection.level: simple
16:00:27.666 [Test worker] DEBUG io.netty.util.ResourceLeakDetector - -Dio.netty.leakDetection.targetRecords: 4
16:00:27.726 [Test worker] DEBUG io.netty.util.ResourceLeakDetectorFactory - Loaded default ResourceLeakDetector: io.netty.util.ResourceLeakDetector@484a3d9d
16:00:27.815 [Test worker] DEBUG io.netty.util.internal.PlatformDependent - Platform: Windows
16:00:27.847 [Test worker] DEBUG io.netty.util.internal.PlatformDependent0 - -Dio.netty.noUnsafe: false
16:00:27.847 [Test worker] DEBUG io.netty.util.internal.PlatformDependent0 - Java version: 8
16:00:27.850 [Test worker] DEBUG io.netty.util.internal.PlatformDependent0 - sun.misc.Unsafe.theUnsafe: available
16:00:27.852 [Test worker] DEBUG io.netty.util.internal.PlatformDependent0 - sun.misc.Unsafe.copyMemory: available
16:00:27.854 [Test worker] DEBUG io.netty.util.internal.PlatformDependent0 - java.nio.Buffer.address: available
16:00:27.857 [Test worker] DEBUG io.netty.util.internal.PlatformDependent0 - direct buffer constructor: available
16:00:27.858 [Test worker] DEBUG io.netty.util.internal.PlatformDependent0 - java.nio.Bits.unaligned: available, true
16:00:27.859 [Test worker] DEBUG io.netty.util.internal.PlatformDependent0 - jdk.internal.misc.Unsafe.allocateUninitializedArray(int): unavailable prior to Java9
16:00:27.859 [Test worker] DEBUG io.netty.util.internal.PlatformDependent0 - java.nio.DirectByteBuffer.<init>(long, int): available
16:00:27.859 [Test worker] DEBUG io.netty.util.internal.PlatformDependent - sun.misc.Unsafe: available
16:00:27.868 [Test worker] DEBUG io.netty.util.internal.PlatformDependent - -Dio.netty.tmpdir: C:\Users\admin\AppData\Local\Temp (java.io.tmpdir)
16:00:27.868 [Test worker] DEBUG io.netty.util.internal.PlatformDependent - -Dio.netty.bitMode: 64 (sun.arch.data.model)
16:00:27.880 [Test worker] DEBUG io.netty.util.internal.PlatformDependent - -Dio.netty.maxDirectMemory: 926941184 bytes
16:00:27.880 [Test worker] DEBUG io.netty.util.internal.PlatformDependent - -Dio.netty.uninitializedArrayAllocationThreshold: -1
16:00:27.884 [Test worker] DEBUG io.netty.util.internal.CleanerJava6 - java.nio.ByteBuffer.cleaner(): available
16:00:27.885 [Test worker] DEBUG io.netty.util.internal.PlatformDependent - -Dio.netty.noPreferDirect: false
16:00:27.941 [Test worker] DEBUG io.netty.util.internal.PlatformDependent - org.jctools-core.MpscChunkedArrayQueue: available
16:00:28.095 [Test worker] DEBUG io.netty.util.internal.InternalThreadLocalMap - -Dio.netty.threadLocalMap.stringBuilder.initialSize: 1024
16:00:28.095 [Test worker] DEBUG io.netty.util.internal.InternalThreadLocalMap - -Dio.netty.threadLocalMap.stringBuilder.maxSize: 4096
16:00:28.469 [Test worker] DEBUG io.netty.handler.ssl.JdkSslContext - Default protocols (JDK): [TLSv1.2, TLSv1.1, TLSv1] 
16:00:28.469 [Test worker] DEBUG io.netty.handler.ssl.JdkSslContext - Default cipher suites (JDK): [TLS_ECDHE_ECDSA_WITH_AES_256_GCM_SHA384, TLS_ECDHE_ECDSA_WITH_AES_128_GCM_SHA256, TLS_ECDHE_RSA_WITH_AES_128_GCM_SHA256, TLS_ECDHE_RSA_WITH_AES_256_GCM_SHA384, TLS_ECDHE_RSA_WITH_AES_128_CBC_SHA, TLS_ECDHE_RSA_WITH_AES_256_CBC_SHA, TLS_RSA_WITH_AES_128_GCM_SHA256, TLS_RSA_WITH_AES_128_CBC_SHA, TLS_RSA_WITH_AES_256_CBC_SHA, TLS_AES_128_GCM_SHA256, TLS_AES_256_GCM_SHA384]
16:00:28.642 [Test worker] DEBUG io.netty.channel.MultithreadEventLoopGroup - -Dio.netty.eventLoopThreads: 4
16:00:28.733 [Test worker] DEBUG io.netty.channel.nio.NioEventLoop - -Dio.netty.noKeySetOptimization: false
16:00:28.733 [Test worker] DEBUG io.netty.channel.nio.NioEventLoop - -Dio.netty.selectorAutoRebuildThreshold: 512
16:00:28.906 [Test worker] DEBUG io.netty.buffer.PooledByteBufAllocator - -Dio.netty.allocator.numHeapArenas: 4
16:00:28.906 [Test worker] DEBUG io.netty.buffer.PooledByteBufAllocator - -Dio.netty.allocator.numDirectArenas: 4
16:00:28.906 [Test worker] DEBUG io.netty.buffer.PooledByteBufAllocator - -Dio.netty.allocator.pageSize: 8192
16:00:28.906 [Test worker] DEBUG io.netty.buffer.PooledByteBufAllocator - -Dio.netty.allocator.maxOrder: 11
16:00:28.906 [Test worker] DEBUG io.netty.buffer.PooledByteBufAllocator - -Dio.netty.allocator.chunkSize: 16777216
16:00:28.906 [Test worker] DEBUG io.netty.buffer.PooledByteBufAllocator - -Dio.netty.allocator.smallCacheSize: 256
16:00:28.906 [Test worker] DEBUG io.netty.buffer.PooledByteBufAllocator - -Dio.netty.allocator.normalCacheSize: 64
16:00:28.906 [Test worker] DEBUG io.netty.buffer.PooledByteBufAllocator - -Dio.netty.allocator.maxCachedBufferCapacity: 32768
16:00:28.906 [Test worker] DEBUG io.netty.buffer.PooledByteBufAllocator - -Dio.netty.allocator.cacheTrimInterval: 8192
16:00:28.906 [Test worker] DEBUG io.netty.buffer.PooledByteBufAllocator - -Dio.netty.allocator.cacheTrimIntervalMillis: 0
16:00:28.907 [Test worker] DEBUG io.netty.buffer.PooledByteBufAllocator - -Dio.netty.allocator.useCacheForAllThreads: true
16:00:28.907 [Test worker] DEBUG io.netty.buffer.PooledByteBufAllocator - -Dio.netty.allocator.maxCachedByteBuffersPerChunk: 1023
16:00:28.990 [Test worker] DEBUG io.netty.buffer.ByteBufUtil - -Dio.netty.allocator.type: pooled
16:00:28.991 [Test worker] DEBUG io.netty.buffer.ByteBufUtil - -Dio.netty.threadLocalDirectBufferSize: 0
16:00:28.991 [Test worker] DEBUG io.netty.buffer.ByteBufUtil - -Dio.netty.maxThreadLocalCharBufferSize: 16384
16:00:31.039 [Forwarding newSession on session null to remote] DEBUG io.netty.channel.DefaultChannelId - -Dio.netty.processId: 7828 (auto-detected)
16:00:31.044 [Forwarding newSession on session null to remote] DEBUG io.netty.util.NetUtil - -Djava.net.preferIPv4Stack: false
16:00:31.046 [Forwarding newSession on session null to remote] DEBUG io.netty.util.NetUtil - -Djava.net.preferIPv6Addresses: false
16:00:31.111 [Forwarding newSession on session null to remote] DEBUG io.netty.util.NetUtil - Loopback interface: lo (Software Loopback Interface 1, 127.0.0.1)
16:00:31.112 [Forwarding newSession on session null to remote] DEBUG io.netty.util.NetUtil - Failed to get SOMAXCONN from sysctl and file \proc\sys\net\core\somaxconn. Default: 200
16:00:31.179 [Forwarding newSession on session null to remote] DEBUG io.netty.channel.DefaultChannelId - -Dio.netty.machineId: 10:7b:44:ff:fe:45:90:58 (auto-detected)
16:00:31.462 [AsyncHttpClient-1-2] DEBUG io.netty.buffer.AbstractByteBuf - -Dio.netty.buffer.checkAccessible: true
16:00:31.462 [AsyncHttpClient-1-2] DEBUG io.netty.buffer.AbstractByteBuf - -Dio.netty.buffer.checkBounds: true
16:00:31.463 [AsyncHttpClient-1-2] DEBUG io.netty.util.ResourceLeakDetectorFactory - Loaded default ResourceLeakDetector: io.netty.util.ResourceLeakDetector@2f7701ad
16:00:31.516 [AsyncHttpClient-1-2] DEBUG org.asynchttpclient.netty.channel.NettyConnectListener - Using new Channel '[id: 0x43daccbb, L:/127.0.0.1:53510 - R:localhost/127.0.0.1:1448]' for 'POST' to '/session'
16:00:31.570 [AsyncHttpClient-1-2] DEBUG io.netty.util.Recycler - -Dio.netty.recycler.maxCapacityPerThread: 4096
16:00:31.570 [AsyncHttpClient-1-2] DEBUG io.netty.util.Recycler - -Dio.netty.recycler.maxSharedCapacityFactor: 2
16:00:31.570 [AsyncHttpClient-1-2] DEBUG io.netty.util.Recycler - -Dio.netty.recycler.linkCapacity: 16
16:00:31.570 [AsyncHttpClient-1-2] DEBUG io.netty.util.Recycler - -Dio.netty.recycler.ratio: 8
16:00:31.570 [AsyncHttpClient-1-2] DEBUG io.netty.util.Recycler - -Dio.netty.recycler.delayedQueue.ratio: 8
16:01:00.663 [AsyncHttpClient-1-2] DEBUG org.asynchttpclient.netty.handler.HttpHandler - 

Request DefaultHttpRequest(decodeResult: success, version: HTTP/1.1)
POST /session HTTP/1.1
User-Agent: selenium/4.0.0-alpha-7 (java windows)
Content-Length: 365
Content-Type: application/json; charset=utf-8
host: localhost:1448
accept: */*

Response DefaultHttpResponse(decodeResult: success, version: HTTP/1.1)
HTTP/1.1 200 OK
Content-Length: 1066
Content-Type: application/json; charset=utf-8

16:01:00.907 [AsyncHttpClient-1-2] DEBUG org.asynchttpclient.netty.channel.ChannelManager - Adding key: http://localhost:1448 for channel [id: 0x43daccbb, L:/127.0.0.1:53510 - R:localhost/127.0.0.1:1448]
16:01:01.448 [AsyncHttpClient-1-1] DEBUG org.asynchttpclient.netty.channel.DefaultChannelPool - Entry count for : http://localhost:1448 : 1
16:01:02.038 [AsyncHttpClient-1-3] DEBUG org.asynchttpclient.netty.channel.NettyConnectListener - Using new Channel '[id: 0x31251119, L:/127.0.0.1:53533 - R:localhost/127.0.0.1:53512]' for 'GET' to '/json/version'
16:01:02.648 [AsyncHttpClient-1-1] DEBUG org.asynchttpclient.netty.channel.DefaultChannelPool - Entry count for : http://localhost:1448 : 1
16:01:02.769 [AsyncHttpClient-1-3] DEBUG org.asynchttpclient.netty.handler.HttpHandler - 

Request DefaultFullHttpRequest(decodeResult: success, version: HTTP/1.1, content: EmptyByteBufBE)
GET /json/version HTTP/1.1
User-Agent: selenium/4.0.0-alpha-7 (java windows)
host: localhost:53512
accept: */*

Response DefaultHttpResponse(decodeResult: success, version: HTTP/1.1)
HTTP/1.1 200 OK
Content-Length: 440
Content-Type: application/json; charset=UTF-8

16:01:02.770 [AsyncHttpClient-1-3] DEBUG org.asynchttpclient.netty.channel.ChannelManager - Adding key: http://localhost:53512 for channel [id: 0x31251119, L:/127.0.0.1:53533 - R:localhost/127.0.0.1:53512]
16:01:02.846 [Test worker] DEBUG io.netty.util.internal.ThreadLocalRandom - -Dio.netty.initialSeedUniquifier: 0x4178975c753c2d44
16:01:02.925 [AsyncHttpClient-1-4] DEBUG org.asynchttpclient.netty.channel.NettyConnectListener - Using new Channel '[id: 0x9ba30f5d, L:/127.0.0.1:53538 - R:localhost/127.0.0.1:53512]' for 'GET' to '/devtools/browser/30e1cf3c-cbe8-4f54-a348-2fe5f6cf03d2'
16:01:02.932 [AsyncHttpClient-1-4] DEBUG org.asynchttpclient.netty.handler.WebSocketHandler - 

Request DefaultFullHttpRequest(decodeResult: success, version: HTTP/1.1, content: EmptyByteBufBE)
GET /devtools/browser/30e1cf3c-cbe8-4f54-a348-2fe5f6cf03d2 HTTP/1.1
upgrade: websocket
connection: upgrade
sec-websocket-key: qlAE0rpayyfVY4ijc2elMA==
sec-websocket-version: 13
origin: http://localhost:53512
host: localhost:53512
accept: */*
user-agent: AHC/2.1

Response DefaultHttpResponse(decodeResult: success, version: HTTP/1.1)
HTTP/1.1 101 WebSocket Protocol Handshake
Upgrade: WebSocket
Connection: Upgrade
Sec-WebSocket-Accept: TxDG+clDrBqwxu+IhmRHv3LermE=

16:01:03.407 [Forwarding setTimeout on session 3e4951c79d2ede6566ce6a8f9cc5332f to remote] DEBUG org.asynchttpclient.netty.request.NettyRequestSender - Using pooled Channel '[id: 0x43daccbb, L:/127.0.0.1:53510 - R:localhost/127.0.0.1:1448]' for 'POST' to 'http://localhost:1448/session/3e4951c79d2ede6566ce6a8f9cc5332f/timeouts'
16:01:03.407 [Forwarding setTimeout on session 3e4951c79d2ede6566ce6a8f9cc5332f to remote] DEBUG org.asynchttpclient.netty.request.NettyRequestSender - Using open Channel [id: 0x43daccbb, L:/127.0.0.1:53510 - R:localhost/127.0.0.1:1448] for POST '/session/3e4951c79d2ede6566ce6a8f9cc5332f/timeouts'
16:01:03.428 [AsyncHttpClient-1-2] DEBUG org.asynchttpclient.netty.handler.HttpHandler - 

Request DefaultHttpRequest(decodeResult: success, version: HTTP/1.1)
POST /session/3e4951c79d2ede6566ce6a8f9cc5332f/timeouts HTTP/1.1
User-Agent: selenium/4.0.0-alpha-7 (java windows)
Content-Length: 38
Content-Type: application/json; charset=utf-8
host: localhost:1448
accept: */*

Response DefaultHttpResponse(decodeResult: success, version: HTTP/1.1)
HTTP/1.1 200 OK
Content-Length: 72
Content-Type: application/json; charset=utf-8

16:01:03.428 [AsyncHttpClient-1-2] DEBUG org.asynchttpclient.netty.channel.ChannelManager - Adding key: http://localhost:1448 for channel [id: 0x43daccbb, L:/127.0.0.1:53510 - R:localhost/127.0.0.1:1448]
16:01:03.436 [Forwarding get on session 3e4951c79d2ede6566ce6a8f9cc5332f to remote] DEBUG org.asynchttpclient.netty.request.NettyRequestSender - Using pooled Channel '[id: 0x43daccbb, L:/127.0.0.1:53510 - R:localhost/127.0.0.1:1448]' for 'POST' to 'http://localhost:1448/session/3e4951c79d2ede6566ce6a8f9cc5332f/url'
16:01:03.437 [Forwarding get on session 3e4951c79d2ede6566ce6a8f9cc5332f to remote] DEBUG org.asynchttpclient.netty.request.NettyRequestSender - Using open Channel [id: 0x43daccbb, L:/127.0.0.1:53510 - R:localhost/127.0.0.1:1448] for POST '/session/3e4951c79d2ede6566ce6a8f9cc5332f/url'
16:01:03.781 [AsyncHttpClient-1-1] DEBUG org.asynchttpclient.netty.channel.DefaultChannelPool - Entry count for : http://localhost:53512 : 1
16:01:04.849 [AsyncHttpClient-1-1] DEBUG org.asynchttpclient.netty.channel.DefaultChannelPool - Entry count for : http://localhost:53512 : 1
16:01:05.957 [AsyncHttpClient-1-1] DEBUG org.asynchttpclient.netty.channel.DefaultChannelPool - Entry count for : http://localhost:53512 : 1
16:01:07.048 [AsyncHttpClient-1-1] DEBUG org.asynchttpclient.netty.channel.DefaultChannelPool - Entry count for : http://localhost:53512 : 1
16:01:08.149 [AsyncHttpClient-1-1] DEBUG org.asynchttpclient.netty.channel.DefaultChannelPool - Entry count for : http://localhost:53512 : 1
16:01:09.248 [AsyncHttpClient-1-1] DEBUG org.asynchttpclient.netty.channel.DefaultChannelPool - Entry count for : http://localhost:53512 : 1
16:01:10.357 [AsyncHttpClient-1-1] DEBUG org.asynchttpclient.netty.channel.DefaultChannelPool - Entry count for : http://localhost:53512 : 1
16:01:11.453 [AsyncHttpClient-1-1] DEBUG org.asynchttpclient.netty.channel.DefaultChannelPool - Entry count for : http://localhost:53512 : 1
16:01:11.975 [AsyncHttpClient-1-2] DEBUG org.asynchttpclient.netty.handler.HttpHandler - 

Request DefaultHttpRequest(decodeResult: success, version: HTTP/1.1)
POST /session/3e4951c79d2ede6566ce6a8f9cc5332f/url HTTP/1.1
User-Agent: selenium/4.0.0-alpha-7 (java windows)
Content-Length: 43
Content-Type: application/json; charset=utf-8
host: localhost:1448
accept: */*

Response DefaultHttpResponse(decodeResult: success, version: HTTP/1.1)
HTTP/1.1 200 OK
Content-Length: 72
Content-Type: application/json; charset=utf-8

16:01:11.975 [AsyncHttpClient-1-2] DEBUG org.asynchttpclient.netty.channel.ChannelManager - Adding key: http://localhost:1448 for channel [id: 0x43daccbb, L:/127.0.0.1:53510 - R:localhost/127.0.0.1:1448]
16:01:12.028 [Forwarding findElement on session 3e4951c79d2ede6566ce6a8f9cc5332f to remote] DEBUG org.asynchttpclient.netty.request.NettyRequestSender - Using pooled Channel '[id: 0x43daccbb, L:/127.0.0.1:53510 - R:localhost/127.0.0.1:1448]' for 'POST' to 'http://localhost:1448/session/3e4951c79d2ede6566ce6a8f9cc5332f/element'
16:01:12.028 [Forwarding findElement on session 3e4951c79d2ede6566ce6a8f9cc5332f to remote] DEBUG org.asynchttpclient.netty.request.NettyRequestSender - Using open Channel [id: 0x43daccbb, L:/127.0.0.1:53510 - R:localhost/127.0.0.1:1448] for POST '/session/3e4951c79d2ede6566ce6a8f9cc5332f/element'
16:01:12.284 [AsyncHttpClient-1-2] DEBUG org.asynchttpclient.netty.handler.HttpHandler - 

Request DefaultHttpRequest(decodeResult: success, version: HTTP/1.1)
POST /session/3e4951c79d2ede6566ce6a8f9cc5332f/element HTTP/1.1
User-Agent: selenium/4.0.0-alpha-7 (java windows)
Content-Length: 40
Content-Type: application/json; charset=utf-8
host: localhost:1448
accept: */*

Response DefaultHttpResponse(decodeResult: success, version: HTTP/1.1)
HTTP/1.1 200 OK
Content-Length: 103
Content-Type: application/json; charset=utf-8

16:01:12.287 [AsyncHttpClient-1-2] DEBUG org.asynchttpclient.netty.channel.ChannelManager - Adding key: http://localhost:1448 for channel [id: 0x43daccbb, L:/127.0.0.1:53510 - R:localhost/127.0.0.1:1448]
16:01:12.332 [Forwarding clickElement on session 3e4951c79d2ede6566ce6a8f9cc5332f to remote] DEBUG org.asynchttpclient.netty.request.NettyRequestSender - Using pooled Channel '[id: 0x43daccbb, L:/127.0.0.1:53510 - R:localhost/127.0.0.1:1448]' for 'POST' to 'http://localhost:1448/session/3e4951c79d2ede6566ce6a8f9cc5332f/element/0.09179059461496197-1/click'
16:01:12.339 [Forwarding clickElement on session 3e4951c79d2ede6566ce6a8f9cc5332f to remote] DEBUG org.asynchttpclient.netty.request.NettyRequestSender - Using open Channel [id: 0x43daccbb, L:/127.0.0.1:53510 - R:localhost/127.0.0.1:1448] for POST '/session/3e4951c79d2ede6566ce6a8f9cc5332f/element/0.09179059461496197-1/click'
16:01:12.557 [AsyncHttpClient-1-1] DEBUG org.asynchttpclient.netty.channel.DefaultChannelPool - Entry count for : http://localhost:53512 : 1
16:01:12.713 [AsyncHttpClient-1-2] DEBUG org.asynchttpclient.netty.handler.HttpHandler - 

Request DefaultHttpRequest(decodeResult: success, version: HTTP/1.1)
POST /session/3e4951c79d2ede6566ce6a8f9cc5332f/element/0.09179059461496197-1/click HTTP/1.1
User-Agent: selenium/4.0.0-alpha-7 (java windows)
Content-Length: 35
Content-Type: application/json; charset=utf-8
host: localhost:1448
accept: */*

Response DefaultHttpResponse(decodeResult: success, version: HTTP/1.1)
HTTP/1.1 200 OK
Content-Length: 72
Content-Type: application/json; charset=utf-8

16:01:12.728 [AsyncHttpClient-1-2] DEBUG org.asynchttpclient.netty.channel.ChannelManager - Adding key: http://localhost:1448 for channel [id: 0x43daccbb, L:/127.0.0.1:53510 - R:localhost/127.0.0.1:1448]
16:01:12.738 [Forwarding findElement on session 3e4951c79d2ede6566ce6a8f9cc5332f to remote] DEBUG org.asynchttpclient.netty.request.NettyRequestSender - Using pooled Channel '[id: 0x43daccbb, L:/127.0.0.1:53510 - R:localhost/127.0.0.1:1448]' for 'POST' to 'http://localhost:1448/session/3e4951c79d2ede6566ce6a8f9cc5332f/element'
16:01:12.738 [Forwarding findElement on session 3e4951c79d2ede6566ce6a8f9cc5332f to remote] DEBUG org.asynchttpclient.netty.request.NettyRequestSender - Using open Channel [id: 0x43daccbb, L:/127.0.0.1:53510 - R:localhost/127.0.0.1:1448] for POST '/session/3e4951c79d2ede6566ce6a8f9cc5332f/element'
16:01:12.772 [AsyncHttpClient-1-2] DEBUG org.asynchttpclient.netty.handler.HttpHandler - 

Request DefaultHttpRequest(decodeResult: success, version: HTTP/1.1)
POST /session/3e4951c79d2ede6566ce6a8f9cc5332f/element HTTP/1.1
User-Agent: selenium/4.0.0-alpha-7 (java windows)
Content-Length: 40
Content-Type: application/json; charset=utf-8
host: localhost:1448
accept: */*

Response DefaultHttpResponse(decodeResult: success, version: HTTP/1.1)
HTTP/1.1 200 OK
Content-Length: 103
Content-Type: application/json; charset=utf-8

16:01:12.773 [AsyncHttpClient-1-2] DEBUG org.asynchttpclient.netty.channel.ChannelManager - Adding key: http://localhost:1448 for channel [id: 0x43daccbb, L:/127.0.0.1:53510 - R:localhost/127.0.0.1:1448]
16:01:12.775 [Forwarding getElementAttribute on session 3e4951c79d2ede6566ce6a8f9cc5332f to remote] DEBUG org.asynchttpclient.netty.request.NettyRequestSender - Using pooled Channel '[id: 0x43daccbb, L:/127.0.0.1:53510 - R:localhost/127.0.0.1:1448]' for 'GET' to 'http://localhost:1448/session/3e4951c79d2ede6566ce6a8f9cc5332f/element/0.09179059461496197-1/attribute/value'
16:01:12.775 [Forwarding getElementAttribute on session 3e4951c79d2ede6566ce6a8f9cc5332f to remote] DEBUG org.asynchttpclient.netty.request.NettyRequestSender - Using open Channel [id: 0x43daccbb, L:/127.0.0.1:53510 - R:localhost/127.0.0.1:1448] for GET '/session/3e4951c79d2ede6566ce6a8f9cc5332f/element/0.09179059461496197-1/attribute/value'
16:01:12.993 [AsyncHttpClient-1-2] DEBUG org.asynchttpclient.netty.handler.HttpHandler - 

Request DefaultFullHttpRequest(decodeResult: success, version: HTTP/1.1, content: EmptyByteBufBE)
GET /session/3e4951c79d2ede6566ce6a8f9cc5332f/element/0.09179059461496197-1/attribute/value HTTP/1.1
User-Agent: selenium/4.0.0-alpha-7 (java windows)
Cache-Control: no-cache
Content-Type: application/json; charset=utf-8
host: localhost:1448
accept: */*

Response DefaultHttpResponse(decodeResult: success, version: HTTP/1.1)
HTTP/1.1 200 OK
Content-Length: 70
Content-Type: application/json; charset=utf-8

16:01:12.994 [AsyncHttpClient-1-2] DEBUG org.asynchttpclient.netty.channel.ChannelManager - Adding key: http://localhost:1448 for channel [id: 0x43daccbb, L:/127.0.0.1:53510 - R:localhost/127.0.0.1:1448]
16:01:12.996 [Forwarding findElement on session 3e4951c79d2ede6566ce6a8f9cc5332f to remote] DEBUG org.asynchttpclient.netty.request.NettyRequestSender - Using pooled Channel '[id: 0x43daccbb, L:/127.0.0.1:53510 - R:localhost/127.0.0.1:1448]' for 'POST' to 'http://localhost:1448/session/3e4951c79d2ede6566ce6a8f9cc5332f/element'
16:01:12.997 [Forwarding findElement on session 3e4951c79d2ede6566ce6a8f9cc5332f to remote] DEBUG org.asynchttpclient.netty.request.NettyRequestSender - Using open Channel [id: 0x43daccbb, L:/127.0.0.1:53510 - R:localhost/127.0.0.1:1448] for POST '/session/3e4951c79d2ede6566ce6a8f9cc5332f/element'
16:01:13.058 [AsyncHttpClient-1-2] DEBUG org.asynchttpclient.netty.handler.HttpHandler - 

Request DefaultHttpRequest(decodeResult: success, version: HTTP/1.1)
POST /session/3e4951c79d2ede6566ce6a8f9cc5332f/element HTTP/1.1
User-Agent: selenium/4.0.0-alpha-7 (java windows)
Content-Length: 40
Content-Type: application/json; charset=utf-8
host: localhost:1448
accept: */*

Response DefaultHttpResponse(decodeResult: success, version: HTTP/1.1)
HTTP/1.1 200 OK
Content-Length: 103
Content-Type: application/json; charset=utf-8

16:01:13.059 [AsyncHttpClient-1-2] DEBUG org.asynchttpclient.netty.channel.ChannelManager - Adding key: http://localhost:1448 for channel [id: 0x43daccbb, L:/127.0.0.1:53510 - R:localhost/127.0.0.1:1448]
16:01:13.063 [Forwarding clearElement on session 3e4951c79d2ede6566ce6a8f9cc5332f to remote] DEBUG org.asynchttpclient.netty.request.NettyRequestSender - Using pooled Channel '[id: 0x43daccbb, L:/127.0.0.1:53510 - R:localhost/127.0.0.1:1448]' for 'POST' to 'http://localhost:1448/session/3e4951c79d2ede6566ce6a8f9cc5332f/element/0.09179059461496197-1/clear'
16:01:13.063 [Forwarding clearElement on session 3e4951c79d2ede6566ce6a8f9cc5332f to remote] DEBUG org.asynchttpclient.netty.request.NettyRequestSender - Using open Channel [id: 0x43daccbb, L:/127.0.0.1:53510 - R:localhost/127.0.0.1:1448] for POST '/session/3e4951c79d2ede6566ce6a8f9cc5332f/element/0.09179059461496197-1/clear'
16:01:13.147 [AsyncHttpClient-1-2] DEBUG org.asynchttpclient.netty.handler.HttpHandler - 

Request DefaultHttpRequest(decodeResult: success, version: HTTP/1.1)
POST /session/3e4951c79d2ede6566ce6a8f9cc5332f/element/0.09179059461496197-1/clear HTTP/1.1
User-Agent: selenium/4.0.0-alpha-7 (java windows)
Content-Length: 35
Content-Type: application/json; charset=utf-8
host: localhost:1448
accept: */*

Response DefaultHttpResponse(decodeResult: success, version: HTTP/1.1)
HTTP/1.1 200 OK
Content-Length: 72
Content-Type: application/json; charset=utf-8

16:01:13.147 [AsyncHttpClient-1-2] DEBUG org.asynchttpclient.netty.channel.ChannelManager - Adding key: http://localhost:1448 for channel [id: 0x43daccbb, L:/127.0.0.1:53510 - R:localhost/127.0.0.1:1448]
16:01:13.173 [Forwarding findElement on session 3e4951c79d2ede6566ce6a8f9cc5332f to remote] DEBUG org.asynchttpclient.netty.request.NettyRequestSender - Using pooled Channel '[id: 0x43daccbb, L:/127.0.0.1:53510 - R:localhost/127.0.0.1:1448]' for 'POST' to 'http://localhost:1448/session/3e4951c79d2ede6566ce6a8f9cc5332f/element'
16:01:13.174 [Forwarding findElement on session 3e4951c79d2ede6566ce6a8f9cc5332f to remote] DEBUG org.asynchttpclient.netty.request.NettyRequestSender - Using open Channel [id: 0x43daccbb, L:/127.0.0.1:53510 - R:localhost/127.0.0.1:1448] for POST '/session/3e4951c79d2ede6566ce6a8f9cc5332f/element'
16:01:13.254 [AsyncHttpClient-1-2] DEBUG org.asynchttpclient.netty.handler.HttpHandler - 

Request DefaultHttpRequest(decodeResult: success, version: HTTP/1.1)
POST /session/3e4951c79d2ede6566ce6a8f9cc5332f/element HTTP/1.1
User-Agent: selenium/4.0.0-alpha-7 (java windows)
Content-Length: 40
Content-Type: application/json; charset=utf-8
host: localhost:1448
accept: */*

Response DefaultHttpResponse(decodeResult: success, version: HTTP/1.1)
HTTP/1.1 200 OK
Content-Length: 103
Content-Type: application/json; charset=utf-8

16:01:13.255 [AsyncHttpClient-1-2] DEBUG org.asynchttpclient.netty.channel.ChannelManager - Adding key: http://localhost:1448 for channel [id: 0x43daccbb, L:/127.0.0.1:53510 - R:localhost/127.0.0.1:1448]
16:01:13.293 [Forwarding sendKeysToElement on session 3e4951c79d2ede6566ce6a8f9cc5332f to remote] DEBUG org.asynchttpclient.netty.request.NettyRequestSender - Using pooled Channel '[id: 0x43daccbb, L:/127.0.0.1:53510 - R:localhost/127.0.0.1:1448]' for 'POST' to 'http://localhost:1448/session/3e4951c79d2ede6566ce6a8f9cc5332f/element/0.09179059461496197-1/value'
16:01:13.293 [Forwarding sendKeysToElement on session 3e4951c79d2ede6566ce6a8f9cc5332f to remote] DEBUG org.asynchttpclient.netty.request.NettyRequestSender - Using open Channel [id: 0x43daccbb, L:/127.0.0.1:53510 - R:localhost/127.0.0.1:1448] for POST '/session/3e4951c79d2ede6566ce6a8f9cc5332f/element/0.09179059461496197-1/value'
16:01:13.648 [AsyncHttpClient-1-1] DEBUG org.asynchttpclient.netty.channel.DefaultChannelPool - Entry count for : http://localhost:53512 : 1
16:01:13.930 [AsyncHttpClient-1-2] DEBUG org.asynchttpclient.netty.handler.HttpHandler - 

Request DefaultHttpRequest(decodeResult: success, version: HTTP/1.1)
POST /session/3e4951c79d2ede6566ce6a8f9cc5332f/element/0.09179059461496197-1/value HTTP/1.1
User-Agent: selenium/4.0.0-alpha-7 (java windows)
Content-Length: 65
Content-Type: application/json; charset=utf-8
host: localhost:1448
accept: */*

Response DefaultHttpResponse(decodeResult: success, version: HTTP/1.1)
HTTP/1.1 200 OK
Content-Length: 72
Content-Type: application/json; charset=utf-8

16:01:13.930 [AsyncHttpClient-1-2] DEBUG org.asynchttpclient.netty.channel.ChannelManager - Adding key: http://localhost:1448 for channel [id: 0x43daccbb, L:/127.0.0.1:53510 - R:localhost/127.0.0.1:1448]
16:01:13.946 [Forwarding findElement on session 3e4951c79d2ede6566ce6a8f9cc5332f to remote] DEBUG org.asynchttpclient.netty.request.NettyRequestSender - Using pooled Channel '[id: 0x43daccbb, L:/127.0.0.1:53510 - R:localhost/127.0.0.1:1448]' for 'POST' to 'http://localhost:1448/session/3e4951c79d2ede6566ce6a8f9cc5332f/element'
16:01:13.946 [Forwarding findElement on session 3e4951c79d2ede6566ce6a8f9cc5332f to remote] DEBUG org.asynchttpclient.netty.request.NettyRequestSender - Using open Channel [id: 0x43daccbb, L:/127.0.0.1:53510 - R:localhost/127.0.0.1:1448] for POST '/session/3e4951c79d2ede6566ce6a8f9cc5332f/element'
16:01:14.699 [AsyncHttpClient-1-2] DEBUG org.asynchttpclient.netty.handler.HttpHandler - 

Request DefaultHttpRequest(decodeResult: success, version: HTTP/1.1)
POST /session/3e4951c79d2ede6566ce6a8f9cc5332f/element HTTP/1.1
User-Agent: selenium/4.0.0-alpha-7 (java windows)
Content-Length: 40
Content-Type: application/json; charset=utf-8
host: localhost:1448
accept: */*

Response DefaultHttpResponse(decodeResult: success, version: HTTP/1.1)
HTTP/1.1 200 OK
Content-Length: 103
Content-Type: application/json; charset=utf-8

16:01:14.700 [AsyncHttpClient-1-2] DEBUG org.asynchttpclient.netty.channel.ChannelManager - Adding key: http://localhost:1448 for channel [id: 0x43daccbb, L:/127.0.0.1:53510 - R:localhost/127.0.0.1:1448]
16:01:14.710 [Forwarding clickElement on session 3e4951c79d2ede6566ce6a8f9cc5332f to remote] DEBUG org.asynchttpclient.netty.request.NettyRequestSender - Using pooled Channel '[id: 0x43daccbb, L:/127.0.0.1:53510 - R:localhost/127.0.0.1:1448]' for 'POST' to 'http://localhost:1448/session/3e4951c79d2ede6566ce6a8f9cc5332f/element/0.09179059461496197-2/click'
16:01:14.710 [Forwarding clickElement on session 3e4951c79d2ede6566ce6a8f9cc5332f to remote] DEBUG org.asynchttpclient.netty.request.NettyRequestSender - Using open Channel [id: 0x43daccbb, L:/127.0.0.1:53510 - R:localhost/127.0.0.1:1448] for POST '/session/3e4951c79d2ede6566ce6a8f9cc5332f/element/0.09179059461496197-2/click'
16:01:14.781 [AsyncHttpClient-1-1] DEBUG org.asynchttpclient.netty.channel.DefaultChannelPool - Entry count for : http://localhost:53512 : 1
16:01:15.081 [AsyncHttpClient-1-2] DEBUG org.asynchttpclient.netty.handler.HttpHandler - 

Request DefaultHttpRequest(decodeResult: success, version: HTTP/1.1)
POST /session/3e4951c79d2ede6566ce6a8f9cc5332f/element/0.09179059461496197-2/click HTTP/1.1
User-Agent: selenium/4.0.0-alpha-7 (java windows)
Content-Length: 35
Content-Type: application/json; charset=utf-8
host: localhost:1448
accept: */*

Response DefaultHttpResponse(decodeResult: success, version: HTTP/1.1)
HTTP/1.1 200 OK
Content-Length: 72
Content-Type: application/json; charset=utf-8

16:01:15.081 [AsyncHttpClient-1-2] DEBUG org.asynchttpclient.netty.channel.ChannelManager - Adding key: http://localhost:1448 for channel [id: 0x43daccbb, L:/127.0.0.1:53510 - R:localhost/127.0.0.1:1448]
16:01:15.092 [Forwarding findElement on session 3e4951c79d2ede6566ce6a8f9cc5332f to remote] DEBUG org.asynchttpclient.netty.request.NettyRequestSender - Using pooled Channel '[id: 0x43daccbb, L:/127.0.0.1:53510 - R:localhost/127.0.0.1:1448]' for 'POST' to 'http://localhost:1448/session/3e4951c79d2ede6566ce6a8f9cc5332f/element'
16:01:15.093 [Forwarding findElement on session 3e4951c79d2ede6566ce6a8f9cc5332f to remote] DEBUG org.asynchttpclient.netty.request.NettyRequestSender - Using open Channel [id: 0x43daccbb, L:/127.0.0.1:53510 - R:localhost/127.0.0.1:1448] for POST '/session/3e4951c79d2ede6566ce6a8f9cc5332f/element'
16:01:15.631 [AsyncHttpClient-1-2] DEBUG org.asynchttpclient.netty.handler.HttpHandler - 

Request DefaultHttpRequest(decodeResult: success, version: HTTP/1.1)
POST /session/3e4951c79d2ede6566ce6a8f9cc5332f/element HTTP/1.1
User-Agent: selenium/4.0.0-alpha-7 (java windows)
Content-Length: 40
Content-Type: application/json; charset=utf-8
host: localhost:1448
accept: */*

Response DefaultHttpResponse(decodeResult: success, version: HTTP/1.1)
HTTP/1.1 200 OK
Content-Length: 103
Content-Type: application/json; charset=utf-8

16:01:15.639 [AsyncHttpClient-1-2] DEBUG org.asynchttpclient.netty.channel.ChannelManager - Adding key: http://localhost:1448 for channel [id: 0x43daccbb, L:/127.0.0.1:53510 - R:localhost/127.0.0.1:1448]
16:01:15.662 [Forwarding getElementAttribute on session 3e4951c79d2ede6566ce6a8f9cc5332f to remote] DEBUG org.asynchttpclient.netty.request.NettyRequestSender - Using pooled Channel '[id: 0x43daccbb, L:/127.0.0.1:53510 - R:localhost/127.0.0.1:1448]' for 'GET' to 'http://localhost:1448/session/3e4951c79d2ede6566ce6a8f9cc5332f/element/0.09179059461496197-2/attribute/value'
16:01:15.662 [Forwarding getElementAttribute on session 3e4951c79d2ede6566ce6a8f9cc5332f to remote] DEBUG org.asynchttpclient.netty.request.NettyRequestSender - Using open Channel [id: 0x43daccbb, L:/127.0.0.1:53510 - R:localhost/127.0.0.1:1448] for GET '/session/3e4951c79d2ede6566ce6a8f9cc5332f/element/0.09179059461496197-2/attribute/value'
16:01:15.756 [AsyncHttpClient-1-2] DEBUG org.asynchttpclient.netty.handler.HttpHandler - 

Request DefaultFullHttpRequest(decodeResult: success, version: HTTP/1.1, content: EmptyByteBufBE)
GET /session/3e4951c79d2ede6566ce6a8f9cc5332f/element/0.09179059461496197-2/attribute/value HTTP/1.1
User-Agent: selenium/4.0.0-alpha-7 (java windows)
Cache-Control: no-cache
Content-Type: application/json; charset=utf-8
host: localhost:1448
accept: */*

Response DefaultHttpResponse(decodeResult: success, version: HTTP/1.1)
HTTP/1.1 200 OK
Content-Length: 70
Content-Type: application/json; charset=utf-8

16:01:15.764 [AsyncHttpClient-1-2] DEBUG org.asynchttpclient.netty.channel.ChannelManager - Adding key: http://localhost:1448 for channel [id: 0x43daccbb, L:/127.0.0.1:53510 - R:localhost/127.0.0.1:1448]
16:01:15.781 [Forwarding findElement on session 3e4951c79d2ede6566ce6a8f9cc5332f to remote] DEBUG org.asynchttpclient.netty.request.NettyRequestSender - Using pooled Channel '[id: 0x43daccbb, L:/127.0.0.1:53510 - R:localhost/127.0.0.1:1448]' for 'POST' to 'http://localhost:1448/session/3e4951c79d2ede6566ce6a8f9cc5332f/element'
16:01:15.781 [Forwarding findElement on session 3e4951c79d2ede6566ce6a8f9cc5332f to remote] DEBUG org.asynchttpclient.netty.request.NettyRequestSender - Using open Channel [id: 0x43daccbb, L:/127.0.0.1:53510 - R:localhost/127.0.0.1:1448] for POST '/session/3e4951c79d2ede6566ce6a8f9cc5332f/element'
16:01:16.010 [AsyncHttpClient-1-1] DEBUG org.asynchttpclient.netty.channel.DefaultChannelPool - Entry count for : http://localhost:53512 : 1
16:01:16.140 [AsyncHttpClient-1-2] DEBUG org.asynchttpclient.netty.handler.HttpHandler - 

Request DefaultHttpRequest(decodeResult: success, version: HTTP/1.1)
POST /session/3e4951c79d2ede6566ce6a8f9cc5332f/element HTTP/1.1
User-Agent: selenium/4.0.0-alpha-7 (java windows)
Content-Length: 40
Content-Type: application/json; charset=utf-8
host: localhost:1448
accept: */*

Response DefaultHttpResponse(decodeResult: success, version: HTTP/1.1)
HTTP/1.1 200 OK
Content-Length: 103
Content-Type: application/json; charset=utf-8

16:01:16.140 [AsyncHttpClient-1-2] DEBUG org.asynchttpclient.netty.channel.ChannelManager - Adding key: http://localhost:1448 for channel [id: 0x43daccbb, L:/127.0.0.1:53510 - R:localhost/127.0.0.1:1448]
16:01:16.142 [Forwarding clearElement on session 3e4951c79d2ede6566ce6a8f9cc5332f to remote] DEBUG org.asynchttpclient.netty.request.NettyRequestSender - Using pooled Channel '[id: 0x43daccbb, L:/127.0.0.1:53510 - R:localhost/127.0.0.1:1448]' for 'POST' to 'http://localhost:1448/session/3e4951c79d2ede6566ce6a8f9cc5332f/element/0.09179059461496197-2/clear'
16:01:16.142 [Forwarding clearElement on session 3e4951c79d2ede6566ce6a8f9cc5332f to remote] DEBUG org.asynchttpclient.netty.request.NettyRequestSender - Using open Channel [id: 0x43daccbb, L:/127.0.0.1:53510 - R:localhost/127.0.0.1:1448] for POST '/session/3e4951c79d2ede6566ce6a8f9cc5332f/element/0.09179059461496197-2/clear'
16:01:16.316 [AsyncHttpClient-1-2] DEBUG org.asynchttpclient.netty.handler.HttpHandler - 

Request DefaultHttpRequest(decodeResult: success, version: HTTP/1.1)
POST /session/3e4951c79d2ede6566ce6a8f9cc5332f/element/0.09179059461496197-2/clear HTTP/1.1
User-Agent: selenium/4.0.0-alpha-7 (java windows)
Content-Length: 35
Content-Type: application/json; charset=utf-8
host: localhost:1448
accept: */*

Response DefaultHttpResponse(decodeResult: success, version: HTTP/1.1)
HTTP/1.1 200 OK
Content-Length: 72
Content-Type: application/json; charset=utf-8

16:01:16.317 [AsyncHttpClient-1-2] DEBUG org.asynchttpclient.netty.channel.ChannelManager - Adding key: http://localhost:1448 for channel [id: 0x43daccbb, L:/127.0.0.1:53510 - R:localhost/127.0.0.1:1448]
16:01:16.324 [Forwarding findElement on session 3e4951c79d2ede6566ce6a8f9cc5332f to remote] DEBUG org.asynchttpclient.netty.request.NettyRequestSender - Using pooled Channel '[id: 0x43daccbb, L:/127.0.0.1:53510 - R:localhost/127.0.0.1:1448]' for 'POST' to 'http://localhost:1448/session/3e4951c79d2ede6566ce6a8f9cc5332f/element'
16:01:16.324 [Forwarding findElement on session 3e4951c79d2ede6566ce6a8f9cc5332f to remote] DEBUG org.asynchttpclient.netty.request.NettyRequestSender - Using open Channel [id: 0x43daccbb, L:/127.0.0.1:53510 - R:localhost/127.0.0.1:1448] for POST '/session/3e4951c79d2ede6566ce6a8f9cc5332f/element'
16:01:16.360 [AsyncHttpClient-1-2] DEBUG org.asynchttpclient.netty.handler.HttpHandler - 

Request DefaultHttpRequest(decodeResult: success, version: HTTP/1.1)
POST /session/3e4951c79d2ede6566ce6a8f9cc5332f/element HTTP/1.1
User-Agent: selenium/4.0.0-alpha-7 (java windows)
Content-Length: 40
Content-Type: application/json; charset=utf-8
host: localhost:1448
accept: */*

Response DefaultHttpResponse(decodeResult: success, version: HTTP/1.1)
HTTP/1.1 200 OK
Content-Length: 103
Content-Type: application/json; charset=utf-8

16:01:16.360 [AsyncHttpClient-1-2] DEBUG org.asynchttpclient.netty.channel.ChannelManager - Adding key: http://localhost:1448 for channel [id: 0x43daccbb, L:/127.0.0.1:53510 - R:localhost/127.0.0.1:1448]
16:01:16.363 [Forwarding sendKeysToElement on session 3e4951c79d2ede6566ce6a8f9cc5332f to remote] DEBUG org.asynchttpclient.netty.request.NettyRequestSender - Using pooled Channel '[id: 0x43daccbb, L:/127.0.0.1:53510 - R:localhost/127.0.0.1:1448]' for 'POST' to 'http://localhost:1448/session/3e4951c79d2ede6566ce6a8f9cc5332f/element/0.09179059461496197-2/value'
16:01:16.363 [Forwarding sendKeysToElement on session 3e4951c79d2ede6566ce6a8f9cc5332f to remote] DEBUG org.asynchttpclient.netty.request.NettyRequestSender - Using open Channel [id: 0x43daccbb, L:/127.0.0.1:53510 - R:localhost/127.0.0.1:1448] for POST '/session/3e4951c79d2ede6566ce6a8f9cc5332f/element/0.09179059461496197-2/value'
16:01:16.415 [AsyncHttpClient-1-2] DEBUG org.asynchttpclient.netty.handler.HttpHandler - 

Request DefaultHttpRequest(decodeResult: success, version: HTTP/1.1)
POST /session/3e4951c79d2ede6566ce6a8f9cc5332f/element/0.09179059461496197-2/value HTTP/1.1
User-Agent: selenium/4.0.0-alpha-7 (java windows)
Content-Length: 66
Content-Type: application/json; charset=utf-8
host: localhost:1448
accept: */*

Response DefaultHttpResponse(decodeResult: success, version: HTTP/1.1)
HTTP/1.1 200 OK
Content-Length: 72
Content-Type: application/json; charset=utf-8

16:01:16.416 [AsyncHttpClient-1-2] DEBUG org.asynchttpclient.netty.channel.ChannelManager - Adding key: http://localhost:1448 for channel [id: 0x43daccbb, L:/127.0.0.1:53510 - R:localhost/127.0.0.1:1448]
16:01:16.428 [Forwarding findElement on session 3e4951c79d2ede6566ce6a8f9cc5332f to remote] DEBUG org.asynchttpclient.netty.request.NettyRequestSender - Using pooled Channel '[id: 0x43daccbb, L:/127.0.0.1:53510 - R:localhost/127.0.0.1:1448]' for 'POST' to 'http://localhost:1448/session/3e4951c79d2ede6566ce6a8f9cc5332f/element'
16:01:16.428 [Forwarding findElement on session 3e4951c79d2ede6566ce6a8f9cc5332f to remote] DEBUG org.asynchttpclient.netty.request.NettyRequestSender - Using open Channel [id: 0x43daccbb, L:/127.0.0.1:53510 - R:localhost/127.0.0.1:1448] for POST '/session/3e4951c79d2ede6566ce6a8f9cc5332f/element'
16:01:16.677 [AsyncHttpClient-1-2] DEBUG org.asynchttpclient.netty.handler.HttpHandler - 

Request DefaultHttpRequest(decodeResult: success, version: HTTP/1.1)
POST /session/3e4951c79d2ede6566ce6a8f9cc5332f/element HTTP/1.1
User-Agent: selenium/4.0.0-alpha-7 (java windows)
Content-Length: 70
Content-Type: application/json; charset=utf-8
host: localhost:1448
accept: */*

Response DefaultHttpResponse(decodeResult: success, version: HTTP/1.1)
HTTP/1.1 200 OK
Content-Length: 103
Content-Type: application/json; charset=utf-8

16:01:16.678 [AsyncHttpClient-1-2] DEBUG org.asynchttpclient.netty.channel.ChannelManager - Adding key: http://localhost:1448 for channel [id: 0x43daccbb, L:/127.0.0.1:53510 - R:localhost/127.0.0.1:1448]
16:01:16.680 [Forwarding clickElement on session 3e4951c79d2ede6566ce6a8f9cc5332f to remote] DEBUG org.asynchttpclient.netty.request.NettyRequestSender - Using pooled Channel '[id: 0x43daccbb, L:/127.0.0.1:53510 - R:localhost/127.0.0.1:1448]' for 'POST' to 'http://localhost:1448/session/3e4951c79d2ede6566ce6a8f9cc5332f/element/0.09179059461496197-3/click'
16:01:16.680 [Forwarding clickElement on session 3e4951c79d2ede6566ce6a8f9cc5332f to remote] DEBUG org.asynchttpclient.netty.request.NettyRequestSender - Using open Channel [id: 0x43daccbb, L:/127.0.0.1:53510 - R:localhost/127.0.0.1:1448] for POST '/session/3e4951c79d2ede6566ce6a8f9cc5332f/element/0.09179059461496197-3/click'
16:01:17.063 [AsyncHttpClient-1-1] DEBUG org.asynchttpclient.netty.channel.DefaultChannelPool - Entry count for : http://localhost:53512 : 1
16:01:18.166 [AsyncHttpClient-1-1] DEBUG org.asynchttpclient.netty.channel.DefaultChannelPool - Entry count for : http://localhost:53512 : 1
16:01:19.248 [AsyncHttpClient-1-1] DEBUG org.asynchttpclient.netty.channel.DefaultChannelPool - Entry count for : http://localhost:53512 : 1
16:01:19.351 [AsyncHttpClient-1-2] DEBUG org.asynchttpclient.netty.handler.HttpHandler - 

Request DefaultHttpRequest(decodeResult: success, version: HTTP/1.1)
POST /session/3e4951c79d2ede6566ce6a8f9cc5332f/element/0.09179059461496197-3/click HTTP/1.1
User-Agent: selenium/4.0.0-alpha-7 (java windows)
Content-Length: 35
Content-Type: application/json; charset=utf-8
host: localhost:1448
accept: */*

Response DefaultHttpResponse(decodeResult: success, version: HTTP/1.1)
HTTP/1.1 200 OK
Content-Length: 72
Content-Type: application/json; charset=utf-8

16:01:19.352 [AsyncHttpClient-1-2] DEBUG org.asynchttpclient.netty.channel.ChannelManager - Adding key: http://localhost:1448 for channel [id: 0x43daccbb, L:/127.0.0.1:53510 - R:localhost/127.0.0.1:1448]
16:01:19.369 [Test worker] INFO ru.stqa.pft.addressbook.lessons_68.tests.GroupDeletionTests - Start test testGroupCreation
16:01:19.375 [Forwarding findElement on session 3e4951c79d2ede6566ce6a8f9cc5332f to remote] DEBUG org.asynchttpclient.netty.request.NettyRequestSender - Using pooled Channel '[id: 0x43daccbb, L:/127.0.0.1:53510 - R:localhost/127.0.0.1:1448]' for 'POST' to 'http://localhost:1448/session/3e4951c79d2ede6566ce6a8f9cc5332f/element'
16:01:19.376 [Forwarding findElement on session 3e4951c79d2ede6566ce6a8f9cc5332f to remote] DEBUG org.asynchttpclient.netty.request.NettyRequestSender - Using open Channel [id: 0x43daccbb, L:/127.0.0.1:53510 - R:localhost/127.0.0.1:1448] for POST '/session/3e4951c79d2ede6566ce6a8f9cc5332f/element'
16:01:19.497 [AsyncHttpClient-1-2] DEBUG org.asynchttpclient.netty.handler.HttpHandler - 

Request DefaultHttpRequest(decodeResult: success, version: HTTP/1.1)
POST /session/3e4951c79d2ede6566ce6a8f9cc5332f/element HTTP/1.1
User-Agent: selenium/4.0.0-alpha-7 (java windows)
Content-Length: 42
Content-Type: application/json; charset=utf-8
host: localhost:1448
accept: */*

Response DefaultHttpResponse(decodeResult: success, version: HTTP/1.1)
HTTP/1.1 200 OK
Content-Length: 102
Content-Type: application/json; charset=utf-8

16:01:19.497 [AsyncHttpClient-1-2] DEBUG org.asynchttpclient.netty.channel.ChannelManager - Adding key: http://localhost:1448 for channel [id: 0x43daccbb, L:/127.0.0.1:53510 - R:localhost/127.0.0.1:1448]
16:01:19.512 [Forwarding findElement on session 3e4951c79d2ede6566ce6a8f9cc5332f to remote] DEBUG org.asynchttpclient.netty.request.NettyRequestSender - Using pooled Channel '[id: 0x43daccbb, L:/127.0.0.1:53510 - R:localhost/127.0.0.1:1448]' for 'POST' to 'http://localhost:1448/session/3e4951c79d2ede6566ce6a8f9cc5332f/element'
16:01:19.512 [Forwarding findElement on session 3e4951c79d2ede6566ce6a8f9cc5332f to remote] DEBUG org.asynchttpclient.netty.request.NettyRequestSender - Using open Channel [id: 0x43daccbb, L:/127.0.0.1:53510 - R:localhost/127.0.0.1:1448] for POST '/session/3e4951c79d2ede6566ce6a8f9cc5332f/element'
16:01:19.615 [AsyncHttpClient-1-2] DEBUG org.asynchttpclient.netty.handler.HttpHandler - 

Request DefaultHttpRequest(decodeResult: success, version: HTTP/1.1)
POST /session/3e4951c79d2ede6566ce6a8f9cc5332f/element HTTP/1.1
User-Agent: selenium/4.0.0-alpha-7 (java windows)
Content-Length: 42
Content-Type: application/json; charset=utf-8
host: localhost:1448
accept: */*

Response DefaultHttpResponse(decodeResult: success, version: HTTP/1.1)
HTTP/1.1 200 OK
Content-Length: 102
Content-Type: application/json; charset=utf-8

16:01:19.616 [AsyncHttpClient-1-2] DEBUG org.asynchttpclient.netty.channel.ChannelManager - Adding key: http://localhost:1448 for channel [id: 0x43daccbb, L:/127.0.0.1:53510 - R:localhost/127.0.0.1:1448]
16:01:19.631 [Forwarding getElementText on session 3e4951c79d2ede6566ce6a8f9cc5332f to remote] DEBUG org.asynchttpclient.netty.request.NettyRequestSender - Using pooled Channel '[id: 0x43daccbb, L:/127.0.0.1:53510 - R:localhost/127.0.0.1:1448]' for 'GET' to 'http://localhost:1448/session/3e4951c79d2ede6566ce6a8f9cc5332f/element/0.2685154822017417-1/text'
16:01:19.632 [Forwarding getElementText on session 3e4951c79d2ede6566ce6a8f9cc5332f to remote] DEBUG org.asynchttpclient.netty.request.NettyRequestSender - Using open Channel [id: 0x43daccbb, L:/127.0.0.1:53510 - R:localhost/127.0.0.1:1448] for GET '/session/3e4951c79d2ede6566ce6a8f9cc5332f/element/0.2685154822017417-1/text'
16:01:19.679 [AsyncHttpClient-1-2] DEBUG org.asynchttpclient.netty.handler.HttpHandler - 

Request DefaultFullHttpRequest(decodeResult: success, version: HTTP/1.1, content: EmptyByteBufBE)
GET /session/3e4951c79d2ede6566ce6a8f9cc5332f/element/0.2685154822017417-1/text HTTP/1.1
User-Agent: selenium/4.0.0-alpha-7 (java windows)
Cache-Control: no-cache
Content-Type: application/json; charset=utf-8
host: localhost:1448
accept: */*

Response DefaultHttpResponse(decodeResult: success, version: HTTP/1.1)
HTTP/1.1 200 OK
Content-Length: 70
Content-Type: application/json; charset=utf-8

16:01:19.679 [AsyncHttpClient-1-2] DEBUG org.asynchttpclient.netty.channel.ChannelManager - Adding key: http://localhost:1448 for channel [id: 0x43daccbb, L:/127.0.0.1:53510 - R:localhost/127.0.0.1:1448]
16:01:19.681 [Forwarding findElement on session 3e4951c79d2ede6566ce6a8f9cc5332f to remote] DEBUG org.asynchttpclient.netty.request.NettyRequestSender - Using pooled Channel '[id: 0x43daccbb, L:/127.0.0.1:53510 - R:localhost/127.0.0.1:1448]' for 'POST' to 'http://localhost:1448/session/3e4951c79d2ede6566ce6a8f9cc5332f/element'
16:01:19.681 [Forwarding findElement on session 3e4951c79d2ede6566ce6a8f9cc5332f to remote] DEBUG org.asynchttpclient.netty.request.NettyRequestSender - Using open Channel [id: 0x43daccbb, L:/127.0.0.1:53510 - R:localhost/127.0.0.1:1448] for POST '/session/3e4951c79d2ede6566ce6a8f9cc5332f/element'
16:01:19.747 [AsyncHttpClient-1-2] DEBUG org.asynchttpclient.netty.handler.HttpHandler - 

Request DefaultHttpRequest(decodeResult: success, version: HTTP/1.1)
POST /session/3e4951c79d2ede6566ce6a8f9cc5332f/element HTTP/1.1
User-Agent: selenium/4.0.0-alpha-7 (java windows)
Content-Length: 47
Content-Type: application/json; charset=utf-8
host: localhost:1448
accept: */*

Response DefaultHttpResponse(decodeResult: success, version: HTTP/1.1)
HTTP/1.1 200 OK
Content-Length: 102
Content-Type: application/json; charset=utf-8

16:01:19.747 [AsyncHttpClient-1-2] DEBUG org.asynchttpclient.netty.channel.ChannelManager - Adding key: http://localhost:1448 for channel [id: 0x43daccbb, L:/127.0.0.1:53510 - R:localhost/127.0.0.1:1448]
16:01:19.749 [Forwarding clickElement on session 3e4951c79d2ede6566ce6a8f9cc5332f to remote] DEBUG org.asynchttpclient.netty.request.NettyRequestSender - Using pooled Channel '[id: 0x43daccbb, L:/127.0.0.1:53510 - R:localhost/127.0.0.1:1448]' for 'POST' to 'http://localhost:1448/session/3e4951c79d2ede6566ce6a8f9cc5332f/element/0.2685154822017417-2/click'
16:01:19.749 [Forwarding clickElement on session 3e4951c79d2ede6566ce6a8f9cc5332f to remote] DEBUG org.asynchttpclient.netty.request.NettyRequestSender - Using open Channel [id: 0x43daccbb, L:/127.0.0.1:53510 - R:localhost/127.0.0.1:1448] for POST '/session/3e4951c79d2ede6566ce6a8f9cc5332f/element/0.2685154822017417-2/click'
16:01:19.872 [AsyncHttpClient-1-2] DEBUG org.asynchttpclient.netty.handler.HttpHandler - 

Request DefaultHttpRequest(decodeResult: success, version: HTTP/1.1)
POST /session/3e4951c79d2ede6566ce6a8f9cc5332f/element/0.2685154822017417-2/click HTTP/1.1
User-Agent: selenium/4.0.0-alpha-7 (java windows)
Content-Length: 34
Content-Type: application/json; charset=utf-8
host: localhost:1448
accept: */*

Response DefaultHttpResponse(decodeResult: success, version: HTTP/1.1)
HTTP/1.1 200 OK
Content-Length: 72
Content-Type: application/json; charset=utf-8

16:01:19.873 [AsyncHttpClient-1-2] DEBUG org.asynchttpclient.netty.channel.ChannelManager - Adding key: http://localhost:1448 for channel [id: 0x43daccbb, L:/127.0.0.1:53510 - R:localhost/127.0.0.1:1448]
16:01:19.946 [Forwarding findElements on session 3e4951c79d2ede6566ce6a8f9cc5332f to remote] DEBUG org.asynchttpclient.netty.request.NettyRequestSender - Using pooled Channel '[id: 0x43daccbb, L:/127.0.0.1:53510 - R:localhost/127.0.0.1:1448]' for 'POST' to 'http://localhost:1448/session/3e4951c79d2ede6566ce6a8f9cc5332f/elements'
16:01:19.946 [Forwarding findElements on session 3e4951c79d2ede6566ce6a8f9cc5332f to remote] DEBUG org.asynchttpclient.netty.request.NettyRequestSender - Using open Channel [id: 0x43daccbb, L:/127.0.0.1:53510 - R:localhost/127.0.0.1:1448] for POST '/session/3e4951c79d2ede6566ce6a8f9cc5332f/elements'
16:01:20.348 [AsyncHttpClient-1-1] DEBUG org.asynchttpclient.netty.channel.DefaultChannelPool - Entry count for : http://localhost:53512 : 1
16:01:21.448 [AsyncHttpClient-1-1] DEBUG org.asynchttpclient.netty.channel.DefaultChannelPool - Entry count for : http://localhost:53512 : 1
16:01:22.548 [AsyncHttpClient-1-1] DEBUG org.asynchttpclient.netty.channel.DefaultChannelPool - Entry count for : http://localhost:53512 : 1
16:01:23.705 [AsyncHttpClient-1-1] DEBUG org.asynchttpclient.netty.channel.DefaultChannelPool - Entry count for : http://localhost:53512 : 1
16:01:24.800 [AsyncHttpClient-1-1] DEBUG org.asynchttpclient.netty.channel.DefaultChannelPool - Entry count for : http://localhost:53512 : 1
16:01:25.165 [AsyncHttpClient-1-2] DEBUG org.asynchttpclient.netty.handler.HttpHandler - 

Request DefaultHttpRequest(decodeResult: success, version: HTTP/1.1)
POST /session/3e4951c79d2ede6566ce6a8f9cc5332f/elements HTTP/1.1
User-Agent: selenium/4.0.0-alpha-7 (java windows)
Content-Length: 54
Content-Type: application/json; charset=utf-8
host: localhost:1448
accept: */*

Response DefaultHttpResponse(decodeResult: success, version: HTTP/1.1)
HTTP/1.1 200 OK
Content-Length: 70
Content-Type: application/json; charset=utf-8

16:01:25.165 [AsyncHttpClient-1-2] DEBUG org.asynchttpclient.netty.channel.ChannelManager - Adding key: http://localhost:1448 for channel [id: 0x43daccbb, L:/127.0.0.1:53510 - R:localhost/127.0.0.1:1448]
16:01:25.220 [Forwarding findElement on session 3e4951c79d2ede6566ce6a8f9cc5332f to remote] DEBUG org.asynchttpclient.netty.request.NettyRequestSender - Using pooled Channel '[id: 0x43daccbb, L:/127.0.0.1:53510 - R:localhost/127.0.0.1:1448]' for 'POST' to 'http://localhost:1448/session/3e4951c79d2ede6566ce6a8f9cc5332f/element'
16:01:25.220 [Forwarding findElement on session 3e4951c79d2ede6566ce6a8f9cc5332f to remote] DEBUG org.asynchttpclient.netty.request.NettyRequestSender - Using open Channel [id: 0x43daccbb, L:/127.0.0.1:53510 - R:localhost/127.0.0.1:1448] for POST '/session/3e4951c79d2ede6566ce6a8f9cc5332f/element'
16:01:25.848 [AsyncHttpClient-1-1] DEBUG org.asynchttpclient.netty.channel.DefaultChannelPool - Entry count for : http://localhost:53512 : 1
16:01:26.948 [AsyncHttpClient-1-1] DEBUG org.asynchttpclient.netty.channel.DefaultChannelPool - Entry count for : http://localhost:53512 : 1
16:01:28.049 [AsyncHttpClient-1-1] DEBUG org.asynchttpclient.netty.channel.DefaultChannelPool - Entry count for : http://localhost:53512 : 1
16:01:29.149 [AsyncHttpClient-1-1] DEBUG org.asynchttpclient.netty.channel.DefaultChannelPool - Entry count for : http://localhost:53512 : 1
16:01:30.259 [AsyncHttpClient-1-1] DEBUG org.asynchttpclient.netty.channel.DefaultChannelPool - Entry count for : http://localhost:53512 : 1
16:01:30.438 [AsyncHttpClient-1-2] DEBUG org.asynchttpclient.netty.handler.HttpHandler - 

Request DefaultHttpRequest(decodeResult: success, version: HTTP/1.1)
POST /session/3e4951c79d2ede6566ce6a8f9cc5332f/element HTTP/1.1
User-Agent: selenium/4.0.0-alpha-7 (java windows)
Content-Length: 39
Content-Type: application/json; charset=utf-8
host: localhost:1448
accept: */*

Response DefaultHttpResponse(decodeResult: success, version: HTTP/1.1)
HTTP/1.1 200 OK
Content-Length: 364
Content-Type: application/json; charset=utf-8

16:01:30.440 [AsyncHttpClient-1-2] DEBUG org.asynchttpclient.netty.channel.ChannelManager - Adding key: http://localhost:1448 for channel [id: 0x43daccbb, L:/127.0.0.1:53510 - R:localhost/127.0.0.1:1448]
16:01:37.531 [Test worker] INFO ru.stqa.pft.addressbook.lessons_68.tests.GroupDeletionTests - Start test testGroupCreation
16:01:37.533 [Forwarding findElement on session 3e4951c79d2ede6566ce6a8f9cc5332f to remote] DEBUG org.asynchttpclient.netty.request.NettyRequestSender - Using pooled Channel '[id: 0x43daccbb, L:/127.0.0.1:53510 - R:localhost/127.0.0.1:1448]' for 'POST' to 'http://localhost:1448/session/3e4951c79d2ede6566ce6a8f9cc5332f/element'
16:01:37.533 [Forwarding findElement on session 3e4951c79d2ede6566ce6a8f9cc5332f to remote] DEBUG org.asynchttpclient.netty.request.NettyRequestSender - Using open Channel [id: 0x43daccbb, L:/127.0.0.1:53510 - R:localhost/127.0.0.1:1448] for POST '/session/3e4951c79d2ede6566ce6a8f9cc5332f/element'
16:01:37.580 [AsyncHttpClient-1-2] DEBUG org.asynchttpclient.netty.handler.HttpHandler - 

Request DefaultHttpRequest(decodeResult: success, version: HTTP/1.1)
POST /session/3e4951c79d2ede6566ce6a8f9cc5332f/element HTTP/1.1
User-Agent: selenium/4.0.0-alpha-7 (java windows)
Content-Length: 42
Content-Type: application/json; charset=utf-8
host: localhost:1448
accept: */*

Response DefaultHttpResponse(decodeResult: success, version: HTTP/1.1)
HTTP/1.1 200 OK
Content-Length: 102
Content-Type: application/json; charset=utf-8

16:01:37.581 [AsyncHttpClient-1-2] DEBUG org.asynchttpclient.netty.channel.ChannelManager - Adding key: http://localhost:1448 for channel [id: 0x43daccbb, L:/127.0.0.1:53510 - R:localhost/127.0.0.1:1448]
16:01:37.582 [Forwarding findElement on session 3e4951c79d2ede6566ce6a8f9cc5332f to remote] DEBUG org.asynchttpclient.netty.request.NettyRequestSender - Using pooled Channel '[id: 0x43daccbb, L:/127.0.0.1:53510 - R:localhost/127.0.0.1:1448]' for 'POST' to 'http://localhost:1448/session/3e4951c79d2ede6566ce6a8f9cc5332f/element'
16:01:37.582 [Forwarding findElement on session 3e4951c79d2ede6566ce6a8f9cc5332f to remote] DEBUG org.asynchttpclient.netty.request.NettyRequestSender - Using open Channel [id: 0x43daccbb, L:/127.0.0.1:53510 - R:localhost/127.0.0.1:1448] for POST '/session/3e4951c79d2ede6566ce6a8f9cc5332f/element'
16:01:37.597 [AsyncHttpClient-1-2] DEBUG org.asynchttpclient.netty.handler.HttpHandler - 

Request DefaultHttpRequest(decodeResult: success, version: HTTP/1.1)
POST /session/3e4951c79d2ede6566ce6a8f9cc5332f/element HTTP/1.1
User-Agent: selenium/4.0.0-alpha-7 (java windows)
Content-Length: 42
Content-Type: application/json; charset=utf-8
host: localhost:1448
accept: */*

Response DefaultHttpResponse(decodeResult: success, version: HTTP/1.1)
HTTP/1.1 200 OK
Content-Length: 102
Content-Type: application/json; charset=utf-8

16:01:37.597 [AsyncHttpClient-1-2] DEBUG org.asynchttpclient.netty.channel.ChannelManager - Adding key: http://localhost:1448 for channel [id: 0x43daccbb, L:/127.0.0.1:53510 - R:localhost/127.0.0.1:1448]
16:01:37.598 [Forwarding getElementText on session 3e4951c79d2ede6566ce6a8f9cc5332f to remote] DEBUG org.asynchttpclient.netty.request.NettyRequestSender - Using pooled Channel '[id: 0x43daccbb, L:/127.0.0.1:53510 - R:localhost/127.0.0.1:1448]' for 'GET' to 'http://localhost:1448/session/3e4951c79d2ede6566ce6a8f9cc5332f/element/0.5931035201891923-1/text'
16:01:37.598 [Forwarding getElementText on session 3e4951c79d2ede6566ce6a8f9cc5332f to remote] DEBUG org.asynchttpclient.netty.request.NettyRequestSender - Using open Channel [id: 0x43daccbb, L:/127.0.0.1:53510 - R:localhost/127.0.0.1:1448] for GET '/session/3e4951c79d2ede6566ce6a8f9cc5332f/element/0.5931035201891923-1/text'
16:01:37.626 [AsyncHttpClient-1-2] DEBUG org.asynchttpclient.netty.handler.HttpHandler - 

Request DefaultFullHttpRequest(decodeResult: success, version: HTTP/1.1, content: EmptyByteBufBE)
GET /session/3e4951c79d2ede6566ce6a8f9cc5332f/element/0.5931035201891923-1/text HTTP/1.1
User-Agent: selenium/4.0.0-alpha-7 (java windows)
Cache-Control: no-cache
Content-Type: application/json; charset=utf-8
host: localhost:1448
accept: */*

Response DefaultHttpResponse(decodeResult: success, version: HTTP/1.1)
HTTP/1.1 200 OK
Content-Length: 70
Content-Type: application/json; charset=utf-8

16:01:37.626 [AsyncHttpClient-1-2] DEBUG org.asynchttpclient.netty.channel.ChannelManager - Adding key: http://localhost:1448 for channel [id: 0x43daccbb, L:/127.0.0.1:53510 - R:localhost/127.0.0.1:1448]
16:01:37.628 [Forwarding findElement on session 3e4951c79d2ede6566ce6a8f9cc5332f to remote] DEBUG org.asynchttpclient.netty.request.NettyRequestSender - Using pooled Channel '[id: 0x43daccbb, L:/127.0.0.1:53510 - R:localhost/127.0.0.1:1448]' for 'POST' to 'http://localhost:1448/session/3e4951c79d2ede6566ce6a8f9cc5332f/element'
16:01:37.629 [Forwarding findElement on session 3e4951c79d2ede6566ce6a8f9cc5332f to remote] DEBUG org.asynchttpclient.netty.request.NettyRequestSender - Using open Channel [id: 0x43daccbb, L:/127.0.0.1:53510 - R:localhost/127.0.0.1:1448] for POST '/session/3e4951c79d2ede6566ce6a8f9cc5332f/element'
16:01:37.676 [AsyncHttpClient-1-2] DEBUG org.asynchttpclient.netty.handler.HttpHandler - 

Request DefaultHttpRequest(decodeResult: success, version: HTTP/1.1)
POST /session/3e4951c79d2ede6566ce6a8f9cc5332f/element HTTP/1.1
User-Agent: selenium/4.0.0-alpha-7 (java windows)
Content-Length: 47
Content-Type: application/json; charset=utf-8
host: localhost:1448
accept: */*

Response DefaultHttpResponse(decodeResult: success, version: HTTP/1.1)
HTTP/1.1 200 OK
Content-Length: 102
Content-Type: application/json; charset=utf-8

16:01:37.676 [AsyncHttpClient-1-2] DEBUG org.asynchttpclient.netty.channel.ChannelManager - Adding key: http://localhost:1448 for channel [id: 0x43daccbb, L:/127.0.0.1:53510 - R:localhost/127.0.0.1:1448]
16:01:37.677 [Forwarding clickElement on session 3e4951c79d2ede6566ce6a8f9cc5332f to remote] DEBUG org.asynchttpclient.netty.request.NettyRequestSender - Using pooled Channel '[id: 0x43daccbb, L:/127.0.0.1:53510 - R:localhost/127.0.0.1:1448]' for 'POST' to 'http://localhost:1448/session/3e4951c79d2ede6566ce6a8f9cc5332f/element/0.5931035201891923-2/click'
16:01:37.678 [Forwarding clickElement on session 3e4951c79d2ede6566ce6a8f9cc5332f to remote] DEBUG org.asynchttpclient.netty.request.NettyRequestSender - Using open Channel [id: 0x43daccbb, L:/127.0.0.1:53510 - R:localhost/127.0.0.1:1448] for POST '/session/3e4951c79d2ede6566ce6a8f9cc5332f/element/0.5931035201891923-2/click'
16:01:37.961 [AsyncHttpClient-1-1] DEBUG org.asynchttpclient.netty.channel.DefaultChannelPool - Entry count for : http://localhost:53512 : 1
16:01:38.066 [AsyncHttpClient-1-2] DEBUG org.asynchttpclient.netty.handler.HttpHandler - 

Request DefaultHttpRequest(decodeResult: success, version: HTTP/1.1)
POST /session/3e4951c79d2ede6566ce6a8f9cc5332f/element/0.5931035201891923-2/click HTTP/1.1
User-Agent: selenium/4.0.0-alpha-7 (java windows)
Content-Length: 34
Content-Type: application/json; charset=utf-8
host: localhost:1448
accept: */*

Response DefaultHttpResponse(decodeResult: success, version: HTTP/1.1)
HTTP/1.1 200 OK
Content-Length: 72
Content-Type: application/json; charset=utf-8

16:01:38.066 [AsyncHttpClient-1-2] DEBUG org.asynchttpclient.netty.channel.ChannelManager - Adding key: http://localhost:1448 for channel [id: 0x43daccbb, L:/127.0.0.1:53510 - R:localhost/127.0.0.1:1448]
16:01:38.077 [Forwarding findElements on session 3e4951c79d2ede6566ce6a8f9cc5332f to remote] DEBUG org.asynchttpclient.netty.request.NettyRequestSender - Using pooled Channel '[id: 0x43daccbb, L:/127.0.0.1:53510 - R:localhost/127.0.0.1:1448]' for 'POST' to 'http://localhost:1448/session/3e4951c79d2ede6566ce6a8f9cc5332f/elements'
16:01:38.077 [Forwarding findElements on session 3e4951c79d2ede6566ce6a8f9cc5332f to remote] DEBUG org.asynchttpclient.netty.request.NettyRequestSender - Using open Channel [id: 0x43daccbb, L:/127.0.0.1:53510 - R:localhost/127.0.0.1:1448] for POST '/session/3e4951c79d2ede6566ce6a8f9cc5332f/elements'
16:01:38.113 [AsyncHttpClient-1-2] DEBUG org.asynchttpclient.netty.handler.HttpHandler - 

Request DefaultHttpRequest(decodeResult: success, version: HTTP/1.1)
POST /session/3e4951c79d2ede6566ce6a8f9cc5332f/elements HTTP/1.1
User-Agent: selenium/4.0.0-alpha-7 (java windows)
Content-Length: 54
Content-Type: application/json; charset=utf-8
host: localhost:1448
accept: */*

Response DefaultHttpResponse(decodeResult: success, version: HTTP/1.1)
HTTP/1.1 200 OK
Content-Length: 2502
Content-Type: application/json; charset=utf-8

16:01:38.114 [AsyncHttpClient-1-2] DEBUG org.asynchttpclient.netty.channel.ChannelManager - Adding key: http://localhost:1448 for channel [id: 0x43daccbb, L:/127.0.0.1:53510 - R:localhost/127.0.0.1:1448]
16:01:38.143 [Forwarding getElementText on session 3e4951c79d2ede6566ce6a8f9cc5332f to remote] DEBUG org.asynchttpclient.netty.request.NettyRequestSender - Using pooled Channel '[id: 0x43daccbb, L:/127.0.0.1:53510 - R:localhost/127.0.0.1:1448]' for 'GET' to 'http://localhost:1448/session/3e4951c79d2ede6566ce6a8f9cc5332f/element/0.02340666321763929-1/text'
16:01:38.143 [Forwarding getElementText on session 3e4951c79d2ede6566ce6a8f9cc5332f to remote] DEBUG org.asynchttpclient.netty.request.NettyRequestSender - Using open Channel [id: 0x43daccbb, L:/127.0.0.1:53510 - R:localhost/127.0.0.1:1448] for GET '/session/3e4951c79d2ede6566ce6a8f9cc5332f/element/0.02340666321763929-1/text'
16:01:38.166 [AsyncHttpClient-1-2] DEBUG org.asynchttpclient.netty.handler.HttpHandler - 

Request DefaultFullHttpRequest(decodeResult: success, version: HTTP/1.1, content: EmptyByteBufBE)
GET /session/3e4951c79d2ede6566ce6a8f9cc5332f/element/0.02340666321763929-1/text HTTP/1.1
User-Agent: selenium/4.0.0-alpha-7 (java windows)
Cache-Control: no-cache
Content-Type: application/json; charset=utf-8
host: localhost:1448
accept: */*

Response DefaultHttpResponse(decodeResult: success, version: HTTP/1.1)
HTTP/1.1 200 OK
Content-Length: 76
Content-Type: application/json; charset=utf-8

16:01:38.166 [AsyncHttpClient-1-2] DEBUG org.asynchttpclient.netty.channel.ChannelManager - Adding key: http://localhost:1448 for channel [id: 0x43daccbb, L:/127.0.0.1:53510 - R:localhost/127.0.0.1:1448]
16:01:38.175 [Forwarding findChildElement on session 3e4951c79d2ede6566ce6a8f9cc5332f to remote] DEBUG org.asynchttpclient.netty.request.NettyRequestSender - Using pooled Channel '[id: 0x43daccbb, L:/127.0.0.1:53510 - R:localhost/127.0.0.1:1448]' for 'POST' to 'http://localhost:1448/session/3e4951c79d2ede6566ce6a8f9cc5332f/element/0.02340666321763929-1/element'
16:01:38.175 [Forwarding findChildElement on session 3e4951c79d2ede6566ce6a8f9cc5332f to remote] DEBUG org.asynchttpclient.netty.request.NettyRequestSender - Using open Channel [id: 0x43daccbb, L:/127.0.0.1:53510 - R:localhost/127.0.0.1:1448] for POST '/session/3e4951c79d2ede6566ce6a8f9cc5332f/element/0.02340666321763929-1/element'
16:01:38.198 [AsyncHttpClient-1-2] DEBUG org.asynchttpclient.netty.handler.HttpHandler - 

Request DefaultHttpRequest(decodeResult: success, version: HTTP/1.1)
POST /session/3e4951c79d2ede6566ce6a8f9cc5332f/element/0.02340666321763929-1/element HTTP/1.1
User-Agent: selenium/4.0.0-alpha-7 (java windows)
Content-Length: 78
Content-Type: application/json; charset=utf-8
host: localhost:1448
accept: */*

Response DefaultHttpResponse(decodeResult: success, version: HTTP/1.1)
HTTP/1.1 200 OK
Content-Length: 104
Content-Type: application/json; charset=utf-8

16:01:38.198 [AsyncHttpClient-1-2] DEBUG org.asynchttpclient.netty.channel.ChannelManager - Adding key: http://localhost:1448 for channel [id: 0x43daccbb, L:/127.0.0.1:53510 - R:localhost/127.0.0.1:1448]
16:01:38.199 [Forwarding getElementAttribute on session 3e4951c79d2ede6566ce6a8f9cc5332f to remote] DEBUG org.asynchttpclient.netty.request.NettyRequestSender - Using pooled Channel '[id: 0x43daccbb, L:/127.0.0.1:53510 - R:localhost/127.0.0.1:1448]' for 'GET' to 'http://localhost:1448/session/3e4951c79d2ede6566ce6a8f9cc5332f/element/0.02340666321763929-67/attribute/value'
16:01:38.199 [Forwarding getElementAttribute on session 3e4951c79d2ede6566ce6a8f9cc5332f to remote] DEBUG org.asynchttpclient.netty.request.NettyRequestSender - Using open Channel [id: 0x43daccbb, L:/127.0.0.1:53510 - R:localhost/127.0.0.1:1448] for GET '/session/3e4951c79d2ede6566ce6a8f9cc5332f/element/0.02340666321763929-67/attribute/value'
16:01:38.228 [AsyncHttpClient-1-2] DEBUG org.asynchttpclient.netty.handler.HttpHandler - 

Request DefaultFullHttpRequest(decodeResult: success, version: HTTP/1.1, content: EmptyByteBufBE)
GET /session/3e4951c79d2ede6566ce6a8f9cc5332f/element/0.02340666321763929-67/attribute/value HTTP/1.1
User-Agent: selenium/4.0.0-alpha-7 (java windows)
Cache-Control: no-cache
Content-Type: application/json; charset=utf-8
host: localhost:1448
accept: */*

Response DefaultHttpResponse(decodeResult: success, version: HTTP/1.1)
HTTP/1.1 200 OK
Content-Length: 72
Content-Type: application/json; charset=utf-8

16:01:38.229 [AsyncHttpClient-1-2] DEBUG org.asynchttpclient.netty.channel.ChannelManager - Adding key: http://localhost:1448 for channel [id: 0x43daccbb, L:/127.0.0.1:53510 - R:localhost/127.0.0.1:1448]
16:01:38.230 [Forwarding getElementText on session 3e4951c79d2ede6566ce6a8f9cc5332f to remote] DEBUG org.asynchttpclient.netty.request.NettyRequestSender - Using pooled Channel '[id: 0x43daccbb, L:/127.0.0.1:53510 - R:localhost/127.0.0.1:1448]' for 'GET' to 'http://localhost:1448/session/3e4951c79d2ede6566ce6a8f9cc5332f/element/0.02340666321763929-2/text'
16:01:38.230 [Forwarding getElementText on session 3e4951c79d2ede6566ce6a8f9cc5332f to remote] DEBUG org.asynchttpclient.netty.request.NettyRequestSender - Using open Channel [id: 0x43daccbb, L:/127.0.0.1:53510 - R:localhost/127.0.0.1:1448] for GET '/session/3e4951c79d2ede6566ce6a8f9cc5332f/element/0.02340666321763929-2/text'
16:01:38.247 [AsyncHttpClient-1-2] DEBUG org.asynchttpclient.netty.handler.HttpHandler - 

Request DefaultFullHttpRequest(decodeResult: success, version: HTTP/1.1, content: EmptyByteBufBE)
GET /session/3e4951c79d2ede6566ce6a8f9cc5332f/element/0.02340666321763929-2/text HTTP/1.1
User-Agent: selenium/4.0.0-alpha-7 (java windows)
Cache-Control: no-cache
Content-Type: application/json; charset=utf-8
host: localhost:1448
accept: */*

Response DefaultHttpResponse(decodeResult: success, version: HTTP/1.1)
HTTP/1.1 200 OK
Content-Length: 76
Content-Type: application/json; charset=utf-8

16:01:38.248 [AsyncHttpClient-1-2] DEBUG org.asynchttpclient.netty.channel.ChannelManager - Adding key: http://localhost:1448 for channel [id: 0x43daccbb, L:/127.0.0.1:53510 - R:localhost/127.0.0.1:1448]
16:01:38.257 [Forwarding findChildElement on session 3e4951c79d2ede6566ce6a8f9cc5332f to remote] DEBUG org.asynchttpclient.netty.request.NettyRequestSender - Using pooled Channel '[id: 0x43daccbb, L:/127.0.0.1:53510 - R:localhost/127.0.0.1:1448]' for 'POST' to 'http://localhost:1448/session/3e4951c79d2ede6566ce6a8f9cc5332f/element/0.02340666321763929-2/element'
16:01:38.257 [Forwarding findChildElement on session 3e4951c79d2ede6566ce6a8f9cc5332f to remote] DEBUG org.asynchttpclient.netty.request.NettyRequestSender - Using open Channel [id: 0x43daccbb, L:/127.0.0.1:53510 - R:localhost/127.0.0.1:1448] for POST '/session/3e4951c79d2ede6566ce6a8f9cc5332f/element/0.02340666321763929-2/element'
16:01:38.282 [AsyncHttpClient-1-2] DEBUG org.asynchttpclient.netty.handler.HttpHandler - 

Request DefaultHttpRequest(decodeResult: success, version: HTTP/1.1)
POST /session/3e4951c79d2ede6566ce6a8f9cc5332f/element/0.02340666321763929-2/element HTTP/1.1
User-Agent: selenium/4.0.0-alpha-7 (java windows)
Content-Length: 78
Content-Type: application/json; charset=utf-8
host: localhost:1448
accept: */*

Response DefaultHttpResponse(decodeResult: success, version: HTTP/1.1)
HTTP/1.1 200 OK
Content-Length: 104
Content-Type: application/json; charset=utf-8

16:01:38.282 [AsyncHttpClient-1-2] DEBUG org.asynchttpclient.netty.channel.ChannelManager - Adding key: http://localhost:1448 for channel [id: 0x43daccbb, L:/127.0.0.1:53510 - R:localhost/127.0.0.1:1448]
16:01:38.283 [Forwarding getElementAttribute on session 3e4951c79d2ede6566ce6a8f9cc5332f to remote] DEBUG org.asynchttpclient.netty.request.NettyRequestSender - Using pooled Channel '[id: 0x43daccbb, L:/127.0.0.1:53510 - R:localhost/127.0.0.1:1448]' for 'GET' to 'http://localhost:1448/session/3e4951c79d2ede6566ce6a8f9cc5332f/element/0.02340666321763929-68/attribute/value'
16:01:38.284 [Forwarding getElementAttribute on session 3e4951c79d2ede6566ce6a8f9cc5332f to remote] DEBUG org.asynchttpclient.netty.request.NettyRequestSender - Using open Channel [id: 0x43daccbb, L:/127.0.0.1:53510 - R:localhost/127.0.0.1:1448] for GET '/session/3e4951c79d2ede6566ce6a8f9cc5332f/element/0.02340666321763929-68/attribute/value'
16:01:38.343 [AsyncHttpClient-1-2] DEBUG org.asynchttpclient.netty.handler.HttpHandler - 

Request DefaultFullHttpRequest(decodeResult: success, version: HTTP/1.1, content: EmptyByteBufBE)
GET /session/3e4951c79d2ede6566ce6a8f9cc5332f/element/0.02340666321763929-68/attribute/value HTTP/1.1
User-Agent: selenium/4.0.0-alpha-7 (java windows)
Cache-Control: no-cache
Content-Type: application/json; charset=utf-8
host: localhost:1448
accept: */*

Response DefaultHttpResponse(decodeResult: success, version: HTTP/1.1)
HTTP/1.1 200 OK
Content-Length: 72
Content-Type: application/json; charset=utf-8

16:01:38.343 [AsyncHttpClient-1-2] DEBUG org.asynchttpclient.netty.channel.ChannelManager - Adding key: http://localhost:1448 for channel [id: 0x43daccbb, L:/127.0.0.1:53510 - R:localhost/127.0.0.1:1448]
16:01:38.346 [Forwarding getElementText on session 3e4951c79d2ede6566ce6a8f9cc5332f to remote] DEBUG org.asynchttpclient.netty.request.NettyRequestSender - Using pooled Channel '[id: 0x43daccbb, L:/127.0.0.1:53510 - R:localhost/127.0.0.1:1448]' for 'GET' to 'http://localhost:1448/session/3e4951c79d2ede6566ce6a8f9cc5332f/element/0.02340666321763929-3/text'
16:01:38.347 [Forwarding getElementText on session 3e4951c79d2ede6566ce6a8f9cc5332f to remote] DEBUG org.asynchttpclient.netty.request.NettyRequestSender - Using open Channel [id: 0x43daccbb, L:/127.0.0.1:53510 - R:localhost/127.0.0.1:1448] for GET '/session/3e4951c79d2ede6566ce6a8f9cc5332f/element/0.02340666321763929-3/text'
16:01:38.366 [AsyncHttpClient-1-2] DEBUG org.asynchttpclient.netty.handler.HttpHandler - 

Request DefaultFullHttpRequest(decodeResult: success, version: HTTP/1.1, content: EmptyByteBufBE)
GET /session/3e4951c79d2ede6566ce6a8f9cc5332f/element/0.02340666321763929-3/text HTTP/1.1
User-Agent: selenium/4.0.0-alpha-7 (java windows)
Cache-Control: no-cache
Content-Type: application/json; charset=utf-8
host: localhost:1448
accept: */*

Response DefaultHttpResponse(decodeResult: success, version: HTTP/1.1)
HTTP/1.1 200 OK
Content-Length: 76
Content-Type: application/json; charset=utf-8

16:01:38.376 [AsyncHttpClient-1-2] DEBUG org.asynchttpclient.netty.channel.ChannelManager - Adding key: http://localhost:1448 for channel [id: 0x43daccbb, L:/127.0.0.1:53510 - R:localhost/127.0.0.1:1448]
16:01:38.383 [Forwarding findChildElement on session 3e4951c79d2ede6566ce6a8f9cc5332f to remote] DEBUG org.asynchttpclient.netty.request.NettyRequestSender - Using pooled Channel '[id: 0x43daccbb, L:/127.0.0.1:53510 - R:localhost/127.0.0.1:1448]' for 'POST' to 'http://localhost:1448/session/3e4951c79d2ede6566ce6a8f9cc5332f/element/0.02340666321763929-3/element'
16:01:38.383 [Forwarding findChildElement on session 3e4951c79d2ede6566ce6a8f9cc5332f to remote] DEBUG org.asynchttpclient.netty.request.NettyRequestSender - Using open Channel [id: 0x43daccbb, L:/127.0.0.1:53510 - R:localhost/127.0.0.1:1448] for POST '/session/3e4951c79d2ede6566ce6a8f9cc5332f/element/0.02340666321763929-3/element'
16:01:38.409 [AsyncHttpClient-1-2] DEBUG org.asynchttpclient.netty.handler.HttpHandler - 

Request DefaultHttpRequest(decodeResult: success, version: HTTP/1.1)
POST /session/3e4951c79d2ede6566ce6a8f9cc5332f/element/0.02340666321763929-3/element HTTP/1.1
User-Agent: selenium/4.0.0-alpha-7 (java windows)
Content-Length: 78
Content-Type: application/json; charset=utf-8
host: localhost:1448
accept: */*

Response DefaultHttpResponse(decodeResult: success, version: HTTP/1.1)
HTTP/1.1 200 OK
Content-Length: 104
Content-Type: application/json; charset=utf-8

16:01:38.410 [AsyncHttpClient-1-2] DEBUG org.asynchttpclient.netty.channel.ChannelManager - Adding key: http://localhost:1448 for channel [id: 0x43daccbb, L:/127.0.0.1:53510 - R:localhost/127.0.0.1:1448]
16:01:38.411 [Forwarding getElementAttribute on session 3e4951c79d2ede6566ce6a8f9cc5332f to remote] DEBUG org.asynchttpclient.netty.request.NettyRequestSender - Using pooled Channel '[id: 0x43daccbb, L:/127.0.0.1:53510 - R:localhost/127.0.0.1:1448]' for 'GET' to 'http://localhost:1448/session/3e4951c79d2ede6566ce6a8f9cc5332f/element/0.02340666321763929-69/attribute/value'
16:01:38.411 [Forwarding getElementAttribute on session 3e4951c79d2ede6566ce6a8f9cc5332f to remote] DEBUG org.asynchttpclient.netty.request.NettyRequestSender - Using open Channel [id: 0x43daccbb, L:/127.0.0.1:53510 - R:localhost/127.0.0.1:1448] for GET '/session/3e4951c79d2ede6566ce6a8f9cc5332f/element/0.02340666321763929-69/attribute/value'
16:01:38.430 [AsyncHttpClient-1-2] DEBUG org.asynchttpclient.netty.handler.HttpHandler - 

Request DefaultFullHttpRequest(decodeResult: success, version: HTTP/1.1, content: EmptyByteBufBE)
GET /session/3e4951c79d2ede6566ce6a8f9cc5332f/element/0.02340666321763929-69/attribute/value HTTP/1.1
User-Agent: selenium/4.0.0-alpha-7 (java windows)
Cache-Control: no-cache
Content-Type: application/json; charset=utf-8
host: localhost:1448
accept: */*

Response DefaultHttpResponse(decodeResult: success, version: HTTP/1.1)
HTTP/1.1 200 OK
Content-Length: 72
Content-Type: application/json; charset=utf-8

16:01:38.430 [AsyncHttpClient-1-2] DEBUG org.asynchttpclient.netty.channel.ChannelManager - Adding key: http://localhost:1448 for channel [id: 0x43daccbb, L:/127.0.0.1:53510 - R:localhost/127.0.0.1:1448]
16:01:38.431 [Forwarding getElementText on session 3e4951c79d2ede6566ce6a8f9cc5332f to remote] DEBUG org.asynchttpclient.netty.request.NettyRequestSender - Using pooled Channel '[id: 0x43daccbb, L:/127.0.0.1:53510 - R:localhost/127.0.0.1:1448]' for 'GET' to 'http://localhost:1448/session/3e4951c79d2ede6566ce6a8f9cc5332f/element/0.02340666321763929-4/text'
16:01:38.431 [Forwarding getElementText on session 3e4951c79d2ede6566ce6a8f9cc5332f to remote] DEBUG org.asynchttpclient.netty.request.NettyRequestSender - Using open Channel [id: 0x43daccbb, L:/127.0.0.1:53510 - R:localhost/127.0.0.1:1448] for GET '/session/3e4951c79d2ede6566ce6a8f9cc5332f/element/0.02340666321763929-4/text'
16:01:38.447 [AsyncHttpClient-1-2] DEBUG org.asynchttpclient.netty.handler.HttpHandler - 

Request DefaultFullHttpRequest(decodeResult: success, version: HTTP/1.1, content: EmptyByteBufBE)
GET /session/3e4951c79d2ede6566ce6a8f9cc5332f/element/0.02340666321763929-4/text HTTP/1.1
User-Agent: selenium/4.0.0-alpha-7 (java windows)
Cache-Control: no-cache
Content-Type: application/json; charset=utf-8
host: localhost:1448
accept: */*

Response DefaultHttpResponse(decodeResult: success, version: HTTP/1.1)
HTTP/1.1 200 OK
Content-Length: 76
Content-Type: application/json; charset=utf-8

16:01:38.447 [AsyncHttpClient-1-2] DEBUG org.asynchttpclient.netty.channel.ChannelManager - Adding key: http://localhost:1448 for channel [id: 0x43daccbb, L:/127.0.0.1:53510 - R:localhost/127.0.0.1:1448]
16:01:38.449 [Forwarding findChildElement on session 3e4951c79d2ede6566ce6a8f9cc5332f to remote] DEBUG org.asynchttpclient.netty.request.NettyRequestSender - Using pooled Channel '[id: 0x43daccbb, L:/127.0.0.1:53510 - R:localhost/127.0.0.1:1448]' for 'POST' to 'http://localhost:1448/session/3e4951c79d2ede6566ce6a8f9cc5332f/element/0.02340666321763929-4/element'
16:01:38.449 [Forwarding findChildElement on session 3e4951c79d2ede6566ce6a8f9cc5332f to remote] DEBUG org.asynchttpclient.netty.request.NettyRequestSender - Using open Channel [id: 0x43daccbb, L:/127.0.0.1:53510 - R:localhost/127.0.0.1:1448] for POST '/session/3e4951c79d2ede6566ce6a8f9cc5332f/element/0.02340666321763929-4/element'
16:01:38.476 [AsyncHttpClient-1-2] DEBUG org.asynchttpclient.netty.handler.HttpHandler - 

Request DefaultHttpRequest(decodeResult: success, version: HTTP/1.1)
POST /session/3e4951c79d2ede6566ce6a8f9cc5332f/element/0.02340666321763929-4/element HTTP/1.1
User-Agent: selenium/4.0.0-alpha-7 (java windows)
Content-Length: 78
Content-Type: application/json; charset=utf-8
host: localhost:1448
accept: */*

Response DefaultHttpResponse(decodeResult: success, version: HTTP/1.1)
HTTP/1.1 200 OK
Content-Length: 104
Content-Type: application/json; charset=utf-8

16:01:38.592 [AsyncHttpClient-1-2] DEBUG org.asynchttpclient.netty.channel.ChannelManager - Adding key: http://localhost:1448 for channel [id: 0x43daccbb, L:/127.0.0.1:53510 - R:localhost/127.0.0.1:1448]
16:01:38.598 [Forwarding getElementAttribute on session 3e4951c79d2ede6566ce6a8f9cc5332f to remote] DEBUG org.asynchttpclient.netty.request.NettyRequestSender - Using pooled Channel '[id: 0x43daccbb, L:/127.0.0.1:53510 - R:localhost/127.0.0.1:1448]' for 'GET' to 'http://localhost:1448/session/3e4951c79d2ede6566ce6a8f9cc5332f/element/0.02340666321763929-70/attribute/value'
16:01:38.598 [Forwarding getElementAttribute on session 3e4951c79d2ede6566ce6a8f9cc5332f to remote] DEBUG org.asynchttpclient.netty.request.NettyRequestSender - Using open Channel [id: 0x43daccbb, L:/127.0.0.1:53510 - R:localhost/127.0.0.1:1448] for GET '/session/3e4951c79d2ede6566ce6a8f9cc5332f/element/0.02340666321763929-70/attribute/value'
16:01:38.616 [AsyncHttpClient-1-2] DEBUG org.asynchttpclient.netty.handler.HttpHandler - 

Request DefaultFullHttpRequest(decodeResult: success, version: HTTP/1.1, content: EmptyByteBufBE)
GET /session/3e4951c79d2ede6566ce6a8f9cc5332f/element/0.02340666321763929-70/attribute/value HTTP/1.1
User-Agent: selenium/4.0.0-alpha-7 (java windows)
Cache-Control: no-cache
Content-Type: application/json; charset=utf-8
host: localhost:1448
accept: */*

Response DefaultHttpResponse(decodeResult: success, version: HTTP/1.1)
HTTP/1.1 200 OK
Content-Length: 72
Content-Type: application/json; charset=utf-8

16:01:38.616 [AsyncHttpClient-1-2] DEBUG org.asynchttpclient.netty.channel.ChannelManager - Adding key: http://localhost:1448 for channel [id: 0x43daccbb, L:/127.0.0.1:53510 - R:localhost/127.0.0.1:1448]
16:01:38.622 [Forwarding getElementText on session 3e4951c79d2ede6566ce6a8f9cc5332f to remote] DEBUG org.asynchttpclient.netty.request.NettyRequestSender - Using pooled Channel '[id: 0x43daccbb, L:/127.0.0.1:53510 - R:localhost/127.0.0.1:1448]' for 'GET' to 'http://localhost:1448/session/3e4951c79d2ede6566ce6a8f9cc5332f/element/0.02340666321763929-5/text'
16:01:38.622 [Forwarding getElementText on session 3e4951c79d2ede6566ce6a8f9cc5332f to remote] DEBUG org.asynchttpclient.netty.request.NettyRequestSender - Using open Channel [id: 0x43daccbb, L:/127.0.0.1:53510 - R:localhost/127.0.0.1:1448] for GET '/session/3e4951c79d2ede6566ce6a8f9cc5332f/element/0.02340666321763929-5/text'
16:01:38.646 [AsyncHttpClient-1-2] DEBUG org.asynchttpclient.netty.handler.HttpHandler - 

Request DefaultFullHttpRequest(decodeResult: success, version: HTTP/1.1, content: EmptyByteBufBE)
GET /session/3e4951c79d2ede6566ce6a8f9cc5332f/element/0.02340666321763929-5/text HTTP/1.1
User-Agent: selenium/4.0.0-alpha-7 (java windows)
Cache-Control: no-cache
Content-Type: application/json; charset=utf-8
host: localhost:1448
accept: */*

Response DefaultHttpResponse(decodeResult: success, version: HTTP/1.1)
HTTP/1.1 200 OK
Content-Length: 76
Content-Type: application/json; charset=utf-8

16:01:38.646 [AsyncHttpClient-1-2] DEBUG org.asynchttpclient.netty.channel.ChannelManager - Adding key: http://localhost:1448 for channel [id: 0x43daccbb, L:/127.0.0.1:53510 - R:localhost/127.0.0.1:1448]
16:01:38.648 [Forwarding findChildElement on session 3e4951c79d2ede6566ce6a8f9cc5332f to remote] DEBUG org.asynchttpclient.netty.request.NettyRequestSender - Using pooled Channel '[id: 0x43daccbb, L:/127.0.0.1:53510 - R:localhost/127.0.0.1:1448]' for 'POST' to 'http://localhost:1448/session/3e4951c79d2ede6566ce6a8f9cc5332f/element/0.02340666321763929-5/element'
16:01:38.648 [Forwarding findChildElement on session 3e4951c79d2ede6566ce6a8f9cc5332f to remote] DEBUG org.asynchttpclient.netty.request.NettyRequestSender - Using open Channel [id: 0x43daccbb, L:/127.0.0.1:53510 - R:localhost/127.0.0.1:1448] for POST '/session/3e4951c79d2ede6566ce6a8f9cc5332f/element/0.02340666321763929-5/element'
16:01:38.667 [AsyncHttpClient-1-2] DEBUG org.asynchttpclient.netty.handler.HttpHandler - 

Request DefaultHttpRequest(decodeResult: success, version: HTTP/1.1)
POST /session/3e4951c79d2ede6566ce6a8f9cc5332f/element/0.02340666321763929-5/element HTTP/1.1
User-Agent: selenium/4.0.0-alpha-7 (java windows)
Content-Length: 78
Content-Type: application/json; charset=utf-8
host: localhost:1448
accept: */*

Response DefaultHttpResponse(decodeResult: success, version: HTTP/1.1)
HTTP/1.1 200 OK
Content-Length: 104
Content-Type: application/json; charset=utf-8

16:01:38.667 [AsyncHttpClient-1-2] DEBUG org.asynchttpclient.netty.channel.ChannelManager - Adding key: http://localhost:1448 for channel [id: 0x43daccbb, L:/127.0.0.1:53510 - R:localhost/127.0.0.1:1448]
16:01:38.673 [Forwarding getElementAttribute on session 3e4951c79d2ede6566ce6a8f9cc5332f to remote] DEBUG org.asynchttpclient.netty.request.NettyRequestSender - Using pooled Channel '[id: 0x43daccbb, L:/127.0.0.1:53510 - R:localhost/127.0.0.1:1448]' for 'GET' to 'http://localhost:1448/session/3e4951c79d2ede6566ce6a8f9cc5332f/element/0.02340666321763929-71/attribute/value'
16:01:38.674 [Forwarding getElementAttribute on session 3e4951c79d2ede6566ce6a8f9cc5332f to remote] DEBUG org.asynchttpclient.netty.request.NettyRequestSender - Using open Channel [id: 0x43daccbb, L:/127.0.0.1:53510 - R:localhost/127.0.0.1:1448] for GET '/session/3e4951c79d2ede6566ce6a8f9cc5332f/element/0.02340666321763929-71/attribute/value'
16:01:38.707 [AsyncHttpClient-1-2] DEBUG org.asynchttpclient.netty.handler.HttpHandler - 

Request DefaultFullHttpRequest(decodeResult: success, version: HTTP/1.1, content: EmptyByteBufBE)
GET /session/3e4951c79d2ede6566ce6a8f9cc5332f/element/0.02340666321763929-71/attribute/value HTTP/1.1
User-Agent: selenium/4.0.0-alpha-7 (java windows)
Cache-Control: no-cache
Content-Type: application/json; charset=utf-8
host: localhost:1448
accept: */*

Response DefaultHttpResponse(decodeResult: success, version: HTTP/1.1)
HTTP/1.1 200 OK
Content-Length: 72
Content-Type: application/json; charset=utf-8

16:01:38.709 [AsyncHttpClient-1-2] DEBUG org.asynchttpclient.netty.channel.ChannelManager - Adding key: http://localhost:1448 for channel [id: 0x43daccbb, L:/127.0.0.1:53510 - R:localhost/127.0.0.1:1448]
16:01:38.710 [Forwarding getElementText on session 3e4951c79d2ede6566ce6a8f9cc5332f to remote] DEBUG org.asynchttpclient.netty.request.NettyRequestSender - Using pooled Channel '[id: 0x43daccbb, L:/127.0.0.1:53510 - R:localhost/127.0.0.1:1448]' for 'GET' to 'http://localhost:1448/session/3e4951c79d2ede6566ce6a8f9cc5332f/element/0.02340666321763929-6/text'
16:01:38.710 [Forwarding getElementText on session 3e4951c79d2ede6566ce6a8f9cc5332f to remote] DEBUG org.asynchttpclient.netty.request.NettyRequestSender - Using open Channel [id: 0x43daccbb, L:/127.0.0.1:53510 - R:localhost/127.0.0.1:1448] for GET '/session/3e4951c79d2ede6566ce6a8f9cc5332f/element/0.02340666321763929-6/text'
16:01:38.732 [AsyncHttpClient-1-2] DEBUG org.asynchttpclient.netty.handler.HttpHandler - 

Request DefaultFullHttpRequest(decodeResult: success, version: HTTP/1.1, content: EmptyByteBufBE)
GET /session/3e4951c79d2ede6566ce6a8f9cc5332f/element/0.02340666321763929-6/text HTTP/1.1
User-Agent: selenium/4.0.0-alpha-7 (java windows)
Cache-Control: no-cache
Content-Type: application/json; charset=utf-8
host: localhost:1448
accept: */*

Response DefaultHttpResponse(decodeResult: success, version: HTTP/1.1)
HTTP/1.1 200 OK
Content-Length: 76
Content-Type: application/json; charset=utf-8

16:01:38.732 [AsyncHttpClient-1-2] DEBUG org.asynchttpclient.netty.channel.ChannelManager - Adding key: http://localhost:1448 for channel [id: 0x43daccbb, L:/127.0.0.1:53510 - R:localhost/127.0.0.1:1448]
16:01:38.737 [Forwarding findChildElement on session 3e4951c79d2ede6566ce6a8f9cc5332f to remote] DEBUG org.asynchttpclient.netty.request.NettyRequestSender - Using pooled Channel '[id: 0x43daccbb, L:/127.0.0.1:53510 - R:localhost/127.0.0.1:1448]' for 'POST' to 'http://localhost:1448/session/3e4951c79d2ede6566ce6a8f9cc5332f/element/0.02340666321763929-6/element'
16:01:38.737 [Forwarding findChildElement on session 3e4951c79d2ede6566ce6a8f9cc5332f to remote] DEBUG org.asynchttpclient.netty.request.NettyRequestSender - Using open Channel [id: 0x43daccbb, L:/127.0.0.1:53510 - R:localhost/127.0.0.1:1448] for POST '/session/3e4951c79d2ede6566ce6a8f9cc5332f/element/0.02340666321763929-6/element'
16:01:38.758 [AsyncHttpClient-1-2] DEBUG org.asynchttpclient.netty.handler.HttpHandler - 

Request DefaultHttpRequest(decodeResult: success, version: HTTP/1.1)
POST /session/3e4951c79d2ede6566ce6a8f9cc5332f/element/0.02340666321763929-6/element HTTP/1.1
User-Agent: selenium/4.0.0-alpha-7 (java windows)
Content-Length: 78
Content-Type: application/json; charset=utf-8
host: localhost:1448
accept: */*

Response DefaultHttpResponse(decodeResult: success, version: HTTP/1.1)
HTTP/1.1 200 OK
Content-Length: 104
Content-Type: application/json; charset=utf-8

16:01:38.759 [AsyncHttpClient-1-2] DEBUG org.asynchttpclient.netty.channel.ChannelManager - Adding key: http://localhost:1448 for channel [id: 0x43daccbb, L:/127.0.0.1:53510 - R:localhost/127.0.0.1:1448]
16:01:38.760 [Forwarding getElementAttribute on session 3e4951c79d2ede6566ce6a8f9cc5332f to remote] DEBUG org.asynchttpclient.netty.request.NettyRequestSender - Using pooled Channel '[id: 0x43daccbb, L:/127.0.0.1:53510 - R:localhost/127.0.0.1:1448]' for 'GET' to 'http://localhost:1448/session/3e4951c79d2ede6566ce6a8f9cc5332f/element/0.02340666321763929-72/attribute/value'
16:01:38.760 [Forwarding getElementAttribute on session 3e4951c79d2ede6566ce6a8f9cc5332f to remote] DEBUG org.asynchttpclient.netty.request.NettyRequestSender - Using open Channel [id: 0x43daccbb, L:/127.0.0.1:53510 - R:localhost/127.0.0.1:1448] for GET '/session/3e4951c79d2ede6566ce6a8f9cc5332f/element/0.02340666321763929-72/attribute/value'
16:01:38.776 [AsyncHttpClient-1-2] DEBUG org.asynchttpclient.netty.handler.HttpHandler - 

Request DefaultFullHttpRequest(decodeResult: success, version: HTTP/1.1, content: EmptyByteBufBE)
GET /session/3e4951c79d2ede6566ce6a8f9cc5332f/element/0.02340666321763929-72/attribute/value HTTP/1.1
User-Agent: selenium/4.0.0-alpha-7 (java windows)
Cache-Control: no-cache
Content-Type: application/json; charset=utf-8
host: localhost:1448
accept: */*

Response DefaultHttpResponse(decodeResult: success, version: HTTP/1.1)
HTTP/1.1 200 OK
Content-Length: 72
Content-Type: application/json; charset=utf-8

16:01:38.776 [AsyncHttpClient-1-2] DEBUG org.asynchttpclient.netty.channel.ChannelManager - Adding key: http://localhost:1448 for channel [id: 0x43daccbb, L:/127.0.0.1:53510 - R:localhost/127.0.0.1:1448]
16:01:38.777 [Forwarding getElementText on session 3e4951c79d2ede6566ce6a8f9cc5332f to remote] DEBUG org.asynchttpclient.netty.request.NettyRequestSender - Using pooled Channel '[id: 0x43daccbb, L:/127.0.0.1:53510 - R:localhost/127.0.0.1:1448]' for 'GET' to 'http://localhost:1448/session/3e4951c79d2ede6566ce6a8f9cc5332f/element/0.02340666321763929-7/text'
16:01:38.777 [Forwarding getElementText on session 3e4951c79d2ede6566ce6a8f9cc5332f to remote] DEBUG org.asynchttpclient.netty.request.NettyRequestSender - Using open Channel [id: 0x43daccbb, L:/127.0.0.1:53510 - R:localhost/127.0.0.1:1448] for GET '/session/3e4951c79d2ede6566ce6a8f9cc5332f/element/0.02340666321763929-7/text'
16:01:38.797 [AsyncHttpClient-1-2] DEBUG org.asynchttpclient.netty.handler.HttpHandler - 

Request DefaultFullHttpRequest(decodeResult: success, version: HTTP/1.1, content: EmptyByteBufBE)
GET /session/3e4951c79d2ede6566ce6a8f9cc5332f/element/0.02340666321763929-7/text HTTP/1.1
User-Agent: selenium/4.0.0-alpha-7 (java windows)
Cache-Control: no-cache
Content-Type: application/json; charset=utf-8
host: localhost:1448
accept: */*

Response DefaultHttpResponse(decodeResult: success, version: HTTP/1.1)
HTTP/1.1 200 OK
Content-Length: 76
Content-Type: application/json; charset=utf-8

16:01:38.798 [AsyncHttpClient-1-2] DEBUG org.asynchttpclient.netty.channel.ChannelManager - Adding key: http://localhost:1448 for channel [id: 0x43daccbb, L:/127.0.0.1:53510 - R:localhost/127.0.0.1:1448]
16:01:38.804 [Forwarding findChildElement on session 3e4951c79d2ede6566ce6a8f9cc5332f to remote] DEBUG org.asynchttpclient.netty.request.NettyRequestSender - Using pooled Channel '[id: 0x43daccbb, L:/127.0.0.1:53510 - R:localhost/127.0.0.1:1448]' for 'POST' to 'http://localhost:1448/session/3e4951c79d2ede6566ce6a8f9cc5332f/element/0.02340666321763929-7/element'
16:01:38.804 [Forwarding findChildElement on session 3e4951c79d2ede6566ce6a8f9cc5332f to remote] DEBUG org.asynchttpclient.netty.request.NettyRequestSender - Using open Channel [id: 0x43daccbb, L:/127.0.0.1:53510 - R:localhost/127.0.0.1:1448] for POST '/session/3e4951c79d2ede6566ce6a8f9cc5332f/element/0.02340666321763929-7/element'
16:01:38.826 [AsyncHttpClient-1-2] DEBUG org.asynchttpclient.netty.handler.HttpHandler - 

Request DefaultHttpRequest(decodeResult: success, version: HTTP/1.1)
POST /session/3e4951c79d2ede6566ce6a8f9cc5332f/element/0.02340666321763929-7/element HTTP/1.1
User-Agent: selenium/4.0.0-alpha-7 (java windows)
Content-Length: 78
Content-Type: application/json; charset=utf-8
host: localhost:1448
accept: */*

Response DefaultHttpResponse(decodeResult: success, version: HTTP/1.1)
HTTP/1.1 200 OK
Content-Length: 104
Content-Type: application/json; charset=utf-8

16:01:38.826 [AsyncHttpClient-1-2] DEBUG org.asynchttpclient.netty.channel.ChannelManager - Adding key: http://localhost:1448 for channel [id: 0x43daccbb, L:/127.0.0.1:53510 - R:localhost/127.0.0.1:1448]
16:01:38.830 [Forwarding getElementAttribute on session 3e4951c79d2ede6566ce6a8f9cc5332f to remote] DEBUG org.asynchttpclient.netty.request.NettyRequestSender - Using pooled Channel '[id: 0x43daccbb, L:/127.0.0.1:53510 - R:localhost/127.0.0.1:1448]' for 'GET' to 'http://localhost:1448/session/3e4951c79d2ede6566ce6a8f9cc5332f/element/0.02340666321763929-73/attribute/value'
16:01:38.830 [Forwarding getElementAttribute on session 3e4951c79d2ede6566ce6a8f9cc5332f to remote] DEBUG org.asynchttpclient.netty.request.NettyRequestSender - Using open Channel [id: 0x43daccbb, L:/127.0.0.1:53510 - R:localhost/127.0.0.1:1448] for GET '/session/3e4951c79d2ede6566ce6a8f9cc5332f/element/0.02340666321763929-73/attribute/value'
16:01:38.846 [AsyncHttpClient-1-2] DEBUG org.asynchttpclient.netty.handler.HttpHandler - 

Request DefaultFullHttpRequest(decodeResult: success, version: HTTP/1.1, content: EmptyByteBufBE)
GET /session/3e4951c79d2ede6566ce6a8f9cc5332f/element/0.02340666321763929-73/attribute/value HTTP/1.1
User-Agent: selenium/4.0.0-alpha-7 (java windows)
Cache-Control: no-cache
Content-Type: application/json; charset=utf-8
host: localhost:1448
accept: */*

Response DefaultHttpResponse(decodeResult: success, version: HTTP/1.1)
HTTP/1.1 200 OK
Content-Length: 72
Content-Type: application/json; charset=utf-8

16:01:38.846 [AsyncHttpClient-1-2] DEBUG org.asynchttpclient.netty.channel.ChannelManager - Adding key: http://localhost:1448 for channel [id: 0x43daccbb, L:/127.0.0.1:53510 - R:localhost/127.0.0.1:1448]
16:01:38.847 [Forwarding getElementText on session 3e4951c79d2ede6566ce6a8f9cc5332f to remote] DEBUG org.asynchttpclient.netty.request.NettyRequestSender - Using pooled Channel '[id: 0x43daccbb, L:/127.0.0.1:53510 - R:localhost/127.0.0.1:1448]' for 'GET' to 'http://localhost:1448/session/3e4951c79d2ede6566ce6a8f9cc5332f/element/0.02340666321763929-8/text'
16:01:38.847 [Forwarding getElementText on session 3e4951c79d2ede6566ce6a8f9cc5332f to remote] DEBUG org.asynchttpclient.netty.request.NettyRequestSender - Using open Channel [id: 0x43daccbb, L:/127.0.0.1:53510 - R:localhost/127.0.0.1:1448] for GET '/session/3e4951c79d2ede6566ce6a8f9cc5332f/element/0.02340666321763929-8/text'
16:01:38.877 [AsyncHttpClient-1-2] DEBUG org.asynchttpclient.netty.handler.HttpHandler - 

Request DefaultFullHttpRequest(decodeResult: success, version: HTTP/1.1, content: EmptyByteBufBE)
GET /session/3e4951c79d2ede6566ce6a8f9cc5332f/element/0.02340666321763929-8/text HTTP/1.1
User-Agent: selenium/4.0.0-alpha-7 (java windows)
Cache-Control: no-cache
Content-Type: application/json; charset=utf-8
host: localhost:1448
accept: */*

Response DefaultHttpResponse(decodeResult: success, version: HTTP/1.1)
HTTP/1.1 200 OK
Content-Length: 76
Content-Type: application/json; charset=utf-8

16:01:38.877 [AsyncHttpClient-1-2] DEBUG org.asynchttpclient.netty.channel.ChannelManager - Adding key: http://localhost:1448 for channel [id: 0x43daccbb, L:/127.0.0.1:53510 - R:localhost/127.0.0.1:1448]
16:01:38.879 [Forwarding findChildElement on session 3e4951c79d2ede6566ce6a8f9cc5332f to remote] DEBUG org.asynchttpclient.netty.request.NettyRequestSender - Using pooled Channel '[id: 0x43daccbb, L:/127.0.0.1:53510 - R:localhost/127.0.0.1:1448]' for 'POST' to 'http://localhost:1448/session/3e4951c79d2ede6566ce6a8f9cc5332f/element/0.02340666321763929-8/element'
16:01:38.879 [Forwarding findChildElement on session 3e4951c79d2ede6566ce6a8f9cc5332f to remote] DEBUG org.asynchttpclient.netty.request.NettyRequestSender - Using open Channel [id: 0x43daccbb, L:/127.0.0.1:53510 - R:localhost/127.0.0.1:1448] for POST '/session/3e4951c79d2ede6566ce6a8f9cc5332f/element/0.02340666321763929-8/element'
16:01:38.913 [AsyncHttpClient-1-2] DEBUG org.asynchttpclient.netty.handler.HttpHandler - 

Request DefaultHttpRequest(decodeResult: success, version: HTTP/1.1)
POST /session/3e4951c79d2ede6566ce6a8f9cc5332f/element/0.02340666321763929-8/element HTTP/1.1
User-Agent: selenium/4.0.0-alpha-7 (java windows)
Content-Length: 78
Content-Type: application/json; charset=utf-8
host: localhost:1448
accept: */*

Response DefaultHttpResponse(decodeResult: success, version: HTTP/1.1)
HTTP/1.1 200 OK
Content-Length: 104
Content-Type: application/json; charset=utf-8

16:01:38.913 [AsyncHttpClient-1-2] DEBUG org.asynchttpclient.netty.channel.ChannelManager - Adding key: http://localhost:1448 for channel [id: 0x43daccbb, L:/127.0.0.1:53510 - R:localhost/127.0.0.1:1448]
16:01:38.914 [Forwarding getElementAttribute on session 3e4951c79d2ede6566ce6a8f9cc5332f to remote] DEBUG org.asynchttpclient.netty.request.NettyRequestSender - Using pooled Channel '[id: 0x43daccbb, L:/127.0.0.1:53510 - R:localhost/127.0.0.1:1448]' for 'GET' to 'http://localhost:1448/session/3e4951c79d2ede6566ce6a8f9cc5332f/element/0.02340666321763929-74/attribute/value'
16:01:38.914 [Forwarding getElementAttribute on session 3e4951c79d2ede6566ce6a8f9cc5332f to remote] DEBUG org.asynchttpclient.netty.request.NettyRequestSender - Using open Channel [id: 0x43daccbb, L:/127.0.0.1:53510 - R:localhost/127.0.0.1:1448] for GET '/session/3e4951c79d2ede6566ce6a8f9cc5332f/element/0.02340666321763929-74/attribute/value'
16:01:38.930 [AsyncHttpClient-1-2] DEBUG org.asynchttpclient.netty.handler.HttpHandler - 

Request DefaultFullHttpRequest(decodeResult: success, version: HTTP/1.1, content: EmptyByteBufBE)
GET /session/3e4951c79d2ede6566ce6a8f9cc5332f/element/0.02340666321763929-74/attribute/value HTTP/1.1
User-Agent: selenium/4.0.0-alpha-7 (java windows)
Cache-Control: no-cache
Content-Type: application/json; charset=utf-8
host: localhost:1448
accept: */*

Response DefaultHttpResponse(decodeResult: success, version: HTTP/1.1)
HTTP/1.1 200 OK
Content-Length: 72
Content-Type: application/json; charset=utf-8

16:01:38.930 [AsyncHttpClient-1-2] DEBUG org.asynchttpclient.netty.channel.ChannelManager - Adding key: http://localhost:1448 for channel [id: 0x43daccbb, L:/127.0.0.1:53510 - R:localhost/127.0.0.1:1448]
16:01:38.931 [Forwarding getElementText on session 3e4951c79d2ede6566ce6a8f9cc5332f to remote] DEBUG org.asynchttpclient.netty.request.NettyRequestSender - Using pooled Channel '[id: 0x43daccbb, L:/127.0.0.1:53510 - R:localhost/127.0.0.1:1448]' for 'GET' to 'http://localhost:1448/session/3e4951c79d2ede6566ce6a8f9cc5332f/element/0.02340666321763929-9/text'
16:01:38.931 [Forwarding getElementText on session 3e4951c79d2ede6566ce6a8f9cc5332f to remote] DEBUG org.asynchttpclient.netty.request.NettyRequestSender - Using open Channel [id: 0x43daccbb, L:/127.0.0.1:53510 - R:localhost/127.0.0.1:1448] for GET '/session/3e4951c79d2ede6566ce6a8f9cc5332f/element/0.02340666321763929-9/text'
16:01:38.961 [AsyncHttpClient-1-2] DEBUG org.asynchttpclient.netty.handler.HttpHandler - 

Request DefaultFullHttpRequest(decodeResult: success, version: HTTP/1.1, content: EmptyByteBufBE)
GET /session/3e4951c79d2ede6566ce6a8f9cc5332f/element/0.02340666321763929-9/text HTTP/1.1
User-Agent: selenium/4.0.0-alpha-7 (java windows)
Cache-Control: no-cache
Content-Type: application/json; charset=utf-8
host: localhost:1448
accept: */*

Response DefaultHttpResponse(decodeResult: success, version: HTTP/1.1)
HTTP/1.1 200 OK
Content-Length: 76
Content-Type: application/json; charset=utf-8

16:01:38.961 [AsyncHttpClient-1-2] DEBUG org.asynchttpclient.netty.channel.ChannelManager - Adding key: http://localhost:1448 for channel [id: 0x43daccbb, L:/127.0.0.1:53510 - R:localhost/127.0.0.1:1448]
16:01:38.963 [Forwarding findChildElement on session 3e4951c79d2ede6566ce6a8f9cc5332f to remote] DEBUG org.asynchttpclient.netty.request.NettyRequestSender - Using pooled Channel '[id: 0x43daccbb, L:/127.0.0.1:53510 - R:localhost/127.0.0.1:1448]' for 'POST' to 'http://localhost:1448/session/3e4951c79d2ede6566ce6a8f9cc5332f/element/0.02340666321763929-9/element'
16:01:38.963 [Forwarding findChildElement on session 3e4951c79d2ede6566ce6a8f9cc5332f to remote] DEBUG org.asynchttpclient.netty.request.NettyRequestSender - Using open Channel [id: 0x43daccbb, L:/127.0.0.1:53510 - R:localhost/127.0.0.1:1448] for POST '/session/3e4951c79d2ede6566ce6a8f9cc5332f/element/0.02340666321763929-9/element'
16:01:38.981 [AsyncHttpClient-1-2] DEBUG org.asynchttpclient.netty.handler.HttpHandler - 

Request DefaultHttpRequest(decodeResult: success, version: HTTP/1.1)
POST /session/3e4951c79d2ede6566ce6a8f9cc5332f/element/0.02340666321763929-9/element HTTP/1.1
User-Agent: selenium/4.0.0-alpha-7 (java windows)
Content-Length: 78
Content-Type: application/json; charset=utf-8
host: localhost:1448
accept: */*

Response DefaultHttpResponse(decodeResult: success, version: HTTP/1.1)
HTTP/1.1 200 OK
Content-Length: 104
Content-Type: application/json; charset=utf-8

16:01:38.981 [AsyncHttpClient-1-2] DEBUG org.asynchttpclient.netty.channel.ChannelManager - Adding key: http://localhost:1448 for channel [id: 0x43daccbb, L:/127.0.0.1:53510 - R:localhost/127.0.0.1:1448]
16:01:38.982 [Forwarding getElementAttribute on session 3e4951c79d2ede6566ce6a8f9cc5332f to remote] DEBUG org.asynchttpclient.netty.request.NettyRequestSender - Using pooled Channel '[id: 0x43daccbb, L:/127.0.0.1:53510 - R:localhost/127.0.0.1:1448]' for 'GET' to 'http://localhost:1448/session/3e4951c79d2ede6566ce6a8f9cc5332f/element/0.02340666321763929-75/attribute/value'
16:01:38.982 [Forwarding getElementAttribute on session 3e4951c79d2ede6566ce6a8f9cc5332f to remote] DEBUG org.asynchttpclient.netty.request.NettyRequestSender - Using open Channel [id: 0x43daccbb, L:/127.0.0.1:53510 - R:localhost/127.0.0.1:1448] for GET '/session/3e4951c79d2ede6566ce6a8f9cc5332f/element/0.02340666321763929-75/attribute/value'
16:01:39.010 [AsyncHttpClient-1-2] DEBUG org.asynchttpclient.netty.handler.HttpHandler - 

Request DefaultFullHttpRequest(decodeResult: success, version: HTTP/1.1, content: EmptyByteBufBE)
GET /session/3e4951c79d2ede6566ce6a8f9cc5332f/element/0.02340666321763929-75/attribute/value HTTP/1.1
User-Agent: selenium/4.0.0-alpha-7 (java windows)
Cache-Control: no-cache
Content-Type: application/json; charset=utf-8
host: localhost:1448
accept: */*

Response DefaultHttpResponse(decodeResult: success, version: HTTP/1.1)
HTTP/1.1 200 OK
Content-Length: 72
Content-Type: application/json; charset=utf-8

16:01:39.010 [AsyncHttpClient-1-2] DEBUG org.asynchttpclient.netty.channel.ChannelManager - Adding key: http://localhost:1448 for channel [id: 0x43daccbb, L:/127.0.0.1:53510 - R:localhost/127.0.0.1:1448]
16:01:39.012 [Forwarding getElementText on session 3e4951c79d2ede6566ce6a8f9cc5332f to remote] DEBUG org.asynchttpclient.netty.request.NettyRequestSender - Using pooled Channel '[id: 0x43daccbb, L:/127.0.0.1:53510 - R:localhost/127.0.0.1:1448]' for 'GET' to 'http://localhost:1448/session/3e4951c79d2ede6566ce6a8f9cc5332f/element/0.02340666321763929-10/text'
16:01:39.012 [Forwarding getElementText on session 3e4951c79d2ede6566ce6a8f9cc5332f to remote] DEBUG org.asynchttpclient.netty.request.NettyRequestSender - Using open Channel [id: 0x43daccbb, L:/127.0.0.1:53510 - R:localhost/127.0.0.1:1448] for GET '/session/3e4951c79d2ede6566ce6a8f9cc5332f/element/0.02340666321763929-10/text'
16:01:39.047 [AsyncHttpClient-1-2] DEBUG org.asynchttpclient.netty.handler.HttpHandler - 

Request DefaultFullHttpRequest(decodeResult: success, version: HTTP/1.1, content: EmptyByteBufBE)
GET /session/3e4951c79d2ede6566ce6a8f9cc5332f/element/0.02340666321763929-10/text HTTP/1.1
User-Agent: selenium/4.0.0-alpha-7 (java windows)
Cache-Control: no-cache
Content-Type: application/json; charset=utf-8
host: localhost:1448
accept: */*

Response DefaultHttpResponse(decodeResult: success, version: HTTP/1.1)
HTTP/1.1 200 OK
Content-Length: 76
Content-Type: application/json; charset=utf-8

16:01:39.048 [AsyncHttpClient-1-2] DEBUG org.asynchttpclient.netty.channel.ChannelManager - Adding key: http://localhost:1448 for channel [id: 0x43daccbb, L:/127.0.0.1:53510 - R:localhost/127.0.0.1:1448]
16:01:39.049 [AsyncHttpClient-1-1] DEBUG org.asynchttpclient.netty.channel.DefaultChannelPool - Entry count for : http://localhost:1448 : 1
16:01:39.049 [AsyncHttpClient-1-1] DEBUG org.asynchttpclient.netty.channel.DefaultChannelPool - Entry count for : http://localhost:53512 : 1
16:01:39.049 [Forwarding findChildElement on session 3e4951c79d2ede6566ce6a8f9cc5332f to remote] DEBUG org.asynchttpclient.netty.request.NettyRequestSender - Using pooled Channel '[id: 0x43daccbb, L:/127.0.0.1:53510 - R:localhost/127.0.0.1:1448]' for 'POST' to 'http://localhost:1448/session/3e4951c79d2ede6566ce6a8f9cc5332f/element/0.02340666321763929-10/element'
16:01:39.049 [Forwarding findChildElement on session 3e4951c79d2ede6566ce6a8f9cc5332f to remote] DEBUG org.asynchttpclient.netty.request.NettyRequestSender - Using open Channel [id: 0x43daccbb, L:/127.0.0.1:53510 - R:localhost/127.0.0.1:1448] for POST '/session/3e4951c79d2ede6566ce6a8f9cc5332f/element/0.02340666321763929-10/element'
16:01:39.078 [AsyncHttpClient-1-2] DEBUG org.asynchttpclient.netty.handler.HttpHandler - 

Request DefaultHttpRequest(decodeResult: success, version: HTTP/1.1)
POST /session/3e4951c79d2ede6566ce6a8f9cc5332f/element/0.02340666321763929-10/element HTTP/1.1
User-Agent: selenium/4.0.0-alpha-7 (java windows)
Content-Length: 79
Content-Type: application/json; charset=utf-8
host: localhost:1448
accept: */*

Response DefaultHttpResponse(decodeResult: success, version: HTTP/1.1)
HTTP/1.1 200 OK
Content-Length: 104
Content-Type: application/json; charset=utf-8

16:01:39.078 [AsyncHttpClient-1-2] DEBUG org.asynchttpclient.netty.channel.ChannelManager - Adding key: http://localhost:1448 for channel [id: 0x43daccbb, L:/127.0.0.1:53510 - R:localhost/127.0.0.1:1448]
16:01:39.082 [Forwarding getElementAttribute on session 3e4951c79d2ede6566ce6a8f9cc5332f to remote] DEBUG org.asynchttpclient.netty.request.NettyRequestSender - Using pooled Channel '[id: 0x43daccbb, L:/127.0.0.1:53510 - R:localhost/127.0.0.1:1448]' for 'GET' to 'http://localhost:1448/session/3e4951c79d2ede6566ce6a8f9cc5332f/element/0.02340666321763929-76/attribute/value'
16:01:39.082 [Forwarding getElementAttribute on session 3e4951c79d2ede6566ce6a8f9cc5332f to remote] DEBUG org.asynchttpclient.netty.request.NettyRequestSender - Using open Channel [id: 0x43daccbb, L:/127.0.0.1:53510 - R:localhost/127.0.0.1:1448] for GET '/session/3e4951c79d2ede6566ce6a8f9cc5332f/element/0.02340666321763929-76/attribute/value'
16:01:39.101 [AsyncHttpClient-1-2] DEBUG org.asynchttpclient.netty.handler.HttpHandler - 

Request DefaultFullHttpRequest(decodeResult: success, version: HTTP/1.1, content: EmptyByteBufBE)
GET /session/3e4951c79d2ede6566ce6a8f9cc5332f/element/0.02340666321763929-76/attribute/value HTTP/1.1
User-Agent: selenium/4.0.0-alpha-7 (java windows)
Cache-Control: no-cache
Content-Type: application/json; charset=utf-8
host: localhost:1448
accept: */*

Response DefaultHttpResponse(decodeResult: success, version: HTTP/1.1)
HTTP/1.1 200 OK
Content-Length: 73
Content-Type: application/json; charset=utf-8

16:01:39.102 [AsyncHttpClient-1-2] DEBUG org.asynchttpclient.netty.channel.ChannelManager - Adding key: http://localhost:1448 for channel [id: 0x43daccbb, L:/127.0.0.1:53510 - R:localhost/127.0.0.1:1448]
16:01:39.106 [Forwarding getElementText on session 3e4951c79d2ede6566ce6a8f9cc5332f to remote] DEBUG org.asynchttpclient.netty.request.NettyRequestSender - Using pooled Channel '[id: 0x43daccbb, L:/127.0.0.1:53510 - R:localhost/127.0.0.1:1448]' for 'GET' to 'http://localhost:1448/session/3e4951c79d2ede6566ce6a8f9cc5332f/element/0.02340666321763929-11/text'
16:01:39.106 [Forwarding getElementText on session 3e4951c79d2ede6566ce6a8f9cc5332f to remote] DEBUG org.asynchttpclient.netty.request.NettyRequestSender - Using open Channel [id: 0x43daccbb, L:/127.0.0.1:53510 - R:localhost/127.0.0.1:1448] for GET '/session/3e4951c79d2ede6566ce6a8f9cc5332f/element/0.02340666321763929-11/text'
16:01:39.129 [AsyncHttpClient-1-2] DEBUG org.asynchttpclient.netty.handler.HttpHandler - 

Request DefaultFullHttpRequest(decodeResult: success, version: HTTP/1.1, content: EmptyByteBufBE)
GET /session/3e4951c79d2ede6566ce6a8f9cc5332f/element/0.02340666321763929-11/text HTTP/1.1
User-Agent: selenium/4.0.0-alpha-7 (java windows)
Cache-Control: no-cache
Content-Type: application/json; charset=utf-8
host: localhost:1448
accept: */*

Response DefaultHttpResponse(decodeResult: success, version: HTTP/1.1)
HTTP/1.1 200 OK
Content-Length: 76
Content-Type: application/json; charset=utf-8

16:01:39.129 [AsyncHttpClient-1-2] DEBUG org.asynchttpclient.netty.channel.ChannelManager - Adding key: http://localhost:1448 for channel [id: 0x43daccbb, L:/127.0.0.1:53510 - R:localhost/127.0.0.1:1448]
16:01:39.131 [Forwarding findChildElement on session 3e4951c79d2ede6566ce6a8f9cc5332f to remote] DEBUG org.asynchttpclient.netty.request.NettyRequestSender - Using pooled Channel '[id: 0x43daccbb, L:/127.0.0.1:53510 - R:localhost/127.0.0.1:1448]' for 'POST' to 'http://localhost:1448/session/3e4951c79d2ede6566ce6a8f9cc5332f/element/0.02340666321763929-11/element'
16:01:39.131 [Forwarding findChildElement on session 3e4951c79d2ede6566ce6a8f9cc5332f to remote] DEBUG org.asynchttpclient.netty.request.NettyRequestSender - Using open Channel [id: 0x43daccbb, L:/127.0.0.1:53510 - R:localhost/127.0.0.1:1448] for POST '/session/3e4951c79d2ede6566ce6a8f9cc5332f/element/0.02340666321763929-11/element'
16:01:39.146 [AsyncHttpClient-1-2] DEBUG org.asynchttpclient.netty.handler.HttpHandler - 

Request DefaultHttpRequest(decodeResult: success, version: HTTP/1.1)
POST /session/3e4951c79d2ede6566ce6a8f9cc5332f/element/0.02340666321763929-11/element HTTP/1.1
User-Agent: selenium/4.0.0-alpha-7 (java windows)
Content-Length: 79
Content-Type: application/json; charset=utf-8
host: localhost:1448
accept: */*

Response DefaultHttpResponse(decodeResult: success, version: HTTP/1.1)
HTTP/1.1 200 OK
Content-Length: 104
Content-Type: application/json; charset=utf-8

16:01:39.147 [AsyncHttpClient-1-2] DEBUG org.asynchttpclient.netty.channel.ChannelManager - Adding key: http://localhost:1448 for channel [id: 0x43daccbb, L:/127.0.0.1:53510 - R:localhost/127.0.0.1:1448]
16:01:39.148 [Forwarding getElementAttribute on session 3e4951c79d2ede6566ce6a8f9cc5332f to remote] DEBUG org.asynchttpclient.netty.request.NettyRequestSender - Using pooled Channel '[id: 0x43daccbb, L:/127.0.0.1:53510 - R:localhost/127.0.0.1:1448]' for 'GET' to 'http://localhost:1448/session/3e4951c79d2ede6566ce6a8f9cc5332f/element/0.02340666321763929-77/attribute/value'
16:01:39.148 [Forwarding getElementAttribute on session 3e4951c79d2ede6566ce6a8f9cc5332f to remote] DEBUG org.asynchttpclient.netty.request.NettyRequestSender - Using open Channel [id: 0x43daccbb, L:/127.0.0.1:53510 - R:localhost/127.0.0.1:1448] for GET '/session/3e4951c79d2ede6566ce6a8f9cc5332f/element/0.02340666321763929-77/attribute/value'
16:01:39.179 [AsyncHttpClient-1-2] DEBUG org.asynchttpclient.netty.handler.HttpHandler - 

Request DefaultFullHttpRequest(decodeResult: success, version: HTTP/1.1, content: EmptyByteBufBE)
GET /session/3e4951c79d2ede6566ce6a8f9cc5332f/element/0.02340666321763929-77/attribute/value HTTP/1.1
User-Agent: selenium/4.0.0-alpha-7 (java windows)
Cache-Control: no-cache
Content-Type: application/json; charset=utf-8
host: localhost:1448
accept: */*

Response DefaultHttpResponse(decodeResult: success, version: HTTP/1.1)
HTTP/1.1 200 OK
Content-Length: 72
Content-Type: application/json; charset=utf-8

16:01:39.180 [AsyncHttpClient-1-2] DEBUG org.asynchttpclient.netty.channel.ChannelManager - Adding key: http://localhost:1448 for channel [id: 0x43daccbb, L:/127.0.0.1:53510 - R:localhost/127.0.0.1:1448]
16:01:39.180 [Forwarding getElementText on session 3e4951c79d2ede6566ce6a8f9cc5332f to remote] DEBUG org.asynchttpclient.netty.request.NettyRequestSender - Using pooled Channel '[id: 0x43daccbb, L:/127.0.0.1:53510 - R:localhost/127.0.0.1:1448]' for 'GET' to 'http://localhost:1448/session/3e4951c79d2ede6566ce6a8f9cc5332f/element/0.02340666321763929-12/text'
16:01:39.180 [Forwarding getElementText on session 3e4951c79d2ede6566ce6a8f9cc5332f to remote] DEBUG org.asynchttpclient.netty.request.NettyRequestSender - Using open Channel [id: 0x43daccbb, L:/127.0.0.1:53510 - R:localhost/127.0.0.1:1448] for GET '/session/3e4951c79d2ede6566ce6a8f9cc5332f/element/0.02340666321763929-12/text'
16:01:39.200 [AsyncHttpClient-1-2] DEBUG org.asynchttpclient.netty.handler.HttpHandler - 

Request DefaultFullHttpRequest(decodeResult: success, version: HTTP/1.1, content: EmptyByteBufBE)
GET /session/3e4951c79d2ede6566ce6a8f9cc5332f/element/0.02340666321763929-12/text HTTP/1.1
User-Agent: selenium/4.0.0-alpha-7 (java windows)
Cache-Control: no-cache
Content-Type: application/json; charset=utf-8
host: localhost:1448
accept: */*

Response DefaultHttpResponse(decodeResult: success, version: HTTP/1.1)
HTTP/1.1 200 OK
Content-Length: 76
Content-Type: application/json; charset=utf-8

16:01:39.200 [AsyncHttpClient-1-2] DEBUG org.asynchttpclient.netty.channel.ChannelManager - Adding key: http://localhost:1448 for channel [id: 0x43daccbb, L:/127.0.0.1:53510 - R:localhost/127.0.0.1:1448]
16:01:39.209 [Forwarding findChildElement on session 3e4951c79d2ede6566ce6a8f9cc5332f to remote] DEBUG org.asynchttpclient.netty.request.NettyRequestSender - Using pooled Channel '[id: 0x43daccbb, L:/127.0.0.1:53510 - R:localhost/127.0.0.1:1448]' for 'POST' to 'http://localhost:1448/session/3e4951c79d2ede6566ce6a8f9cc5332f/element/0.02340666321763929-12/element'
16:01:39.210 [Forwarding findChildElement on session 3e4951c79d2ede6566ce6a8f9cc5332f to remote] DEBUG org.asynchttpclient.netty.request.NettyRequestSender - Using open Channel [id: 0x43daccbb, L:/127.0.0.1:53510 - R:localhost/127.0.0.1:1448] for POST '/session/3e4951c79d2ede6566ce6a8f9cc5332f/element/0.02340666321763929-12/element'
16:01:39.227 [AsyncHttpClient-1-2] DEBUG org.asynchttpclient.netty.handler.HttpHandler - 

Request DefaultHttpRequest(decodeResult: success, version: HTTP/1.1)
POST /session/3e4951c79d2ede6566ce6a8f9cc5332f/element/0.02340666321763929-12/element HTTP/1.1
User-Agent: selenium/4.0.0-alpha-7 (java windows)
Content-Length: 79
Content-Type: application/json; charset=utf-8
host: localhost:1448
accept: */*

Response DefaultHttpResponse(decodeResult: success, version: HTTP/1.1)
HTTP/1.1 200 OK
Content-Length: 104
Content-Type: application/json; charset=utf-8

16:01:39.228 [AsyncHttpClient-1-2] DEBUG org.asynchttpclient.netty.channel.ChannelManager - Adding key: http://localhost:1448 for channel [id: 0x43daccbb, L:/127.0.0.1:53510 - R:localhost/127.0.0.1:1448]
16:01:39.229 [Forwarding getElementAttribute on session 3e4951c79d2ede6566ce6a8f9cc5332f to remote] DEBUG org.asynchttpclient.netty.request.NettyRequestSender - Using pooled Channel '[id: 0x43daccbb, L:/127.0.0.1:53510 - R:localhost/127.0.0.1:1448]' for 'GET' to 'http://localhost:1448/session/3e4951c79d2ede6566ce6a8f9cc5332f/element/0.02340666321763929-78/attribute/value'
16:01:39.230 [Forwarding getElementAttribute on session 3e4951c79d2ede6566ce6a8f9cc5332f to remote] DEBUG org.asynchttpclient.netty.request.NettyRequestSender - Using open Channel [id: 0x43daccbb, L:/127.0.0.1:53510 - R:localhost/127.0.0.1:1448] for GET '/session/3e4951c79d2ede6566ce6a8f9cc5332f/element/0.02340666321763929-78/attribute/value'
16:01:39.264 [AsyncHttpClient-1-2] DEBUG org.asynchttpclient.netty.handler.HttpHandler - 

Request DefaultFullHttpRequest(decodeResult: success, version: HTTP/1.1, content: EmptyByteBufBE)
GET /session/3e4951c79d2ede6566ce6a8f9cc5332f/element/0.02340666321763929-78/attribute/value HTTP/1.1
User-Agent: selenium/4.0.0-alpha-7 (java windows)
Cache-Control: no-cache
Content-Type: application/json; charset=utf-8
host: localhost:1448
accept: */*

Response DefaultHttpResponse(decodeResult: success, version: HTTP/1.1)
HTTP/1.1 200 OK
Content-Length: 72
Content-Type: application/json; charset=utf-8

16:01:39.266 [AsyncHttpClient-1-2] DEBUG org.asynchttpclient.netty.channel.ChannelManager - Adding key: http://localhost:1448 for channel [id: 0x43daccbb, L:/127.0.0.1:53510 - R:localhost/127.0.0.1:1448]
16:01:39.272 [Forwarding getElementText on session 3e4951c79d2ede6566ce6a8f9cc5332f to remote] DEBUG org.asynchttpclient.netty.request.NettyRequestSender - Using pooled Channel '[id: 0x43daccbb, L:/127.0.0.1:53510 - R:localhost/127.0.0.1:1448]' for 'GET' to 'http://localhost:1448/session/3e4951c79d2ede6566ce6a8f9cc5332f/element/0.02340666321763929-13/text'
16:01:39.272 [Forwarding getElementText on session 3e4951c79d2ede6566ce6a8f9cc5332f to remote] DEBUG org.asynchttpclient.netty.request.NettyRequestSender - Using open Channel [id: 0x43daccbb, L:/127.0.0.1:53510 - R:localhost/127.0.0.1:1448] for GET '/session/3e4951c79d2ede6566ce6a8f9cc5332f/element/0.02340666321763929-13/text'
16:01:39.296 [AsyncHttpClient-1-2] DEBUG org.asynchttpclient.netty.handler.HttpHandler - 

Request DefaultFullHttpRequest(decodeResult: success, version: HTTP/1.1, content: EmptyByteBufBE)
GET /session/3e4951c79d2ede6566ce6a8f9cc5332f/element/0.02340666321763929-13/text HTTP/1.1
User-Agent: selenium/4.0.0-alpha-7 (java windows)
Cache-Control: no-cache
Content-Type: application/json; charset=utf-8
host: localhost:1448
accept: */*

Response DefaultHttpResponse(decodeResult: success, version: HTTP/1.1)
HTTP/1.1 200 OK
Content-Length: 76
Content-Type: application/json; charset=utf-8

16:01:39.296 [AsyncHttpClient-1-2] DEBUG org.asynchttpclient.netty.channel.ChannelManager - Adding key: http://localhost:1448 for channel [id: 0x43daccbb, L:/127.0.0.1:53510 - R:localhost/127.0.0.1:1448]
16:01:39.298 [Forwarding findChildElement on session 3e4951c79d2ede6566ce6a8f9cc5332f to remote] DEBUG org.asynchttpclient.netty.request.NettyRequestSender - Using pooled Channel '[id: 0x43daccbb, L:/127.0.0.1:53510 - R:localhost/127.0.0.1:1448]' for 'POST' to 'http://localhost:1448/session/3e4951c79d2ede6566ce6a8f9cc5332f/element/0.02340666321763929-13/element'
16:01:39.298 [Forwarding findChildElement on session 3e4951c79d2ede6566ce6a8f9cc5332f to remote] DEBUG org.asynchttpclient.netty.request.NettyRequestSender - Using open Channel [id: 0x43daccbb, L:/127.0.0.1:53510 - R:localhost/127.0.0.1:1448] for POST '/session/3e4951c79d2ede6566ce6a8f9cc5332f/element/0.02340666321763929-13/element'
16:01:39.314 [AsyncHttpClient-1-2] DEBUG org.asynchttpclient.netty.handler.HttpHandler - 

Request DefaultHttpRequest(decodeResult: success, version: HTTP/1.1)
POST /session/3e4951c79d2ede6566ce6a8f9cc5332f/element/0.02340666321763929-13/element HTTP/1.1
User-Agent: selenium/4.0.0-alpha-7 (java windows)
Content-Length: 79
Content-Type: application/json; charset=utf-8
host: localhost:1448
accept: */*

Response DefaultHttpResponse(decodeResult: success, version: HTTP/1.1)
HTTP/1.1 200 OK
Content-Length: 104
Content-Type: application/json; charset=utf-8

16:01:39.315 [AsyncHttpClient-1-2] DEBUG org.asynchttpclient.netty.channel.ChannelManager - Adding key: http://localhost:1448 for channel [id: 0x43daccbb, L:/127.0.0.1:53510 - R:localhost/127.0.0.1:1448]
16:01:39.316 [Forwarding getElementAttribute on session 3e4951c79d2ede6566ce6a8f9cc5332f to remote] DEBUG org.asynchttpclient.netty.request.NettyRequestSender - Using pooled Channel '[id: 0x43daccbb, L:/127.0.0.1:53510 - R:localhost/127.0.0.1:1448]' for 'GET' to 'http://localhost:1448/session/3e4951c79d2ede6566ce6a8f9cc5332f/element/0.02340666321763929-79/attribute/value'
16:01:39.316 [Forwarding getElementAttribute on session 3e4951c79d2ede6566ce6a8f9cc5332f to remote] DEBUG org.asynchttpclient.netty.request.NettyRequestSender - Using open Channel [id: 0x43daccbb, L:/127.0.0.1:53510 - R:localhost/127.0.0.1:1448] for GET '/session/3e4951c79d2ede6566ce6a8f9cc5332f/element/0.02340666321763929-79/attribute/value'
16:01:39.341 [AsyncHttpClient-1-2] DEBUG org.asynchttpclient.netty.handler.HttpHandler - 

Request DefaultFullHttpRequest(decodeResult: success, version: HTTP/1.1, content: EmptyByteBufBE)
GET /session/3e4951c79d2ede6566ce6a8f9cc5332f/element/0.02340666321763929-79/attribute/value HTTP/1.1
User-Agent: selenium/4.0.0-alpha-7 (java windows)
Cache-Control: no-cache
Content-Type: application/json; charset=utf-8
host: localhost:1448
accept: */*

Response DefaultHttpResponse(decodeResult: success, version: HTTP/1.1)
HTTP/1.1 200 OK
Content-Length: 72
Content-Type: application/json; charset=utf-8

16:01:39.342 [AsyncHttpClient-1-2] DEBUG org.asynchttpclient.netty.channel.ChannelManager - Adding key: http://localhost:1448 for channel [id: 0x43daccbb, L:/127.0.0.1:53510 - R:localhost/127.0.0.1:1448]
16:01:39.344 [Forwarding getElementText on session 3e4951c79d2ede6566ce6a8f9cc5332f to remote] DEBUG org.asynchttpclient.netty.request.NettyRequestSender - Using pooled Channel '[id: 0x43daccbb, L:/127.0.0.1:53510 - R:localhost/127.0.0.1:1448]' for 'GET' to 'http://localhost:1448/session/3e4951c79d2ede6566ce6a8f9cc5332f/element/0.02340666321763929-14/text'
16:01:39.344 [Forwarding getElementText on session 3e4951c79d2ede6566ce6a8f9cc5332f to remote] DEBUG org.asynchttpclient.netty.request.NettyRequestSender - Using open Channel [id: 0x43daccbb, L:/127.0.0.1:53510 - R:localhost/127.0.0.1:1448] for GET '/session/3e4951c79d2ede6566ce6a8f9cc5332f/element/0.02340666321763929-14/text'
16:01:39.364 [AsyncHttpClient-1-2] DEBUG org.asynchttpclient.netty.handler.HttpHandler - 

Request DefaultFullHttpRequest(decodeResult: success, version: HTTP/1.1, content: EmptyByteBufBE)
GET /session/3e4951c79d2ede6566ce6a8f9cc5332f/element/0.02340666321763929-14/text HTTP/1.1
User-Agent: selenium/4.0.0-alpha-7 (java windows)
Cache-Control: no-cache
Content-Type: application/json; charset=utf-8
host: localhost:1448
accept: */*

Response DefaultHttpResponse(decodeResult: success, version: HTTP/1.1)
HTTP/1.1 200 OK
Content-Length: 76
Content-Type: application/json; charset=utf-8

16:01:39.364 [AsyncHttpClient-1-2] DEBUG org.asynchttpclient.netty.channel.ChannelManager - Adding key: http://localhost:1448 for channel [id: 0x43daccbb, L:/127.0.0.1:53510 - R:localhost/127.0.0.1:1448]
16:01:39.365 [Forwarding findChildElement on session 3e4951c79d2ede6566ce6a8f9cc5332f to remote] DEBUG org.asynchttpclient.netty.request.NettyRequestSender - Using pooled Channel '[id: 0x43daccbb, L:/127.0.0.1:53510 - R:localhost/127.0.0.1:1448]' for 'POST' to 'http://localhost:1448/session/3e4951c79d2ede6566ce6a8f9cc5332f/element/0.02340666321763929-14/element'
16:01:39.365 [Forwarding findChildElement on session 3e4951c79d2ede6566ce6a8f9cc5332f to remote] DEBUG org.asynchttpclient.netty.request.NettyRequestSender - Using open Channel [id: 0x43daccbb, L:/127.0.0.1:53510 - R:localhost/127.0.0.1:1448] for POST '/session/3e4951c79d2ede6566ce6a8f9cc5332f/element/0.02340666321763929-14/element'
16:01:39.381 [AsyncHttpClient-1-2] DEBUG org.asynchttpclient.netty.handler.HttpHandler - 

Request DefaultHttpRequest(decodeResult: success, version: HTTP/1.1)
POST /session/3e4951c79d2ede6566ce6a8f9cc5332f/element/0.02340666321763929-14/element HTTP/1.1
User-Agent: selenium/4.0.0-alpha-7 (java windows)
Content-Length: 79
Content-Type: application/json; charset=utf-8
host: localhost:1448
accept: */*

Response DefaultHttpResponse(decodeResult: success, version: HTTP/1.1)
HTTP/1.1 200 OK
Content-Length: 104
Content-Type: application/json; charset=utf-8

16:01:39.382 [AsyncHttpClient-1-2] DEBUG org.asynchttpclient.netty.channel.ChannelManager - Adding key: http://localhost:1448 for channel [id: 0x43daccbb, L:/127.0.0.1:53510 - R:localhost/127.0.0.1:1448]
16:01:39.383 [Forwarding getElementAttribute on session 3e4951c79d2ede6566ce6a8f9cc5332f to remote] DEBUG org.asynchttpclient.netty.request.NettyRequestSender - Using pooled Channel '[id: 0x43daccbb, L:/127.0.0.1:53510 - R:localhost/127.0.0.1:1448]' for 'GET' to 'http://localhost:1448/session/3e4951c79d2ede6566ce6a8f9cc5332f/element/0.02340666321763929-80/attribute/value'
16:01:39.383 [Forwarding getElementAttribute on session 3e4951c79d2ede6566ce6a8f9cc5332f to remote] DEBUG org.asynchttpclient.netty.request.NettyRequestSender - Using open Channel [id: 0x43daccbb, L:/127.0.0.1:53510 - R:localhost/127.0.0.1:1448] for GET '/session/3e4951c79d2ede6566ce6a8f9cc5332f/element/0.02340666321763929-80/attribute/value'
16:01:39.426 [AsyncHttpClient-1-2] DEBUG org.asynchttpclient.netty.handler.HttpHandler - 

Request DefaultFullHttpRequest(decodeResult: success, version: HTTP/1.1, content: EmptyByteBufBE)
GET /session/3e4951c79d2ede6566ce6a8f9cc5332f/element/0.02340666321763929-80/attribute/value HTTP/1.1
User-Agent: selenium/4.0.0-alpha-7 (java windows)
Cache-Control: no-cache
Content-Type: application/json; charset=utf-8
host: localhost:1448
accept: */*

Response DefaultHttpResponse(decodeResult: success, version: HTTP/1.1)
HTTP/1.1 200 OK
Content-Length: 72
Content-Type: application/json; charset=utf-8

16:01:39.427 [AsyncHttpClient-1-2] DEBUG org.asynchttpclient.netty.channel.ChannelManager - Adding key: http://localhost:1448 for channel [id: 0x43daccbb, L:/127.0.0.1:53510 - R:localhost/127.0.0.1:1448]
16:01:39.430 [Forwarding getElementText on session 3e4951c79d2ede6566ce6a8f9cc5332f to remote] DEBUG org.asynchttpclient.netty.request.NettyRequestSender - Using pooled Channel '[id: 0x43daccbb, L:/127.0.0.1:53510 - R:localhost/127.0.0.1:1448]' for 'GET' to 'http://localhost:1448/session/3e4951c79d2ede6566ce6a8f9cc5332f/element/0.02340666321763929-15/text'
16:01:39.430 [Forwarding getElementText on session 3e4951c79d2ede6566ce6a8f9cc5332f to remote] DEBUG org.asynchttpclient.netty.request.NettyRequestSender - Using open Channel [id: 0x43daccbb, L:/127.0.0.1:53510 - R:localhost/127.0.0.1:1448] for GET '/session/3e4951c79d2ede6566ce6a8f9cc5332f/element/0.02340666321763929-15/text'
16:01:39.460 [AsyncHttpClient-1-2] DEBUG org.asynchttpclient.netty.handler.HttpHandler - 

Request DefaultFullHttpRequest(decodeResult: success, version: HTTP/1.1, content: EmptyByteBufBE)
GET /session/3e4951c79d2ede6566ce6a8f9cc5332f/element/0.02340666321763929-15/text HTTP/1.1
User-Agent: selenium/4.0.0-alpha-7 (java windows)
Cache-Control: no-cache
Content-Type: application/json; charset=utf-8
host: localhost:1448
accept: */*

Response DefaultHttpResponse(decodeResult: success, version: HTTP/1.1)
HTTP/1.1 200 OK
Content-Length: 76
Content-Type: application/json; charset=utf-8

16:01:39.460 [AsyncHttpClient-1-2] DEBUG org.asynchttpclient.netty.channel.ChannelManager - Adding key: http://localhost:1448 for channel [id: 0x43daccbb, L:/127.0.0.1:53510 - R:localhost/127.0.0.1:1448]
16:01:39.462 [Forwarding findChildElement on session 3e4951c79d2ede6566ce6a8f9cc5332f to remote] DEBUG org.asynchttpclient.netty.request.NettyRequestSender - Using pooled Channel '[id: 0x43daccbb, L:/127.0.0.1:53510 - R:localhost/127.0.0.1:1448]' for 'POST' to 'http://localhost:1448/session/3e4951c79d2ede6566ce6a8f9cc5332f/element/0.02340666321763929-15/element'
16:01:39.462 [Forwarding findChildElement on session 3e4951c79d2ede6566ce6a8f9cc5332f to remote] DEBUG org.asynchttpclient.netty.request.NettyRequestSender - Using open Channel [id: 0x43daccbb, L:/127.0.0.1:53510 - R:localhost/127.0.0.1:1448] for POST '/session/3e4951c79d2ede6566ce6a8f9cc5332f/element/0.02340666321763929-15/element'
16:01:39.478 [AsyncHttpClient-1-2] DEBUG org.asynchttpclient.netty.handler.HttpHandler - 

Request DefaultHttpRequest(decodeResult: success, version: HTTP/1.1)
POST /session/3e4951c79d2ede6566ce6a8f9cc5332f/element/0.02340666321763929-15/element HTTP/1.1
User-Agent: selenium/4.0.0-alpha-7 (java windows)
Content-Length: 79
Content-Type: application/json; charset=utf-8
host: localhost:1448
accept: */*

Response DefaultHttpResponse(decodeResult: success, version: HTTP/1.1)
HTTP/1.1 200 OK
Content-Length: 104
Content-Type: application/json; charset=utf-8

16:01:39.478 [AsyncHttpClient-1-2] DEBUG org.asynchttpclient.netty.channel.ChannelManager - Adding key: http://localhost:1448 for channel [id: 0x43daccbb, L:/127.0.0.1:53510 - R:localhost/127.0.0.1:1448]
16:01:39.479 [Forwarding getElementAttribute on session 3e4951c79d2ede6566ce6a8f9cc5332f to remote] DEBUG org.asynchttpclient.netty.request.NettyRequestSender - Using pooled Channel '[id: 0x43daccbb, L:/127.0.0.1:53510 - R:localhost/127.0.0.1:1448]' for 'GET' to 'http://localhost:1448/session/3e4951c79d2ede6566ce6a8f9cc5332f/element/0.02340666321763929-81/attribute/value'
16:01:39.480 [Forwarding getElementAttribute on session 3e4951c79d2ede6566ce6a8f9cc5332f to remote] DEBUG org.asynchttpclient.netty.request.NettyRequestSender - Using open Channel [id: 0x43daccbb, L:/127.0.0.1:53510 - R:localhost/127.0.0.1:1448] for GET '/session/3e4951c79d2ede6566ce6a8f9cc5332f/element/0.02340666321763929-81/attribute/value'
16:01:39.525 [AsyncHttpClient-1-2] DEBUG org.asynchttpclient.netty.handler.HttpHandler - 

Request DefaultFullHttpRequest(decodeResult: success, version: HTTP/1.1, content: EmptyByteBufBE)
GET /session/3e4951c79d2ede6566ce6a8f9cc5332f/element/0.02340666321763929-81/attribute/value HTTP/1.1
User-Agent: selenium/4.0.0-alpha-7 (java windows)
Cache-Control: no-cache
Content-Type: application/json; charset=utf-8
host: localhost:1448
accept: */*

Response DefaultHttpResponse(decodeResult: success, version: HTTP/1.1)
HTTP/1.1 200 OK
Content-Length: 72
Content-Type: application/json; charset=utf-8

16:01:39.525 [AsyncHttpClient-1-2] DEBUG org.asynchttpclient.netty.channel.ChannelManager - Adding key: http://localhost:1448 for channel [id: 0x43daccbb, L:/127.0.0.1:53510 - R:localhost/127.0.0.1:1448]
16:01:39.526 [Forwarding getElementText on session 3e4951c79d2ede6566ce6a8f9cc5332f to remote] DEBUG org.asynchttpclient.netty.request.NettyRequestSender - Using pooled Channel '[id: 0x43daccbb, L:/127.0.0.1:53510 - R:localhost/127.0.0.1:1448]' for 'GET' to 'http://localhost:1448/session/3e4951c79d2ede6566ce6a8f9cc5332f/element/0.02340666321763929-16/text'
16:01:39.527 [Forwarding getElementText on session 3e4951c79d2ede6566ce6a8f9cc5332f to remote] DEBUG org.asynchttpclient.netty.request.NettyRequestSender - Using open Channel [id: 0x43daccbb, L:/127.0.0.1:53510 - R:localhost/127.0.0.1:1448] for GET '/session/3e4951c79d2ede6566ce6a8f9cc5332f/element/0.02340666321763929-16/text'
16:01:39.547 [AsyncHttpClient-1-2] DEBUG org.asynchttpclient.netty.handler.HttpHandler - 

Request DefaultFullHttpRequest(decodeResult: success, version: HTTP/1.1, content: EmptyByteBufBE)
GET /session/3e4951c79d2ede6566ce6a8f9cc5332f/element/0.02340666321763929-16/text HTTP/1.1
User-Agent: selenium/4.0.0-alpha-7 (java windows)
Cache-Control: no-cache
Content-Type: application/json; charset=utf-8
host: localhost:1448
accept: */*

Response DefaultHttpResponse(decodeResult: success, version: HTTP/1.1)
HTTP/1.1 200 OK
Content-Length: 76
Content-Type: application/json; charset=utf-8

16:01:39.548 [AsyncHttpClient-1-2] DEBUG org.asynchttpclient.netty.channel.ChannelManager - Adding key: http://localhost:1448 for channel [id: 0x43daccbb, L:/127.0.0.1:53510 - R:localhost/127.0.0.1:1448]
16:01:39.553 [Forwarding findChildElement on session 3e4951c79d2ede6566ce6a8f9cc5332f to remote] DEBUG org.asynchttpclient.netty.request.NettyRequestSender - Using pooled Channel '[id: 0x43daccbb, L:/127.0.0.1:53510 - R:localhost/127.0.0.1:1448]' for 'POST' to 'http://localhost:1448/session/3e4951c79d2ede6566ce6a8f9cc5332f/element/0.02340666321763929-16/element'
16:01:39.554 [Forwarding findChildElement on session 3e4951c79d2ede6566ce6a8f9cc5332f to remote] DEBUG org.asynchttpclient.netty.request.NettyRequestSender - Using open Channel [id: 0x43daccbb, L:/127.0.0.1:53510 - R:localhost/127.0.0.1:1448] for POST '/session/3e4951c79d2ede6566ce6a8f9cc5332f/element/0.02340666321763929-16/element'
16:01:39.595 [AsyncHttpClient-1-2] DEBUG org.asynchttpclient.netty.handler.HttpHandler - 

Request DefaultHttpRequest(decodeResult: success, version: HTTP/1.1)
POST /session/3e4951c79d2ede6566ce6a8f9cc5332f/element/0.02340666321763929-16/element HTTP/1.1
User-Agent: selenium/4.0.0-alpha-7 (java windows)
Content-Length: 79
Content-Type: application/json; charset=utf-8
host: localhost:1448
accept: */*

Response DefaultHttpResponse(decodeResult: success, version: HTTP/1.1)
HTTP/1.1 200 OK
Content-Length: 104
Content-Type: application/json; charset=utf-8

16:01:39.595 [AsyncHttpClient-1-2] DEBUG org.asynchttpclient.netty.channel.ChannelManager - Adding key: http://localhost:1448 for channel [id: 0x43daccbb, L:/127.0.0.1:53510 - R:localhost/127.0.0.1:1448]
16:01:39.596 [Forwarding getElementAttribute on session 3e4951c79d2ede6566ce6a8f9cc5332f to remote] DEBUG org.asynchttpclient.netty.request.NettyRequestSender - Using pooled Channel '[id: 0x43daccbb, L:/127.0.0.1:53510 - R:localhost/127.0.0.1:1448]' for 'GET' to 'http://localhost:1448/session/3e4951c79d2ede6566ce6a8f9cc5332f/element/0.02340666321763929-82/attribute/value'
16:01:39.596 [Forwarding getElementAttribute on session 3e4951c79d2ede6566ce6a8f9cc5332f to remote] DEBUG org.asynchttpclient.netty.request.NettyRequestSender - Using open Channel [id: 0x43daccbb, L:/127.0.0.1:53510 - R:localhost/127.0.0.1:1448] for GET '/session/3e4951c79d2ede6566ce6a8f9cc5332f/element/0.02340666321763929-82/attribute/value'
16:01:39.612 [AsyncHttpClient-1-2] DEBUG org.asynchttpclient.netty.handler.HttpHandler - 

Request DefaultFullHttpRequest(decodeResult: success, version: HTTP/1.1, content: EmptyByteBufBE)
GET /session/3e4951c79d2ede6566ce6a8f9cc5332f/element/0.02340666321763929-82/attribute/value HTTP/1.1
User-Agent: selenium/4.0.0-alpha-7 (java windows)
Cache-Control: no-cache
Content-Type: application/json; charset=utf-8
host: localhost:1448
accept: */*

Response DefaultHttpResponse(decodeResult: success, version: HTTP/1.1)
HTTP/1.1 200 OK
Content-Length: 72
Content-Type: application/json; charset=utf-8

16:01:39.612 [AsyncHttpClient-1-2] DEBUG org.asynchttpclient.netty.channel.ChannelManager - Adding key: http://localhost:1448 for channel [id: 0x43daccbb, L:/127.0.0.1:53510 - R:localhost/127.0.0.1:1448]
16:01:39.613 [Forwarding getElementText on session 3e4951c79d2ede6566ce6a8f9cc5332f to remote] DEBUG org.asynchttpclient.netty.request.NettyRequestSender - Using pooled Channel '[id: 0x43daccbb, L:/127.0.0.1:53510 - R:localhost/127.0.0.1:1448]' for 'GET' to 'http://localhost:1448/session/3e4951c79d2ede6566ce6a8f9cc5332f/element/0.02340666321763929-17/text'
16:01:39.613 [Forwarding getElementText on session 3e4951c79d2ede6566ce6a8f9cc5332f to remote] DEBUG org.asynchttpclient.netty.request.NettyRequestSender - Using open Channel [id: 0x43daccbb, L:/127.0.0.1:53510 - R:localhost/127.0.0.1:1448] for GET '/session/3e4951c79d2ede6566ce6a8f9cc5332f/element/0.02340666321763929-17/text'
16:01:39.631 [AsyncHttpClient-1-2] DEBUG org.asynchttpclient.netty.handler.HttpHandler - 

Request DefaultFullHttpRequest(decodeResult: success, version: HTTP/1.1, content: EmptyByteBufBE)
GET /session/3e4951c79d2ede6566ce6a8f9cc5332f/element/0.02340666321763929-17/text HTTP/1.1
User-Agent: selenium/4.0.0-alpha-7 (java windows)
Cache-Control: no-cache
Content-Type: application/json; charset=utf-8
host: localhost:1448
accept: */*

Response DefaultHttpResponse(decodeResult: success, version: HTTP/1.1)
HTTP/1.1 200 OK
Content-Length: 76
Content-Type: application/json; charset=utf-8

16:01:39.631 [AsyncHttpClient-1-2] DEBUG org.asynchttpclient.netty.channel.ChannelManager - Adding key: http://localhost:1448 for channel [id: 0x43daccbb, L:/127.0.0.1:53510 - R:localhost/127.0.0.1:1448]
16:01:39.632 [Forwarding findChildElement on session 3e4951c79d2ede6566ce6a8f9cc5332f to remote] DEBUG org.asynchttpclient.netty.request.NettyRequestSender - Using pooled Channel '[id: 0x43daccbb, L:/127.0.0.1:53510 - R:localhost/127.0.0.1:1448]' for 'POST' to 'http://localhost:1448/session/3e4951c79d2ede6566ce6a8f9cc5332f/element/0.02340666321763929-17/element'
16:01:39.633 [Forwarding findChildElement on session 3e4951c79d2ede6566ce6a8f9cc5332f to remote] DEBUG org.asynchttpclient.netty.request.NettyRequestSender - Using open Channel [id: 0x43daccbb, L:/127.0.0.1:53510 - R:localhost/127.0.0.1:1448] for POST '/session/3e4951c79d2ede6566ce6a8f9cc5332f/element/0.02340666321763929-17/element'
16:01:39.649 [AsyncHttpClient-1-2] DEBUG org.asynchttpclient.netty.handler.HttpHandler - 

Request DefaultHttpRequest(decodeResult: success, version: HTTP/1.1)
POST /session/3e4951c79d2ede6566ce6a8f9cc5332f/element/0.02340666321763929-17/element HTTP/1.1
User-Agent: selenium/4.0.0-alpha-7 (java windows)
Content-Length: 79
Content-Type: application/json; charset=utf-8
host: localhost:1448
accept: */*

Response DefaultHttpResponse(decodeResult: success, version: HTTP/1.1)
HTTP/1.1 200 OK
Content-Length: 104
Content-Type: application/json; charset=utf-8

16:01:39.649 [AsyncHttpClient-1-2] DEBUG org.asynchttpclient.netty.channel.ChannelManager - Adding key: http://localhost:1448 for channel [id: 0x43daccbb, L:/127.0.0.1:53510 - R:localhost/127.0.0.1:1448]
16:01:39.653 [Forwarding getElementAttribute on session 3e4951c79d2ede6566ce6a8f9cc5332f to remote] DEBUG org.asynchttpclient.netty.request.NettyRequestSender - Using pooled Channel '[id: 0x43daccbb, L:/127.0.0.1:53510 - R:localhost/127.0.0.1:1448]' for 'GET' to 'http://localhost:1448/session/3e4951c79d2ede6566ce6a8f9cc5332f/element/0.02340666321763929-83/attribute/value'
16:01:39.653 [Forwarding getElementAttribute on session 3e4951c79d2ede6566ce6a8f9cc5332f to remote] DEBUG org.asynchttpclient.netty.request.NettyRequestSender - Using open Channel [id: 0x43daccbb, L:/127.0.0.1:53510 - R:localhost/127.0.0.1:1448] for GET '/session/3e4951c79d2ede6566ce6a8f9cc5332f/element/0.02340666321763929-83/attribute/value'
16:01:39.677 [AsyncHttpClient-1-2] DEBUG org.asynchttpclient.netty.handler.HttpHandler - 

Request DefaultFullHttpRequest(decodeResult: success, version: HTTP/1.1, content: EmptyByteBufBE)
GET /session/3e4951c79d2ede6566ce6a8f9cc5332f/element/0.02340666321763929-83/attribute/value HTTP/1.1
User-Agent: selenium/4.0.0-alpha-7 (java windows)
Cache-Control: no-cache
Content-Type: application/json; charset=utf-8
host: localhost:1448
accept: */*

Response DefaultHttpResponse(decodeResult: success, version: HTTP/1.1)
HTTP/1.1 200 OK
Content-Length: 72
Content-Type: application/json; charset=utf-8

16:01:39.678 [AsyncHttpClient-1-2] DEBUG org.asynchttpclient.netty.channel.ChannelManager - Adding key: http://localhost:1448 for channel [id: 0x43daccbb, L:/127.0.0.1:53510 - R:localhost/127.0.0.1:1448]
16:01:39.679 [Forwarding getElementText on session 3e4951c79d2ede6566ce6a8f9cc5332f to remote] DEBUG org.asynchttpclient.netty.request.NettyRequestSender - Using pooled Channel '[id: 0x43daccbb, L:/127.0.0.1:53510 - R:localhost/127.0.0.1:1448]' for 'GET' to 'http://localhost:1448/session/3e4951c79d2ede6566ce6a8f9cc5332f/element/0.02340666321763929-18/text'
16:01:39.679 [Forwarding getElementText on session 3e4951c79d2ede6566ce6a8f9cc5332f to remote] DEBUG org.asynchttpclient.netty.request.NettyRequestSender - Using open Channel [id: 0x43daccbb, L:/127.0.0.1:53510 - R:localhost/127.0.0.1:1448] for GET '/session/3e4951c79d2ede6566ce6a8f9cc5332f/element/0.02340666321763929-18/text'
16:01:39.698 [AsyncHttpClient-1-2] DEBUG org.asynchttpclient.netty.handler.HttpHandler - 

Request DefaultFullHttpRequest(decodeResult: success, version: HTTP/1.1, content: EmptyByteBufBE)
GET /session/3e4951c79d2ede6566ce6a8f9cc5332f/element/0.02340666321763929-18/text HTTP/1.1
User-Agent: selenium/4.0.0-alpha-7 (java windows)
Cache-Control: no-cache
Content-Type: application/json; charset=utf-8
host: localhost:1448
accept: */*

Response DefaultHttpResponse(decodeResult: success, version: HTTP/1.1)
HTTP/1.1 200 OK
Content-Length: 76
Content-Type: application/json; charset=utf-8

16:01:39.698 [AsyncHttpClient-1-2] DEBUG org.asynchttpclient.netty.channel.ChannelManager - Adding key: http://localhost:1448 for channel [id: 0x43daccbb, L:/127.0.0.1:53510 - R:localhost/127.0.0.1:1448]
16:01:39.700 [Forwarding findChildElement on session 3e4951c79d2ede6566ce6a8f9cc5332f to remote] DEBUG org.asynchttpclient.netty.request.NettyRequestSender - Using pooled Channel '[id: 0x43daccbb, L:/127.0.0.1:53510 - R:localhost/127.0.0.1:1448]' for 'POST' to 'http://localhost:1448/session/3e4951c79d2ede6566ce6a8f9cc5332f/element/0.02340666321763929-18/element'
16:01:39.700 [Forwarding findChildElement on session 3e4951c79d2ede6566ce6a8f9cc5332f to remote] DEBUG org.asynchttpclient.netty.request.NettyRequestSender - Using open Channel [id: 0x43daccbb, L:/127.0.0.1:53510 - R:localhost/127.0.0.1:1448] for POST '/session/3e4951c79d2ede6566ce6a8f9cc5332f/element/0.02340666321763929-18/element'
16:01:39.727 [AsyncHttpClient-1-2] DEBUG org.asynchttpclient.netty.handler.HttpHandler - 

Request DefaultHttpRequest(decodeResult: success, version: HTTP/1.1)
POST /session/3e4951c79d2ede6566ce6a8f9cc5332f/element/0.02340666321763929-18/element HTTP/1.1
User-Agent: selenium/4.0.0-alpha-7 (java windows)
Content-Length: 79
Content-Type: application/json; charset=utf-8
host: localhost:1448
accept: */*

Response DefaultHttpResponse(decodeResult: success, version: HTTP/1.1)
HTTP/1.1 200 OK
Content-Length: 104
Content-Type: application/json; charset=utf-8

16:01:39.727 [AsyncHttpClient-1-2] DEBUG org.asynchttpclient.netty.channel.ChannelManager - Adding key: http://localhost:1448 for channel [id: 0x43daccbb, L:/127.0.0.1:53510 - R:localhost/127.0.0.1:1448]
16:01:39.729 [Forwarding getElementAttribute on session 3e4951c79d2ede6566ce6a8f9cc5332f to remote] DEBUG org.asynchttpclient.netty.request.NettyRequestSender - Using pooled Channel '[id: 0x43daccbb, L:/127.0.0.1:53510 - R:localhost/127.0.0.1:1448]' for 'GET' to 'http://localhost:1448/session/3e4951c79d2ede6566ce6a8f9cc5332f/element/0.02340666321763929-84/attribute/value'
16:01:39.729 [Forwarding getElementAttribute on session 3e4951c79d2ede6566ce6a8f9cc5332f to remote] DEBUG org.asynchttpclient.netty.request.NettyRequestSender - Using open Channel [id: 0x43daccbb, L:/127.0.0.1:53510 - R:localhost/127.0.0.1:1448] for GET '/session/3e4951c79d2ede6566ce6a8f9cc5332f/element/0.02340666321763929-84/attribute/value'
16:01:39.746 [AsyncHttpClient-1-2] DEBUG org.asynchttpclient.netty.handler.HttpHandler - 

Request DefaultFullHttpRequest(decodeResult: success, version: HTTP/1.1, content: EmptyByteBufBE)
GET /session/3e4951c79d2ede6566ce6a8f9cc5332f/element/0.02340666321763929-84/attribute/value HTTP/1.1
User-Agent: selenium/4.0.0-alpha-7 (java windows)
Cache-Control: no-cache
Content-Type: application/json; charset=utf-8
host: localhost:1448
accept: */*

Response DefaultHttpResponse(decodeResult: success, version: HTTP/1.1)
HTTP/1.1 200 OK
Content-Length: 73
Content-Type: application/json; charset=utf-8

16:01:39.747 [AsyncHttpClient-1-2] DEBUG org.asynchttpclient.netty.channel.ChannelManager - Adding key: http://localhost:1448 for channel [id: 0x43daccbb, L:/127.0.0.1:53510 - R:localhost/127.0.0.1:1448]
16:01:39.748 [Forwarding getElementText on session 3e4951c79d2ede6566ce6a8f9cc5332f to remote] DEBUG org.asynchttpclient.netty.request.NettyRequestSender - Using pooled Channel '[id: 0x43daccbb, L:/127.0.0.1:53510 - R:localhost/127.0.0.1:1448]' for 'GET' to 'http://localhost:1448/session/3e4951c79d2ede6566ce6a8f9cc5332f/element/0.02340666321763929-19/text'
16:01:39.749 [Forwarding getElementText on session 3e4951c79d2ede6566ce6a8f9cc5332f to remote] DEBUG org.asynchttpclient.netty.request.NettyRequestSender - Using open Channel [id: 0x43daccbb, L:/127.0.0.1:53510 - R:localhost/127.0.0.1:1448] for GET '/session/3e4951c79d2ede6566ce6a8f9cc5332f/element/0.02340666321763929-19/text'
16:01:39.772 [AsyncHttpClient-1-2] DEBUG org.asynchttpclient.netty.handler.HttpHandler - 

Request DefaultFullHttpRequest(decodeResult: success, version: HTTP/1.1, content: EmptyByteBufBE)
GET /session/3e4951c79d2ede6566ce6a8f9cc5332f/element/0.02340666321763929-19/text HTTP/1.1
User-Agent: selenium/4.0.0-alpha-7 (java windows)
Cache-Control: no-cache
Content-Type: application/json; charset=utf-8
host: localhost:1448
accept: */*

Response DefaultHttpResponse(decodeResult: success, version: HTTP/1.1)
HTTP/1.1 200 OK
Content-Length: 76
Content-Type: application/json; charset=utf-8

16:01:39.772 [AsyncHttpClient-1-2] DEBUG org.asynchttpclient.netty.channel.ChannelManager - Adding key: http://localhost:1448 for channel [id: 0x43daccbb, L:/127.0.0.1:53510 - R:localhost/127.0.0.1:1448]
16:01:39.776 [Forwarding findChildElement on session 3e4951c79d2ede6566ce6a8f9cc5332f to remote] DEBUG org.asynchttpclient.netty.request.NettyRequestSender - Using pooled Channel '[id: 0x43daccbb, L:/127.0.0.1:53510 - R:localhost/127.0.0.1:1448]' for 'POST' to 'http://localhost:1448/session/3e4951c79d2ede6566ce6a8f9cc5332f/element/0.02340666321763929-19/element'
16:01:39.776 [Forwarding findChildElement on session 3e4951c79d2ede6566ce6a8f9cc5332f to remote] DEBUG org.asynchttpclient.netty.request.NettyRequestSender - Using open Channel [id: 0x43daccbb, L:/127.0.0.1:53510 - R:localhost/127.0.0.1:1448] for POST '/session/3e4951c79d2ede6566ce6a8f9cc5332f/element/0.02340666321763929-19/element'
16:01:39.824 [AsyncHttpClient-1-2] DEBUG org.asynchttpclient.netty.handler.HttpHandler - 

Request DefaultHttpRequest(decodeResult: success, version: HTTP/1.1)
POST /session/3e4951c79d2ede6566ce6a8f9cc5332f/element/0.02340666321763929-19/element HTTP/1.1
User-Agent: selenium/4.0.0-alpha-7 (java windows)
Content-Length: 79
Content-Type: application/json; charset=utf-8
host: localhost:1448
accept: */*

Response DefaultHttpResponse(decodeResult: success, version: HTTP/1.1)
HTTP/1.1 200 OK
Content-Length: 104
Content-Type: application/json; charset=utf-8

16:01:39.826 [AsyncHttpClient-1-2] DEBUG org.asynchttpclient.netty.channel.ChannelManager - Adding key: http://localhost:1448 for channel [id: 0x43daccbb, L:/127.0.0.1:53510 - R:localhost/127.0.0.1:1448]
16:01:39.827 [Forwarding getElementAttribute on session 3e4951c79d2ede6566ce6a8f9cc5332f to remote] DEBUG org.asynchttpclient.netty.request.NettyRequestSender - Using pooled Channel '[id: 0x43daccbb, L:/127.0.0.1:53510 - R:localhost/127.0.0.1:1448]' for 'GET' to 'http://localhost:1448/session/3e4951c79d2ede6566ce6a8f9cc5332f/element/0.02340666321763929-85/attribute/value'
16:01:39.827 [Forwarding getElementAttribute on session 3e4951c79d2ede6566ce6a8f9cc5332f to remote] DEBUG org.asynchttpclient.netty.request.NettyRequestSender - Using open Channel [id: 0x43daccbb, L:/127.0.0.1:53510 - R:localhost/127.0.0.1:1448] for GET '/session/3e4951c79d2ede6566ce6a8f9cc5332f/element/0.02340666321763929-85/attribute/value'
16:01:39.844 [AsyncHttpClient-1-2] DEBUG org.asynchttpclient.netty.handler.HttpHandler - 

Request DefaultFullHttpRequest(decodeResult: success, version: HTTP/1.1, content: EmptyByteBufBE)
GET /session/3e4951c79d2ede6566ce6a8f9cc5332f/element/0.02340666321763929-85/attribute/value HTTP/1.1
User-Agent: selenium/4.0.0-alpha-7 (java windows)
Cache-Control: no-cache
Content-Type: application/json; charset=utf-8
host: localhost:1448
accept: */*

Response DefaultHttpResponse(decodeResult: success, version: HTTP/1.1)
HTTP/1.1 200 OK
Content-Length: 73
Content-Type: application/json; charset=utf-8

16:01:39.844 [AsyncHttpClient-1-2] DEBUG org.asynchttpclient.netty.channel.ChannelManager - Adding key: http://localhost:1448 for channel [id: 0x43daccbb, L:/127.0.0.1:53510 - R:localhost/127.0.0.1:1448]
16:01:39.846 [Forwarding getElementText on session 3e4951c79d2ede6566ce6a8f9cc5332f to remote] DEBUG org.asynchttpclient.netty.request.NettyRequestSender - Using pooled Channel '[id: 0x43daccbb, L:/127.0.0.1:53510 - R:localhost/127.0.0.1:1448]' for 'GET' to 'http://localhost:1448/session/3e4951c79d2ede6566ce6a8f9cc5332f/element/0.02340666321763929-20/text'
16:01:39.846 [Forwarding getElementText on session 3e4951c79d2ede6566ce6a8f9cc5332f to remote] DEBUG org.asynchttpclient.netty.request.NettyRequestSender - Using open Channel [id: 0x43daccbb, L:/127.0.0.1:53510 - R:localhost/127.0.0.1:1448] for GET '/session/3e4951c79d2ede6566ce6a8f9cc5332f/element/0.02340666321763929-20/text'
16:01:39.897 [AsyncHttpClient-1-2] DEBUG org.asynchttpclient.netty.handler.HttpHandler - 

Request DefaultFullHttpRequest(decodeResult: success, version: HTTP/1.1, content: EmptyByteBufBE)
GET /session/3e4951c79d2ede6566ce6a8f9cc5332f/element/0.02340666321763929-20/text HTTP/1.1
User-Agent: selenium/4.0.0-alpha-7 (java windows)
Cache-Control: no-cache
Content-Type: application/json; charset=utf-8
host: localhost:1448
accept: */*

Response DefaultHttpResponse(decodeResult: success, version: HTTP/1.1)
HTTP/1.1 200 OK
Content-Length: 76
Content-Type: application/json; charset=utf-8

16:01:39.897 [AsyncHttpClient-1-2] DEBUG org.asynchttpclient.netty.channel.ChannelManager - Adding key: http://localhost:1448 for channel [id: 0x43daccbb, L:/127.0.0.1:53510 - R:localhost/127.0.0.1:1448]
16:01:39.900 [Forwarding findChildElement on session 3e4951c79d2ede6566ce6a8f9cc5332f to remote] DEBUG org.asynchttpclient.netty.request.NettyRequestSender - Using pooled Channel '[id: 0x43daccbb, L:/127.0.0.1:53510 - R:localhost/127.0.0.1:1448]' for 'POST' to 'http://localhost:1448/session/3e4951c79d2ede6566ce6a8f9cc5332f/element/0.02340666321763929-20/element'
16:01:39.900 [Forwarding findChildElement on session 3e4951c79d2ede6566ce6a8f9cc5332f to remote] DEBUG org.asynchttpclient.netty.request.NettyRequestSender - Using open Channel [id: 0x43daccbb, L:/127.0.0.1:53510 - R:localhost/127.0.0.1:1448] for POST '/session/3e4951c79d2ede6566ce6a8f9cc5332f/element/0.02340666321763929-20/element'
16:01:39.978 [AsyncHttpClient-1-2] DEBUG org.asynchttpclient.netty.handler.HttpHandler - 

Request DefaultHttpRequest(decodeResult: success, version: HTTP/1.1)
POST /session/3e4951c79d2ede6566ce6a8f9cc5332f/element/0.02340666321763929-20/element HTTP/1.1
User-Agent: selenium/4.0.0-alpha-7 (java windows)
Content-Length: 79
Content-Type: application/json; charset=utf-8
host: localhost:1448
accept: */*

Response DefaultHttpResponse(decodeResult: success, version: HTTP/1.1)
HTTP/1.1 200 OK
Content-Length: 104
Content-Type: application/json; charset=utf-8

16:01:39.978 [AsyncHttpClient-1-2] DEBUG org.asynchttpclient.netty.channel.ChannelManager - Adding key: http://localhost:1448 for channel [id: 0x43daccbb, L:/127.0.0.1:53510 - R:localhost/127.0.0.1:1448]
16:01:39.979 [Forwarding getElementAttribute on session 3e4951c79d2ede6566ce6a8f9cc5332f to remote] DEBUG org.asynchttpclient.netty.request.NettyRequestSender - Using pooled Channel '[id: 0x43daccbb, L:/127.0.0.1:53510 - R:localhost/127.0.0.1:1448]' for 'GET' to 'http://localhost:1448/session/3e4951c79d2ede6566ce6a8f9cc5332f/element/0.02340666321763929-86/attribute/value'
16:01:39.979 [Forwarding getElementAttribute on session 3e4951c79d2ede6566ce6a8f9cc5332f to remote] DEBUG org.asynchttpclient.netty.request.NettyRequestSender - Using open Channel [id: 0x43daccbb, L:/127.0.0.1:53510 - R:localhost/127.0.0.1:1448] for GET '/session/3e4951c79d2ede6566ce6a8f9cc5332f/element/0.02340666321763929-86/attribute/value'
16:01:39.997 [AsyncHttpClient-1-2] DEBUG org.asynchttpclient.netty.handler.HttpHandler - 

Request DefaultFullHttpRequest(decodeResult: success, version: HTTP/1.1, content: EmptyByteBufBE)
GET /session/3e4951c79d2ede6566ce6a8f9cc5332f/element/0.02340666321763929-86/attribute/value HTTP/1.1
User-Agent: selenium/4.0.0-alpha-7 (java windows)
Cache-Control: no-cache
Content-Type: application/json; charset=utf-8
host: localhost:1448
accept: */*

Response DefaultHttpResponse(decodeResult: success, version: HTTP/1.1)
HTTP/1.1 200 OK
Content-Length: 72
Content-Type: application/json; charset=utf-8

16:01:39.998 [AsyncHttpClient-1-2] DEBUG org.asynchttpclient.netty.channel.ChannelManager - Adding key: http://localhost:1448 for channel [id: 0x43daccbb, L:/127.0.0.1:53510 - R:localhost/127.0.0.1:1448]
16:01:39.999 [Forwarding getElementText on session 3e4951c79d2ede6566ce6a8f9cc5332f to remote] DEBUG org.asynchttpclient.netty.request.NettyRequestSender - Using pooled Channel '[id: 0x43daccbb, L:/127.0.0.1:53510 - R:localhost/127.0.0.1:1448]' for 'GET' to 'http://localhost:1448/session/3e4951c79d2ede6566ce6a8f9cc5332f/element/0.02340666321763929-21/text'
16:01:39.999 [Forwarding getElementText on session 3e4951c79d2ede6566ce6a8f9cc5332f to remote] DEBUG org.asynchttpclient.netty.request.NettyRequestSender - Using open Channel [id: 0x43daccbb, L:/127.0.0.1:53510 - R:localhost/127.0.0.1:1448] for GET '/session/3e4951c79d2ede6566ce6a8f9cc5332f/element/0.02340666321763929-21/text'
16:01:40.039 [AsyncHttpClient-1-2] DEBUG org.asynchttpclient.netty.handler.HttpHandler - 

Request DefaultFullHttpRequest(decodeResult: success, version: HTTP/1.1, content: EmptyByteBufBE)
GET /session/3e4951c79d2ede6566ce6a8f9cc5332f/element/0.02340666321763929-21/text HTTP/1.1
User-Agent: selenium/4.0.0-alpha-7 (java windows)
Cache-Control: no-cache
Content-Type: application/json; charset=utf-8
host: localhost:1448
accept: */*

Response DefaultHttpResponse(decodeResult: success, version: HTTP/1.1)
HTTP/1.1 200 OK
Content-Length: 75
Content-Type: application/json; charset=utf-8

16:01:40.040 [AsyncHttpClient-1-2] DEBUG org.asynchttpclient.netty.channel.ChannelManager - Adding key: http://localhost:1448 for channel [id: 0x43daccbb, L:/127.0.0.1:53510 - R:localhost/127.0.0.1:1448]
16:01:40.044 [Forwarding findChildElement on session 3e4951c79d2ede6566ce6a8f9cc5332f to remote] DEBUG org.asynchttpclient.netty.request.NettyRequestSender - Using pooled Channel '[id: 0x43daccbb, L:/127.0.0.1:53510 - R:localhost/127.0.0.1:1448]' for 'POST' to 'http://localhost:1448/session/3e4951c79d2ede6566ce6a8f9cc5332f/element/0.02340666321763929-21/element'
16:01:40.044 [Forwarding findChildElement on session 3e4951c79d2ede6566ce6a8f9cc5332f to remote] DEBUG org.asynchttpclient.netty.request.NettyRequestSender - Using open Channel [id: 0x43daccbb, L:/127.0.0.1:53510 - R:localhost/127.0.0.1:1448] for POST '/session/3e4951c79d2ede6566ce6a8f9cc5332f/element/0.02340666321763929-21/element'
16:01:40.064 [AsyncHttpClient-1-2] DEBUG org.asynchttpclient.netty.handler.HttpHandler - 

Request DefaultHttpRequest(decodeResult: success, version: HTTP/1.1)
POST /session/3e4951c79d2ede6566ce6a8f9cc5332f/element/0.02340666321763929-21/element HTTP/1.1
User-Agent: selenium/4.0.0-alpha-7 (java windows)
Content-Length: 79
Content-Type: application/json; charset=utf-8
host: localhost:1448
accept: */*

Response DefaultHttpResponse(decodeResult: success, version: HTTP/1.1)
HTTP/1.1 200 OK
Content-Length: 104
Content-Type: application/json; charset=utf-8

16:01:40.064 [AsyncHttpClient-1-2] DEBUG org.asynchttpclient.netty.channel.ChannelManager - Adding key: http://localhost:1448 for channel [id: 0x43daccbb, L:/127.0.0.1:53510 - R:localhost/127.0.0.1:1448]
16:01:40.066 [Forwarding getElementAttribute on session 3e4951c79d2ede6566ce6a8f9cc5332f to remote] DEBUG org.asynchttpclient.netty.request.NettyRequestSender - Using pooled Channel '[id: 0x43daccbb, L:/127.0.0.1:53510 - R:localhost/127.0.0.1:1448]' for 'GET' to 'http://localhost:1448/session/3e4951c79d2ede6566ce6a8f9cc5332f/element/0.02340666321763929-87/attribute/value'
16:01:40.066 [Forwarding getElementAttribute on session 3e4951c79d2ede6566ce6a8f9cc5332f to remote] DEBUG org.asynchttpclient.netty.request.NettyRequestSender - Using open Channel [id: 0x43daccbb, L:/127.0.0.1:53510 - R:localhost/127.0.0.1:1448] for GET '/session/3e4951c79d2ede6566ce6a8f9cc5332f/element/0.02340666321763929-87/attribute/value'
16:01:40.093 [AsyncHttpClient-1-2] DEBUG org.asynchttpclient.netty.handler.HttpHandler - 

Request DefaultFullHttpRequest(decodeResult: success, version: HTTP/1.1, content: EmptyByteBufBE)
GET /session/3e4951c79d2ede6566ce6a8f9cc5332f/element/0.02340666321763929-87/attribute/value HTTP/1.1
User-Agent: selenium/4.0.0-alpha-7 (java windows)
Cache-Control: no-cache
Content-Type: application/json; charset=utf-8
host: localhost:1448
accept: */*

Response DefaultHttpResponse(decodeResult: success, version: HTTP/1.1)
HTTP/1.1 200 OK
Content-Length: 72
Content-Type: application/json; charset=utf-8

16:01:40.094 [AsyncHttpClient-1-2] DEBUG org.asynchttpclient.netty.channel.ChannelManager - Adding key: http://localhost:1448 for channel [id: 0x43daccbb, L:/127.0.0.1:53510 - R:localhost/127.0.0.1:1448]
16:01:40.096 [Forwarding getElementText on session 3e4951c79d2ede6566ce6a8f9cc5332f to remote] DEBUG org.asynchttpclient.netty.request.NettyRequestSender - Using pooled Channel '[id: 0x43daccbb, L:/127.0.0.1:53510 - R:localhost/127.0.0.1:1448]' for 'GET' to 'http://localhost:1448/session/3e4951c79d2ede6566ce6a8f9cc5332f/element/0.02340666321763929-22/text'
16:01:40.096 [Forwarding getElementText on session 3e4951c79d2ede6566ce6a8f9cc5332f to remote] DEBUG org.asynchttpclient.netty.request.NettyRequestSender - Using open Channel [id: 0x43daccbb, L:/127.0.0.1:53510 - R:localhost/127.0.0.1:1448] for GET '/session/3e4951c79d2ede6566ce6a8f9cc5332f/element/0.02340666321763929-22/text'
16:01:40.114 [AsyncHttpClient-1-2] DEBUG org.asynchttpclient.netty.handler.HttpHandler - 

Request DefaultFullHttpRequest(decodeResult: success, version: HTTP/1.1, content: EmptyByteBufBE)
GET /session/3e4951c79d2ede6566ce6a8f9cc5332f/element/0.02340666321763929-22/text HTTP/1.1
User-Agent: selenium/4.0.0-alpha-7 (java windows)
Cache-Control: no-cache
Content-Type: application/json; charset=utf-8
host: localhost:1448
accept: */*

Response DefaultHttpResponse(decodeResult: success, version: HTTP/1.1)
HTTP/1.1 200 OK
Content-Length: 75
Content-Type: application/json; charset=utf-8

16:01:40.114 [AsyncHttpClient-1-2] DEBUG org.asynchttpclient.netty.channel.ChannelManager - Adding key: http://localhost:1448 for channel [id: 0x43daccbb, L:/127.0.0.1:53510 - R:localhost/127.0.0.1:1448]
16:01:40.116 [Forwarding findChildElement on session 3e4951c79d2ede6566ce6a8f9cc5332f to remote] DEBUG org.asynchttpclient.netty.request.NettyRequestSender - Using pooled Channel '[id: 0x43daccbb, L:/127.0.0.1:53510 - R:localhost/127.0.0.1:1448]' for 'POST' to 'http://localhost:1448/session/3e4951c79d2ede6566ce6a8f9cc5332f/element/0.02340666321763929-22/element'
16:01:40.116 [Forwarding findChildElement on session 3e4951c79d2ede6566ce6a8f9cc5332f to remote] DEBUG org.asynchttpclient.netty.request.NettyRequestSender - Using open Channel [id: 0x43daccbb, L:/127.0.0.1:53510 - R:localhost/127.0.0.1:1448] for POST '/session/3e4951c79d2ede6566ce6a8f9cc5332f/element/0.02340666321763929-22/element'
16:01:40.144 [AsyncHttpClient-1-2] DEBUG org.asynchttpclient.netty.handler.HttpHandler - 

Request DefaultHttpRequest(decodeResult: success, version: HTTP/1.1)
POST /session/3e4951c79d2ede6566ce6a8f9cc5332f/element/0.02340666321763929-22/element HTTP/1.1
User-Agent: selenium/4.0.0-alpha-7 (java windows)
Content-Length: 79
Content-Type: application/json; charset=utf-8
host: localhost:1448
accept: */*

Response DefaultHttpResponse(decodeResult: success, version: HTTP/1.1)
HTTP/1.1 200 OK
Content-Length: 104
Content-Type: application/json; charset=utf-8

16:01:40.144 [AsyncHttpClient-1-2] DEBUG org.asynchttpclient.netty.channel.ChannelManager - Adding key: http://localhost:1448 for channel [id: 0x43daccbb, L:/127.0.0.1:53510 - R:localhost/127.0.0.1:1448]
16:01:40.146 [Forwarding getElementAttribute on session 3e4951c79d2ede6566ce6a8f9cc5332f to remote] DEBUG org.asynchttpclient.netty.request.NettyRequestSender - Using pooled Channel '[id: 0x43daccbb, L:/127.0.0.1:53510 - R:localhost/127.0.0.1:1448]' for 'GET' to 'http://localhost:1448/session/3e4951c79d2ede6566ce6a8f9cc5332f/element/0.02340666321763929-88/attribute/value'
16:01:40.146 [Forwarding getElementAttribute on session 3e4951c79d2ede6566ce6a8f9cc5332f to remote] DEBUG org.asynchttpclient.netty.request.NettyRequestSender - Using open Channel [id: 0x43daccbb, L:/127.0.0.1:53510 - R:localhost/127.0.0.1:1448] for GET '/session/3e4951c79d2ede6566ce6a8f9cc5332f/element/0.02340666321763929-88/attribute/value'
16:01:40.149 [AsyncHttpClient-1-1] DEBUG org.asynchttpclient.netty.channel.DefaultChannelPool - Entry count for : http://localhost:53512 : 1
16:01:40.165 [AsyncHttpClient-1-2] DEBUG org.asynchttpclient.netty.handler.HttpHandler - 

Request DefaultFullHttpRequest(decodeResult: success, version: HTTP/1.1, content: EmptyByteBufBE)
GET /session/3e4951c79d2ede6566ce6a8f9cc5332f/element/0.02340666321763929-88/attribute/value HTTP/1.1
User-Agent: selenium/4.0.0-alpha-7 (java windows)
Cache-Control: no-cache
Content-Type: application/json; charset=utf-8
host: localhost:1448
accept: */*

Response DefaultHttpResponse(decodeResult: success, version: HTTP/1.1)
HTTP/1.1 200 OK
Content-Length: 72
Content-Type: application/json; charset=utf-8

16:01:40.166 [AsyncHttpClient-1-2] DEBUG org.asynchttpclient.netty.channel.ChannelManager - Adding key: http://localhost:1448 for channel [id: 0x43daccbb, L:/127.0.0.1:53510 - R:localhost/127.0.0.1:1448]
16:01:40.169 [Forwarding getElementText on session 3e4951c79d2ede6566ce6a8f9cc5332f to remote] DEBUG org.asynchttpclient.netty.request.NettyRequestSender - Using pooled Channel '[id: 0x43daccbb, L:/127.0.0.1:53510 - R:localhost/127.0.0.1:1448]' for 'GET' to 'http://localhost:1448/session/3e4951c79d2ede6566ce6a8f9cc5332f/element/0.02340666321763929-23/text'
16:01:40.169 [Forwarding getElementText on session 3e4951c79d2ede6566ce6a8f9cc5332f to remote] DEBUG org.asynchttpclient.netty.request.NettyRequestSender - Using open Channel [id: 0x43daccbb, L:/127.0.0.1:53510 - R:localhost/127.0.0.1:1448] for GET '/session/3e4951c79d2ede6566ce6a8f9cc5332f/element/0.02340666321763929-23/text'
16:01:40.195 [AsyncHttpClient-1-2] DEBUG org.asynchttpclient.netty.handler.HttpHandler - 

Request DefaultFullHttpRequest(decodeResult: success, version: HTTP/1.1, content: EmptyByteBufBE)
GET /session/3e4951c79d2ede6566ce6a8f9cc5332f/element/0.02340666321763929-23/text HTTP/1.1
User-Agent: selenium/4.0.0-alpha-7 (java windows)
Cache-Control: no-cache
Content-Type: application/json; charset=utf-8
host: localhost:1448
accept: */*

Response DefaultHttpResponse(decodeResult: success, version: HTTP/1.1)
HTTP/1.1 200 OK
Content-Length: 75
Content-Type: application/json; charset=utf-8

16:01:40.196 [AsyncHttpClient-1-2] DEBUG org.asynchttpclient.netty.channel.ChannelManager - Adding key: http://localhost:1448 for channel [id: 0x43daccbb, L:/127.0.0.1:53510 - R:localhost/127.0.0.1:1448]
16:01:40.198 [Forwarding findChildElement on session 3e4951c79d2ede6566ce6a8f9cc5332f to remote] DEBUG org.asynchttpclient.netty.request.NettyRequestSender - Using pooled Channel '[id: 0x43daccbb, L:/127.0.0.1:53510 - R:localhost/127.0.0.1:1448]' for 'POST' to 'http://localhost:1448/session/3e4951c79d2ede6566ce6a8f9cc5332f/element/0.02340666321763929-23/element'
16:01:40.198 [Forwarding findChildElement on session 3e4951c79d2ede6566ce6a8f9cc5332f to remote] DEBUG org.asynchttpclient.netty.request.NettyRequestSender - Using open Channel [id: 0x43daccbb, L:/127.0.0.1:53510 - R:localhost/127.0.0.1:1448] for POST '/session/3e4951c79d2ede6566ce6a8f9cc5332f/element/0.02340666321763929-23/element'
16:01:40.215 [AsyncHttpClient-1-2] DEBUG org.asynchttpclient.netty.handler.HttpHandler - 

Request DefaultHttpRequest(decodeResult: success, version: HTTP/1.1)
POST /session/3e4951c79d2ede6566ce6a8f9cc5332f/element/0.02340666321763929-23/element HTTP/1.1
User-Agent: selenium/4.0.0-alpha-7 (java windows)
Content-Length: 79
Content-Type: application/json; charset=utf-8
host: localhost:1448
accept: */*

Response DefaultHttpResponse(decodeResult: success, version: HTTP/1.1)
HTTP/1.1 200 OK
Content-Length: 104
Content-Type: application/json; charset=utf-8

16:01:40.215 [AsyncHttpClient-1-2] DEBUG org.asynchttpclient.netty.channel.ChannelManager - Adding key: http://localhost:1448 for channel [id: 0x43daccbb, L:/127.0.0.1:53510 - R:localhost/127.0.0.1:1448]
16:01:40.216 [Forwarding getElementAttribute on session 3e4951c79d2ede6566ce6a8f9cc5332f to remote] DEBUG org.asynchttpclient.netty.request.NettyRequestSender - Using pooled Channel '[id: 0x43daccbb, L:/127.0.0.1:53510 - R:localhost/127.0.0.1:1448]' for 'GET' to 'http://localhost:1448/session/3e4951c79d2ede6566ce6a8f9cc5332f/element/0.02340666321763929-89/attribute/value'
16:01:40.216 [Forwarding getElementAttribute on session 3e4951c79d2ede6566ce6a8f9cc5332f to remote] DEBUG org.asynchttpclient.netty.request.NettyRequestSender - Using open Channel [id: 0x43daccbb, L:/127.0.0.1:53510 - R:localhost/127.0.0.1:1448] for GET '/session/3e4951c79d2ede6566ce6a8f9cc5332f/element/0.02340666321763929-89/attribute/value'
16:01:40.292 [AsyncHttpClient-1-2] DEBUG org.asynchttpclient.netty.handler.HttpHandler - 

Request DefaultFullHttpRequest(decodeResult: success, version: HTTP/1.1, content: EmptyByteBufBE)
GET /session/3e4951c79d2ede6566ce6a8f9cc5332f/element/0.02340666321763929-89/attribute/value HTTP/1.1
User-Agent: selenium/4.0.0-alpha-7 (java windows)
Cache-Control: no-cache
Content-Type: application/json; charset=utf-8
host: localhost:1448
accept: */*

Response DefaultHttpResponse(decodeResult: success, version: HTTP/1.1)
HTTP/1.1 200 OK
Content-Length: 72
Content-Type: application/json; charset=utf-8

16:01:40.293 [AsyncHttpClient-1-2] DEBUG org.asynchttpclient.netty.channel.ChannelManager - Adding key: http://localhost:1448 for channel [id: 0x43daccbb, L:/127.0.0.1:53510 - R:localhost/127.0.0.1:1448]
16:01:40.298 [Forwarding getElementText on session 3e4951c79d2ede6566ce6a8f9cc5332f to remote] DEBUG org.asynchttpclient.netty.request.NettyRequestSender - Using pooled Channel '[id: 0x43daccbb, L:/127.0.0.1:53510 - R:localhost/127.0.0.1:1448]' for 'GET' to 'http://localhost:1448/session/3e4951c79d2ede6566ce6a8f9cc5332f/element/0.02340666321763929-24/text'
16:01:40.299 [Forwarding getElementText on session 3e4951c79d2ede6566ce6a8f9cc5332f to remote] DEBUG org.asynchttpclient.netty.request.NettyRequestSender - Using open Channel [id: 0x43daccbb, L:/127.0.0.1:53510 - R:localhost/127.0.0.1:1448] for GET '/session/3e4951c79d2ede6566ce6a8f9cc5332f/element/0.02340666321763929-24/text'
16:01:40.322 [AsyncHttpClient-1-2] DEBUG org.asynchttpclient.netty.handler.HttpHandler - 

Request DefaultFullHttpRequest(decodeResult: success, version: HTTP/1.1, content: EmptyByteBufBE)
GET /session/3e4951c79d2ede6566ce6a8f9cc5332f/element/0.02340666321763929-24/text HTTP/1.1
User-Agent: selenium/4.0.0-alpha-7 (java windows)
Cache-Control: no-cache
Content-Type: application/json; charset=utf-8
host: localhost:1448
accept: */*

Response DefaultHttpResponse(decodeResult: success, version: HTTP/1.1)
HTTP/1.1 200 OK
Content-Length: 75
Content-Type: application/json; charset=utf-8

16:01:40.326 [AsyncHttpClient-1-2] DEBUG org.asynchttpclient.netty.channel.ChannelManager - Adding key: http://localhost:1448 for channel [id: 0x43daccbb, L:/127.0.0.1:53510 - R:localhost/127.0.0.1:1448]
16:01:40.329 [Forwarding findChildElement on session 3e4951c79d2ede6566ce6a8f9cc5332f to remote] DEBUG org.asynchttpclient.netty.request.NettyRequestSender - Using pooled Channel '[id: 0x43daccbb, L:/127.0.0.1:53510 - R:localhost/127.0.0.1:1448]' for 'POST' to 'http://localhost:1448/session/3e4951c79d2ede6566ce6a8f9cc5332f/element/0.02340666321763929-24/element'
16:01:40.329 [Forwarding findChildElement on session 3e4951c79d2ede6566ce6a8f9cc5332f to remote] DEBUG org.asynchttpclient.netty.request.NettyRequestSender - Using open Channel [id: 0x43daccbb, L:/127.0.0.1:53510 - R:localhost/127.0.0.1:1448] for POST '/session/3e4951c79d2ede6566ce6a8f9cc5332f/element/0.02340666321763929-24/element'
16:01:40.361 [AsyncHttpClient-1-2] DEBUG org.asynchttpclient.netty.handler.HttpHandler - 

Request DefaultHttpRequest(decodeResult: success, version: HTTP/1.1)
POST /session/3e4951c79d2ede6566ce6a8f9cc5332f/element/0.02340666321763929-24/element HTTP/1.1
User-Agent: selenium/4.0.0-alpha-7 (java windows)
Content-Length: 79
Content-Type: application/json; charset=utf-8
host: localhost:1448
accept: */*

Response DefaultHttpResponse(decodeResult: success, version: HTTP/1.1)
HTTP/1.1 200 OK
Content-Length: 104
Content-Type: application/json; charset=utf-8

16:01:40.361 [AsyncHttpClient-1-2] DEBUG org.asynchttpclient.netty.channel.ChannelManager - Adding key: http://localhost:1448 for channel [id: 0x43daccbb, L:/127.0.0.1:53510 - R:localhost/127.0.0.1:1448]
16:01:40.363 [Forwarding getElementAttribute on session 3e4951c79d2ede6566ce6a8f9cc5332f to remote] DEBUG org.asynchttpclient.netty.request.NettyRequestSender - Using pooled Channel '[id: 0x43daccbb, L:/127.0.0.1:53510 - R:localhost/127.0.0.1:1448]' for 'GET' to 'http://localhost:1448/session/3e4951c79d2ede6566ce6a8f9cc5332f/element/0.02340666321763929-90/attribute/value'
16:01:40.363 [Forwarding getElementAttribute on session 3e4951c79d2ede6566ce6a8f9cc5332f to remote] DEBUG org.asynchttpclient.netty.request.NettyRequestSender - Using open Channel [id: 0x43daccbb, L:/127.0.0.1:53510 - R:localhost/127.0.0.1:1448] for GET '/session/3e4951c79d2ede6566ce6a8f9cc5332f/element/0.02340666321763929-90/attribute/value'
16:01:40.372 [AsyncHttpClient-1-2] DEBUG org.asynchttpclient.netty.handler.HttpHandler - 

Request DefaultFullHttpRequest(decodeResult: success, version: HTTP/1.1, content: EmptyByteBufBE)
GET /session/3e4951c79d2ede6566ce6a8f9cc5332f/element/0.02340666321763929-90/attribute/value HTTP/1.1
User-Agent: selenium/4.0.0-alpha-7 (java windows)
Cache-Control: no-cache
Content-Type: application/json; charset=utf-8
host: localhost:1448
accept: */*

Response DefaultHttpResponse(decodeResult: success, version: HTTP/1.1)
HTTP/1.1 200 OK
Content-Length: 72
Content-Type: application/json; charset=utf-8

16:01:40.373 [AsyncHttpClient-1-2] DEBUG org.asynchttpclient.netty.channel.ChannelManager - Adding key: http://localhost:1448 for channel [id: 0x43daccbb, L:/127.0.0.1:53510 - R:localhost/127.0.0.1:1448]
16:01:40.373 [Forwarding getElementText on session 3e4951c79d2ede6566ce6a8f9cc5332f to remote] DEBUG org.asynchttpclient.netty.request.NettyRequestSender - Using pooled Channel '[id: 0x43daccbb, L:/127.0.0.1:53510 - R:localhost/127.0.0.1:1448]' for 'GET' to 'http://localhost:1448/session/3e4951c79d2ede6566ce6a8f9cc5332f/element/0.02340666321763929-25/text'
16:01:40.373 [Forwarding getElementText on session 3e4951c79d2ede6566ce6a8f9cc5332f to remote] DEBUG org.asynchttpclient.netty.request.NettyRequestSender - Using open Channel [id: 0x43daccbb, L:/127.0.0.1:53510 - R:localhost/127.0.0.1:1448] for GET '/session/3e4951c79d2ede6566ce6a8f9cc5332f/element/0.02340666321763929-25/text'
16:01:40.387 [AsyncHttpClient-1-2] DEBUG org.asynchttpclient.netty.handler.HttpHandler - 

Request DefaultFullHttpRequest(decodeResult: success, version: HTTP/1.1, content: EmptyByteBufBE)
GET /session/3e4951c79d2ede6566ce6a8f9cc5332f/element/0.02340666321763929-25/text HTTP/1.1
User-Agent: selenium/4.0.0-alpha-7 (java windows)
Cache-Control: no-cache
Content-Type: application/json; charset=utf-8
host: localhost:1448
accept: */*

Response DefaultHttpResponse(decodeResult: success, version: HTTP/1.1)
HTTP/1.1 200 OK
Content-Length: 75
Content-Type: application/json; charset=utf-8

16:01:40.387 [AsyncHttpClient-1-2] DEBUG org.asynchttpclient.netty.channel.ChannelManager - Adding key: http://localhost:1448 for channel [id: 0x43daccbb, L:/127.0.0.1:53510 - R:localhost/127.0.0.1:1448]
16:01:40.388 [Forwarding findChildElement on session 3e4951c79d2ede6566ce6a8f9cc5332f to remote] DEBUG org.asynchttpclient.netty.request.NettyRequestSender - Using pooled Channel '[id: 0x43daccbb, L:/127.0.0.1:53510 - R:localhost/127.0.0.1:1448]' for 'POST' to 'http://localhost:1448/session/3e4951c79d2ede6566ce6a8f9cc5332f/element/0.02340666321763929-25/element'
16:01:40.388 [Forwarding findChildElement on session 3e4951c79d2ede6566ce6a8f9cc5332f to remote] DEBUG org.asynchttpclient.netty.request.NettyRequestSender - Using open Channel [id: 0x43daccbb, L:/127.0.0.1:53510 - R:localhost/127.0.0.1:1448] for POST '/session/3e4951c79d2ede6566ce6a8f9cc5332f/element/0.02340666321763929-25/element'
16:01:40.398 [AsyncHttpClient-1-2] DEBUG org.asynchttpclient.netty.handler.HttpHandler - 

Request DefaultHttpRequest(decodeResult: success, version: HTTP/1.1)
POST /session/3e4951c79d2ede6566ce6a8f9cc5332f/element/0.02340666321763929-25/element HTTP/1.1
User-Agent: selenium/4.0.0-alpha-7 (java windows)
Content-Length: 79
Content-Type: application/json; charset=utf-8
host: localhost:1448
accept: */*

Response DefaultHttpResponse(decodeResult: success, version: HTTP/1.1)
HTTP/1.1 200 OK
Content-Length: 104
Content-Type: application/json; charset=utf-8

16:01:40.398 [AsyncHttpClient-1-2] DEBUG org.asynchttpclient.netty.channel.ChannelManager - Adding key: http://localhost:1448 for channel [id: 0x43daccbb, L:/127.0.0.1:53510 - R:localhost/127.0.0.1:1448]
16:01:40.400 [Forwarding getElementAttribute on session 3e4951c79d2ede6566ce6a8f9cc5332f to remote] DEBUG org.asynchttpclient.netty.request.NettyRequestSender - Using pooled Channel '[id: 0x43daccbb, L:/127.0.0.1:53510 - R:localhost/127.0.0.1:1448]' for 'GET' to 'http://localhost:1448/session/3e4951c79d2ede6566ce6a8f9cc5332f/element/0.02340666321763929-91/attribute/value'
16:01:40.400 [Forwarding getElementAttribute on session 3e4951c79d2ede6566ce6a8f9cc5332f to remote] DEBUG org.asynchttpclient.netty.request.NettyRequestSender - Using open Channel [id: 0x43daccbb, L:/127.0.0.1:53510 - R:localhost/127.0.0.1:1448] for GET '/session/3e4951c79d2ede6566ce6a8f9cc5332f/element/0.02340666321763929-91/attribute/value'
16:01:40.408 [AsyncHttpClient-1-2] DEBUG org.asynchttpclient.netty.handler.HttpHandler - 

Request DefaultFullHttpRequest(decodeResult: success, version: HTTP/1.1, content: EmptyByteBufBE)
GET /session/3e4951c79d2ede6566ce6a8f9cc5332f/element/0.02340666321763929-91/attribute/value HTTP/1.1
User-Agent: selenium/4.0.0-alpha-7 (java windows)
Cache-Control: no-cache
Content-Type: application/json; charset=utf-8
host: localhost:1448
accept: */*

Response DefaultHttpResponse(decodeResult: success, version: HTTP/1.1)
HTTP/1.1 200 OK
Content-Length: 72
Content-Type: application/json; charset=utf-8

16:01:40.408 [AsyncHttpClient-1-2] DEBUG org.asynchttpclient.netty.channel.ChannelManager - Adding key: http://localhost:1448 for channel [id: 0x43daccbb, L:/127.0.0.1:53510 - R:localhost/127.0.0.1:1448]
16:01:40.409 [Forwarding getElementText on session 3e4951c79d2ede6566ce6a8f9cc5332f to remote] DEBUG org.asynchttpclient.netty.request.NettyRequestSender - Using pooled Channel '[id: 0x43daccbb, L:/127.0.0.1:53510 - R:localhost/127.0.0.1:1448]' for 'GET' to 'http://localhost:1448/session/3e4951c79d2ede6566ce6a8f9cc5332f/element/0.02340666321763929-26/text'
16:01:40.409 [Forwarding getElementText on session 3e4951c79d2ede6566ce6a8f9cc5332f to remote] DEBUG org.asynchttpclient.netty.request.NettyRequestSender - Using open Channel [id: 0x43daccbb, L:/127.0.0.1:53510 - R:localhost/127.0.0.1:1448] for GET '/session/3e4951c79d2ede6566ce6a8f9cc5332f/element/0.02340666321763929-26/text'
16:01:40.419 [AsyncHttpClient-1-2] DEBUG org.asynchttpclient.netty.handler.HttpHandler - 

Request DefaultFullHttpRequest(decodeResult: success, version: HTTP/1.1, content: EmptyByteBufBE)
GET /session/3e4951c79d2ede6566ce6a8f9cc5332f/element/0.02340666321763929-26/text HTTP/1.1
User-Agent: selenium/4.0.0-alpha-7 (java windows)
Cache-Control: no-cache
Content-Type: application/json; charset=utf-8
host: localhost:1448
accept: */*

Response DefaultHttpResponse(decodeResult: success, version: HTTP/1.1)
HTTP/1.1 200 OK
Content-Length: 75
Content-Type: application/json; charset=utf-8

16:01:40.419 [AsyncHttpClient-1-2] DEBUG org.asynchttpclient.netty.channel.ChannelManager - Adding key: http://localhost:1448 for channel [id: 0x43daccbb, L:/127.0.0.1:53510 - R:localhost/127.0.0.1:1448]
16:01:40.421 [Forwarding findChildElement on session 3e4951c79d2ede6566ce6a8f9cc5332f to remote] DEBUG org.asynchttpclient.netty.request.NettyRequestSender - Using pooled Channel '[id: 0x43daccbb, L:/127.0.0.1:53510 - R:localhost/127.0.0.1:1448]' for 'POST' to 'http://localhost:1448/session/3e4951c79d2ede6566ce6a8f9cc5332f/element/0.02340666321763929-26/element'
16:01:40.421 [Forwarding findChildElement on session 3e4951c79d2ede6566ce6a8f9cc5332f to remote] DEBUG org.asynchttpclient.netty.request.NettyRequestSender - Using open Channel [id: 0x43daccbb, L:/127.0.0.1:53510 - R:localhost/127.0.0.1:1448] for POST '/session/3e4951c79d2ede6566ce6a8f9cc5332f/element/0.02340666321763929-26/element'
16:01:40.429 [AsyncHttpClient-1-2] DEBUG org.asynchttpclient.netty.handler.HttpHandler - 

Request DefaultHttpRequest(decodeResult: success, version: HTTP/1.1)
POST /session/3e4951c79d2ede6566ce6a8f9cc5332f/element/0.02340666321763929-26/element HTTP/1.1
User-Agent: selenium/4.0.0-alpha-7 (java windows)
Content-Length: 79
Content-Type: application/json; charset=utf-8
host: localhost:1448
accept: */*

Response DefaultHttpResponse(decodeResult: success, version: HTTP/1.1)
HTTP/1.1 200 OK
Content-Length: 104
Content-Type: application/json; charset=utf-8

16:01:40.430 [AsyncHttpClient-1-2] DEBUG org.asynchttpclient.netty.channel.ChannelManager - Adding key: http://localhost:1448 for channel [id: 0x43daccbb, L:/127.0.0.1:53510 - R:localhost/127.0.0.1:1448]
16:01:40.431 [Forwarding getElementAttribute on session 3e4951c79d2ede6566ce6a8f9cc5332f to remote] DEBUG org.asynchttpclient.netty.request.NettyRequestSender - Using pooled Channel '[id: 0x43daccbb, L:/127.0.0.1:53510 - R:localhost/127.0.0.1:1448]' for 'GET' to 'http://localhost:1448/session/3e4951c79d2ede6566ce6a8f9cc5332f/element/0.02340666321763929-92/attribute/value'
16:01:40.431 [Forwarding getElementAttribute on session 3e4951c79d2ede6566ce6a8f9cc5332f to remote] DEBUG org.asynchttpclient.netty.request.NettyRequestSender - Using open Channel [id: 0x43daccbb, L:/127.0.0.1:53510 - R:localhost/127.0.0.1:1448] for GET '/session/3e4951c79d2ede6566ce6a8f9cc5332f/element/0.02340666321763929-92/attribute/value'
16:01:40.439 [AsyncHttpClient-1-2] DEBUG org.asynchttpclient.netty.handler.HttpHandler - 

Request DefaultFullHttpRequest(decodeResult: success, version: HTTP/1.1, content: EmptyByteBufBE)
GET /session/3e4951c79d2ede6566ce6a8f9cc5332f/element/0.02340666321763929-92/attribute/value HTTP/1.1
User-Agent: selenium/4.0.0-alpha-7 (java windows)
Cache-Control: no-cache
Content-Type: application/json; charset=utf-8
host: localhost:1448
accept: */*

Response DefaultHttpResponse(decodeResult: success, version: HTTP/1.1)
HTTP/1.1 200 OK
Content-Length: 72
Content-Type: application/json; charset=utf-8

16:01:40.439 [AsyncHttpClient-1-2] DEBUG org.asynchttpclient.netty.channel.ChannelManager - Adding key: http://localhost:1448 for channel [id: 0x43daccbb, L:/127.0.0.1:53510 - R:localhost/127.0.0.1:1448]
16:01:40.440 [Forwarding getElementText on session 3e4951c79d2ede6566ce6a8f9cc5332f to remote] DEBUG org.asynchttpclient.netty.request.NettyRequestSender - Using pooled Channel '[id: 0x43daccbb, L:/127.0.0.1:53510 - R:localhost/127.0.0.1:1448]' for 'GET' to 'http://localhost:1448/session/3e4951c79d2ede6566ce6a8f9cc5332f/element/0.02340666321763929-27/text'
16:01:40.440 [Forwarding getElementText on session 3e4951c79d2ede6566ce6a8f9cc5332f to remote] DEBUG org.asynchttpclient.netty.request.NettyRequestSender - Using open Channel [id: 0x43daccbb, L:/127.0.0.1:53510 - R:localhost/127.0.0.1:1448] for GET '/session/3e4951c79d2ede6566ce6a8f9cc5332f/element/0.02340666321763929-27/text'
16:01:40.451 [AsyncHttpClient-1-2] DEBUG org.asynchttpclient.netty.handler.HttpHandler - 

Request DefaultFullHttpRequest(decodeResult: success, version: HTTP/1.1, content: EmptyByteBufBE)
GET /session/3e4951c79d2ede6566ce6a8f9cc5332f/element/0.02340666321763929-27/text HTTP/1.1
User-Agent: selenium/4.0.0-alpha-7 (java windows)
Cache-Control: no-cache
Content-Type: application/json; charset=utf-8
host: localhost:1448
accept: */*

Response DefaultHttpResponse(decodeResult: success, version: HTTP/1.1)
HTTP/1.1 200 OK
Content-Length: 75
Content-Type: application/json; charset=utf-8

16:01:40.451 [AsyncHttpClient-1-2] DEBUG org.asynchttpclient.netty.channel.ChannelManager - Adding key: http://localhost:1448 for channel [id: 0x43daccbb, L:/127.0.0.1:53510 - R:localhost/127.0.0.1:1448]
16:01:40.452 [Forwarding findChildElement on session 3e4951c79d2ede6566ce6a8f9cc5332f to remote] DEBUG org.asynchttpclient.netty.request.NettyRequestSender - Using pooled Channel '[id: 0x43daccbb, L:/127.0.0.1:53510 - R:localhost/127.0.0.1:1448]' for 'POST' to 'http://localhost:1448/session/3e4951c79d2ede6566ce6a8f9cc5332f/element/0.02340666321763929-27/element'
16:01:40.452 [Forwarding findChildElement on session 3e4951c79d2ede6566ce6a8f9cc5332f to remote] DEBUG org.asynchttpclient.netty.request.NettyRequestSender - Using open Channel [id: 0x43daccbb, L:/127.0.0.1:53510 - R:localhost/127.0.0.1:1448] for POST '/session/3e4951c79d2ede6566ce6a8f9cc5332f/element/0.02340666321763929-27/element'
16:01:40.461 [AsyncHttpClient-1-2] DEBUG org.asynchttpclient.netty.handler.HttpHandler - 

Request DefaultHttpRequest(decodeResult: success, version: HTTP/1.1)
POST /session/3e4951c79d2ede6566ce6a8f9cc5332f/element/0.02340666321763929-27/element HTTP/1.1
User-Agent: selenium/4.0.0-alpha-7 (java windows)
Content-Length: 79
Content-Type: application/json; charset=utf-8
host: localhost:1448
accept: */*

Response DefaultHttpResponse(decodeResult: success, version: HTTP/1.1)
HTTP/1.1 200 OK
Content-Length: 104
Content-Type: application/json; charset=utf-8

16:01:40.461 [AsyncHttpClient-1-2] DEBUG org.asynchttpclient.netty.channel.ChannelManager - Adding key: http://localhost:1448 for channel [id: 0x43daccbb, L:/127.0.0.1:53510 - R:localhost/127.0.0.1:1448]
16:01:40.462 [Forwarding getElementAttribute on session 3e4951c79d2ede6566ce6a8f9cc5332f to remote] DEBUG org.asynchttpclient.netty.request.NettyRequestSender - Using pooled Channel '[id: 0x43daccbb, L:/127.0.0.1:53510 - R:localhost/127.0.0.1:1448]' for 'GET' to 'http://localhost:1448/session/3e4951c79d2ede6566ce6a8f9cc5332f/element/0.02340666321763929-93/attribute/value'
16:01:40.462 [Forwarding getElementAttribute on session 3e4951c79d2ede6566ce6a8f9cc5332f to remote] DEBUG org.asynchttpclient.netty.request.NettyRequestSender - Using open Channel [id: 0x43daccbb, L:/127.0.0.1:53510 - R:localhost/127.0.0.1:1448] for GET '/session/3e4951c79d2ede6566ce6a8f9cc5332f/element/0.02340666321763929-93/attribute/value'
16:01:40.519 [AsyncHttpClient-1-2] DEBUG org.asynchttpclient.netty.handler.HttpHandler - 

Request DefaultFullHttpRequest(decodeResult: success, version: HTTP/1.1, content: EmptyByteBufBE)
GET /session/3e4951c79d2ede6566ce6a8f9cc5332f/element/0.02340666321763929-93/attribute/value HTTP/1.1
User-Agent: selenium/4.0.0-alpha-7 (java windows)
Cache-Control: no-cache
Content-Type: application/json; charset=utf-8
host: localhost:1448
accept: */*

Response DefaultHttpResponse(decodeResult: success, version: HTTP/1.1)
HTTP/1.1 200 OK
Content-Length: 72
Content-Type: application/json; charset=utf-8

16:01:40.519 [AsyncHttpClient-1-2] DEBUG org.asynchttpclient.netty.channel.ChannelManager - Adding key: http://localhost:1448 for channel [id: 0x43daccbb, L:/127.0.0.1:53510 - R:localhost/127.0.0.1:1448]
16:01:40.520 [Forwarding getElementText on session 3e4951c79d2ede6566ce6a8f9cc5332f to remote] DEBUG org.asynchttpclient.netty.request.NettyRequestSender - Using pooled Channel '[id: 0x43daccbb, L:/127.0.0.1:53510 - R:localhost/127.0.0.1:1448]' for 'GET' to 'http://localhost:1448/session/3e4951c79d2ede6566ce6a8f9cc5332f/element/0.02340666321763929-28/text'
16:01:40.520 [Forwarding getElementText on session 3e4951c79d2ede6566ce6a8f9cc5332f to remote] DEBUG org.asynchttpclient.netty.request.NettyRequestSender - Using open Channel [id: 0x43daccbb, L:/127.0.0.1:53510 - R:localhost/127.0.0.1:1448] for GET '/session/3e4951c79d2ede6566ce6a8f9cc5332f/element/0.02340666321763929-28/text'
16:01:40.545 [AsyncHttpClient-1-2] DEBUG org.asynchttpclient.netty.handler.HttpHandler - 

Request DefaultFullHttpRequest(decodeResult: success, version: HTTP/1.1, content: EmptyByteBufBE)
GET /session/3e4951c79d2ede6566ce6a8f9cc5332f/element/0.02340666321763929-28/text HTTP/1.1
User-Agent: selenium/4.0.0-alpha-7 (java windows)
Cache-Control: no-cache
Content-Type: application/json; charset=utf-8
host: localhost:1448
accept: */*

Response DefaultHttpResponse(decodeResult: success, version: HTTP/1.1)
HTTP/1.1 200 OK
Content-Length: 75
Content-Type: application/json; charset=utf-8

16:01:40.546 [AsyncHttpClient-1-2] DEBUG org.asynchttpclient.netty.channel.ChannelManager - Adding key: http://localhost:1448 for channel [id: 0x43daccbb, L:/127.0.0.1:53510 - R:localhost/127.0.0.1:1448]
16:01:40.547 [Forwarding findChildElement on session 3e4951c79d2ede6566ce6a8f9cc5332f to remote] DEBUG org.asynchttpclient.netty.request.NettyRequestSender - Using pooled Channel '[id: 0x43daccbb, L:/127.0.0.1:53510 - R:localhost/127.0.0.1:1448]' for 'POST' to 'http://localhost:1448/session/3e4951c79d2ede6566ce6a8f9cc5332f/element/0.02340666321763929-28/element'
16:01:40.547 [Forwarding findChildElement on session 3e4951c79d2ede6566ce6a8f9cc5332f to remote] DEBUG org.asynchttpclient.netty.request.NettyRequestSender - Using open Channel [id: 0x43daccbb, L:/127.0.0.1:53510 - R:localhost/127.0.0.1:1448] for POST '/session/3e4951c79d2ede6566ce6a8f9cc5332f/element/0.02340666321763929-28/element'
16:01:40.566 [AsyncHttpClient-1-2] DEBUG org.asynchttpclient.netty.handler.HttpHandler - 

Request DefaultHttpRequest(decodeResult: success, version: HTTP/1.1)
POST /session/3e4951c79d2ede6566ce6a8f9cc5332f/element/0.02340666321763929-28/element HTTP/1.1
User-Agent: selenium/4.0.0-alpha-7 (java windows)
Content-Length: 79
Content-Type: application/json; charset=utf-8
host: localhost:1448
accept: */*

Response DefaultHttpResponse(decodeResult: success, version: HTTP/1.1)
HTTP/1.1 200 OK
Content-Length: 104
Content-Type: application/json; charset=utf-8

16:01:40.567 [AsyncHttpClient-1-2] DEBUG org.asynchttpclient.netty.channel.ChannelManager - Adding key: http://localhost:1448 for channel [id: 0x43daccbb, L:/127.0.0.1:53510 - R:localhost/127.0.0.1:1448]
16:01:40.568 [Forwarding getElementAttribute on session 3e4951c79d2ede6566ce6a8f9cc5332f to remote] DEBUG org.asynchttpclient.netty.request.NettyRequestSender - Using pooled Channel '[id: 0x43daccbb, L:/127.0.0.1:53510 - R:localhost/127.0.0.1:1448]' for 'GET' to 'http://localhost:1448/session/3e4951c79d2ede6566ce6a8f9cc5332f/element/0.02340666321763929-94/attribute/value'
16:01:40.569 [Forwarding getElementAttribute on session 3e4951c79d2ede6566ce6a8f9cc5332f to remote] DEBUG org.asynchttpclient.netty.request.NettyRequestSender - Using open Channel [id: 0x43daccbb, L:/127.0.0.1:53510 - R:localhost/127.0.0.1:1448] for GET '/session/3e4951c79d2ede6566ce6a8f9cc5332f/element/0.02340666321763929-94/attribute/value'
16:01:40.577 [AsyncHttpClient-1-2] DEBUG org.asynchttpclient.netty.handler.HttpHandler - 

Request DefaultFullHttpRequest(decodeResult: success, version: HTTP/1.1, content: EmptyByteBufBE)
GET /session/3e4951c79d2ede6566ce6a8f9cc5332f/element/0.02340666321763929-94/attribute/value HTTP/1.1
User-Agent: selenium/4.0.0-alpha-7 (java windows)
Cache-Control: no-cache
Content-Type: application/json; charset=utf-8
host: localhost:1448
accept: */*

Response DefaultHttpResponse(decodeResult: success, version: HTTP/1.1)
HTTP/1.1 200 OK
Content-Length: 72
Content-Type: application/json; charset=utf-8

16:01:40.578 [AsyncHttpClient-1-2] DEBUG org.asynchttpclient.netty.channel.ChannelManager - Adding key: http://localhost:1448 for channel [id: 0x43daccbb, L:/127.0.0.1:53510 - R:localhost/127.0.0.1:1448]
16:01:40.579 [Forwarding getElementText on session 3e4951c79d2ede6566ce6a8f9cc5332f to remote] DEBUG org.asynchttpclient.netty.request.NettyRequestSender - Using pooled Channel '[id: 0x43daccbb, L:/127.0.0.1:53510 - R:localhost/127.0.0.1:1448]' for 'GET' to 'http://localhost:1448/session/3e4951c79d2ede6566ce6a8f9cc5332f/element/0.02340666321763929-29/text'
16:01:40.580 [Forwarding getElementText on session 3e4951c79d2ede6566ce6a8f9cc5332f to remote] DEBUG org.asynchttpclient.netty.request.NettyRequestSender - Using open Channel [id: 0x43daccbb, L:/127.0.0.1:53510 - R:localhost/127.0.0.1:1448] for GET '/session/3e4951c79d2ede6566ce6a8f9cc5332f/element/0.02340666321763929-29/text'
16:01:40.596 [AsyncHttpClient-1-2] DEBUG org.asynchttpclient.netty.handler.HttpHandler - 

Request DefaultFullHttpRequest(decodeResult: success, version: HTTP/1.1, content: EmptyByteBufBE)
GET /session/3e4951c79d2ede6566ce6a8f9cc5332f/element/0.02340666321763929-29/text HTTP/1.1
User-Agent: selenium/4.0.0-alpha-7 (java windows)
Cache-Control: no-cache
Content-Type: application/json; charset=utf-8
host: localhost:1448
accept: */*

Response DefaultHttpResponse(decodeResult: success, version: HTTP/1.1)
HTTP/1.1 200 OK
Content-Length: 75
Content-Type: application/json; charset=utf-8

16:01:40.596 [AsyncHttpClient-1-2] DEBUG org.asynchttpclient.netty.channel.ChannelManager - Adding key: http://localhost:1448 for channel [id: 0x43daccbb, L:/127.0.0.1:53510 - R:localhost/127.0.0.1:1448]
16:01:40.619 [Forwarding findChildElement on session 3e4951c79d2ede6566ce6a8f9cc5332f to remote] DEBUG org.asynchttpclient.netty.request.NettyRequestSender - Using pooled Channel '[id: 0x43daccbb, L:/127.0.0.1:53510 - R:localhost/127.0.0.1:1448]' for 'POST' to 'http://localhost:1448/session/3e4951c79d2ede6566ce6a8f9cc5332f/element/0.02340666321763929-29/element'
16:01:40.619 [Forwarding findChildElement on session 3e4951c79d2ede6566ce6a8f9cc5332f to remote] DEBUG org.asynchttpclient.netty.request.NettyRequestSender - Using open Channel [id: 0x43daccbb, L:/127.0.0.1:53510 - R:localhost/127.0.0.1:1448] for POST '/session/3e4951c79d2ede6566ce6a8f9cc5332f/element/0.02340666321763929-29/element'
16:01:40.682 [AsyncHttpClient-1-2] DEBUG org.asynchttpclient.netty.handler.HttpHandler - 

Request DefaultHttpRequest(decodeResult: success, version: HTTP/1.1)
POST /session/3e4951c79d2ede6566ce6a8f9cc5332f/element/0.02340666321763929-29/element HTTP/1.1
User-Agent: selenium/4.0.0-alpha-7 (java windows)
Content-Length: 79
Content-Type: application/json; charset=utf-8
host: localhost:1448
accept: */*

Response DefaultHttpResponse(decodeResult: success, version: HTTP/1.1)
HTTP/1.1 200 OK
Content-Length: 104
Content-Type: application/json; charset=utf-8

16:01:40.682 [AsyncHttpClient-1-2] DEBUG org.asynchttpclient.netty.channel.ChannelManager - Adding key: http://localhost:1448 for channel [id: 0x43daccbb, L:/127.0.0.1:53510 - R:localhost/127.0.0.1:1448]
16:01:40.692 [Forwarding getElementAttribute on session 3e4951c79d2ede6566ce6a8f9cc5332f to remote] DEBUG org.asynchttpclient.netty.request.NettyRequestSender - Using pooled Channel '[id: 0x43daccbb, L:/127.0.0.1:53510 - R:localhost/127.0.0.1:1448]' for 'GET' to 'http://localhost:1448/session/3e4951c79d2ede6566ce6a8f9cc5332f/element/0.02340666321763929-95/attribute/value'
16:01:40.692 [Forwarding getElementAttribute on session 3e4951c79d2ede6566ce6a8f9cc5332f to remote] DEBUG org.asynchttpclient.netty.request.NettyRequestSender - Using open Channel [id: 0x43daccbb, L:/127.0.0.1:53510 - R:localhost/127.0.0.1:1448] for GET '/session/3e4951c79d2ede6566ce6a8f9cc5332f/element/0.02340666321763929-95/attribute/value'
16:01:40.713 [AsyncHttpClient-1-2] DEBUG org.asynchttpclient.netty.handler.HttpHandler - 

Request DefaultFullHttpRequest(decodeResult: success, version: HTTP/1.1, content: EmptyByteBufBE)
GET /session/3e4951c79d2ede6566ce6a8f9cc5332f/element/0.02340666321763929-95/attribute/value HTTP/1.1
User-Agent: selenium/4.0.0-alpha-7 (java windows)
Cache-Control: no-cache
Content-Type: application/json; charset=utf-8
host: localhost:1448
accept: */*

Response DefaultHttpResponse(decodeResult: success, version: HTTP/1.1)
HTTP/1.1 200 OK
Content-Length: 72
Content-Type: application/json; charset=utf-8

16:01:40.713 [AsyncHttpClient-1-2] DEBUG org.asynchttpclient.netty.channel.ChannelManager - Adding key: http://localhost:1448 for channel [id: 0x43daccbb, L:/127.0.0.1:53510 - R:localhost/127.0.0.1:1448]
16:01:40.715 [Forwarding getElementText on session 3e4951c79d2ede6566ce6a8f9cc5332f to remote] DEBUG org.asynchttpclient.netty.request.NettyRequestSender - Using pooled Channel '[id: 0x43daccbb, L:/127.0.0.1:53510 - R:localhost/127.0.0.1:1448]' for 'GET' to 'http://localhost:1448/session/3e4951c79d2ede6566ce6a8f9cc5332f/element/0.02340666321763929-30/text'
16:01:40.715 [Forwarding getElementText on session 3e4951c79d2ede6566ce6a8f9cc5332f to remote] DEBUG org.asynchttpclient.netty.request.NettyRequestSender - Using open Channel [id: 0x43daccbb, L:/127.0.0.1:53510 - R:localhost/127.0.0.1:1448] for GET '/session/3e4951c79d2ede6566ce6a8f9cc5332f/element/0.02340666321763929-30/text'
16:01:40.745 [AsyncHttpClient-1-2] DEBUG org.asynchttpclient.netty.handler.HttpHandler - 

Request DefaultFullHttpRequest(decodeResult: success, version: HTTP/1.1, content: EmptyByteBufBE)
GET /session/3e4951c79d2ede6566ce6a8f9cc5332f/element/0.02340666321763929-30/text HTTP/1.1
User-Agent: selenium/4.0.0-alpha-7 (java windows)
Cache-Control: no-cache
Content-Type: application/json; charset=utf-8
host: localhost:1448
accept: */*

Response DefaultHttpResponse(decodeResult: success, version: HTTP/1.1)
HTTP/1.1 200 OK
Content-Length: 75
Content-Type: application/json; charset=utf-8

16:01:40.746 [AsyncHttpClient-1-2] DEBUG org.asynchttpclient.netty.channel.ChannelManager - Adding key: http://localhost:1448 for channel [id: 0x43daccbb, L:/127.0.0.1:53510 - R:localhost/127.0.0.1:1448]
16:01:40.747 [Forwarding findChildElement on session 3e4951c79d2ede6566ce6a8f9cc5332f to remote] DEBUG org.asynchttpclient.netty.request.NettyRequestSender - Using pooled Channel '[id: 0x43daccbb, L:/127.0.0.1:53510 - R:localhost/127.0.0.1:1448]' for 'POST' to 'http://localhost:1448/session/3e4951c79d2ede6566ce6a8f9cc5332f/element/0.02340666321763929-30/element'
16:01:40.747 [Forwarding findChildElement on session 3e4951c79d2ede6566ce6a8f9cc5332f to remote] DEBUG org.asynchttpclient.netty.request.NettyRequestSender - Using open Channel [id: 0x43daccbb, L:/127.0.0.1:53510 - R:localhost/127.0.0.1:1448] for POST '/session/3e4951c79d2ede6566ce6a8f9cc5332f/element/0.02340666321763929-30/element'
16:01:40.782 [AsyncHttpClient-1-2] DEBUG org.asynchttpclient.netty.handler.HttpHandler - 

Request DefaultHttpRequest(decodeResult: success, version: HTTP/1.1)
POST /session/3e4951c79d2ede6566ce6a8f9cc5332f/element/0.02340666321763929-30/element HTTP/1.1
User-Agent: selenium/4.0.0-alpha-7 (java windows)
Content-Length: 79
Content-Type: application/json; charset=utf-8
host: localhost:1448
accept: */*

Response DefaultHttpResponse(decodeResult: success, version: HTTP/1.1)
HTTP/1.1 200 OK
Content-Length: 104
Content-Type: application/json; charset=utf-8

16:01:40.783 [AsyncHttpClient-1-2] DEBUG org.asynchttpclient.netty.channel.ChannelManager - Adding key: http://localhost:1448 for channel [id: 0x43daccbb, L:/127.0.0.1:53510 - R:localhost/127.0.0.1:1448]
16:01:40.787 [Forwarding getElementAttribute on session 3e4951c79d2ede6566ce6a8f9cc5332f to remote] DEBUG org.asynchttpclient.netty.request.NettyRequestSender - Using pooled Channel '[id: 0x43daccbb, L:/127.0.0.1:53510 - R:localhost/127.0.0.1:1448]' for 'GET' to 'http://localhost:1448/session/3e4951c79d2ede6566ce6a8f9cc5332f/element/0.02340666321763929-96/attribute/value'
16:01:40.788 [Forwarding getElementAttribute on session 3e4951c79d2ede6566ce6a8f9cc5332f to remote] DEBUG org.asynchttpclient.netty.request.NettyRequestSender - Using open Channel [id: 0x43daccbb, L:/127.0.0.1:53510 - R:localhost/127.0.0.1:1448] for GET '/session/3e4951c79d2ede6566ce6a8f9cc5332f/element/0.02340666321763929-96/attribute/value'
16:01:40.814 [AsyncHttpClient-1-2] DEBUG org.asynchttpclient.netty.handler.HttpHandler - 

Request DefaultFullHttpRequest(decodeResult: success, version: HTTP/1.1, content: EmptyByteBufBE)
GET /session/3e4951c79d2ede6566ce6a8f9cc5332f/element/0.02340666321763929-96/attribute/value HTTP/1.1
User-Agent: selenium/4.0.0-alpha-7 (java windows)
Cache-Control: no-cache
Content-Type: application/json; charset=utf-8
host: localhost:1448
accept: */*

Response DefaultHttpResponse(decodeResult: success, version: HTTP/1.1)
HTTP/1.1 200 OK
Content-Length: 72
Content-Type: application/json; charset=utf-8

16:01:40.814 [AsyncHttpClient-1-2] DEBUG org.asynchttpclient.netty.channel.ChannelManager - Adding key: http://localhost:1448 for channel [id: 0x43daccbb, L:/127.0.0.1:53510 - R:localhost/127.0.0.1:1448]
16:01:40.815 [Forwarding getElementText on session 3e4951c79d2ede6566ce6a8f9cc5332f to remote] DEBUG org.asynchttpclient.netty.request.NettyRequestSender - Using pooled Channel '[id: 0x43daccbb, L:/127.0.0.1:53510 - R:localhost/127.0.0.1:1448]' for 'GET' to 'http://localhost:1448/session/3e4951c79d2ede6566ce6a8f9cc5332f/element/0.02340666321763929-31/text'
16:01:40.815 [Forwarding getElementText on session 3e4951c79d2ede6566ce6a8f9cc5332f to remote] DEBUG org.asynchttpclient.netty.request.NettyRequestSender - Using open Channel [id: 0x43daccbb, L:/127.0.0.1:53510 - R:localhost/127.0.0.1:1448] for GET '/session/3e4951c79d2ede6566ce6a8f9cc5332f/element/0.02340666321763929-31/text'
16:01:40.847 [AsyncHttpClient-1-2] DEBUG org.asynchttpclient.netty.handler.HttpHandler - 

Request DefaultFullHttpRequest(decodeResult: success, version: HTTP/1.1, content: EmptyByteBufBE)
GET /session/3e4951c79d2ede6566ce6a8f9cc5332f/element/0.02340666321763929-31/text HTTP/1.1
User-Agent: selenium/4.0.0-alpha-7 (java windows)
Cache-Control: no-cache
Content-Type: application/json; charset=utf-8
host: localhost:1448
accept: */*

Response DefaultHttpResponse(decodeResult: success, version: HTTP/1.1)
HTTP/1.1 200 OK
Content-Length: 75
Content-Type: application/json; charset=utf-8

16:01:40.847 [AsyncHttpClient-1-2] DEBUG org.asynchttpclient.netty.channel.ChannelManager - Adding key: http://localhost:1448 for channel [id: 0x43daccbb, L:/127.0.0.1:53510 - R:localhost/127.0.0.1:1448]
16:01:40.848 [Forwarding findChildElement on session 3e4951c79d2ede6566ce6a8f9cc5332f to remote] DEBUG org.asynchttpclient.netty.request.NettyRequestSender - Using pooled Channel '[id: 0x43daccbb, L:/127.0.0.1:53510 - R:localhost/127.0.0.1:1448]' for 'POST' to 'http://localhost:1448/session/3e4951c79d2ede6566ce6a8f9cc5332f/element/0.02340666321763929-31/element'
16:01:40.848 [Forwarding findChildElement on session 3e4951c79d2ede6566ce6a8f9cc5332f to remote] DEBUG org.asynchttpclient.netty.request.NettyRequestSender - Using open Channel [id: 0x43daccbb, L:/127.0.0.1:53510 - R:localhost/127.0.0.1:1448] for POST '/session/3e4951c79d2ede6566ce6a8f9cc5332f/element/0.02340666321763929-31/element'
16:01:40.884 [AsyncHttpClient-1-2] DEBUG org.asynchttpclient.netty.handler.HttpHandler - 

Request DefaultHttpRequest(decodeResult: success, version: HTTP/1.1)
POST /session/3e4951c79d2ede6566ce6a8f9cc5332f/element/0.02340666321763929-31/element HTTP/1.1
User-Agent: selenium/4.0.0-alpha-7 (java windows)
Content-Length: 79
Content-Type: application/json; charset=utf-8
host: localhost:1448
accept: */*

Response DefaultHttpResponse(decodeResult: success, version: HTTP/1.1)
HTTP/1.1 200 OK
Content-Length: 104
Content-Type: application/json; charset=utf-8

16:01:40.884 [AsyncHttpClient-1-2] DEBUG org.asynchttpclient.netty.channel.ChannelManager - Adding key: http://localhost:1448 for channel [id: 0x43daccbb, L:/127.0.0.1:53510 - R:localhost/127.0.0.1:1448]
16:01:40.887 [Forwarding getElementAttribute on session 3e4951c79d2ede6566ce6a8f9cc5332f to remote] DEBUG org.asynchttpclient.netty.request.NettyRequestSender - Using pooled Channel '[id: 0x43daccbb, L:/127.0.0.1:53510 - R:localhost/127.0.0.1:1448]' for 'GET' to 'http://localhost:1448/session/3e4951c79d2ede6566ce6a8f9cc5332f/element/0.02340666321763929-97/attribute/value'
16:01:40.888 [Forwarding getElementAttribute on session 3e4951c79d2ede6566ce6a8f9cc5332f to remote] DEBUG org.asynchttpclient.netty.request.NettyRequestSender - Using open Channel [id: 0x43daccbb, L:/127.0.0.1:53510 - R:localhost/127.0.0.1:1448] for GET '/session/3e4951c79d2ede6566ce6a8f9cc5332f/element/0.02340666321763929-97/attribute/value'
16:01:40.910 [AsyncHttpClient-1-2] DEBUG org.asynchttpclient.netty.handler.HttpHandler - 

Request DefaultFullHttpRequest(decodeResult: success, version: HTTP/1.1, content: EmptyByteBufBE)
GET /session/3e4951c79d2ede6566ce6a8f9cc5332f/element/0.02340666321763929-97/attribute/value HTTP/1.1
User-Agent: selenium/4.0.0-alpha-7 (java windows)
Cache-Control: no-cache
Content-Type: application/json; charset=utf-8
host: localhost:1448
accept: */*

Response DefaultHttpResponse(decodeResult: success, version: HTTP/1.1)
HTTP/1.1 200 OK
Content-Length: 72
Content-Type: application/json; charset=utf-8

16:01:40.910 [AsyncHttpClient-1-2] DEBUG org.asynchttpclient.netty.channel.ChannelManager - Adding key: http://localhost:1448 for channel [id: 0x43daccbb, L:/127.0.0.1:53510 - R:localhost/127.0.0.1:1448]
16:01:40.911 [Forwarding getElementText on session 3e4951c79d2ede6566ce6a8f9cc5332f to remote] DEBUG org.asynchttpclient.netty.request.NettyRequestSender - Using pooled Channel '[id: 0x43daccbb, L:/127.0.0.1:53510 - R:localhost/127.0.0.1:1448]' for 'GET' to 'http://localhost:1448/session/3e4951c79d2ede6566ce6a8f9cc5332f/element/0.02340666321763929-32/text'
16:01:40.911 [Forwarding getElementText on session 3e4951c79d2ede6566ce6a8f9cc5332f to remote] DEBUG org.asynchttpclient.netty.request.NettyRequestSender - Using open Channel [id: 0x43daccbb, L:/127.0.0.1:53510 - R:localhost/127.0.0.1:1448] for GET '/session/3e4951c79d2ede6566ce6a8f9cc5332f/element/0.02340666321763929-32/text'
16:01:40.930 [AsyncHttpClient-1-2] DEBUG org.asynchttpclient.netty.handler.HttpHandler - 

Request DefaultFullHttpRequest(decodeResult: success, version: HTTP/1.1, content: EmptyByteBufBE)
GET /session/3e4951c79d2ede6566ce6a8f9cc5332f/element/0.02340666321763929-32/text HTTP/1.1
User-Agent: selenium/4.0.0-alpha-7 (java windows)
Cache-Control: no-cache
Content-Type: application/json; charset=utf-8
host: localhost:1448
accept: */*

Response DefaultHttpResponse(decodeResult: success, version: HTTP/1.1)
HTTP/1.1 200 OK
Content-Length: 75
Content-Type: application/json; charset=utf-8

16:01:40.931 [AsyncHttpClient-1-2] DEBUG org.asynchttpclient.netty.channel.ChannelManager - Adding key: http://localhost:1448 for channel [id: 0x43daccbb, L:/127.0.0.1:53510 - R:localhost/127.0.0.1:1448]
16:01:40.932 [Forwarding findChildElement on session 3e4951c79d2ede6566ce6a8f9cc5332f to remote] DEBUG org.asynchttpclient.netty.request.NettyRequestSender - Using pooled Channel '[id: 0x43daccbb, L:/127.0.0.1:53510 - R:localhost/127.0.0.1:1448]' for 'POST' to 'http://localhost:1448/session/3e4951c79d2ede6566ce6a8f9cc5332f/element/0.02340666321763929-32/element'
16:01:40.933 [Forwarding findChildElement on session 3e4951c79d2ede6566ce6a8f9cc5332f to remote] DEBUG org.asynchttpclient.netty.request.NettyRequestSender - Using open Channel [id: 0x43daccbb, L:/127.0.0.1:53510 - R:localhost/127.0.0.1:1448] for POST '/session/3e4951c79d2ede6566ce6a8f9cc5332f/element/0.02340666321763929-32/element'
16:01:40.949 [AsyncHttpClient-1-2] DEBUG org.asynchttpclient.netty.handler.HttpHandler - 

Request DefaultHttpRequest(decodeResult: success, version: HTTP/1.1)
POST /session/3e4951c79d2ede6566ce6a8f9cc5332f/element/0.02340666321763929-32/element HTTP/1.1
User-Agent: selenium/4.0.0-alpha-7 (java windows)
Content-Length: 79
Content-Type: application/json; charset=utf-8
host: localhost:1448
accept: */*

Response DefaultHttpResponse(decodeResult: success, version: HTTP/1.1)
HTTP/1.1 200 OK
Content-Length: 104
Content-Type: application/json; charset=utf-8

16:01:40.949 [AsyncHttpClient-1-2] DEBUG org.asynchttpclient.netty.channel.ChannelManager - Adding key: http://localhost:1448 for channel [id: 0x43daccbb, L:/127.0.0.1:53510 - R:localhost/127.0.0.1:1448]
16:01:40.952 [Forwarding getElementAttribute on session 3e4951c79d2ede6566ce6a8f9cc5332f to remote] DEBUG org.asynchttpclient.netty.request.NettyRequestSender - Using pooled Channel '[id: 0x43daccbb, L:/127.0.0.1:53510 - R:localhost/127.0.0.1:1448]' for 'GET' to 'http://localhost:1448/session/3e4951c79d2ede6566ce6a8f9cc5332f/element/0.02340666321763929-98/attribute/value'
16:01:40.952 [Forwarding getElementAttribute on session 3e4951c79d2ede6566ce6a8f9cc5332f to remote] DEBUG org.asynchttpclient.netty.request.NettyRequestSender - Using open Channel [id: 0x43daccbb, L:/127.0.0.1:53510 - R:localhost/127.0.0.1:1448] for GET '/session/3e4951c79d2ede6566ce6a8f9cc5332f/element/0.02340666321763929-98/attribute/value'
16:01:41.249 [AsyncHttpClient-1-1] DEBUG org.asynchttpclient.netty.channel.DefaultChannelPool - Entry count for : http://localhost:53512 : 1
16:01:41.443 [AsyncHttpClient-1-2] DEBUG org.asynchttpclient.netty.handler.HttpHandler - 

Request DefaultFullHttpRequest(decodeResult: success, version: HTTP/1.1, content: EmptyByteBufBE)
GET /session/3e4951c79d2ede6566ce6a8f9cc5332f/element/0.02340666321763929-98/attribute/value HTTP/1.1
User-Agent: selenium/4.0.0-alpha-7 (java windows)
Cache-Control: no-cache
Content-Type: application/json; charset=utf-8
host: localhost:1448
accept: */*

Response DefaultHttpResponse(decodeResult: success, version: HTTP/1.1)
HTTP/1.1 200 OK
Content-Length: 72
Content-Type: application/json; charset=utf-8

16:01:41.443 [AsyncHttpClient-1-2] DEBUG org.asynchttpclient.netty.channel.ChannelManager - Adding key: http://localhost:1448 for channel [id: 0x43daccbb, L:/127.0.0.1:53510 - R:localhost/127.0.0.1:1448]
16:01:41.445 [Forwarding getElementText on session 3e4951c79d2ede6566ce6a8f9cc5332f to remote] DEBUG org.asynchttpclient.netty.request.NettyRequestSender - Using pooled Channel '[id: 0x43daccbb, L:/127.0.0.1:53510 - R:localhost/127.0.0.1:1448]' for 'GET' to 'http://localhost:1448/session/3e4951c79d2ede6566ce6a8f9cc5332f/element/0.02340666321763929-33/text'
16:01:41.445 [Forwarding getElementText on session 3e4951c79d2ede6566ce6a8f9cc5332f to remote] DEBUG org.asynchttpclient.netty.request.NettyRequestSender - Using open Channel [id: 0x43daccbb, L:/127.0.0.1:53510 - R:localhost/127.0.0.1:1448] for GET '/session/3e4951c79d2ede6566ce6a8f9cc5332f/element/0.02340666321763929-33/text'
16:01:41.464 [AsyncHttpClient-1-2] DEBUG org.asynchttpclient.netty.handler.HttpHandler - 

Request DefaultFullHttpRequest(decodeResult: success, version: HTTP/1.1, content: EmptyByteBufBE)
GET /session/3e4951c79d2ede6566ce6a8f9cc5332f/element/0.02340666321763929-33/text HTTP/1.1
User-Agent: selenium/4.0.0-alpha-7 (java windows)
Cache-Control: no-cache
Content-Type: application/json; charset=utf-8
host: localhost:1448
accept: */*

Response DefaultHttpResponse(decodeResult: success, version: HTTP/1.1)
HTTP/1.1 200 OK
Content-Length: 75
Content-Type: application/json; charset=utf-8

16:01:41.464 [AsyncHttpClient-1-2] DEBUG org.asynchttpclient.netty.channel.ChannelManager - Adding key: http://localhost:1448 for channel [id: 0x43daccbb, L:/127.0.0.1:53510 - R:localhost/127.0.0.1:1448]
16:01:41.465 [Forwarding findChildElement on session 3e4951c79d2ede6566ce6a8f9cc5332f to remote] DEBUG org.asynchttpclient.netty.request.NettyRequestSender - Using pooled Channel '[id: 0x43daccbb, L:/127.0.0.1:53510 - R:localhost/127.0.0.1:1448]' for 'POST' to 'http://localhost:1448/session/3e4951c79d2ede6566ce6a8f9cc5332f/element/0.02340666321763929-33/element'
16:01:41.465 [Forwarding findChildElement on session 3e4951c79d2ede6566ce6a8f9cc5332f to remote] DEBUG org.asynchttpclient.netty.request.NettyRequestSender - Using open Channel [id: 0x43daccbb, L:/127.0.0.1:53510 - R:localhost/127.0.0.1:1448] for POST '/session/3e4951c79d2ede6566ce6a8f9cc5332f/element/0.02340666321763929-33/element'
16:01:41.483 [AsyncHttpClient-1-2] DEBUG org.asynchttpclient.netty.handler.HttpHandler - 

Request DefaultHttpRequest(decodeResult: success, version: HTTP/1.1)
POST /session/3e4951c79d2ede6566ce6a8f9cc5332f/element/0.02340666321763929-33/element HTTP/1.1
User-Agent: selenium/4.0.0-alpha-7 (java windows)
Content-Length: 79
Content-Type: application/json; charset=utf-8
host: localhost:1448
accept: */*

Response DefaultHttpResponse(decodeResult: success, version: HTTP/1.1)
HTTP/1.1 200 OK
Content-Length: 104
Content-Type: application/json; charset=utf-8

16:01:41.483 [AsyncHttpClient-1-2] DEBUG org.asynchttpclient.netty.channel.ChannelManager - Adding key: http://localhost:1448 for channel [id: 0x43daccbb, L:/127.0.0.1:53510 - R:localhost/127.0.0.1:1448]
16:01:41.485 [Forwarding getElementAttribute on session 3e4951c79d2ede6566ce6a8f9cc5332f to remote] DEBUG org.asynchttpclient.netty.request.NettyRequestSender - Using pooled Channel '[id: 0x43daccbb, L:/127.0.0.1:53510 - R:localhost/127.0.0.1:1448]' for 'GET' to 'http://localhost:1448/session/3e4951c79d2ede6566ce6a8f9cc5332f/element/0.02340666321763929-99/attribute/value'
16:01:41.486 [Forwarding getElementAttribute on session 3e4951c79d2ede6566ce6a8f9cc5332f to remote] DEBUG org.asynchttpclient.netty.request.NettyRequestSender - Using open Channel [id: 0x43daccbb, L:/127.0.0.1:53510 - R:localhost/127.0.0.1:1448] for GET '/session/3e4951c79d2ede6566ce6a8f9cc5332f/element/0.02340666321763929-99/attribute/value'
16:01:41.514 [AsyncHttpClient-1-2] DEBUG org.asynchttpclient.netty.handler.HttpHandler - 

Request DefaultFullHttpRequest(decodeResult: success, version: HTTP/1.1, content: EmptyByteBufBE)
GET /session/3e4951c79d2ede6566ce6a8f9cc5332f/element/0.02340666321763929-99/attribute/value HTTP/1.1
User-Agent: selenium/4.0.0-alpha-7 (java windows)
Cache-Control: no-cache
Content-Type: application/json; charset=utf-8
host: localhost:1448
accept: */*

Response DefaultHttpResponse(decodeResult: success, version: HTTP/1.1)
HTTP/1.1 200 OK
Content-Length: 72
Content-Type: application/json; charset=utf-8

16:01:41.514 [AsyncHttpClient-1-2] DEBUG org.asynchttpclient.netty.channel.ChannelManager - Adding key: http://localhost:1448 for channel [id: 0x43daccbb, L:/127.0.0.1:53510 - R:localhost/127.0.0.1:1448]
16:01:41.516 [Forwarding getElementText on session 3e4951c79d2ede6566ce6a8f9cc5332f to remote] DEBUG org.asynchttpclient.netty.request.NettyRequestSender - Using pooled Channel '[id: 0x43daccbb, L:/127.0.0.1:53510 - R:localhost/127.0.0.1:1448]' for 'GET' to 'http://localhost:1448/session/3e4951c79d2ede6566ce6a8f9cc5332f/element/0.02340666321763929-34/text'
16:01:41.516 [Forwarding getElementText on session 3e4951c79d2ede6566ce6a8f9cc5332f to remote] DEBUG org.asynchttpclient.netty.request.NettyRequestSender - Using open Channel [id: 0x43daccbb, L:/127.0.0.1:53510 - R:localhost/127.0.0.1:1448] for GET '/session/3e4951c79d2ede6566ce6a8f9cc5332f/element/0.02340666321763929-34/text'
16:01:41.543 [AsyncHttpClient-1-2] DEBUG org.asynchttpclient.netty.handler.HttpHandler - 

Request DefaultFullHttpRequest(decodeResult: success, version: HTTP/1.1, content: EmptyByteBufBE)
GET /session/3e4951c79d2ede6566ce6a8f9cc5332f/element/0.02340666321763929-34/text HTTP/1.1
User-Agent: selenium/4.0.0-alpha-7 (java windows)
Cache-Control: no-cache
Content-Type: application/json; charset=utf-8
host: localhost:1448
accept: */*

Response DefaultHttpResponse(decodeResult: success, version: HTTP/1.1)
HTTP/1.1 200 OK
Content-Length: 75
Content-Type: application/json; charset=utf-8

16:01:41.543 [AsyncHttpClient-1-2] DEBUG org.asynchttpclient.netty.channel.ChannelManager - Adding key: http://localhost:1448 for channel [id: 0x43daccbb, L:/127.0.0.1:53510 - R:localhost/127.0.0.1:1448]
16:01:41.545 [Forwarding findChildElement on session 3e4951c79d2ede6566ce6a8f9cc5332f to remote] DEBUG org.asynchttpclient.netty.request.NettyRequestSender - Using pooled Channel '[id: 0x43daccbb, L:/127.0.0.1:53510 - R:localhost/127.0.0.1:1448]' for 'POST' to 'http://localhost:1448/session/3e4951c79d2ede6566ce6a8f9cc5332f/element/0.02340666321763929-34/element'
16:01:41.545 [Forwarding findChildElement on session 3e4951c79d2ede6566ce6a8f9cc5332f to remote] DEBUG org.asynchttpclient.netty.request.NettyRequestSender - Using open Channel [id: 0x43daccbb, L:/127.0.0.1:53510 - R:localhost/127.0.0.1:1448] for POST '/session/3e4951c79d2ede6566ce6a8f9cc5332f/element/0.02340666321763929-34/element'
16:01:41.564 [AsyncHttpClient-1-2] DEBUG org.asynchttpclient.netty.handler.HttpHandler - 

Request DefaultHttpRequest(decodeResult: success, version: HTTP/1.1)
POST /session/3e4951c79d2ede6566ce6a8f9cc5332f/element/0.02340666321763929-34/element HTTP/1.1
User-Agent: selenium/4.0.0-alpha-7 (java windows)
Content-Length: 79
Content-Type: application/json; charset=utf-8
host: localhost:1448
accept: */*

Response DefaultHttpResponse(decodeResult: success, version: HTTP/1.1)
HTTP/1.1 200 OK
Content-Length: 105
Content-Type: application/json; charset=utf-8

16:01:41.564 [AsyncHttpClient-1-2] DEBUG org.asynchttpclient.netty.channel.ChannelManager - Adding key: http://localhost:1448 for channel [id: 0x43daccbb, L:/127.0.0.1:53510 - R:localhost/127.0.0.1:1448]
16:01:41.565 [Forwarding getElementAttribute on session 3e4951c79d2ede6566ce6a8f9cc5332f to remote] DEBUG org.asynchttpclient.netty.request.NettyRequestSender - Using pooled Channel '[id: 0x43daccbb, L:/127.0.0.1:53510 - R:localhost/127.0.0.1:1448]' for 'GET' to 'http://localhost:1448/session/3e4951c79d2ede6566ce6a8f9cc5332f/element/0.02340666321763929-100/attribute/value'
16:01:41.565 [Forwarding getElementAttribute on session 3e4951c79d2ede6566ce6a8f9cc5332f to remote] DEBUG org.asynchttpclient.netty.request.NettyRequestSender - Using open Channel [id: 0x43daccbb, L:/127.0.0.1:53510 - R:localhost/127.0.0.1:1448] for GET '/session/3e4951c79d2ede6566ce6a8f9cc5332f/element/0.02340666321763929-100/attribute/value'
16:01:41.584 [AsyncHttpClient-1-2] DEBUG org.asynchttpclient.netty.handler.HttpHandler - 

Request DefaultFullHttpRequest(decodeResult: success, version: HTTP/1.1, content: EmptyByteBufBE)
GET /session/3e4951c79d2ede6566ce6a8f9cc5332f/element/0.02340666321763929-100/attribute/value HTTP/1.1
User-Agent: selenium/4.0.0-alpha-7 (java windows)
Cache-Control: no-cache
Content-Type: application/json; charset=utf-8
host: localhost:1448
accept: */*

Response DefaultHttpResponse(decodeResult: success, version: HTTP/1.1)
HTTP/1.1 200 OK
Content-Length: 72
Content-Type: application/json; charset=utf-8

16:01:41.585 [AsyncHttpClient-1-2] DEBUG org.asynchttpclient.netty.channel.ChannelManager - Adding key: http://localhost:1448 for channel [id: 0x43daccbb, L:/127.0.0.1:53510 - R:localhost/127.0.0.1:1448]
16:01:41.589 [Forwarding getElementText on session 3e4951c79d2ede6566ce6a8f9cc5332f to remote] DEBUG org.asynchttpclient.netty.request.NettyRequestSender - Using pooled Channel '[id: 0x43daccbb, L:/127.0.0.1:53510 - R:localhost/127.0.0.1:1448]' for 'GET' to 'http://localhost:1448/session/3e4951c79d2ede6566ce6a8f9cc5332f/element/0.02340666321763929-35/text'
16:01:41.589 [Forwarding getElementText on session 3e4951c79d2ede6566ce6a8f9cc5332f to remote] DEBUG org.asynchttpclient.netty.request.NettyRequestSender - Using open Channel [id: 0x43daccbb, L:/127.0.0.1:53510 - R:localhost/127.0.0.1:1448] for GET '/session/3e4951c79d2ede6566ce6a8f9cc5332f/element/0.02340666321763929-35/text'
16:01:41.706 [AsyncHttpClient-1-2] DEBUG org.asynchttpclient.netty.handler.HttpHandler - 

Request DefaultFullHttpRequest(decodeResult: success, version: HTTP/1.1, content: EmptyByteBufBE)
GET /session/3e4951c79d2ede6566ce6a8f9cc5332f/element/0.02340666321763929-35/text HTTP/1.1
User-Agent: selenium/4.0.0-alpha-7 (java windows)
Cache-Control: no-cache
Content-Type: application/json; charset=utf-8
host: localhost:1448
accept: */*

Response DefaultHttpResponse(decodeResult: success, version: HTTP/1.1)
HTTP/1.1 200 OK
Content-Length: 75
Content-Type: application/json; charset=utf-8

16:01:41.707 [AsyncHttpClient-1-2] DEBUG org.asynchttpclient.netty.channel.ChannelManager - Adding key: http://localhost:1448 for channel [id: 0x43daccbb, L:/127.0.0.1:53510 - R:localhost/127.0.0.1:1448]
16:01:41.709 [Forwarding findChildElement on session 3e4951c79d2ede6566ce6a8f9cc5332f to remote] DEBUG org.asynchttpclient.netty.request.NettyRequestSender - Using pooled Channel '[id: 0x43daccbb, L:/127.0.0.1:53510 - R:localhost/127.0.0.1:1448]' for 'POST' to 'http://localhost:1448/session/3e4951c79d2ede6566ce6a8f9cc5332f/element/0.02340666321763929-35/element'
16:01:41.709 [Forwarding findChildElement on session 3e4951c79d2ede6566ce6a8f9cc5332f to remote] DEBUG org.asynchttpclient.netty.request.NettyRequestSender - Using open Channel [id: 0x43daccbb, L:/127.0.0.1:53510 - R:localhost/127.0.0.1:1448] for POST '/session/3e4951c79d2ede6566ce6a8f9cc5332f/element/0.02340666321763929-35/element'
16:01:41.727 [AsyncHttpClient-1-2] DEBUG org.asynchttpclient.netty.handler.HttpHandler - 

Request DefaultHttpRequest(decodeResult: success, version: HTTP/1.1)
POST /session/3e4951c79d2ede6566ce6a8f9cc5332f/element/0.02340666321763929-35/element HTTP/1.1
User-Agent: selenium/4.0.0-alpha-7 (java windows)
Content-Length: 79
Content-Type: application/json; charset=utf-8
host: localhost:1448
accept: */*

Response DefaultHttpResponse(decodeResult: success, version: HTTP/1.1)
HTTP/1.1 200 OK
Content-Length: 105
Content-Type: application/json; charset=utf-8

16:01:41.727 [AsyncHttpClient-1-2] DEBUG org.asynchttpclient.netty.channel.ChannelManager - Adding key: http://localhost:1448 for channel [id: 0x43daccbb, L:/127.0.0.1:53510 - R:localhost/127.0.0.1:1448]
16:01:41.728 [Forwarding getElementAttribute on session 3e4951c79d2ede6566ce6a8f9cc5332f to remote] DEBUG org.asynchttpclient.netty.request.NettyRequestSender - Using pooled Channel '[id: 0x43daccbb, L:/127.0.0.1:53510 - R:localhost/127.0.0.1:1448]' for 'GET' to 'http://localhost:1448/session/3e4951c79d2ede6566ce6a8f9cc5332f/element/0.02340666321763929-101/attribute/value'
16:01:41.729 [Forwarding getElementAttribute on session 3e4951c79d2ede6566ce6a8f9cc5332f to remote] DEBUG org.asynchttpclient.netty.request.NettyRequestSender - Using open Channel [id: 0x43daccbb, L:/127.0.0.1:53510 - R:localhost/127.0.0.1:1448] for GET '/session/3e4951c79d2ede6566ce6a8f9cc5332f/element/0.02340666321763929-101/attribute/value'
16:01:41.743 [AsyncHttpClient-1-2] DEBUG org.asynchttpclient.netty.handler.HttpHandler - 

Request DefaultFullHttpRequest(decodeResult: success, version: HTTP/1.1, content: EmptyByteBufBE)
GET /session/3e4951c79d2ede6566ce6a8f9cc5332f/element/0.02340666321763929-101/attribute/value HTTP/1.1
User-Agent: selenium/4.0.0-alpha-7 (java windows)
Cache-Control: no-cache
Content-Type: application/json; charset=utf-8
host: localhost:1448
accept: */*

Response DefaultHttpResponse(decodeResult: success, version: HTTP/1.1)
HTTP/1.1 200 OK
Content-Length: 72
Content-Type: application/json; charset=utf-8

16:01:41.743 [AsyncHttpClient-1-2] DEBUG org.asynchttpclient.netty.channel.ChannelManager - Adding key: http://localhost:1448 for channel [id: 0x43daccbb, L:/127.0.0.1:53510 - R:localhost/127.0.0.1:1448]
16:01:41.746 [Forwarding getElementText on session 3e4951c79d2ede6566ce6a8f9cc5332f to remote] DEBUG org.asynchttpclient.netty.request.NettyRequestSender - Using pooled Channel '[id: 0x43daccbb, L:/127.0.0.1:53510 - R:localhost/127.0.0.1:1448]' for 'GET' to 'http://localhost:1448/session/3e4951c79d2ede6566ce6a8f9cc5332f/element/0.02340666321763929-36/text'
16:01:41.746 [Forwarding getElementText on session 3e4951c79d2ede6566ce6a8f9cc5332f to remote] DEBUG org.asynchttpclient.netty.request.NettyRequestSender - Using open Channel [id: 0x43daccbb, L:/127.0.0.1:53510 - R:localhost/127.0.0.1:1448] for GET '/session/3e4951c79d2ede6566ce6a8f9cc5332f/element/0.02340666321763929-36/text'
16:01:41.766 [AsyncHttpClient-1-2] DEBUG org.asynchttpclient.netty.handler.HttpHandler - 

Request DefaultFullHttpRequest(decodeResult: success, version: HTTP/1.1, content: EmptyByteBufBE)
GET /session/3e4951c79d2ede6566ce6a8f9cc5332f/element/0.02340666321763929-36/text HTTP/1.1
User-Agent: selenium/4.0.0-alpha-7 (java windows)
Cache-Control: no-cache
Content-Type: application/json; charset=utf-8
host: localhost:1448
accept: */*

Response DefaultHttpResponse(decodeResult: success, version: HTTP/1.1)
HTTP/1.1 200 OK
Content-Length: 75
Content-Type: application/json; charset=utf-8

16:01:41.766 [AsyncHttpClient-1-2] DEBUG org.asynchttpclient.netty.channel.ChannelManager - Adding key: http://localhost:1448 for channel [id: 0x43daccbb, L:/127.0.0.1:53510 - R:localhost/127.0.0.1:1448]
16:01:41.769 [Forwarding findChildElement on session 3e4951c79d2ede6566ce6a8f9cc5332f to remote] DEBUG org.asynchttpclient.netty.request.NettyRequestSender - Using pooled Channel '[id: 0x43daccbb, L:/127.0.0.1:53510 - R:localhost/127.0.0.1:1448]' for 'POST' to 'http://localhost:1448/session/3e4951c79d2ede6566ce6a8f9cc5332f/element/0.02340666321763929-36/element'
16:01:41.769 [Forwarding findChildElement on session 3e4951c79d2ede6566ce6a8f9cc5332f to remote] DEBUG org.asynchttpclient.netty.request.NettyRequestSender - Using open Channel [id: 0x43daccbb, L:/127.0.0.1:53510 - R:localhost/127.0.0.1:1448] for POST '/session/3e4951c79d2ede6566ce6a8f9cc5332f/element/0.02340666321763929-36/element'
16:01:41.793 [AsyncHttpClient-1-2] DEBUG org.asynchttpclient.netty.handler.HttpHandler - 

Request DefaultHttpRequest(decodeResult: success, version: HTTP/1.1)
POST /session/3e4951c79d2ede6566ce6a8f9cc5332f/element/0.02340666321763929-36/element HTTP/1.1
User-Agent: selenium/4.0.0-alpha-7 (java windows)
Content-Length: 79
Content-Type: application/json; charset=utf-8
host: localhost:1448
accept: */*

Response DefaultHttpResponse(decodeResult: success, version: HTTP/1.1)
HTTP/1.1 200 OK
Content-Length: 105
Content-Type: application/json; charset=utf-8

16:01:41.794 [AsyncHttpClient-1-2] DEBUG org.asynchttpclient.netty.channel.ChannelManager - Adding key: http://localhost:1448 for channel [id: 0x43daccbb, L:/127.0.0.1:53510 - R:localhost/127.0.0.1:1448]
16:01:41.796 [Forwarding getElementAttribute on session 3e4951c79d2ede6566ce6a8f9cc5332f to remote] DEBUG org.asynchttpclient.netty.request.NettyRequestSender - Using pooled Channel '[id: 0x43daccbb, L:/127.0.0.1:53510 - R:localhost/127.0.0.1:1448]' for 'GET' to 'http://localhost:1448/session/3e4951c79d2ede6566ce6a8f9cc5332f/element/0.02340666321763929-102/attribute/value'
16:01:41.796 [Forwarding getElementAttribute on session 3e4951c79d2ede6566ce6a8f9cc5332f to remote] DEBUG org.asynchttpclient.netty.request.NettyRequestSender - Using open Channel [id: 0x43daccbb, L:/127.0.0.1:53510 - R:localhost/127.0.0.1:1448] for GET '/session/3e4951c79d2ede6566ce6a8f9cc5332f/element/0.02340666321763929-102/attribute/value'
16:01:41.810 [AsyncHttpClient-1-2] DEBUG org.asynchttpclient.netty.handler.HttpHandler - 

Request DefaultFullHttpRequest(decodeResult: success, version: HTTP/1.1, content: EmptyByteBufBE)
GET /session/3e4951c79d2ede6566ce6a8f9cc5332f/element/0.02340666321763929-102/attribute/value HTTP/1.1
User-Agent: selenium/4.0.0-alpha-7 (java windows)
Cache-Control: no-cache
Content-Type: application/json; charset=utf-8
host: localhost:1448
accept: */*

Response DefaultHttpResponse(decodeResult: success, version: HTTP/1.1)
HTTP/1.1 200 OK
Content-Length: 72
Content-Type: application/json; charset=utf-8

16:01:41.810 [AsyncHttpClient-1-2] DEBUG org.asynchttpclient.netty.channel.ChannelManager - Adding key: http://localhost:1448 for channel [id: 0x43daccbb, L:/127.0.0.1:53510 - R:localhost/127.0.0.1:1448]
16:01:41.811 [Forwarding getElementText on session 3e4951c79d2ede6566ce6a8f9cc5332f to remote] DEBUG org.asynchttpclient.netty.request.NettyRequestSender - Using pooled Channel '[id: 0x43daccbb, L:/127.0.0.1:53510 - R:localhost/127.0.0.1:1448]' for 'GET' to 'http://localhost:1448/session/3e4951c79d2ede6566ce6a8f9cc5332f/element/0.02340666321763929-37/text'
16:01:41.811 [Forwarding getElementText on session 3e4951c79d2ede6566ce6a8f9cc5332f to remote] DEBUG org.asynchttpclient.netty.request.NettyRequestSender - Using open Channel [id: 0x43daccbb, L:/127.0.0.1:53510 - R:localhost/127.0.0.1:1448] for GET '/session/3e4951c79d2ede6566ce6a8f9cc5332f/element/0.02340666321763929-37/text'
16:01:42.093 [AsyncHttpClient-1-2] DEBUG org.asynchttpclient.netty.handler.HttpHandler - 

Request DefaultFullHttpRequest(decodeResult: success, version: HTTP/1.1, content: EmptyByteBufBE)
GET /session/3e4951c79d2ede6566ce6a8f9cc5332f/element/0.02340666321763929-37/text HTTP/1.1
User-Agent: selenium/4.0.0-alpha-7 (java windows)
Cache-Control: no-cache
Content-Type: application/json; charset=utf-8
host: localhost:1448
accept: */*

Response DefaultHttpResponse(decodeResult: success, version: HTTP/1.1)
HTTP/1.1 200 OK
Content-Length: 75
Content-Type: application/json; charset=utf-8

16:01:42.094 [AsyncHttpClient-1-2] DEBUG org.asynchttpclient.netty.channel.ChannelManager - Adding key: http://localhost:1448 for channel [id: 0x43daccbb, L:/127.0.0.1:53510 - R:localhost/127.0.0.1:1448]
16:01:42.096 [Forwarding findChildElement on session 3e4951c79d2ede6566ce6a8f9cc5332f to remote] DEBUG org.asynchttpclient.netty.request.NettyRequestSender - Using pooled Channel '[id: 0x43daccbb, L:/127.0.0.1:53510 - R:localhost/127.0.0.1:1448]' for 'POST' to 'http://localhost:1448/session/3e4951c79d2ede6566ce6a8f9cc5332f/element/0.02340666321763929-37/element'
16:01:42.096 [Forwarding findChildElement on session 3e4951c79d2ede6566ce6a8f9cc5332f to remote] DEBUG org.asynchttpclient.netty.request.NettyRequestSender - Using open Channel [id: 0x43daccbb, L:/127.0.0.1:53510 - R:localhost/127.0.0.1:1448] for POST '/session/3e4951c79d2ede6566ce6a8f9cc5332f/element/0.02340666321763929-37/element'
16:01:42.129 [AsyncHttpClient-1-2] DEBUG org.asynchttpclient.netty.handler.HttpHandler - 

Request DefaultHttpRequest(decodeResult: success, version: HTTP/1.1)
POST /session/3e4951c79d2ede6566ce6a8f9cc5332f/element/0.02340666321763929-37/element HTTP/1.1
User-Agent: selenium/4.0.0-alpha-7 (java windows)
Content-Length: 79
Content-Type: application/json; charset=utf-8
host: localhost:1448
accept: */*

Response DefaultHttpResponse(decodeResult: success, version: HTTP/1.1)
HTTP/1.1 200 OK
Content-Length: 105
Content-Type: application/json; charset=utf-8

16:01:42.130 [AsyncHttpClient-1-2] DEBUG org.asynchttpclient.netty.channel.ChannelManager - Adding key: http://localhost:1448 for channel [id: 0x43daccbb, L:/127.0.0.1:53510 - R:localhost/127.0.0.1:1448]
16:01:42.131 [Forwarding getElementAttribute on session 3e4951c79d2ede6566ce6a8f9cc5332f to remote] DEBUG org.asynchttpclient.netty.request.NettyRequestSender - Using pooled Channel '[id: 0x43daccbb, L:/127.0.0.1:53510 - R:localhost/127.0.0.1:1448]' for 'GET' to 'http://localhost:1448/session/3e4951c79d2ede6566ce6a8f9cc5332f/element/0.02340666321763929-103/attribute/value'
16:01:42.131 [Forwarding getElementAttribute on session 3e4951c79d2ede6566ce6a8f9cc5332f to remote] DEBUG org.asynchttpclient.netty.request.NettyRequestSender - Using open Channel [id: 0x43daccbb, L:/127.0.0.1:53510 - R:localhost/127.0.0.1:1448] for GET '/session/3e4951c79d2ede6566ce6a8f9cc5332f/element/0.02340666321763929-103/attribute/value'
16:01:42.149 [AsyncHttpClient-1-2] DEBUG org.asynchttpclient.netty.handler.HttpHandler - 

Request DefaultFullHttpRequest(decodeResult: success, version: HTTP/1.1, content: EmptyByteBufBE)
GET /session/3e4951c79d2ede6566ce6a8f9cc5332f/element/0.02340666321763929-103/attribute/value HTTP/1.1
User-Agent: selenium/4.0.0-alpha-7 (java windows)
Cache-Control: no-cache
Content-Type: application/json; charset=utf-8
host: localhost:1448
accept: */*

Response DefaultHttpResponse(decodeResult: success, version: HTTP/1.1)
HTTP/1.1 200 OK
Content-Length: 72
Content-Type: application/json; charset=utf-8

16:01:42.149 [AsyncHttpClient-1-2] DEBUG org.asynchttpclient.netty.channel.ChannelManager - Adding key: http://localhost:1448 for channel [id: 0x43daccbb, L:/127.0.0.1:53510 - R:localhost/127.0.0.1:1448]
16:01:42.156 [Forwarding getElementText on session 3e4951c79d2ede6566ce6a8f9cc5332f to remote] DEBUG org.asynchttpclient.netty.request.NettyRequestSender - Using pooled Channel '[id: 0x43daccbb, L:/127.0.0.1:53510 - R:localhost/127.0.0.1:1448]' for 'GET' to 'http://localhost:1448/session/3e4951c79d2ede6566ce6a8f9cc5332f/element/0.02340666321763929-38/text'
16:01:42.157 [Forwarding getElementText on session 3e4951c79d2ede6566ce6a8f9cc5332f to remote] DEBUG org.asynchttpclient.netty.request.NettyRequestSender - Using open Channel [id: 0x43daccbb, L:/127.0.0.1:53510 - R:localhost/127.0.0.1:1448] for GET '/session/3e4951c79d2ede6566ce6a8f9cc5332f/element/0.02340666321763929-38/text'
16:01:42.178 [AsyncHttpClient-1-2] DEBUG org.asynchttpclient.netty.handler.HttpHandler - 

Request DefaultFullHttpRequest(decodeResult: success, version: HTTP/1.1, content: EmptyByteBufBE)
GET /session/3e4951c79d2ede6566ce6a8f9cc5332f/element/0.02340666321763929-38/text HTTP/1.1
User-Agent: selenium/4.0.0-alpha-7 (java windows)
Cache-Control: no-cache
Content-Type: application/json; charset=utf-8
host: localhost:1448
accept: */*

Response DefaultHttpResponse(decodeResult: success, version: HTTP/1.1)
HTTP/1.1 200 OK
Content-Length: 75
Content-Type: application/json; charset=utf-8

16:01:42.179 [AsyncHttpClient-1-2] DEBUG org.asynchttpclient.netty.channel.ChannelManager - Adding key: http://localhost:1448 for channel [id: 0x43daccbb, L:/127.0.0.1:53510 - R:localhost/127.0.0.1:1448]
16:01:42.180 [Forwarding findChildElement on session 3e4951c79d2ede6566ce6a8f9cc5332f to remote] DEBUG org.asynchttpclient.netty.request.NettyRequestSender - Using pooled Channel '[id: 0x43daccbb, L:/127.0.0.1:53510 - R:localhost/127.0.0.1:1448]' for 'POST' to 'http://localhost:1448/session/3e4951c79d2ede6566ce6a8f9cc5332f/element/0.02340666321763929-38/element'
16:01:42.180 [Forwarding findChildElement on session 3e4951c79d2ede6566ce6a8f9cc5332f to remote] DEBUG org.asynchttpclient.netty.request.NettyRequestSender - Using open Channel [id: 0x43daccbb, L:/127.0.0.1:53510 - R:localhost/127.0.0.1:1448] for POST '/session/3e4951c79d2ede6566ce6a8f9cc5332f/element/0.02340666321763929-38/element'
16:01:42.211 [AsyncHttpClient-1-2] DEBUG org.asynchttpclient.netty.handler.HttpHandler - 

Request DefaultHttpRequest(decodeResult: success, version: HTTP/1.1)
POST /session/3e4951c79d2ede6566ce6a8f9cc5332f/element/0.02340666321763929-38/element HTTP/1.1
User-Agent: selenium/4.0.0-alpha-7 (java windows)
Content-Length: 79
Content-Type: application/json; charset=utf-8
host: localhost:1448
accept: */*

Response DefaultHttpResponse(decodeResult: success, version: HTTP/1.1)
HTTP/1.1 200 OK
Content-Length: 105
Content-Type: application/json; charset=utf-8

16:01:42.212 [AsyncHttpClient-1-2] DEBUG org.asynchttpclient.netty.channel.ChannelManager - Adding key: http://localhost:1448 for channel [id: 0x43daccbb, L:/127.0.0.1:53510 - R:localhost/127.0.0.1:1448]
16:01:42.214 [Forwarding getElementAttribute on session 3e4951c79d2ede6566ce6a8f9cc5332f to remote] DEBUG org.asynchttpclient.netty.request.NettyRequestSender - Using pooled Channel '[id: 0x43daccbb, L:/127.0.0.1:53510 - R:localhost/127.0.0.1:1448]' for 'GET' to 'http://localhost:1448/session/3e4951c79d2ede6566ce6a8f9cc5332f/element/0.02340666321763929-104/attribute/value'
16:01:42.214 [Forwarding getElementAttribute on session 3e4951c79d2ede6566ce6a8f9cc5332f to remote] DEBUG org.asynchttpclient.netty.request.NettyRequestSender - Using open Channel [id: 0x43daccbb, L:/127.0.0.1:53510 - R:localhost/127.0.0.1:1448] for GET '/session/3e4951c79d2ede6566ce6a8f9cc5332f/element/0.02340666321763929-104/attribute/value'
16:01:42.230 [AsyncHttpClient-1-2] DEBUG org.asynchttpclient.netty.handler.HttpHandler - 

Request DefaultFullHttpRequest(decodeResult: success, version: HTTP/1.1, content: EmptyByteBufBE)
GET /session/3e4951c79d2ede6566ce6a8f9cc5332f/element/0.02340666321763929-104/attribute/value HTTP/1.1
User-Agent: selenium/4.0.0-alpha-7 (java windows)
Cache-Control: no-cache
Content-Type: application/json; charset=utf-8
host: localhost:1448
accept: */*

Response DefaultHttpResponse(decodeResult: success, version: HTTP/1.1)
HTTP/1.1 200 OK
Content-Length: 72
Content-Type: application/json; charset=utf-8

16:01:42.230 [AsyncHttpClient-1-2] DEBUG org.asynchttpclient.netty.channel.ChannelManager - Adding key: http://localhost:1448 for channel [id: 0x43daccbb, L:/127.0.0.1:53510 - R:localhost/127.0.0.1:1448]
16:01:42.231 [Forwarding getElementText on session 3e4951c79d2ede6566ce6a8f9cc5332f to remote] DEBUG org.asynchttpclient.netty.request.NettyRequestSender - Using pooled Channel '[id: 0x43daccbb, L:/127.0.0.1:53510 - R:localhost/127.0.0.1:1448]' for 'GET' to 'http://localhost:1448/session/3e4951c79d2ede6566ce6a8f9cc5332f/element/0.02340666321763929-39/text'
16:01:42.231 [Forwarding getElementText on session 3e4951c79d2ede6566ce6a8f9cc5332f to remote] DEBUG org.asynchttpclient.netty.request.NettyRequestSender - Using open Channel [id: 0x43daccbb, L:/127.0.0.1:53510 - R:localhost/127.0.0.1:1448] for GET '/session/3e4951c79d2ede6566ce6a8f9cc5332f/element/0.02340666321763929-39/text'
16:01:42.248 [AsyncHttpClient-1-2] DEBUG org.asynchttpclient.netty.handler.HttpHandler - 

Request DefaultFullHttpRequest(decodeResult: success, version: HTTP/1.1, content: EmptyByteBufBE)
GET /session/3e4951c79d2ede6566ce6a8f9cc5332f/element/0.02340666321763929-39/text HTTP/1.1
User-Agent: selenium/4.0.0-alpha-7 (java windows)
Cache-Control: no-cache
Content-Type: application/json; charset=utf-8
host: localhost:1448
accept: */*

Response DefaultHttpResponse(decodeResult: success, version: HTTP/1.1)
HTTP/1.1 200 OK
Content-Length: 75
Content-Type: application/json; charset=utf-8

16:01:42.249 [AsyncHttpClient-1-2] DEBUG org.asynchttpclient.netty.channel.ChannelManager - Adding key: http://localhost:1448 for channel [id: 0x43daccbb, L:/127.0.0.1:53510 - R:localhost/127.0.0.1:1448]
16:01:42.258 [Forwarding findChildElement on session 3e4951c79d2ede6566ce6a8f9cc5332f to remote] DEBUG org.asynchttpclient.netty.request.NettyRequestSender - Using pooled Channel '[id: 0x43daccbb, L:/127.0.0.1:53510 - R:localhost/127.0.0.1:1448]' for 'POST' to 'http://localhost:1448/session/3e4951c79d2ede6566ce6a8f9cc5332f/element/0.02340666321763929-39/element'
16:01:42.258 [Forwarding findChildElement on session 3e4951c79d2ede6566ce6a8f9cc5332f to remote] DEBUG org.asynchttpclient.netty.request.NettyRequestSender - Using open Channel [id: 0x43daccbb, L:/127.0.0.1:53510 - R:localhost/127.0.0.1:1448] for POST '/session/3e4951c79d2ede6566ce6a8f9cc5332f/element/0.02340666321763929-39/element'
16:01:42.279 [AsyncHttpClient-1-2] DEBUG org.asynchttpclient.netty.handler.HttpHandler - 

Request DefaultHttpRequest(decodeResult: success, version: HTTP/1.1)
POST /session/3e4951c79d2ede6566ce6a8f9cc5332f/element/0.02340666321763929-39/element HTTP/1.1
User-Agent: selenium/4.0.0-alpha-7 (java windows)
Content-Length: 79
Content-Type: application/json; charset=utf-8
host: localhost:1448
accept: */*

Response DefaultHttpResponse(decodeResult: success, version: HTTP/1.1)
HTTP/1.1 200 OK
Content-Length: 105
Content-Type: application/json; charset=utf-8

16:01:42.280 [AsyncHttpClient-1-2] DEBUG org.asynchttpclient.netty.channel.ChannelManager - Adding key: http://localhost:1448 for channel [id: 0x43daccbb, L:/127.0.0.1:53510 - R:localhost/127.0.0.1:1448]
16:01:42.282 [Forwarding getElementAttribute on session 3e4951c79d2ede6566ce6a8f9cc5332f to remote] DEBUG org.asynchttpclient.netty.request.NettyRequestSender - Using pooled Channel '[id: 0x43daccbb, L:/127.0.0.1:53510 - R:localhost/127.0.0.1:1448]' for 'GET' to 'http://localhost:1448/session/3e4951c79d2ede6566ce6a8f9cc5332f/element/0.02340666321763929-105/attribute/value'
16:01:42.282 [Forwarding getElementAttribute on session 3e4951c79d2ede6566ce6a8f9cc5332f to remote] DEBUG org.asynchttpclient.netty.request.NettyRequestSender - Using open Channel [id: 0x43daccbb, L:/127.0.0.1:53510 - R:localhost/127.0.0.1:1448] for GET '/session/3e4951c79d2ede6566ce6a8f9cc5332f/element/0.02340666321763929-105/attribute/value'
16:01:42.300 [AsyncHttpClient-1-2] DEBUG org.asynchttpclient.netty.handler.HttpHandler - 

Request DefaultFullHttpRequest(decodeResult: success, version: HTTP/1.1, content: EmptyByteBufBE)
GET /session/3e4951c79d2ede6566ce6a8f9cc5332f/element/0.02340666321763929-105/attribute/value HTTP/1.1
User-Agent: selenium/4.0.0-alpha-7 (java windows)
Cache-Control: no-cache
Content-Type: application/json; charset=utf-8
host: localhost:1448
accept: */*

Response DefaultHttpResponse(decodeResult: success, version: HTTP/1.1)
HTTP/1.1 200 OK
Content-Length: 72
Content-Type: application/json; charset=utf-8

16:01:42.300 [AsyncHttpClient-1-2] DEBUG org.asynchttpclient.netty.channel.ChannelManager - Adding key: http://localhost:1448 for channel [id: 0x43daccbb, L:/127.0.0.1:53510 - R:localhost/127.0.0.1:1448]
16:01:42.303 [Forwarding getElementText on session 3e4951c79d2ede6566ce6a8f9cc5332f to remote] DEBUG org.asynchttpclient.netty.request.NettyRequestSender - Using pooled Channel '[id: 0x43daccbb, L:/127.0.0.1:53510 - R:localhost/127.0.0.1:1448]' for 'GET' to 'http://localhost:1448/session/3e4951c79d2ede6566ce6a8f9cc5332f/element/0.02340666321763929-40/text'
16:01:42.303 [Forwarding getElementText on session 3e4951c79d2ede6566ce6a8f9cc5332f to remote] DEBUG org.asynchttpclient.netty.request.NettyRequestSender - Using open Channel [id: 0x43daccbb, L:/127.0.0.1:53510 - R:localhost/127.0.0.1:1448] for GET '/session/3e4951c79d2ede6566ce6a8f9cc5332f/element/0.02340666321763929-40/text'
16:01:42.330 [AsyncHttpClient-1-2] DEBUG org.asynchttpclient.netty.handler.HttpHandler - 

Request DefaultFullHttpRequest(decodeResult: success, version: HTTP/1.1, content: EmptyByteBufBE)
GET /session/3e4951c79d2ede6566ce6a8f9cc5332f/element/0.02340666321763929-40/text HTTP/1.1
User-Agent: selenium/4.0.0-alpha-7 (java windows)
Cache-Control: no-cache
Content-Type: application/json; charset=utf-8
host: localhost:1448
accept: */*

Response DefaultHttpResponse(decodeResult: success, version: HTTP/1.1)
HTTP/1.1 200 OK
Content-Length: 75
Content-Type: application/json; charset=utf-8

16:01:42.331 [AsyncHttpClient-1-2] DEBUG org.asynchttpclient.netty.channel.ChannelManager - Adding key: http://localhost:1448 for channel [id: 0x43daccbb, L:/127.0.0.1:53510 - R:localhost/127.0.0.1:1448]
16:01:42.331 [Forwarding findChildElement on session 3e4951c79d2ede6566ce6a8f9cc5332f to remote] DEBUG org.asynchttpclient.netty.request.NettyRequestSender - Using pooled Channel '[id: 0x43daccbb, L:/127.0.0.1:53510 - R:localhost/127.0.0.1:1448]' for 'POST' to 'http://localhost:1448/session/3e4951c79d2ede6566ce6a8f9cc5332f/element/0.02340666321763929-40/element'
16:01:42.332 [Forwarding findChildElement on session 3e4951c79d2ede6566ce6a8f9cc5332f to remote] DEBUG org.asynchttpclient.netty.request.NettyRequestSender - Using open Channel [id: 0x43daccbb, L:/127.0.0.1:53510 - R:localhost/127.0.0.1:1448] for POST '/session/3e4951c79d2ede6566ce6a8f9cc5332f/element/0.02340666321763929-40/element'
16:01:42.349 [AsyncHttpClient-1-1] DEBUG org.asynchttpclient.netty.channel.DefaultChannelPool - Entry count for : http://localhost:53512 : 1
16:01:42.354 [AsyncHttpClient-1-2] DEBUG org.asynchttpclient.netty.handler.HttpHandler - 

Request DefaultHttpRequest(decodeResult: success, version: HTTP/1.1)
POST /session/3e4951c79d2ede6566ce6a8f9cc5332f/element/0.02340666321763929-40/element HTTP/1.1
User-Agent: selenium/4.0.0-alpha-7 (java windows)
Content-Length: 79
Content-Type: application/json; charset=utf-8
host: localhost:1448
accept: */*

Response DefaultHttpResponse(decodeResult: success, version: HTTP/1.1)
HTTP/1.1 200 OK
Content-Length: 105
Content-Type: application/json; charset=utf-8

16:01:42.357 [AsyncHttpClient-1-2] DEBUG org.asynchttpclient.netty.channel.ChannelManager - Adding key: http://localhost:1448 for channel [id: 0x43daccbb, L:/127.0.0.1:53510 - R:localhost/127.0.0.1:1448]
16:01:42.360 [Forwarding getElementAttribute on session 3e4951c79d2ede6566ce6a8f9cc5332f to remote] DEBUG org.asynchttpclient.netty.request.NettyRequestSender - Using pooled Channel '[id: 0x43daccbb, L:/127.0.0.1:53510 - R:localhost/127.0.0.1:1448]' for 'GET' to 'http://localhost:1448/session/3e4951c79d2ede6566ce6a8f9cc5332f/element/0.02340666321763929-106/attribute/value'
16:01:42.360 [Forwarding getElementAttribute on session 3e4951c79d2ede6566ce6a8f9cc5332f to remote] DEBUG org.asynchttpclient.netty.request.NettyRequestSender - Using open Channel [id: 0x43daccbb, L:/127.0.0.1:53510 - R:localhost/127.0.0.1:1448] for GET '/session/3e4951c79d2ede6566ce6a8f9cc5332f/element/0.02340666321763929-106/attribute/value'
16:01:42.378 [AsyncHttpClient-1-2] DEBUG org.asynchttpclient.netty.handler.HttpHandler - 

Request DefaultFullHttpRequest(decodeResult: success, version: HTTP/1.1, content: EmptyByteBufBE)
GET /session/3e4951c79d2ede6566ce6a8f9cc5332f/element/0.02340666321763929-106/attribute/value HTTP/1.1
User-Agent: selenium/4.0.0-alpha-7 (java windows)
Cache-Control: no-cache
Content-Type: application/json; charset=utf-8
host: localhost:1448
accept: */*

Response DefaultHttpResponse(decodeResult: success, version: HTTP/1.1)
HTTP/1.1 200 OK
Content-Length: 72
Content-Type: application/json; charset=utf-8

16:01:42.378 [AsyncHttpClient-1-2] DEBUG org.asynchttpclient.netty.channel.ChannelManager - Adding key: http://localhost:1448 for channel [id: 0x43daccbb, L:/127.0.0.1:53510 - R:localhost/127.0.0.1:1448]
16:01:42.381 [Forwarding getElementText on session 3e4951c79d2ede6566ce6a8f9cc5332f to remote] DEBUG org.asynchttpclient.netty.request.NettyRequestSender - Using pooled Channel '[id: 0x43daccbb, L:/127.0.0.1:53510 - R:localhost/127.0.0.1:1448]' for 'GET' to 'http://localhost:1448/session/3e4951c79d2ede6566ce6a8f9cc5332f/element/0.02340666321763929-41/text'
16:01:42.381 [Forwarding getElementText on session 3e4951c79d2ede6566ce6a8f9cc5332f to remote] DEBUG org.asynchttpclient.netty.request.NettyRequestSender - Using open Channel [id: 0x43daccbb, L:/127.0.0.1:53510 - R:localhost/127.0.0.1:1448] for GET '/session/3e4951c79d2ede6566ce6a8f9cc5332f/element/0.02340666321763929-41/text'
16:01:42.409 [AsyncHttpClient-1-2] DEBUG org.asynchttpclient.netty.handler.HttpHandler - 

Request DefaultFullHttpRequest(decodeResult: success, version: HTTP/1.1, content: EmptyByteBufBE)
GET /session/3e4951c79d2ede6566ce6a8f9cc5332f/element/0.02340666321763929-41/text HTTP/1.1
User-Agent: selenium/4.0.0-alpha-7 (java windows)
Cache-Control: no-cache
Content-Type: application/json; charset=utf-8
host: localhost:1448
accept: */*

Response DefaultHttpResponse(decodeResult: success, version: HTTP/1.1)
HTTP/1.1 200 OK
Content-Length: 75
Content-Type: application/json; charset=utf-8

16:01:42.410 [AsyncHttpClient-1-2] DEBUG org.asynchttpclient.netty.channel.ChannelManager - Adding key: http://localhost:1448 for channel [id: 0x43daccbb, L:/127.0.0.1:53510 - R:localhost/127.0.0.1:1448]
16:01:42.411 [Forwarding findChildElement on session 3e4951c79d2ede6566ce6a8f9cc5332f to remote] DEBUG org.asynchttpclient.netty.request.NettyRequestSender - Using pooled Channel '[id: 0x43daccbb, L:/127.0.0.1:53510 - R:localhost/127.0.0.1:1448]' for 'POST' to 'http://localhost:1448/session/3e4951c79d2ede6566ce6a8f9cc5332f/element/0.02340666321763929-41/element'
16:01:42.411 [Forwarding findChildElement on session 3e4951c79d2ede6566ce6a8f9cc5332f to remote] DEBUG org.asynchttpclient.netty.request.NettyRequestSender - Using open Channel [id: 0x43daccbb, L:/127.0.0.1:53510 - R:localhost/127.0.0.1:1448] for POST '/session/3e4951c79d2ede6566ce6a8f9cc5332f/element/0.02340666321763929-41/element'
16:01:42.430 [AsyncHttpClient-1-2] DEBUG org.asynchttpclient.netty.handler.HttpHandler - 

Request DefaultHttpRequest(decodeResult: success, version: HTTP/1.1)
POST /session/3e4951c79d2ede6566ce6a8f9cc5332f/element/0.02340666321763929-41/element HTTP/1.1
User-Agent: selenium/4.0.0-alpha-7 (java windows)
Content-Length: 79
Content-Type: application/json; charset=utf-8
host: localhost:1448
accept: */*

Response DefaultHttpResponse(decodeResult: success, version: HTTP/1.1)
HTTP/1.1 200 OK
Content-Length: 105
Content-Type: application/json; charset=utf-8

16:01:42.430 [AsyncHttpClient-1-2] DEBUG org.asynchttpclient.netty.channel.ChannelManager - Adding key: http://localhost:1448 for channel [id: 0x43daccbb, L:/127.0.0.1:53510 - R:localhost/127.0.0.1:1448]
16:01:42.431 [Forwarding getElementAttribute on session 3e4951c79d2ede6566ce6a8f9cc5332f to remote] DEBUG org.asynchttpclient.netty.request.NettyRequestSender - Using pooled Channel '[id: 0x43daccbb, L:/127.0.0.1:53510 - R:localhost/127.0.0.1:1448]' for 'GET' to 'http://localhost:1448/session/3e4951c79d2ede6566ce6a8f9cc5332f/element/0.02340666321763929-107/attribute/value'
16:01:42.431 [Forwarding getElementAttribute on session 3e4951c79d2ede6566ce6a8f9cc5332f to remote] DEBUG org.asynchttpclient.netty.request.NettyRequestSender - Using open Channel [id: 0x43daccbb, L:/127.0.0.1:53510 - R:localhost/127.0.0.1:1448] for GET '/session/3e4951c79d2ede6566ce6a8f9cc5332f/element/0.02340666321763929-107/attribute/value'
16:01:42.475 [AsyncHttpClient-1-2] DEBUG org.asynchttpclient.netty.handler.HttpHandler - 

Request DefaultFullHttpRequest(decodeResult: success, version: HTTP/1.1, content: EmptyByteBufBE)
GET /session/3e4951c79d2ede6566ce6a8f9cc5332f/element/0.02340666321763929-107/attribute/value HTTP/1.1
User-Agent: selenium/4.0.0-alpha-7 (java windows)
Cache-Control: no-cache
Content-Type: application/json; charset=utf-8
host: localhost:1448
accept: */*

Response DefaultHttpResponse(decodeResult: success, version: HTTP/1.1)
HTTP/1.1 200 OK
Content-Length: 72
Content-Type: application/json; charset=utf-8

16:01:42.475 [AsyncHttpClient-1-2] DEBUG org.asynchttpclient.netty.channel.ChannelManager - Adding key: http://localhost:1448 for channel [id: 0x43daccbb, L:/127.0.0.1:53510 - R:localhost/127.0.0.1:1448]
16:01:42.477 [Forwarding getElementText on session 3e4951c79d2ede6566ce6a8f9cc5332f to remote] DEBUG org.asynchttpclient.netty.request.NettyRequestSender - Using pooled Channel '[id: 0x43daccbb, L:/127.0.0.1:53510 - R:localhost/127.0.0.1:1448]' for 'GET' to 'http://localhost:1448/session/3e4951c79d2ede6566ce6a8f9cc5332f/element/0.02340666321763929-42/text'
16:01:42.477 [Forwarding getElementText on session 3e4951c79d2ede6566ce6a8f9cc5332f to remote] DEBUG org.asynchttpclient.netty.request.NettyRequestSender - Using open Channel [id: 0x43daccbb, L:/127.0.0.1:53510 - R:localhost/127.0.0.1:1448] for GET '/session/3e4951c79d2ede6566ce6a8f9cc5332f/element/0.02340666321763929-42/text'
16:01:42.497 [AsyncHttpClient-1-2] DEBUG org.asynchttpclient.netty.handler.HttpHandler - 

Request DefaultFullHttpRequest(decodeResult: success, version: HTTP/1.1, content: EmptyByteBufBE)
GET /session/3e4951c79d2ede6566ce6a8f9cc5332f/element/0.02340666321763929-42/text HTTP/1.1
User-Agent: selenium/4.0.0-alpha-7 (java windows)
Cache-Control: no-cache
Content-Type: application/json; charset=utf-8
host: localhost:1448
accept: */*

Response DefaultHttpResponse(decodeResult: success, version: HTTP/1.1)
HTTP/1.1 200 OK
Content-Length: 75
Content-Type: application/json; charset=utf-8

16:01:42.498 [AsyncHttpClient-1-2] DEBUG org.asynchttpclient.netty.channel.ChannelManager - Adding key: http://localhost:1448 for channel [id: 0x43daccbb, L:/127.0.0.1:53510 - R:localhost/127.0.0.1:1448]
16:01:42.499 [Forwarding findChildElement on session 3e4951c79d2ede6566ce6a8f9cc5332f to remote] DEBUG org.asynchttpclient.netty.request.NettyRequestSender - Using pooled Channel '[id: 0x43daccbb, L:/127.0.0.1:53510 - R:localhost/127.0.0.1:1448]' for 'POST' to 'http://localhost:1448/session/3e4951c79d2ede6566ce6a8f9cc5332f/element/0.02340666321763929-42/element'
16:01:42.499 [Forwarding findChildElement on session 3e4951c79d2ede6566ce6a8f9cc5332f to remote] DEBUG org.asynchttpclient.netty.request.NettyRequestSender - Using open Channel [id: 0x43daccbb, L:/127.0.0.1:53510 - R:localhost/127.0.0.1:1448] for POST '/session/3e4951c79d2ede6566ce6a8f9cc5332f/element/0.02340666321763929-42/element'
16:01:42.526 [AsyncHttpClient-1-2] DEBUG org.asynchttpclient.netty.handler.HttpHandler - 

Request DefaultHttpRequest(decodeResult: success, version: HTTP/1.1)
POST /session/3e4951c79d2ede6566ce6a8f9cc5332f/element/0.02340666321763929-42/element HTTP/1.1
User-Agent: selenium/4.0.0-alpha-7 (java windows)
Content-Length: 79
Content-Type: application/json; charset=utf-8
host: localhost:1448
accept: */*

Response DefaultHttpResponse(decodeResult: success, version: HTTP/1.1)
HTTP/1.1 200 OK
Content-Length: 105
Content-Type: application/json; charset=utf-8

16:01:42.526 [AsyncHttpClient-1-2] DEBUG org.asynchttpclient.netty.channel.ChannelManager - Adding key: http://localhost:1448 for channel [id: 0x43daccbb, L:/127.0.0.1:53510 - R:localhost/127.0.0.1:1448]
16:01:42.528 [Forwarding getElementAttribute on session 3e4951c79d2ede6566ce6a8f9cc5332f to remote] DEBUG org.asynchttpclient.netty.request.NettyRequestSender - Using pooled Channel '[id: 0x43daccbb, L:/127.0.0.1:53510 - R:localhost/127.0.0.1:1448]' for 'GET' to 'http://localhost:1448/session/3e4951c79d2ede6566ce6a8f9cc5332f/element/0.02340666321763929-108/attribute/value'
16:01:42.529 [Forwarding getElementAttribute on session 3e4951c79d2ede6566ce6a8f9cc5332f to remote] DEBUG org.asynchttpclient.netty.request.NettyRequestSender - Using open Channel [id: 0x43daccbb, L:/127.0.0.1:53510 - R:localhost/127.0.0.1:1448] for GET '/session/3e4951c79d2ede6566ce6a8f9cc5332f/element/0.02340666321763929-108/attribute/value'
16:01:42.548 [AsyncHttpClient-1-2] DEBUG org.asynchttpclient.netty.handler.HttpHandler - 

Request DefaultFullHttpRequest(decodeResult: success, version: HTTP/1.1, content: EmptyByteBufBE)
GET /session/3e4951c79d2ede6566ce6a8f9cc5332f/element/0.02340666321763929-108/attribute/value HTTP/1.1
User-Agent: selenium/4.0.0-alpha-7 (java windows)
Cache-Control: no-cache
Content-Type: application/json; charset=utf-8
host: localhost:1448
accept: */*

Response DefaultHttpResponse(decodeResult: success, version: HTTP/1.1)
HTTP/1.1 200 OK
Content-Length: 72
Content-Type: application/json; charset=utf-8

16:01:42.549 [AsyncHttpClient-1-2] DEBUG org.asynchttpclient.netty.channel.ChannelManager - Adding key: http://localhost:1448 for channel [id: 0x43daccbb, L:/127.0.0.1:53510 - R:localhost/127.0.0.1:1448]
16:01:42.550 [Forwarding getElementText on session 3e4951c79d2ede6566ce6a8f9cc5332f to remote] DEBUG org.asynchttpclient.netty.request.NettyRequestSender - Using pooled Channel '[id: 0x43daccbb, L:/127.0.0.1:53510 - R:localhost/127.0.0.1:1448]' for 'GET' to 'http://localhost:1448/session/3e4951c79d2ede6566ce6a8f9cc5332f/element/0.02340666321763929-43/text'
16:01:42.550 [Forwarding getElementText on session 3e4951c79d2ede6566ce6a8f9cc5332f to remote] DEBUG org.asynchttpclient.netty.request.NettyRequestSender - Using open Channel [id: 0x43daccbb, L:/127.0.0.1:53510 - R:localhost/127.0.0.1:1448] for GET '/session/3e4951c79d2ede6566ce6a8f9cc5332f/element/0.02340666321763929-43/text'
16:01:42.578 [AsyncHttpClient-1-2] DEBUG org.asynchttpclient.netty.handler.HttpHandler - 

Request DefaultFullHttpRequest(decodeResult: success, version: HTTP/1.1, content: EmptyByteBufBE)
GET /session/3e4951c79d2ede6566ce6a8f9cc5332f/element/0.02340666321763929-43/text HTTP/1.1
User-Agent: selenium/4.0.0-alpha-7 (java windows)
Cache-Control: no-cache
Content-Type: application/json; charset=utf-8
host: localhost:1448
accept: */*

Response DefaultHttpResponse(decodeResult: success, version: HTTP/1.1)
HTTP/1.1 200 OK
Content-Length: 75
Content-Type: application/json; charset=utf-8

16:01:42.579 [AsyncHttpClient-1-2] DEBUG org.asynchttpclient.netty.channel.ChannelManager - Adding key: http://localhost:1448 for channel [id: 0x43daccbb, L:/127.0.0.1:53510 - R:localhost/127.0.0.1:1448]
16:01:42.581 [Forwarding findChildElement on session 3e4951c79d2ede6566ce6a8f9cc5332f to remote] DEBUG org.asynchttpclient.netty.request.NettyRequestSender - Using pooled Channel '[id: 0x43daccbb, L:/127.0.0.1:53510 - R:localhost/127.0.0.1:1448]' for 'POST' to 'http://localhost:1448/session/3e4951c79d2ede6566ce6a8f9cc5332f/element/0.02340666321763929-43/element'
16:01:42.581 [Forwarding findChildElement on session 3e4951c79d2ede6566ce6a8f9cc5332f to remote] DEBUG org.asynchttpclient.netty.request.NettyRequestSender - Using open Channel [id: 0x43daccbb, L:/127.0.0.1:53510 - R:localhost/127.0.0.1:1448] for POST '/session/3e4951c79d2ede6566ce6a8f9cc5332f/element/0.02340666321763929-43/element'
16:01:42.611 [AsyncHttpClient-1-2] DEBUG org.asynchttpclient.netty.handler.HttpHandler - 

Request DefaultHttpRequest(decodeResult: success, version: HTTP/1.1)
POST /session/3e4951c79d2ede6566ce6a8f9cc5332f/element/0.02340666321763929-43/element HTTP/1.1
User-Agent: selenium/4.0.0-alpha-7 (java windows)
Content-Length: 79
Content-Type: application/json; charset=utf-8
host: localhost:1448
accept: */*

Response DefaultHttpResponse(decodeResult: success, version: HTTP/1.1)
HTTP/1.1 200 OK
Content-Length: 105
Content-Type: application/json; charset=utf-8

16:01:42.612 [AsyncHttpClient-1-2] DEBUG org.asynchttpclient.netty.channel.ChannelManager - Adding key: http://localhost:1448 for channel [id: 0x43daccbb, L:/127.0.0.1:53510 - R:localhost/127.0.0.1:1448]
16:01:42.612 [Forwarding getElementAttribute on session 3e4951c79d2ede6566ce6a8f9cc5332f to remote] DEBUG org.asynchttpclient.netty.request.NettyRequestSender - Using pooled Channel '[id: 0x43daccbb, L:/127.0.0.1:53510 - R:localhost/127.0.0.1:1448]' for 'GET' to 'http://localhost:1448/session/3e4951c79d2ede6566ce6a8f9cc5332f/element/0.02340666321763929-109/attribute/value'
16:01:42.612 [Forwarding getElementAttribute on session 3e4951c79d2ede6566ce6a8f9cc5332f to remote] DEBUG org.asynchttpclient.netty.request.NettyRequestSender - Using open Channel [id: 0x43daccbb, L:/127.0.0.1:53510 - R:localhost/127.0.0.1:1448] for GET '/session/3e4951c79d2ede6566ce6a8f9cc5332f/element/0.02340666321763929-109/attribute/value'
16:01:42.657 [AsyncHttpClient-1-2] DEBUG org.asynchttpclient.netty.handler.HttpHandler - 

Request DefaultFullHttpRequest(decodeResult: success, version: HTTP/1.1, content: EmptyByteBufBE)
GET /session/3e4951c79d2ede6566ce6a8f9cc5332f/element/0.02340666321763929-109/attribute/value HTTP/1.1
User-Agent: selenium/4.0.0-alpha-7 (java windows)
Cache-Control: no-cache
Content-Type: application/json; charset=utf-8
host: localhost:1448
accept: */*

Response DefaultHttpResponse(decodeResult: success, version: HTTP/1.1)
HTTP/1.1 200 OK
Content-Length: 72
Content-Type: application/json; charset=utf-8

16:01:42.657 [AsyncHttpClient-1-2] DEBUG org.asynchttpclient.netty.channel.ChannelManager - Adding key: http://localhost:1448 for channel [id: 0x43daccbb, L:/127.0.0.1:53510 - R:localhost/127.0.0.1:1448]
16:01:42.660 [Forwarding getElementText on session 3e4951c79d2ede6566ce6a8f9cc5332f to remote] DEBUG org.asynchttpclient.netty.request.NettyRequestSender - Using pooled Channel '[id: 0x43daccbb, L:/127.0.0.1:53510 - R:localhost/127.0.0.1:1448]' for 'GET' to 'http://localhost:1448/session/3e4951c79d2ede6566ce6a8f9cc5332f/element/0.02340666321763929-44/text'
16:01:42.660 [Forwarding getElementText on session 3e4951c79d2ede6566ce6a8f9cc5332f to remote] DEBUG org.asynchttpclient.netty.request.NettyRequestSender - Using open Channel [id: 0x43daccbb, L:/127.0.0.1:53510 - R:localhost/127.0.0.1:1448] for GET '/session/3e4951c79d2ede6566ce6a8f9cc5332f/element/0.02340666321763929-44/text'
16:01:42.680 [AsyncHttpClient-1-2] DEBUG org.asynchttpclient.netty.handler.HttpHandler - 

Request DefaultFullHttpRequest(decodeResult: success, version: HTTP/1.1, content: EmptyByteBufBE)
GET /session/3e4951c79d2ede6566ce6a8f9cc5332f/element/0.02340666321763929-44/text HTTP/1.1
User-Agent: selenium/4.0.0-alpha-7 (java windows)
Cache-Control: no-cache
Content-Type: application/json; charset=utf-8
host: localhost:1448
accept: */*

Response DefaultHttpResponse(decodeResult: success, version: HTTP/1.1)
HTTP/1.1 200 OK
Content-Length: 75
Content-Type: application/json; charset=utf-8

16:01:42.681 [AsyncHttpClient-1-2] DEBUG org.asynchttpclient.netty.channel.ChannelManager - Adding key: http://localhost:1448 for channel [id: 0x43daccbb, L:/127.0.0.1:53510 - R:localhost/127.0.0.1:1448]
16:01:42.683 [Forwarding findChildElement on session 3e4951c79d2ede6566ce6a8f9cc5332f to remote] DEBUG org.asynchttpclient.netty.request.NettyRequestSender - Using pooled Channel '[id: 0x43daccbb, L:/127.0.0.1:53510 - R:localhost/127.0.0.1:1448]' for 'POST' to 'http://localhost:1448/session/3e4951c79d2ede6566ce6a8f9cc5332f/element/0.02340666321763929-44/element'
16:01:42.683 [Forwarding findChildElement on session 3e4951c79d2ede6566ce6a8f9cc5332f to remote] DEBUG org.asynchttpclient.netty.request.NettyRequestSender - Using open Channel [id: 0x43daccbb, L:/127.0.0.1:53510 - R:localhost/127.0.0.1:1448] for POST '/session/3e4951c79d2ede6566ce6a8f9cc5332f/element/0.02340666321763929-44/element'
16:01:42.711 [AsyncHttpClient-1-2] DEBUG org.asynchttpclient.netty.handler.HttpHandler - 

Request DefaultHttpRequest(decodeResult: success, version: HTTP/1.1)
POST /session/3e4951c79d2ede6566ce6a8f9cc5332f/element/0.02340666321763929-44/element HTTP/1.1
User-Agent: selenium/4.0.0-alpha-7 (java windows)
Content-Length: 79
Content-Type: application/json; charset=utf-8
host: localhost:1448
accept: */*

Response DefaultHttpResponse(decodeResult: success, version: HTTP/1.1)
HTTP/1.1 200 OK
Content-Length: 105
Content-Type: application/json; charset=utf-8

16:01:42.711 [AsyncHttpClient-1-2] DEBUG org.asynchttpclient.netty.channel.ChannelManager - Adding key: http://localhost:1448 for channel [id: 0x43daccbb, L:/127.0.0.1:53510 - R:localhost/127.0.0.1:1448]
16:01:42.712 [Forwarding getElementAttribute on session 3e4951c79d2ede6566ce6a8f9cc5332f to remote] DEBUG org.asynchttpclient.netty.request.NettyRequestSender - Using pooled Channel '[id: 0x43daccbb, L:/127.0.0.1:53510 - R:localhost/127.0.0.1:1448]' for 'GET' to 'http://localhost:1448/session/3e4951c79d2ede6566ce6a8f9cc5332f/element/0.02340666321763929-110/attribute/value'
16:01:42.712 [Forwarding getElementAttribute on session 3e4951c79d2ede6566ce6a8f9cc5332f to remote] DEBUG org.asynchttpclient.netty.request.NettyRequestSender - Using open Channel [id: 0x43daccbb, L:/127.0.0.1:53510 - R:localhost/127.0.0.1:1448] for GET '/session/3e4951c79d2ede6566ce6a8f9cc5332f/element/0.02340666321763929-110/attribute/value'
16:01:42.728 [AsyncHttpClient-1-2] DEBUG org.asynchttpclient.netty.handler.HttpHandler - 

Request DefaultFullHttpRequest(decodeResult: success, version: HTTP/1.1, content: EmptyByteBufBE)
GET /session/3e4951c79d2ede6566ce6a8f9cc5332f/element/0.02340666321763929-110/attribute/value HTTP/1.1
User-Agent: selenium/4.0.0-alpha-7 (java windows)
Cache-Control: no-cache
Content-Type: application/json; charset=utf-8
host: localhost:1448
accept: */*

Response DefaultHttpResponse(decodeResult: success, version: HTTP/1.1)
HTTP/1.1 200 OK
Content-Length: 72
Content-Type: application/json; charset=utf-8

16:01:42.729 [AsyncHttpClient-1-2] DEBUG org.asynchttpclient.netty.channel.ChannelManager - Adding key: http://localhost:1448 for channel [id: 0x43daccbb, L:/127.0.0.1:53510 - R:localhost/127.0.0.1:1448]
16:01:42.730 [Forwarding getElementText on session 3e4951c79d2ede6566ce6a8f9cc5332f to remote] DEBUG org.asynchttpclient.netty.request.NettyRequestSender - Using pooled Channel '[id: 0x43daccbb, L:/127.0.0.1:53510 - R:localhost/127.0.0.1:1448]' for 'GET' to 'http://localhost:1448/session/3e4951c79d2ede6566ce6a8f9cc5332f/element/0.02340666321763929-45/text'
16:01:42.730 [Forwarding getElementText on session 3e4951c79d2ede6566ce6a8f9cc5332f to remote] DEBUG org.asynchttpclient.netty.request.NettyRequestSender - Using open Channel [id: 0x43daccbb, L:/127.0.0.1:53510 - R:localhost/127.0.0.1:1448] for GET '/session/3e4951c79d2ede6566ce6a8f9cc5332f/element/0.02340666321763929-45/text'
16:01:42.760 [AsyncHttpClient-1-2] DEBUG org.asynchttpclient.netty.handler.HttpHandler - 

Request DefaultFullHttpRequest(decodeResult: success, version: HTTP/1.1, content: EmptyByteBufBE)
GET /session/3e4951c79d2ede6566ce6a8f9cc5332f/element/0.02340666321763929-45/text HTTP/1.1
User-Agent: selenium/4.0.0-alpha-7 (java windows)
Cache-Control: no-cache
Content-Type: application/json; charset=utf-8
host: localhost:1448
accept: */*

Response DefaultHttpResponse(decodeResult: success, version: HTTP/1.1)
HTTP/1.1 200 OK
Content-Length: 75
Content-Type: application/json; charset=utf-8

16:01:42.760 [AsyncHttpClient-1-2] DEBUG org.asynchttpclient.netty.channel.ChannelManager - Adding key: http://localhost:1448 for channel [id: 0x43daccbb, L:/127.0.0.1:53510 - R:localhost/127.0.0.1:1448]
16:01:42.762 [Forwarding findChildElement on session 3e4951c79d2ede6566ce6a8f9cc5332f to remote] DEBUG org.asynchttpclient.netty.request.NettyRequestSender - Using pooled Channel '[id: 0x43daccbb, L:/127.0.0.1:53510 - R:localhost/127.0.0.1:1448]' for 'POST' to 'http://localhost:1448/session/3e4951c79d2ede6566ce6a8f9cc5332f/element/0.02340666321763929-45/element'
16:01:42.762 [Forwarding findChildElement on session 3e4951c79d2ede6566ce6a8f9cc5332f to remote] DEBUG org.asynchttpclient.netty.request.NettyRequestSender - Using open Channel [id: 0x43daccbb, L:/127.0.0.1:53510 - R:localhost/127.0.0.1:1448] for POST '/session/3e4951c79d2ede6566ce6a8f9cc5332f/element/0.02340666321763929-45/element'
16:01:42.778 [AsyncHttpClient-1-2] DEBUG org.asynchttpclient.netty.handler.HttpHandler - 

Request DefaultHttpRequest(decodeResult: success, version: HTTP/1.1)
POST /session/3e4951c79d2ede6566ce6a8f9cc5332f/element/0.02340666321763929-45/element HTTP/1.1
User-Agent: selenium/4.0.0-alpha-7 (java windows)
Content-Length: 79
Content-Type: application/json; charset=utf-8
host: localhost:1448
accept: */*

Response DefaultHttpResponse(decodeResult: success, version: HTTP/1.1)
HTTP/1.1 200 OK
Content-Length: 105
Content-Type: application/json; charset=utf-8

16:01:42.778 [AsyncHttpClient-1-2] DEBUG org.asynchttpclient.netty.channel.ChannelManager - Adding key: http://localhost:1448 for channel [id: 0x43daccbb, L:/127.0.0.1:53510 - R:localhost/127.0.0.1:1448]
16:01:42.780 [Forwarding getElementAttribute on session 3e4951c79d2ede6566ce6a8f9cc5332f to remote] DEBUG org.asynchttpclient.netty.request.NettyRequestSender - Using pooled Channel '[id: 0x43daccbb, L:/127.0.0.1:53510 - R:localhost/127.0.0.1:1448]' for 'GET' to 'http://localhost:1448/session/3e4951c79d2ede6566ce6a8f9cc5332f/element/0.02340666321763929-111/attribute/value'
16:01:42.780 [Forwarding getElementAttribute on session 3e4951c79d2ede6566ce6a8f9cc5332f to remote] DEBUG org.asynchttpclient.netty.request.NettyRequestSender - Using open Channel [id: 0x43daccbb, L:/127.0.0.1:53510 - R:localhost/127.0.0.1:1448] for GET '/session/3e4951c79d2ede6566ce6a8f9cc5332f/element/0.02340666321763929-111/attribute/value'
16:01:42.796 [AsyncHttpClient-1-2] DEBUG org.asynchttpclient.netty.handler.HttpHandler - 

Request DefaultFullHttpRequest(decodeResult: success, version: HTTP/1.1, content: EmptyByteBufBE)
GET /session/3e4951c79d2ede6566ce6a8f9cc5332f/element/0.02340666321763929-111/attribute/value HTTP/1.1
User-Agent: selenium/4.0.0-alpha-7 (java windows)
Cache-Control: no-cache
Content-Type: application/json; charset=utf-8
host: localhost:1448
accept: */*

Response DefaultHttpResponse(decodeResult: success, version: HTTP/1.1)
HTTP/1.1 200 OK
Content-Length: 72
Content-Type: application/json; charset=utf-8

16:01:42.797 [AsyncHttpClient-1-2] DEBUG org.asynchttpclient.netty.channel.ChannelManager - Adding key: http://localhost:1448 for channel [id: 0x43daccbb, L:/127.0.0.1:53510 - R:localhost/127.0.0.1:1448]
16:01:42.798 [Forwarding getElementText on session 3e4951c79d2ede6566ce6a8f9cc5332f to remote] DEBUG org.asynchttpclient.netty.request.NettyRequestSender - Using pooled Channel '[id: 0x43daccbb, L:/127.0.0.1:53510 - R:localhost/127.0.0.1:1448]' for 'GET' to 'http://localhost:1448/session/3e4951c79d2ede6566ce6a8f9cc5332f/element/0.02340666321763929-46/text'
16:01:42.798 [Forwarding getElementText on session 3e4951c79d2ede6566ce6a8f9cc5332f to remote] DEBUG org.asynchttpclient.netty.request.NettyRequestSender - Using open Channel [id: 0x43daccbb, L:/127.0.0.1:53510 - R:localhost/127.0.0.1:1448] for GET '/session/3e4951c79d2ede6566ce6a8f9cc5332f/element/0.02340666321763929-46/text'
16:01:42.816 [AsyncHttpClient-1-2] DEBUG org.asynchttpclient.netty.handler.HttpHandler - 

Request DefaultFullHttpRequest(decodeResult: success, version: HTTP/1.1, content: EmptyByteBufBE)
GET /session/3e4951c79d2ede6566ce6a8f9cc5332f/element/0.02340666321763929-46/text HTTP/1.1
User-Agent: selenium/4.0.0-alpha-7 (java windows)
Cache-Control: no-cache
Content-Type: application/json; charset=utf-8
host: localhost:1448
accept: */*

Response DefaultHttpResponse(decodeResult: success, version: HTTP/1.1)
HTTP/1.1 200 OK
Content-Length: 75
Content-Type: application/json; charset=utf-8

16:01:42.817 [AsyncHttpClient-1-2] DEBUG org.asynchttpclient.netty.channel.ChannelManager - Adding key: http://localhost:1448 for channel [id: 0x43daccbb, L:/127.0.0.1:53510 - R:localhost/127.0.0.1:1448]
16:01:42.824 [Forwarding findChildElement on session 3e4951c79d2ede6566ce6a8f9cc5332f to remote] DEBUG org.asynchttpclient.netty.request.NettyRequestSender - Using pooled Channel '[id: 0x43daccbb, L:/127.0.0.1:53510 - R:localhost/127.0.0.1:1448]' for 'POST' to 'http://localhost:1448/session/3e4951c79d2ede6566ce6a8f9cc5332f/element/0.02340666321763929-46/element'
16:01:42.824 [Forwarding findChildElement on session 3e4951c79d2ede6566ce6a8f9cc5332f to remote] DEBUG org.asynchttpclient.netty.request.NettyRequestSender - Using open Channel [id: 0x43daccbb, L:/127.0.0.1:53510 - R:localhost/127.0.0.1:1448] for POST '/session/3e4951c79d2ede6566ce6a8f9cc5332f/element/0.02340666321763929-46/element'
16:01:42.843 [AsyncHttpClient-1-2] DEBUG org.asynchttpclient.netty.handler.HttpHandler - 

Request DefaultHttpRequest(decodeResult: success, version: HTTP/1.1)
POST /session/3e4951c79d2ede6566ce6a8f9cc5332f/element/0.02340666321763929-46/element HTTP/1.1
User-Agent: selenium/4.0.0-alpha-7 (java windows)
Content-Length: 79
Content-Type: application/json; charset=utf-8
host: localhost:1448
accept: */*

Response DefaultHttpResponse(decodeResult: success, version: HTTP/1.1)
HTTP/1.1 200 OK
Content-Length: 105
Content-Type: application/json; charset=utf-8

16:01:42.844 [AsyncHttpClient-1-2] DEBUG org.asynchttpclient.netty.channel.ChannelManager - Adding key: http://localhost:1448 for channel [id: 0x43daccbb, L:/127.0.0.1:53510 - R:localhost/127.0.0.1:1448]
16:01:42.845 [Forwarding getElementAttribute on session 3e4951c79d2ede6566ce6a8f9cc5332f to remote] DEBUG org.asynchttpclient.netty.request.NettyRequestSender - Using pooled Channel '[id: 0x43daccbb, L:/127.0.0.1:53510 - R:localhost/127.0.0.1:1448]' for 'GET' to 'http://localhost:1448/session/3e4951c79d2ede6566ce6a8f9cc5332f/element/0.02340666321763929-112/attribute/value'
16:01:42.845 [Forwarding getElementAttribute on session 3e4951c79d2ede6566ce6a8f9cc5332f to remote] DEBUG org.asynchttpclient.netty.request.NettyRequestSender - Using open Channel [id: 0x43daccbb, L:/127.0.0.1:53510 - R:localhost/127.0.0.1:1448] for GET '/session/3e4951c79d2ede6566ce6a8f9cc5332f/element/0.02340666321763929-112/attribute/value'
16:01:42.861 [AsyncHttpClient-1-2] DEBUG org.asynchttpclient.netty.handler.HttpHandler - 

Request DefaultFullHttpRequest(decodeResult: success, version: HTTP/1.1, content: EmptyByteBufBE)
GET /session/3e4951c79d2ede6566ce6a8f9cc5332f/element/0.02340666321763929-112/attribute/value HTTP/1.1
User-Agent: selenium/4.0.0-alpha-7 (java windows)
Cache-Control: no-cache
Content-Type: application/json; charset=utf-8
host: localhost:1448
accept: */*

Response DefaultHttpResponse(decodeResult: success, version: HTTP/1.1)
HTTP/1.1 200 OK
Content-Length: 72
Content-Type: application/json; charset=utf-8

16:01:42.861 [AsyncHttpClient-1-2] DEBUG org.asynchttpclient.netty.channel.ChannelManager - Adding key: http://localhost:1448 for channel [id: 0x43daccbb, L:/127.0.0.1:53510 - R:localhost/127.0.0.1:1448]
16:01:42.863 [Forwarding getElementText on session 3e4951c79d2ede6566ce6a8f9cc5332f to remote] DEBUG org.asynchttpclient.netty.request.NettyRequestSender - Using pooled Channel '[id: 0x43daccbb, L:/127.0.0.1:53510 - R:localhost/127.0.0.1:1448]' for 'GET' to 'http://localhost:1448/session/3e4951c79d2ede6566ce6a8f9cc5332f/element/0.02340666321763929-47/text'
16:01:42.863 [Forwarding getElementText on session 3e4951c79d2ede6566ce6a8f9cc5332f to remote] DEBUG org.asynchttpclient.netty.request.NettyRequestSender - Using open Channel [id: 0x43daccbb, L:/127.0.0.1:53510 - R:localhost/127.0.0.1:1448] for GET '/session/3e4951c79d2ede6566ce6a8f9cc5332f/element/0.02340666321763929-47/text'
16:01:42.911 [AsyncHttpClient-1-2] DEBUG org.asynchttpclient.netty.handler.HttpHandler - 

Request DefaultFullHttpRequest(decodeResult: success, version: HTTP/1.1, content: EmptyByteBufBE)
GET /session/3e4951c79d2ede6566ce6a8f9cc5332f/element/0.02340666321763929-47/text HTTP/1.1
User-Agent: selenium/4.0.0-alpha-7 (java windows)
Cache-Control: no-cache
Content-Type: application/json; charset=utf-8
host: localhost:1448
accept: */*

Response DefaultHttpResponse(decodeResult: success, version: HTTP/1.1)
HTTP/1.1 200 OK
Content-Length: 75
Content-Type: application/json; charset=utf-8

16:01:42.911 [AsyncHttpClient-1-2] DEBUG org.asynchttpclient.netty.channel.ChannelManager - Adding key: http://localhost:1448 for channel [id: 0x43daccbb, L:/127.0.0.1:53510 - R:localhost/127.0.0.1:1448]
16:01:42.912 [Forwarding findChildElement on session 3e4951c79d2ede6566ce6a8f9cc5332f to remote] DEBUG org.asynchttpclient.netty.request.NettyRequestSender - Using pooled Channel '[id: 0x43daccbb, L:/127.0.0.1:53510 - R:localhost/127.0.0.1:1448]' for 'POST' to 'http://localhost:1448/session/3e4951c79d2ede6566ce6a8f9cc5332f/element/0.02340666321763929-47/element'
16:01:42.912 [Forwarding findChildElement on session 3e4951c79d2ede6566ce6a8f9cc5332f to remote] DEBUG org.asynchttpclient.netty.request.NettyRequestSender - Using open Channel [id: 0x43daccbb, L:/127.0.0.1:53510 - R:localhost/127.0.0.1:1448] for POST '/session/3e4951c79d2ede6566ce6a8f9cc5332f/element/0.02340666321763929-47/element'
16:01:42.928 [AsyncHttpClient-1-2] DEBUG org.asynchttpclient.netty.handler.HttpHandler - 

Request DefaultHttpRequest(decodeResult: success, version: HTTP/1.1)
POST /session/3e4951c79d2ede6566ce6a8f9cc5332f/element/0.02340666321763929-47/element HTTP/1.1
User-Agent: selenium/4.0.0-alpha-7 (java windows)
Content-Length: 79
Content-Type: application/json; charset=utf-8
host: localhost:1448
accept: */*

Response DefaultHttpResponse(decodeResult: success, version: HTTP/1.1)
HTTP/1.1 200 OK
Content-Length: 105
Content-Type: application/json; charset=utf-8

16:01:42.928 [AsyncHttpClient-1-2] DEBUG org.asynchttpclient.netty.channel.ChannelManager - Adding key: http://localhost:1448 for channel [id: 0x43daccbb, L:/127.0.0.1:53510 - R:localhost/127.0.0.1:1448]
16:01:42.929 [Forwarding getElementAttribute on session 3e4951c79d2ede6566ce6a8f9cc5332f to remote] DEBUG org.asynchttpclient.netty.request.NettyRequestSender - Using pooled Channel '[id: 0x43daccbb, L:/127.0.0.1:53510 - R:localhost/127.0.0.1:1448]' for 'GET' to 'http://localhost:1448/session/3e4951c79d2ede6566ce6a8f9cc5332f/element/0.02340666321763929-113/attribute/value'
16:01:42.929 [Forwarding getElementAttribute on session 3e4951c79d2ede6566ce6a8f9cc5332f to remote] DEBUG org.asynchttpclient.netty.request.NettyRequestSender - Using open Channel [id: 0x43daccbb, L:/127.0.0.1:53510 - R:localhost/127.0.0.1:1448] for GET '/session/3e4951c79d2ede6566ce6a8f9cc5332f/element/0.02340666321763929-113/attribute/value'
16:01:42.978 [AsyncHttpClient-1-2] DEBUG org.asynchttpclient.netty.handler.HttpHandler - 

Request DefaultFullHttpRequest(decodeResult: success, version: HTTP/1.1, content: EmptyByteBufBE)
GET /session/3e4951c79d2ede6566ce6a8f9cc5332f/element/0.02340666321763929-113/attribute/value HTTP/1.1
User-Agent: selenium/4.0.0-alpha-7 (java windows)
Cache-Control: no-cache
Content-Type: application/json; charset=utf-8
host: localhost:1448
accept: */*

Response DefaultHttpResponse(decodeResult: success, version: HTTP/1.1)
HTTP/1.1 200 OK
Content-Length: 72
Content-Type: application/json; charset=utf-8

16:01:42.978 [AsyncHttpClient-1-2] DEBUG org.asynchttpclient.netty.channel.ChannelManager - Adding key: http://localhost:1448 for channel [id: 0x43daccbb, L:/127.0.0.1:53510 - R:localhost/127.0.0.1:1448]
16:01:42.980 [Forwarding getElementText on session 3e4951c79d2ede6566ce6a8f9cc5332f to remote] DEBUG org.asynchttpclient.netty.request.NettyRequestSender - Using pooled Channel '[id: 0x43daccbb, L:/127.0.0.1:53510 - R:localhost/127.0.0.1:1448]' for 'GET' to 'http://localhost:1448/session/3e4951c79d2ede6566ce6a8f9cc5332f/element/0.02340666321763929-48/text'
16:01:42.980 [Forwarding getElementText on session 3e4951c79d2ede6566ce6a8f9cc5332f to remote] DEBUG org.asynchttpclient.netty.request.NettyRequestSender - Using open Channel [id: 0x43daccbb, L:/127.0.0.1:53510 - R:localhost/127.0.0.1:1448] for GET '/session/3e4951c79d2ede6566ce6a8f9cc5332f/element/0.02340666321763929-48/text'
16:01:42.996 [AsyncHttpClient-1-2] DEBUG org.asynchttpclient.netty.handler.HttpHandler - 

Request DefaultFullHttpRequest(decodeResult: success, version: HTTP/1.1, content: EmptyByteBufBE)
GET /session/3e4951c79d2ede6566ce6a8f9cc5332f/element/0.02340666321763929-48/text HTTP/1.1
User-Agent: selenium/4.0.0-alpha-7 (java windows)
Cache-Control: no-cache
Content-Type: application/json; charset=utf-8
host: localhost:1448
accept: */*

Response DefaultHttpResponse(decodeResult: success, version: HTTP/1.1)
HTTP/1.1 200 OK
Content-Length: 75
Content-Type: application/json; charset=utf-8

16:01:42.997 [AsyncHttpClient-1-2] DEBUG org.asynchttpclient.netty.channel.ChannelManager - Adding key: http://localhost:1448 for channel [id: 0x43daccbb, L:/127.0.0.1:53510 - R:localhost/127.0.0.1:1448]
16:01:42.997 [Forwarding findChildElement on session 3e4951c79d2ede6566ce6a8f9cc5332f to remote] DEBUG org.asynchttpclient.netty.request.NettyRequestSender - Using pooled Channel '[id: 0x43daccbb, L:/127.0.0.1:53510 - R:localhost/127.0.0.1:1448]' for 'POST' to 'http://localhost:1448/session/3e4951c79d2ede6566ce6a8f9cc5332f/element/0.02340666321763929-48/element'
16:01:42.998 [Forwarding findChildElement on session 3e4951c79d2ede6566ce6a8f9cc5332f to remote] DEBUG org.asynchttpclient.netty.request.NettyRequestSender - Using open Channel [id: 0x43daccbb, L:/127.0.0.1:53510 - R:localhost/127.0.0.1:1448] for POST '/session/3e4951c79d2ede6566ce6a8f9cc5332f/element/0.02340666321763929-48/element'
16:01:43.016 [AsyncHttpClient-1-2] DEBUG org.asynchttpclient.netty.handler.HttpHandler - 

Request DefaultHttpRequest(decodeResult: success, version: HTTP/1.1)
POST /session/3e4951c79d2ede6566ce6a8f9cc5332f/element/0.02340666321763929-48/element HTTP/1.1
User-Agent: selenium/4.0.0-alpha-7 (java windows)
Content-Length: 79
Content-Type: application/json; charset=utf-8
host: localhost:1448
accept: */*

Response DefaultHttpResponse(decodeResult: success, version: HTTP/1.1)
HTTP/1.1 200 OK
Content-Length: 105
Content-Type: application/json; charset=utf-8

16:01:43.016 [AsyncHttpClient-1-2] DEBUG org.asynchttpclient.netty.channel.ChannelManager - Adding key: http://localhost:1448 for channel [id: 0x43daccbb, L:/127.0.0.1:53510 - R:localhost/127.0.0.1:1448]
16:01:43.020 [Forwarding getElementAttribute on session 3e4951c79d2ede6566ce6a8f9cc5332f to remote] DEBUG org.asynchttpclient.netty.request.NettyRequestSender - Using pooled Channel '[id: 0x43daccbb, L:/127.0.0.1:53510 - R:localhost/127.0.0.1:1448]' for 'GET' to 'http://localhost:1448/session/3e4951c79d2ede6566ce6a8f9cc5332f/element/0.02340666321763929-114/attribute/value'
16:01:43.023 [Forwarding getElementAttribute on session 3e4951c79d2ede6566ce6a8f9cc5332f to remote] DEBUG org.asynchttpclient.netty.request.NettyRequestSender - Using open Channel [id: 0x43daccbb, L:/127.0.0.1:53510 - R:localhost/127.0.0.1:1448] for GET '/session/3e4951c79d2ede6566ce6a8f9cc5332f/element/0.02340666321763929-114/attribute/value'
16:01:43.045 [AsyncHttpClient-1-2] DEBUG org.asynchttpclient.netty.handler.HttpHandler - 

Request DefaultFullHttpRequest(decodeResult: success, version: HTTP/1.1, content: EmptyByteBufBE)
GET /session/3e4951c79d2ede6566ce6a8f9cc5332f/element/0.02340666321763929-114/attribute/value HTTP/1.1
User-Agent: selenium/4.0.0-alpha-7 (java windows)
Cache-Control: no-cache
Content-Type: application/json; charset=utf-8
host: localhost:1448
accept: */*

Response DefaultHttpResponse(decodeResult: success, version: HTTP/1.1)
HTTP/1.1 200 OK
Content-Length: 72
Content-Type: application/json; charset=utf-8

16:01:43.045 [AsyncHttpClient-1-2] DEBUG org.asynchttpclient.netty.channel.ChannelManager - Adding key: http://localhost:1448 for channel [id: 0x43daccbb, L:/127.0.0.1:53510 - R:localhost/127.0.0.1:1448]
16:01:43.046 [Forwarding getElementText on session 3e4951c79d2ede6566ce6a8f9cc5332f to remote] DEBUG org.asynchttpclient.netty.request.NettyRequestSender - Using pooled Channel '[id: 0x43daccbb, L:/127.0.0.1:53510 - R:localhost/127.0.0.1:1448]' for 'GET' to 'http://localhost:1448/session/3e4951c79d2ede6566ce6a8f9cc5332f/element/0.02340666321763929-49/text'
16:01:43.046 [Forwarding getElementText on session 3e4951c79d2ede6566ce6a8f9cc5332f to remote] DEBUG org.asynchttpclient.netty.request.NettyRequestSender - Using open Channel [id: 0x43daccbb, L:/127.0.0.1:53510 - R:localhost/127.0.0.1:1448] for GET '/session/3e4951c79d2ede6566ce6a8f9cc5332f/element/0.02340666321763929-49/text'
16:01:43.076 [AsyncHttpClient-1-2] DEBUG org.asynchttpclient.netty.handler.HttpHandler - 

Request DefaultFullHttpRequest(decodeResult: success, version: HTTP/1.1, content: EmptyByteBufBE)
GET /session/3e4951c79d2ede6566ce6a8f9cc5332f/element/0.02340666321763929-49/text HTTP/1.1
User-Agent: selenium/4.0.0-alpha-7 (java windows)
Cache-Control: no-cache
Content-Type: application/json; charset=utf-8
host: localhost:1448
accept: */*

Response DefaultHttpResponse(decodeResult: success, version: HTTP/1.1)
HTTP/1.1 200 OK
Content-Length: 75
Content-Type: application/json; charset=utf-8

16:01:43.076 [AsyncHttpClient-1-2] DEBUG org.asynchttpclient.netty.channel.ChannelManager - Adding key: http://localhost:1448 for channel [id: 0x43daccbb, L:/127.0.0.1:53510 - R:localhost/127.0.0.1:1448]
16:01:43.078 [Forwarding findChildElement on session 3e4951c79d2ede6566ce6a8f9cc5332f to remote] DEBUG org.asynchttpclient.netty.request.NettyRequestSender - Using pooled Channel '[id: 0x43daccbb, L:/127.0.0.1:53510 - R:localhost/127.0.0.1:1448]' for 'POST' to 'http://localhost:1448/session/3e4951c79d2ede6566ce6a8f9cc5332f/element/0.02340666321763929-49/element'
16:01:43.078 [Forwarding findChildElement on session 3e4951c79d2ede6566ce6a8f9cc5332f to remote] DEBUG org.asynchttpclient.netty.request.NettyRequestSender - Using open Channel [id: 0x43daccbb, L:/127.0.0.1:53510 - R:localhost/127.0.0.1:1448] for POST '/session/3e4951c79d2ede6566ce6a8f9cc5332f/element/0.02340666321763929-49/element'
16:01:43.117 [AsyncHttpClient-1-2] DEBUG org.asynchttpclient.netty.handler.HttpHandler - 

Request DefaultHttpRequest(decodeResult: success, version: HTTP/1.1)
POST /session/3e4951c79d2ede6566ce6a8f9cc5332f/element/0.02340666321763929-49/element HTTP/1.1
User-Agent: selenium/4.0.0-alpha-7 (java windows)
Content-Length: 79
Content-Type: application/json; charset=utf-8
host: localhost:1448
accept: */*

Response DefaultHttpResponse(decodeResult: success, version: HTTP/1.1)
HTTP/1.1 200 OK
Content-Length: 105
Content-Type: application/json; charset=utf-8

16:01:43.118 [AsyncHttpClient-1-2] DEBUG org.asynchttpclient.netty.channel.ChannelManager - Adding key: http://localhost:1448 for channel [id: 0x43daccbb, L:/127.0.0.1:53510 - R:localhost/127.0.0.1:1448]
16:01:43.120 [Forwarding getElementAttribute on session 3e4951c79d2ede6566ce6a8f9cc5332f to remote] DEBUG org.asynchttpclient.netty.request.NettyRequestSender - Using pooled Channel '[id: 0x43daccbb, L:/127.0.0.1:53510 - R:localhost/127.0.0.1:1448]' for 'GET' to 'http://localhost:1448/session/3e4951c79d2ede6566ce6a8f9cc5332f/element/0.02340666321763929-115/attribute/value'
16:01:43.120 [Forwarding getElementAttribute on session 3e4951c79d2ede6566ce6a8f9cc5332f to remote] DEBUG org.asynchttpclient.netty.request.NettyRequestSender - Using open Channel [id: 0x43daccbb, L:/127.0.0.1:53510 - R:localhost/127.0.0.1:1448] for GET '/session/3e4951c79d2ede6566ce6a8f9cc5332f/element/0.02340666321763929-115/attribute/value'
16:01:43.133 [AsyncHttpClient-1-2] DEBUG org.asynchttpclient.netty.handler.HttpHandler - 

Request DefaultFullHttpRequest(decodeResult: success, version: HTTP/1.1, content: EmptyByteBufBE)
GET /session/3e4951c79d2ede6566ce6a8f9cc5332f/element/0.02340666321763929-115/attribute/value HTTP/1.1
User-Agent: selenium/4.0.0-alpha-7 (java windows)
Cache-Control: no-cache
Content-Type: application/json; charset=utf-8
host: localhost:1448
accept: */*

Response DefaultHttpResponse(decodeResult: success, version: HTTP/1.1)
HTTP/1.1 200 OK
Content-Length: 72
Content-Type: application/json; charset=utf-8

16:01:43.135 [AsyncHttpClient-1-2] DEBUG org.asynchttpclient.netty.channel.ChannelManager - Adding key: http://localhost:1448 for channel [id: 0x43daccbb, L:/127.0.0.1:53510 - R:localhost/127.0.0.1:1448]
16:01:43.140 [Forwarding getElementText on session 3e4951c79d2ede6566ce6a8f9cc5332f to remote] DEBUG org.asynchttpclient.netty.request.NettyRequestSender - Using pooled Channel '[id: 0x43daccbb, L:/127.0.0.1:53510 - R:localhost/127.0.0.1:1448]' for 'GET' to 'http://localhost:1448/session/3e4951c79d2ede6566ce6a8f9cc5332f/element/0.02340666321763929-50/text'
16:01:43.140 [Forwarding getElementText on session 3e4951c79d2ede6566ce6a8f9cc5332f to remote] DEBUG org.asynchttpclient.netty.request.NettyRequestSender - Using open Channel [id: 0x43daccbb, L:/127.0.0.1:53510 - R:localhost/127.0.0.1:1448] for GET '/session/3e4951c79d2ede6566ce6a8f9cc5332f/element/0.02340666321763929-50/text'
16:01:43.163 [AsyncHttpClient-1-2] DEBUG org.asynchttpclient.netty.handler.HttpHandler - 

Request DefaultFullHttpRequest(decodeResult: success, version: HTTP/1.1, content: EmptyByteBufBE)
GET /session/3e4951c79d2ede6566ce6a8f9cc5332f/element/0.02340666321763929-50/text HTTP/1.1
User-Agent: selenium/4.0.0-alpha-7 (java windows)
Cache-Control: no-cache
Content-Type: application/json; charset=utf-8
host: localhost:1448
accept: */*

Response DefaultHttpResponse(decodeResult: success, version: HTTP/1.1)
HTTP/1.1 200 OK
Content-Length: 75
Content-Type: application/json; charset=utf-8

16:01:43.163 [AsyncHttpClient-1-2] DEBUG org.asynchttpclient.netty.channel.ChannelManager - Adding key: http://localhost:1448 for channel [id: 0x43daccbb, L:/127.0.0.1:53510 - R:localhost/127.0.0.1:1448]
16:01:43.165 [Forwarding findChildElement on session 3e4951c79d2ede6566ce6a8f9cc5332f to remote] DEBUG org.asynchttpclient.netty.request.NettyRequestSender - Using pooled Channel '[id: 0x43daccbb, L:/127.0.0.1:53510 - R:localhost/127.0.0.1:1448]' for 'POST' to 'http://localhost:1448/session/3e4951c79d2ede6566ce6a8f9cc5332f/element/0.02340666321763929-50/element'
16:01:43.165 [Forwarding findChildElement on session 3e4951c79d2ede6566ce6a8f9cc5332f to remote] DEBUG org.asynchttpclient.netty.request.NettyRequestSender - Using open Channel [id: 0x43daccbb, L:/127.0.0.1:53510 - R:localhost/127.0.0.1:1448] for POST '/session/3e4951c79d2ede6566ce6a8f9cc5332f/element/0.02340666321763929-50/element'
16:01:43.181 [AsyncHttpClient-1-2] DEBUG org.asynchttpclient.netty.handler.HttpHandler - 

Request DefaultHttpRequest(decodeResult: success, version: HTTP/1.1)
POST /session/3e4951c79d2ede6566ce6a8f9cc5332f/element/0.02340666321763929-50/element HTTP/1.1
User-Agent: selenium/4.0.0-alpha-7 (java windows)
Content-Length: 79
Content-Type: application/json; charset=utf-8
host: localhost:1448
accept: */*

Response DefaultHttpResponse(decodeResult: success, version: HTTP/1.1)
HTTP/1.1 200 OK
Content-Length: 105
Content-Type: application/json; charset=utf-8

16:01:43.181 [AsyncHttpClient-1-2] DEBUG org.asynchttpclient.netty.channel.ChannelManager - Adding key: http://localhost:1448 for channel [id: 0x43daccbb, L:/127.0.0.1:53510 - R:localhost/127.0.0.1:1448]
16:01:43.182 [Forwarding getElementAttribute on session 3e4951c79d2ede6566ce6a8f9cc5332f to remote] DEBUG org.asynchttpclient.netty.request.NettyRequestSender - Using pooled Channel '[id: 0x43daccbb, L:/127.0.0.1:53510 - R:localhost/127.0.0.1:1448]' for 'GET' to 'http://localhost:1448/session/3e4951c79d2ede6566ce6a8f9cc5332f/element/0.02340666321763929-116/attribute/value'
16:01:43.182 [Forwarding getElementAttribute on session 3e4951c79d2ede6566ce6a8f9cc5332f to remote] DEBUG org.asynchttpclient.netty.request.NettyRequestSender - Using open Channel [id: 0x43daccbb, L:/127.0.0.1:53510 - R:localhost/127.0.0.1:1448] for GET '/session/3e4951c79d2ede6566ce6a8f9cc5332f/element/0.02340666321763929-116/attribute/value'
16:01:43.214 [AsyncHttpClient-1-2] DEBUG org.asynchttpclient.netty.handler.HttpHandler - 

Request DefaultFullHttpRequest(decodeResult: success, version: HTTP/1.1, content: EmptyByteBufBE)
GET /session/3e4951c79d2ede6566ce6a8f9cc5332f/element/0.02340666321763929-116/attribute/value HTTP/1.1
User-Agent: selenium/4.0.0-alpha-7 (java windows)
Cache-Control: no-cache
Content-Type: application/json; charset=utf-8
host: localhost:1448
accept: */*

Response DefaultHttpResponse(decodeResult: success, version: HTTP/1.1)
HTTP/1.1 200 OK
Content-Length: 72
Content-Type: application/json; charset=utf-8

16:01:43.214 [AsyncHttpClient-1-2] DEBUG org.asynchttpclient.netty.channel.ChannelManager - Adding key: http://localhost:1448 for channel [id: 0x43daccbb, L:/127.0.0.1:53510 - R:localhost/127.0.0.1:1448]
16:01:43.215 [Forwarding getElementText on session 3e4951c79d2ede6566ce6a8f9cc5332f to remote] DEBUG org.asynchttpclient.netty.request.NettyRequestSender - Using pooled Channel '[id: 0x43daccbb, L:/127.0.0.1:53510 - R:localhost/127.0.0.1:1448]' for 'GET' to 'http://localhost:1448/session/3e4951c79d2ede6566ce6a8f9cc5332f/element/0.02340666321763929-51/text'
16:01:43.215 [Forwarding getElementText on session 3e4951c79d2ede6566ce6a8f9cc5332f to remote] DEBUG org.asynchttpclient.netty.request.NettyRequestSender - Using open Channel [id: 0x43daccbb, L:/127.0.0.1:53510 - R:localhost/127.0.0.1:1448] for GET '/session/3e4951c79d2ede6566ce6a8f9cc5332f/element/0.02340666321763929-51/text'
16:01:43.242 [AsyncHttpClient-1-2] DEBUG org.asynchttpclient.netty.handler.HttpHandler - 

Request DefaultFullHttpRequest(decodeResult: success, version: HTTP/1.1, content: EmptyByteBufBE)
GET /session/3e4951c79d2ede6566ce6a8f9cc5332f/element/0.02340666321763929-51/text HTTP/1.1
User-Agent: selenium/4.0.0-alpha-7 (java windows)
Cache-Control: no-cache
Content-Type: application/json; charset=utf-8
host: localhost:1448
accept: */*

Response DefaultHttpResponse(decodeResult: success, version: HTTP/1.1)
HTTP/1.1 200 OK
Content-Length: 75
Content-Type: application/json; charset=utf-8

16:01:43.243 [AsyncHttpClient-1-2] DEBUG org.asynchttpclient.netty.channel.ChannelManager - Adding key: http://localhost:1448 for channel [id: 0x43daccbb, L:/127.0.0.1:53510 - R:localhost/127.0.0.1:1448]
16:01:43.245 [Forwarding findChildElement on session 3e4951c79d2ede6566ce6a8f9cc5332f to remote] DEBUG org.asynchttpclient.netty.request.NettyRequestSender - Using pooled Channel '[id: 0x43daccbb, L:/127.0.0.1:53510 - R:localhost/127.0.0.1:1448]' for 'POST' to 'http://localhost:1448/session/3e4951c79d2ede6566ce6a8f9cc5332f/element/0.02340666321763929-51/element'
16:01:43.245 [Forwarding findChildElement on session 3e4951c79d2ede6566ce6a8f9cc5332f to remote] DEBUG org.asynchttpclient.netty.request.NettyRequestSender - Using open Channel [id: 0x43daccbb, L:/127.0.0.1:53510 - R:localhost/127.0.0.1:1448] for POST '/session/3e4951c79d2ede6566ce6a8f9cc5332f/element/0.02340666321763929-51/element'
16:01:43.264 [AsyncHttpClient-1-2] DEBUG org.asynchttpclient.netty.handler.HttpHandler - 

Request DefaultHttpRequest(decodeResult: success, version: HTTP/1.1)
POST /session/3e4951c79d2ede6566ce6a8f9cc5332f/element/0.02340666321763929-51/element HTTP/1.1
User-Agent: selenium/4.0.0-alpha-7 (java windows)
Content-Length: 79
Content-Type: application/json; charset=utf-8
host: localhost:1448
accept: */*

Response DefaultHttpResponse(decodeResult: success, version: HTTP/1.1)
HTTP/1.1 200 OK
Content-Length: 105
Content-Type: application/json; charset=utf-8

16:01:43.264 [AsyncHttpClient-1-2] DEBUG org.asynchttpclient.netty.channel.ChannelManager - Adding key: http://localhost:1448 for channel [id: 0x43daccbb, L:/127.0.0.1:53510 - R:localhost/127.0.0.1:1448]
16:01:43.264 [Forwarding getElementAttribute on session 3e4951c79d2ede6566ce6a8f9cc5332f to remote] DEBUG org.asynchttpclient.netty.request.NettyRequestSender - Using pooled Channel '[id: 0x43daccbb, L:/127.0.0.1:53510 - R:localhost/127.0.0.1:1448]' for 'GET' to 'http://localhost:1448/session/3e4951c79d2ede6566ce6a8f9cc5332f/element/0.02340666321763929-117/attribute/value'
16:01:43.265 [Forwarding getElementAttribute on session 3e4951c79d2ede6566ce6a8f9cc5332f to remote] DEBUG org.asynchttpclient.netty.request.NettyRequestSender - Using open Channel [id: 0x43daccbb, L:/127.0.0.1:53510 - R:localhost/127.0.0.1:1448] for GET '/session/3e4951c79d2ede6566ce6a8f9cc5332f/element/0.02340666321763929-117/attribute/value'
16:01:43.280 [AsyncHttpClient-1-2] DEBUG org.asynchttpclient.netty.handler.HttpHandler - 

Request DefaultFullHttpRequest(decodeResult: success, version: HTTP/1.1, content: EmptyByteBufBE)
GET /session/3e4951c79d2ede6566ce6a8f9cc5332f/element/0.02340666321763929-117/attribute/value HTTP/1.1
User-Agent: selenium/4.0.0-alpha-7 (java windows)
Cache-Control: no-cache
Content-Type: application/json; charset=utf-8
host: localhost:1448
accept: */*

Response DefaultHttpResponse(decodeResult: success, version: HTTP/1.1)
HTTP/1.1 200 OK
Content-Length: 72
Content-Type: application/json; charset=utf-8

16:01:43.281 [AsyncHttpClient-1-2] DEBUG org.asynchttpclient.netty.channel.ChannelManager - Adding key: http://localhost:1448 for channel [id: 0x43daccbb, L:/127.0.0.1:53510 - R:localhost/127.0.0.1:1448]
16:01:43.281 [Forwarding getElementText on session 3e4951c79d2ede6566ce6a8f9cc5332f to remote] DEBUG org.asynchttpclient.netty.request.NettyRequestSender - Using pooled Channel '[id: 0x43daccbb, L:/127.0.0.1:53510 - R:localhost/127.0.0.1:1448]' for 'GET' to 'http://localhost:1448/session/3e4951c79d2ede6566ce6a8f9cc5332f/element/0.02340666321763929-52/text'
16:01:43.281 [Forwarding getElementText on session 3e4951c79d2ede6566ce6a8f9cc5332f to remote] DEBUG org.asynchttpclient.netty.request.NettyRequestSender - Using open Channel [id: 0x43daccbb, L:/127.0.0.1:53510 - R:localhost/127.0.0.1:1448] for GET '/session/3e4951c79d2ede6566ce6a8f9cc5332f/element/0.02340666321763929-52/text'
16:01:43.310 [AsyncHttpClient-1-2] DEBUG org.asynchttpclient.netty.handler.HttpHandler - 

Request DefaultFullHttpRequest(decodeResult: success, version: HTTP/1.1, content: EmptyByteBufBE)
GET /session/3e4951c79d2ede6566ce6a8f9cc5332f/element/0.02340666321763929-52/text HTTP/1.1
User-Agent: selenium/4.0.0-alpha-7 (java windows)
Cache-Control: no-cache
Content-Type: application/json; charset=utf-8
host: localhost:1448
accept: */*

Response DefaultHttpResponse(decodeResult: success, version: HTTP/1.1)
HTTP/1.1 200 OK
Content-Length: 75
Content-Type: application/json; charset=utf-8

16:01:43.311 [AsyncHttpClient-1-2] DEBUG org.asynchttpclient.netty.channel.ChannelManager - Adding key: http://localhost:1448 for channel [id: 0x43daccbb, L:/127.0.0.1:53510 - R:localhost/127.0.0.1:1448]
16:01:43.312 [Forwarding findChildElement on session 3e4951c79d2ede6566ce6a8f9cc5332f to remote] DEBUG org.asynchttpclient.netty.request.NettyRequestSender - Using pooled Channel '[id: 0x43daccbb, L:/127.0.0.1:53510 - R:localhost/127.0.0.1:1448]' for 'POST' to 'http://localhost:1448/session/3e4951c79d2ede6566ce6a8f9cc5332f/element/0.02340666321763929-52/element'
16:01:43.313 [Forwarding findChildElement on session 3e4951c79d2ede6566ce6a8f9cc5332f to remote] DEBUG org.asynchttpclient.netty.request.NettyRequestSender - Using open Channel [id: 0x43daccbb, L:/127.0.0.1:53510 - R:localhost/127.0.0.1:1448] for POST '/session/3e4951c79d2ede6566ce6a8f9cc5332f/element/0.02340666321763929-52/element'
16:01:43.343 [AsyncHttpClient-1-2] DEBUG org.asynchttpclient.netty.handler.HttpHandler - 

Request DefaultHttpRequest(decodeResult: success, version: HTTP/1.1)
POST /session/3e4951c79d2ede6566ce6a8f9cc5332f/element/0.02340666321763929-52/element HTTP/1.1
User-Agent: selenium/4.0.0-alpha-7 (java windows)
Content-Length: 79
Content-Type: application/json; charset=utf-8
host: localhost:1448
accept: */*

Response DefaultHttpResponse(decodeResult: success, version: HTTP/1.1)
HTTP/1.1 200 OK
Content-Length: 105
Content-Type: application/json; charset=utf-8

16:01:43.343 [AsyncHttpClient-1-2] DEBUG org.asynchttpclient.netty.channel.ChannelManager - Adding key: http://localhost:1448 for channel [id: 0x43daccbb, L:/127.0.0.1:53510 - R:localhost/127.0.0.1:1448]
16:01:43.345 [Forwarding getElementAttribute on session 3e4951c79d2ede6566ce6a8f9cc5332f to remote] DEBUG org.asynchttpclient.netty.request.NettyRequestSender - Using pooled Channel '[id: 0x43daccbb, L:/127.0.0.1:53510 - R:localhost/127.0.0.1:1448]' for 'GET' to 'http://localhost:1448/session/3e4951c79d2ede6566ce6a8f9cc5332f/element/0.02340666321763929-118/attribute/value'
16:01:43.345 [Forwarding getElementAttribute on session 3e4951c79d2ede6566ce6a8f9cc5332f to remote] DEBUG org.asynchttpclient.netty.request.NettyRequestSender - Using open Channel [id: 0x43daccbb, L:/127.0.0.1:53510 - R:localhost/127.0.0.1:1448] for GET '/session/3e4951c79d2ede6566ce6a8f9cc5332f/element/0.02340666321763929-118/attribute/value'
16:01:43.365 [AsyncHttpClient-1-2] DEBUG org.asynchttpclient.netty.handler.HttpHandler - 

Request DefaultFullHttpRequest(decodeResult: success, version: HTTP/1.1, content: EmptyByteBufBE)
GET /session/3e4951c79d2ede6566ce6a8f9cc5332f/element/0.02340666321763929-118/attribute/value HTTP/1.1
User-Agent: selenium/4.0.0-alpha-7 (java windows)
Cache-Control: no-cache
Content-Type: application/json; charset=utf-8
host: localhost:1448
accept: */*

Response DefaultHttpResponse(decodeResult: success, version: HTTP/1.1)
HTTP/1.1 200 OK
Content-Length: 72
Content-Type: application/json; charset=utf-8

16:01:43.365 [AsyncHttpClient-1-2] DEBUG org.asynchttpclient.netty.channel.ChannelManager - Adding key: http://localhost:1448 for channel [id: 0x43daccbb, L:/127.0.0.1:53510 - R:localhost/127.0.0.1:1448]
16:01:43.366 [Forwarding getElementText on session 3e4951c79d2ede6566ce6a8f9cc5332f to remote] DEBUG org.asynchttpclient.netty.request.NettyRequestSender - Using pooled Channel '[id: 0x43daccbb, L:/127.0.0.1:53510 - R:localhost/127.0.0.1:1448]' for 'GET' to 'http://localhost:1448/session/3e4951c79d2ede6566ce6a8f9cc5332f/element/0.02340666321763929-53/text'
16:01:43.366 [Forwarding getElementText on session 3e4951c79d2ede6566ce6a8f9cc5332f to remote] DEBUG org.asynchttpclient.netty.request.NettyRequestSender - Using open Channel [id: 0x43daccbb, L:/127.0.0.1:53510 - R:localhost/127.0.0.1:1448] for GET '/session/3e4951c79d2ede6566ce6a8f9cc5332f/element/0.02340666321763929-53/text'
16:01:43.395 [AsyncHttpClient-1-2] DEBUG org.asynchttpclient.netty.handler.HttpHandler - 

Request DefaultFullHttpRequest(decodeResult: success, version: HTTP/1.1, content: EmptyByteBufBE)
GET /session/3e4951c79d2ede6566ce6a8f9cc5332f/element/0.02340666321763929-53/text HTTP/1.1
User-Agent: selenium/4.0.0-alpha-7 (java windows)
Cache-Control: no-cache
Content-Type: application/json; charset=utf-8
host: localhost:1448
accept: */*

Response DefaultHttpResponse(decodeResult: success, version: HTTP/1.1)
HTTP/1.1 200 OK
Content-Length: 75
Content-Type: application/json; charset=utf-8

16:01:43.395 [AsyncHttpClient-1-2] DEBUG org.asynchttpclient.netty.channel.ChannelManager - Adding key: http://localhost:1448 for channel [id: 0x43daccbb, L:/127.0.0.1:53510 - R:localhost/127.0.0.1:1448]
16:01:43.398 [Forwarding findChildElement on session 3e4951c79d2ede6566ce6a8f9cc5332f to remote] DEBUG org.asynchttpclient.netty.request.NettyRequestSender - Using pooled Channel '[id: 0x43daccbb, L:/127.0.0.1:53510 - R:localhost/127.0.0.1:1448]' for 'POST' to 'http://localhost:1448/session/3e4951c79d2ede6566ce6a8f9cc5332f/element/0.02340666321763929-53/element'
16:01:43.398 [Forwarding findChildElement on session 3e4951c79d2ede6566ce6a8f9cc5332f to remote] DEBUG org.asynchttpclient.netty.request.NettyRequestSender - Using open Channel [id: 0x43daccbb, L:/127.0.0.1:53510 - R:localhost/127.0.0.1:1448] for POST '/session/3e4951c79d2ede6566ce6a8f9cc5332f/element/0.02340666321763929-53/element'
16:01:43.449 [AsyncHttpClient-1-1] DEBUG org.asynchttpclient.netty.channel.DefaultChannelPool - Entry count for : http://localhost:53512 : 1
16:01:43.547 [AsyncHttpClient-1-2] DEBUG org.asynchttpclient.netty.handler.HttpHandler - 

Request DefaultHttpRequest(decodeResult: success, version: HTTP/1.1)
POST /session/3e4951c79d2ede6566ce6a8f9cc5332f/element/0.02340666321763929-53/element HTTP/1.1
User-Agent: selenium/4.0.0-alpha-7 (java windows)
Content-Length: 79
Content-Type: application/json; charset=utf-8
host: localhost:1448
accept: */*

Response DefaultHttpResponse(decodeResult: success, version: HTTP/1.1)
HTTP/1.1 200 OK
Content-Length: 105
Content-Type: application/json; charset=utf-8

16:01:43.548 [AsyncHttpClient-1-2] DEBUG org.asynchttpclient.netty.channel.ChannelManager - Adding key: http://localhost:1448 for channel [id: 0x43daccbb, L:/127.0.0.1:53510 - R:localhost/127.0.0.1:1448]
16:01:43.554 [Forwarding getElementAttribute on session 3e4951c79d2ede6566ce6a8f9cc5332f to remote] DEBUG org.asynchttpclient.netty.request.NettyRequestSender - Using pooled Channel '[id: 0x43daccbb, L:/127.0.0.1:53510 - R:localhost/127.0.0.1:1448]' for 'GET' to 'http://localhost:1448/session/3e4951c79d2ede6566ce6a8f9cc5332f/element/0.02340666321763929-119/attribute/value'
16:01:43.554 [Forwarding getElementAttribute on session 3e4951c79d2ede6566ce6a8f9cc5332f to remote] DEBUG org.asynchttpclient.netty.request.NettyRequestSender - Using open Channel [id: 0x43daccbb, L:/127.0.0.1:53510 - R:localhost/127.0.0.1:1448] for GET '/session/3e4951c79d2ede6566ce6a8f9cc5332f/element/0.02340666321763929-119/attribute/value'
16:01:43.611 [AsyncHttpClient-1-2] DEBUG org.asynchttpclient.netty.handler.HttpHandler - 

Request DefaultFullHttpRequest(decodeResult: success, version: HTTP/1.1, content: EmptyByteBufBE)
GET /session/3e4951c79d2ede6566ce6a8f9cc5332f/element/0.02340666321763929-119/attribute/value HTTP/1.1
User-Agent: selenium/4.0.0-alpha-7 (java windows)
Cache-Control: no-cache
Content-Type: application/json; charset=utf-8
host: localhost:1448
accept: */*

Response DefaultHttpResponse(decodeResult: success, version: HTTP/1.1)
HTTP/1.1 200 OK
Content-Length: 72
Content-Type: application/json; charset=utf-8

16:01:43.611 [AsyncHttpClient-1-2] DEBUG org.asynchttpclient.netty.channel.ChannelManager - Adding key: http://localhost:1448 for channel [id: 0x43daccbb, L:/127.0.0.1:53510 - R:localhost/127.0.0.1:1448]
16:01:43.612 [Forwarding getElementText on session 3e4951c79d2ede6566ce6a8f9cc5332f to remote] DEBUG org.asynchttpclient.netty.request.NettyRequestSender - Using pooled Channel '[id: 0x43daccbb, L:/127.0.0.1:53510 - R:localhost/127.0.0.1:1448]' for 'GET' to 'http://localhost:1448/session/3e4951c79d2ede6566ce6a8f9cc5332f/element/0.02340666321763929-54/text'
16:01:43.612 [Forwarding getElementText on session 3e4951c79d2ede6566ce6a8f9cc5332f to remote] DEBUG org.asynchttpclient.netty.request.NettyRequestSender - Using open Channel [id: 0x43daccbb, L:/127.0.0.1:53510 - R:localhost/127.0.0.1:1448] for GET '/session/3e4951c79d2ede6566ce6a8f9cc5332f/element/0.02340666321763929-54/text'
16:01:43.656 [AsyncHttpClient-1-2] DEBUG org.asynchttpclient.netty.handler.HttpHandler - 

Request DefaultFullHttpRequest(decodeResult: success, version: HTTP/1.1, content: EmptyByteBufBE)
GET /session/3e4951c79d2ede6566ce6a8f9cc5332f/element/0.02340666321763929-54/text HTTP/1.1
User-Agent: selenium/4.0.0-alpha-7 (java windows)
Cache-Control: no-cache
Content-Type: application/json; charset=utf-8
host: localhost:1448
accept: */*

Response DefaultHttpResponse(decodeResult: success, version: HTTP/1.1)
HTTP/1.1 200 OK
Content-Length: 75
Content-Type: application/json; charset=utf-8

16:01:43.656 [AsyncHttpClient-1-2] DEBUG org.asynchttpclient.netty.channel.ChannelManager - Adding key: http://localhost:1448 for channel [id: 0x43daccbb, L:/127.0.0.1:53510 - R:localhost/127.0.0.1:1448]
16:01:43.659 [Forwarding findChildElement on session 3e4951c79d2ede6566ce6a8f9cc5332f to remote] DEBUG org.asynchttpclient.netty.request.NettyRequestSender - Using pooled Channel '[id: 0x43daccbb, L:/127.0.0.1:53510 - R:localhost/127.0.0.1:1448]' for 'POST' to 'http://localhost:1448/session/3e4951c79d2ede6566ce6a8f9cc5332f/element/0.02340666321763929-54/element'
16:01:43.659 [Forwarding findChildElement on session 3e4951c79d2ede6566ce6a8f9cc5332f to remote] DEBUG org.asynchttpclient.netty.request.NettyRequestSender - Using open Channel [id: 0x43daccbb, L:/127.0.0.1:53510 - R:localhost/127.0.0.1:1448] for POST '/session/3e4951c79d2ede6566ce6a8f9cc5332f/element/0.02340666321763929-54/element'
16:01:43.732 [AsyncHttpClient-1-2] DEBUG org.asynchttpclient.netty.handler.HttpHandler - 

Request DefaultHttpRequest(decodeResult: success, version: HTTP/1.1)
POST /session/3e4951c79d2ede6566ce6a8f9cc5332f/element/0.02340666321763929-54/element HTTP/1.1
User-Agent: selenium/4.0.0-alpha-7 (java windows)
Content-Length: 79
Content-Type: application/json; charset=utf-8
host: localhost:1448
accept: */*

Response DefaultHttpResponse(decodeResult: success, version: HTTP/1.1)
HTTP/1.1 200 OK
Content-Length: 105
Content-Type: application/json; charset=utf-8

16:01:43.733 [AsyncHttpClient-1-2] DEBUG org.asynchttpclient.netty.channel.ChannelManager - Adding key: http://localhost:1448 for channel [id: 0x43daccbb, L:/127.0.0.1:53510 - R:localhost/127.0.0.1:1448]
16:01:43.740 [Forwarding getElementAttribute on session 3e4951c79d2ede6566ce6a8f9cc5332f to remote] DEBUG org.asynchttpclient.netty.request.NettyRequestSender - Using pooled Channel '[id: 0x43daccbb, L:/127.0.0.1:53510 - R:localhost/127.0.0.1:1448]' for 'GET' to 'http://localhost:1448/session/3e4951c79d2ede6566ce6a8f9cc5332f/element/0.02340666321763929-120/attribute/value'
16:01:43.740 [Forwarding getElementAttribute on session 3e4951c79d2ede6566ce6a8f9cc5332f to remote] DEBUG org.asynchttpclient.netty.request.NettyRequestSender - Using open Channel [id: 0x43daccbb, L:/127.0.0.1:53510 - R:localhost/127.0.0.1:1448] for GET '/session/3e4951c79d2ede6566ce6a8f9cc5332f/element/0.02340666321763929-120/attribute/value'
16:01:43.764 [AsyncHttpClient-1-2] DEBUG org.asynchttpclient.netty.handler.HttpHandler - 

Request DefaultFullHttpRequest(decodeResult: success, version: HTTP/1.1, content: EmptyByteBufBE)
GET /session/3e4951c79d2ede6566ce6a8f9cc5332f/element/0.02340666321763929-120/attribute/value HTTP/1.1
User-Agent: selenium/4.0.0-alpha-7 (java windows)
Cache-Control: no-cache
Content-Type: application/json; charset=utf-8
host: localhost:1448
accept: */*

Response DefaultHttpResponse(decodeResult: success, version: HTTP/1.1)
HTTP/1.1 200 OK
Content-Length: 72
Content-Type: application/json; charset=utf-8

16:01:43.764 [AsyncHttpClient-1-2] DEBUG org.asynchttpclient.netty.channel.ChannelManager - Adding key: http://localhost:1448 for channel [id: 0x43daccbb, L:/127.0.0.1:53510 - R:localhost/127.0.0.1:1448]
16:01:43.765 [Forwarding getElementText on session 3e4951c79d2ede6566ce6a8f9cc5332f to remote] DEBUG org.asynchttpclient.netty.request.NettyRequestSender - Using pooled Channel '[id: 0x43daccbb, L:/127.0.0.1:53510 - R:localhost/127.0.0.1:1448]' for 'GET' to 'http://localhost:1448/session/3e4951c79d2ede6566ce6a8f9cc5332f/element/0.02340666321763929-55/text'
16:01:43.765 [Forwarding getElementText on session 3e4951c79d2ede6566ce6a8f9cc5332f to remote] DEBUG org.asynchttpclient.netty.request.NettyRequestSender - Using open Channel [id: 0x43daccbb, L:/127.0.0.1:53510 - R:localhost/127.0.0.1:1448] for GET '/session/3e4951c79d2ede6566ce6a8f9cc5332f/element/0.02340666321763929-55/text'
16:01:43.796 [AsyncHttpClient-1-2] DEBUG org.asynchttpclient.netty.handler.HttpHandler - 

Request DefaultFullHttpRequest(decodeResult: success, version: HTTP/1.1, content: EmptyByteBufBE)
GET /session/3e4951c79d2ede6566ce6a8f9cc5332f/element/0.02340666321763929-55/text HTTP/1.1
User-Agent: selenium/4.0.0-alpha-7 (java windows)
Cache-Control: no-cache
Content-Type: application/json; charset=utf-8
host: localhost:1448
accept: */*

Response DefaultHttpResponse(decodeResult: success, version: HTTP/1.1)
HTTP/1.1 200 OK
Content-Length: 75
Content-Type: application/json; charset=utf-8

16:01:43.796 [AsyncHttpClient-1-2] DEBUG org.asynchttpclient.netty.channel.ChannelManager - Adding key: http://localhost:1448 for channel [id: 0x43daccbb, L:/127.0.0.1:53510 - R:localhost/127.0.0.1:1448]
16:01:43.797 [Forwarding findChildElement on session 3e4951c79d2ede6566ce6a8f9cc5332f to remote] DEBUG org.asynchttpclient.netty.request.NettyRequestSender - Using pooled Channel '[id: 0x43daccbb, L:/127.0.0.1:53510 - R:localhost/127.0.0.1:1448]' for 'POST' to 'http://localhost:1448/session/3e4951c79d2ede6566ce6a8f9cc5332f/element/0.02340666321763929-55/element'
16:01:43.797 [Forwarding findChildElement on session 3e4951c79d2ede6566ce6a8f9cc5332f to remote] DEBUG org.asynchttpclient.netty.request.NettyRequestSender - Using open Channel [id: 0x43daccbb, L:/127.0.0.1:53510 - R:localhost/127.0.0.1:1448] for POST '/session/3e4951c79d2ede6566ce6a8f9cc5332f/element/0.02340666321763929-55/element'
16:01:43.830 [AsyncHttpClient-1-2] DEBUG org.asynchttpclient.netty.handler.HttpHandler - 

Request DefaultHttpRequest(decodeResult: success, version: HTTP/1.1)
POST /session/3e4951c79d2ede6566ce6a8f9cc5332f/element/0.02340666321763929-55/element HTTP/1.1
User-Agent: selenium/4.0.0-alpha-7 (java windows)
Content-Length: 79
Content-Type: application/json; charset=utf-8
host: localhost:1448
accept: */*

Response DefaultHttpResponse(decodeResult: success, version: HTTP/1.1)
HTTP/1.1 200 OK
Content-Length: 105
Content-Type: application/json; charset=utf-8

16:01:43.830 [AsyncHttpClient-1-2] DEBUG org.asynchttpclient.netty.channel.ChannelManager - Adding key: http://localhost:1448 for channel [id: 0x43daccbb, L:/127.0.0.1:53510 - R:localhost/127.0.0.1:1448]
16:01:43.831 [Forwarding getElementAttribute on session 3e4951c79d2ede6566ce6a8f9cc5332f to remote] DEBUG org.asynchttpclient.netty.request.NettyRequestSender - Using pooled Channel '[id: 0x43daccbb, L:/127.0.0.1:53510 - R:localhost/127.0.0.1:1448]' for 'GET' to 'http://localhost:1448/session/3e4951c79d2ede6566ce6a8f9cc5332f/element/0.02340666321763929-121/attribute/value'
16:01:43.831 [Forwarding getElementAttribute on session 3e4951c79d2ede6566ce6a8f9cc5332f to remote] DEBUG org.asynchttpclient.netty.request.NettyRequestSender - Using open Channel [id: 0x43daccbb, L:/127.0.0.1:53510 - R:localhost/127.0.0.1:1448] for GET '/session/3e4951c79d2ede6566ce6a8f9cc5332f/element/0.02340666321763929-121/attribute/value'
16:01:43.942 [AsyncHttpClient-1-2] DEBUG org.asynchttpclient.netty.handler.HttpHandler - 

Request DefaultFullHttpRequest(decodeResult: success, version: HTTP/1.1, content: EmptyByteBufBE)
GET /session/3e4951c79d2ede6566ce6a8f9cc5332f/element/0.02340666321763929-121/attribute/value HTTP/1.1
User-Agent: selenium/4.0.0-alpha-7 (java windows)
Cache-Control: no-cache
Content-Type: application/json; charset=utf-8
host: localhost:1448
accept: */*

Response DefaultHttpResponse(decodeResult: success, version: HTTP/1.1)
HTTP/1.1 200 OK
Content-Length: 72
Content-Type: application/json; charset=utf-8

16:01:43.942 [AsyncHttpClient-1-2] DEBUG org.asynchttpclient.netty.channel.ChannelManager - Adding key: http://localhost:1448 for channel [id: 0x43daccbb, L:/127.0.0.1:53510 - R:localhost/127.0.0.1:1448]
16:01:43.944 [Forwarding getElementText on session 3e4951c79d2ede6566ce6a8f9cc5332f to remote] DEBUG org.asynchttpclient.netty.request.NettyRequestSender - Using pooled Channel '[id: 0x43daccbb, L:/127.0.0.1:53510 - R:localhost/127.0.0.1:1448]' for 'GET' to 'http://localhost:1448/session/3e4951c79d2ede6566ce6a8f9cc5332f/element/0.02340666321763929-56/text'
16:01:43.944 [Forwarding getElementText on session 3e4951c79d2ede6566ce6a8f9cc5332f to remote] DEBUG org.asynchttpclient.netty.request.NettyRequestSender - Using open Channel [id: 0x43daccbb, L:/127.0.0.1:53510 - R:localhost/127.0.0.1:1448] for GET '/session/3e4951c79d2ede6566ce6a8f9cc5332f/element/0.02340666321763929-56/text'
16:01:43.964 [AsyncHttpClient-1-2] DEBUG org.asynchttpclient.netty.handler.HttpHandler - 

Request DefaultFullHttpRequest(decodeResult: success, version: HTTP/1.1, content: EmptyByteBufBE)
GET /session/3e4951c79d2ede6566ce6a8f9cc5332f/element/0.02340666321763929-56/text HTTP/1.1
User-Agent: selenium/4.0.0-alpha-7 (java windows)
Cache-Control: no-cache
Content-Type: application/json; charset=utf-8
host: localhost:1448
accept: */*

Response DefaultHttpResponse(decodeResult: success, version: HTTP/1.1)
HTTP/1.1 200 OK
Content-Length: 75
Content-Type: application/json; charset=utf-8

16:01:43.964 [AsyncHttpClient-1-2] DEBUG org.asynchttpclient.netty.channel.ChannelManager - Adding key: http://localhost:1448 for channel [id: 0x43daccbb, L:/127.0.0.1:53510 - R:localhost/127.0.0.1:1448]
16:01:43.966 [Forwarding findChildElement on session 3e4951c79d2ede6566ce6a8f9cc5332f to remote] DEBUG org.asynchttpclient.netty.request.NettyRequestSender - Using pooled Channel '[id: 0x43daccbb, L:/127.0.0.1:53510 - R:localhost/127.0.0.1:1448]' for 'POST' to 'http://localhost:1448/session/3e4951c79d2ede6566ce6a8f9cc5332f/element/0.02340666321763929-56/element'
16:01:43.966 [Forwarding findChildElement on session 3e4951c79d2ede6566ce6a8f9cc5332f to remote] DEBUG org.asynchttpclient.netty.request.NettyRequestSender - Using open Channel [id: 0x43daccbb, L:/127.0.0.1:53510 - R:localhost/127.0.0.1:1448] for POST '/session/3e4951c79d2ede6566ce6a8f9cc5332f/element/0.02340666321763929-56/element'
16:01:43.983 [AsyncHttpClient-1-2] DEBUG org.asynchttpclient.netty.handler.HttpHandler - 

Request DefaultHttpRequest(decodeResult: success, version: HTTP/1.1)
POST /session/3e4951c79d2ede6566ce6a8f9cc5332f/element/0.02340666321763929-56/element HTTP/1.1
User-Agent: selenium/4.0.0-alpha-7 (java windows)
Content-Length: 79
Content-Type: application/json; charset=utf-8
host: localhost:1448
accept: */*

Response DefaultHttpResponse(decodeResult: success, version: HTTP/1.1)
HTTP/1.1 200 OK
Content-Length: 105
Content-Type: application/json; charset=utf-8

16:01:43.983 [AsyncHttpClient-1-2] DEBUG org.asynchttpclient.netty.channel.ChannelManager - Adding key: http://localhost:1448 for channel [id: 0x43daccbb, L:/127.0.0.1:53510 - R:localhost/127.0.0.1:1448]
16:01:43.985 [Forwarding getElementAttribute on session 3e4951c79d2ede6566ce6a8f9cc5332f to remote] DEBUG org.asynchttpclient.netty.request.NettyRequestSender - Using pooled Channel '[id: 0x43daccbb, L:/127.0.0.1:53510 - R:localhost/127.0.0.1:1448]' for 'GET' to 'http://localhost:1448/session/3e4951c79d2ede6566ce6a8f9cc5332f/element/0.02340666321763929-122/attribute/value'
16:01:43.985 [Forwarding getElementAttribute on session 3e4951c79d2ede6566ce6a8f9cc5332f to remote] DEBUG org.asynchttpclient.netty.request.NettyRequestSender - Using open Channel [id: 0x43daccbb, L:/127.0.0.1:53510 - R:localhost/127.0.0.1:1448] for GET '/session/3e4951c79d2ede6566ce6a8f9cc5332f/element/0.02340666321763929-122/attribute/value'
16:01:44.010 [AsyncHttpClient-1-2] DEBUG org.asynchttpclient.netty.handler.HttpHandler - 

Request DefaultFullHttpRequest(decodeResult: success, version: HTTP/1.1, content: EmptyByteBufBE)
GET /session/3e4951c79d2ede6566ce6a8f9cc5332f/element/0.02340666321763929-122/attribute/value HTTP/1.1
User-Agent: selenium/4.0.0-alpha-7 (java windows)
Cache-Control: no-cache
Content-Type: application/json; charset=utf-8
host: localhost:1448
accept: */*

Response DefaultHttpResponse(decodeResult: success, version: HTTP/1.1)
HTTP/1.1 200 OK
Content-Length: 72
Content-Type: application/json; charset=utf-8

16:01:44.010 [AsyncHttpClient-1-2] DEBUG org.asynchttpclient.netty.channel.ChannelManager - Adding key: http://localhost:1448 for channel [id: 0x43daccbb, L:/127.0.0.1:53510 - R:localhost/127.0.0.1:1448]
16:01:44.013 [Forwarding getElementText on session 3e4951c79d2ede6566ce6a8f9cc5332f to remote] DEBUG org.asynchttpclient.netty.request.NettyRequestSender - Using pooled Channel '[id: 0x43daccbb, L:/127.0.0.1:53510 - R:localhost/127.0.0.1:1448]' for 'GET' to 'http://localhost:1448/session/3e4951c79d2ede6566ce6a8f9cc5332f/element/0.02340666321763929-57/text'
16:01:44.013 [Forwarding getElementText on session 3e4951c79d2ede6566ce6a8f9cc5332f to remote] DEBUG org.asynchttpclient.netty.request.NettyRequestSender - Using open Channel [id: 0x43daccbb, L:/127.0.0.1:53510 - R:localhost/127.0.0.1:1448] for GET '/session/3e4951c79d2ede6566ce6a8f9cc5332f/element/0.02340666321763929-57/text'
16:01:44.043 [AsyncHttpClient-1-2] DEBUG org.asynchttpclient.netty.handler.HttpHandler - 

Request DefaultFullHttpRequest(decodeResult: success, version: HTTP/1.1, content: EmptyByteBufBE)
GET /session/3e4951c79d2ede6566ce6a8f9cc5332f/element/0.02340666321763929-57/text HTTP/1.1
User-Agent: selenium/4.0.0-alpha-7 (java windows)
Cache-Control: no-cache
Content-Type: application/json; charset=utf-8
host: localhost:1448
accept: */*

Response DefaultHttpResponse(decodeResult: success, version: HTTP/1.1)
HTTP/1.1 200 OK
Content-Length: 75
Content-Type: application/json; charset=utf-8

16:01:44.044 [AsyncHttpClient-1-2] DEBUG org.asynchttpclient.netty.channel.ChannelManager - Adding key: http://localhost:1448 for channel [id: 0x43daccbb, L:/127.0.0.1:53510 - R:localhost/127.0.0.1:1448]
16:01:44.045 [Forwarding findChildElement on session 3e4951c79d2ede6566ce6a8f9cc5332f to remote] DEBUG org.asynchttpclient.netty.request.NettyRequestSender - Using pooled Channel '[id: 0x43daccbb, L:/127.0.0.1:53510 - R:localhost/127.0.0.1:1448]' for 'POST' to 'http://localhost:1448/session/3e4951c79d2ede6566ce6a8f9cc5332f/element/0.02340666321763929-57/element'
16:01:44.045 [Forwarding findChildElement on session 3e4951c79d2ede6566ce6a8f9cc5332f to remote] DEBUG org.asynchttpclient.netty.request.NettyRequestSender - Using open Channel [id: 0x43daccbb, L:/127.0.0.1:53510 - R:localhost/127.0.0.1:1448] for POST '/session/3e4951c79d2ede6566ce6a8f9cc5332f/element/0.02340666321763929-57/element'
16:01:44.062 [AsyncHttpClient-1-2] DEBUG org.asynchttpclient.netty.handler.HttpHandler - 

Request DefaultHttpRequest(decodeResult: success, version: HTTP/1.1)
POST /session/3e4951c79d2ede6566ce6a8f9cc5332f/element/0.02340666321763929-57/element HTTP/1.1
User-Agent: selenium/4.0.0-alpha-7 (java windows)
Content-Length: 79
Content-Type: application/json; charset=utf-8
host: localhost:1448
accept: */*

Response DefaultHttpResponse(decodeResult: success, version: HTTP/1.1)
HTTP/1.1 200 OK
Content-Length: 105
Content-Type: application/json; charset=utf-8

16:01:44.062 [AsyncHttpClient-1-2] DEBUG org.asynchttpclient.netty.channel.ChannelManager - Adding key: http://localhost:1448 for channel [id: 0x43daccbb, L:/127.0.0.1:53510 - R:localhost/127.0.0.1:1448]
16:01:44.063 [Forwarding getElementAttribute on session 3e4951c79d2ede6566ce6a8f9cc5332f to remote] DEBUG org.asynchttpclient.netty.request.NettyRequestSender - Using pooled Channel '[id: 0x43daccbb, L:/127.0.0.1:53510 - R:localhost/127.0.0.1:1448]' for 'GET' to 'http://localhost:1448/session/3e4951c79d2ede6566ce6a8f9cc5332f/element/0.02340666321763929-123/attribute/value'
16:01:44.063 [Forwarding getElementAttribute on session 3e4951c79d2ede6566ce6a8f9cc5332f to remote] DEBUG org.asynchttpclient.netty.request.NettyRequestSender - Using open Channel [id: 0x43daccbb, L:/127.0.0.1:53510 - R:localhost/127.0.0.1:1448] for GET '/session/3e4951c79d2ede6566ce6a8f9cc5332f/element/0.02340666321763929-123/attribute/value'
16:01:44.079 [AsyncHttpClient-1-2] DEBUG org.asynchttpclient.netty.handler.HttpHandler - 

Request DefaultFullHttpRequest(decodeResult: success, version: HTTP/1.1, content: EmptyByteBufBE)
GET /session/3e4951c79d2ede6566ce6a8f9cc5332f/element/0.02340666321763929-123/attribute/value HTTP/1.1
User-Agent: selenium/4.0.0-alpha-7 (java windows)
Cache-Control: no-cache
Content-Type: application/json; charset=utf-8
host: localhost:1448
accept: */*

Response DefaultHttpResponse(decodeResult: success, version: HTTP/1.1)
HTTP/1.1 200 OK
Content-Length: 72
Content-Type: application/json; charset=utf-8

16:01:44.080 [AsyncHttpClient-1-2] DEBUG org.asynchttpclient.netty.channel.ChannelManager - Adding key: http://localhost:1448 for channel [id: 0x43daccbb, L:/127.0.0.1:53510 - R:localhost/127.0.0.1:1448]
16:01:44.080 [Forwarding getElementText on session 3e4951c79d2ede6566ce6a8f9cc5332f to remote] DEBUG org.asynchttpclient.netty.request.NettyRequestSender - Using pooled Channel '[id: 0x43daccbb, L:/127.0.0.1:53510 - R:localhost/127.0.0.1:1448]' for 'GET' to 'http://localhost:1448/session/3e4951c79d2ede6566ce6a8f9cc5332f/element/0.02340666321763929-58/text'
16:01:44.081 [Forwarding getElementText on session 3e4951c79d2ede6566ce6a8f9cc5332f to remote] DEBUG org.asynchttpclient.netty.request.NettyRequestSender - Using open Channel [id: 0x43daccbb, L:/127.0.0.1:53510 - R:localhost/127.0.0.1:1448] for GET '/session/3e4951c79d2ede6566ce6a8f9cc5332f/element/0.02340666321763929-58/text'
16:01:44.105 [AsyncHttpClient-1-2] DEBUG org.asynchttpclient.netty.handler.HttpHandler - 

Request DefaultFullHttpRequest(decodeResult: success, version: HTTP/1.1, content: EmptyByteBufBE)
GET /session/3e4951c79d2ede6566ce6a8f9cc5332f/element/0.02340666321763929-58/text HTTP/1.1
User-Agent: selenium/4.0.0-alpha-7 (java windows)
Cache-Control: no-cache
Content-Type: application/json; charset=utf-8
host: localhost:1448
accept: */*

Response DefaultHttpResponse(decodeResult: success, version: HTTP/1.1)
HTTP/1.1 200 OK
Content-Length: 75
Content-Type: application/json; charset=utf-8

16:01:44.106 [AsyncHttpClient-1-2] DEBUG org.asynchttpclient.netty.channel.ChannelManager - Adding key: http://localhost:1448 for channel [id: 0x43daccbb, L:/127.0.0.1:53510 - R:localhost/127.0.0.1:1448]
16:01:44.112 [Forwarding findChildElement on session 3e4951c79d2ede6566ce6a8f9cc5332f to remote] DEBUG org.asynchttpclient.netty.request.NettyRequestSender - Using pooled Channel '[id: 0x43daccbb, L:/127.0.0.1:53510 - R:localhost/127.0.0.1:1448]' for 'POST' to 'http://localhost:1448/session/3e4951c79d2ede6566ce6a8f9cc5332f/element/0.02340666321763929-58/element'
16:01:44.112 [Forwarding findChildElement on session 3e4951c79d2ede6566ce6a8f9cc5332f to remote] DEBUG org.asynchttpclient.netty.request.NettyRequestSender - Using open Channel [id: 0x43daccbb, L:/127.0.0.1:53510 - R:localhost/127.0.0.1:1448] for POST '/session/3e4951c79d2ede6566ce6a8f9cc5332f/element/0.02340666321763929-58/element'
16:01:44.130 [AsyncHttpClient-1-2] DEBUG org.asynchttpclient.netty.handler.HttpHandler - 

Request DefaultHttpRequest(decodeResult: success, version: HTTP/1.1)
POST /session/3e4951c79d2ede6566ce6a8f9cc5332f/element/0.02340666321763929-58/element HTTP/1.1
User-Agent: selenium/4.0.0-alpha-7 (java windows)
Content-Length: 79
Content-Type: application/json; charset=utf-8
host: localhost:1448
accept: */*

Response DefaultHttpResponse(decodeResult: success, version: HTTP/1.1)
HTTP/1.1 200 OK
Content-Length: 105
Content-Type: application/json; charset=utf-8

16:01:44.130 [AsyncHttpClient-1-2] DEBUG org.asynchttpclient.netty.channel.ChannelManager - Adding key: http://localhost:1448 for channel [id: 0x43daccbb, L:/127.0.0.1:53510 - R:localhost/127.0.0.1:1448]
16:01:44.132 [Forwarding getElementAttribute on session 3e4951c79d2ede6566ce6a8f9cc5332f to remote] DEBUG org.asynchttpclient.netty.request.NettyRequestSender - Using pooled Channel '[id: 0x43daccbb, L:/127.0.0.1:53510 - R:localhost/127.0.0.1:1448]' for 'GET' to 'http://localhost:1448/session/3e4951c79d2ede6566ce6a8f9cc5332f/element/0.02340666321763929-124/attribute/value'
16:01:44.132 [Forwarding getElementAttribute on session 3e4951c79d2ede6566ce6a8f9cc5332f to remote] DEBUG org.asynchttpclient.netty.request.NettyRequestSender - Using open Channel [id: 0x43daccbb, L:/127.0.0.1:53510 - R:localhost/127.0.0.1:1448] for GET '/session/3e4951c79d2ede6566ce6a8f9cc5332f/element/0.02340666321763929-124/attribute/value'
16:01:44.177 [AsyncHttpClient-1-2] DEBUG org.asynchttpclient.netty.handler.HttpHandler - 

Request DefaultFullHttpRequest(decodeResult: success, version: HTTP/1.1, content: EmptyByteBufBE)
GET /session/3e4951c79d2ede6566ce6a8f9cc5332f/element/0.02340666321763929-124/attribute/value HTTP/1.1
User-Agent: selenium/4.0.0-alpha-7 (java windows)
Cache-Control: no-cache
Content-Type: application/json; charset=utf-8
host: localhost:1448
accept: */*

Response DefaultHttpResponse(decodeResult: success, version: HTTP/1.1)
HTTP/1.1 200 OK
Content-Length: 72
Content-Type: application/json; charset=utf-8

16:01:44.177 [AsyncHttpClient-1-2] DEBUG org.asynchttpclient.netty.channel.ChannelManager - Adding key: http://localhost:1448 for channel [id: 0x43daccbb, L:/127.0.0.1:53510 - R:localhost/127.0.0.1:1448]
16:01:44.178 [Forwarding getElementText on session 3e4951c79d2ede6566ce6a8f9cc5332f to remote] DEBUG org.asynchttpclient.netty.request.NettyRequestSender - Using pooled Channel '[id: 0x43daccbb, L:/127.0.0.1:53510 - R:localhost/127.0.0.1:1448]' for 'GET' to 'http://localhost:1448/session/3e4951c79d2ede6566ce6a8f9cc5332f/element/0.02340666321763929-59/text'
16:01:44.178 [Forwarding getElementText on session 3e4951c79d2ede6566ce6a8f9cc5332f to remote] DEBUG org.asynchttpclient.netty.request.NettyRequestSender - Using open Channel [id: 0x43daccbb, L:/127.0.0.1:53510 - R:localhost/127.0.0.1:1448] for GET '/session/3e4951c79d2ede6566ce6a8f9cc5332f/element/0.02340666321763929-59/text'
16:01:44.198 [AsyncHttpClient-1-2] DEBUG org.asynchttpclient.netty.handler.HttpHandler - 

Request DefaultFullHttpRequest(decodeResult: success, version: HTTP/1.1, content: EmptyByteBufBE)
GET /session/3e4951c79d2ede6566ce6a8f9cc5332f/element/0.02340666321763929-59/text HTTP/1.1
User-Agent: selenium/4.0.0-alpha-7 (java windows)
Cache-Control: no-cache
Content-Type: application/json; charset=utf-8
host: localhost:1448
accept: */*

Response DefaultHttpResponse(decodeResult: success, version: HTTP/1.1)
HTTP/1.1 200 OK
Content-Length: 75
Content-Type: application/json; charset=utf-8

16:01:44.198 [AsyncHttpClient-1-2] DEBUG org.asynchttpclient.netty.channel.ChannelManager - Adding key: http://localhost:1448 for channel [id: 0x43daccbb, L:/127.0.0.1:53510 - R:localhost/127.0.0.1:1448]
16:01:44.203 [Forwarding findChildElement on session 3e4951c79d2ede6566ce6a8f9cc5332f to remote] DEBUG org.asynchttpclient.netty.request.NettyRequestSender - Using pooled Channel '[id: 0x43daccbb, L:/127.0.0.1:53510 - R:localhost/127.0.0.1:1448]' for 'POST' to 'http://localhost:1448/session/3e4951c79d2ede6566ce6a8f9cc5332f/element/0.02340666321763929-59/element'
16:01:44.203 [Forwarding findChildElement on session 3e4951c79d2ede6566ce6a8f9cc5332f to remote] DEBUG org.asynchttpclient.netty.request.NettyRequestSender - Using open Channel [id: 0x43daccbb, L:/127.0.0.1:53510 - R:localhost/127.0.0.1:1448] for POST '/session/3e4951c79d2ede6566ce6a8f9cc5332f/element/0.02340666321763929-59/element'
16:01:44.223 [AsyncHttpClient-1-2] DEBUG org.asynchttpclient.netty.handler.HttpHandler - 

Request DefaultHttpRequest(decodeResult: success, version: HTTP/1.1)
POST /session/3e4951c79d2ede6566ce6a8f9cc5332f/element/0.02340666321763929-59/element HTTP/1.1
User-Agent: selenium/4.0.0-alpha-7 (java windows)
Content-Length: 79
Content-Type: application/json; charset=utf-8
host: localhost:1448
accept: */*

Response DefaultHttpResponse(decodeResult: success, version: HTTP/1.1)
HTTP/1.1 200 OK
Content-Length: 105
Content-Type: application/json; charset=utf-8

16:01:44.223 [AsyncHttpClient-1-2] DEBUG org.asynchttpclient.netty.channel.ChannelManager - Adding key: http://localhost:1448 for channel [id: 0x43daccbb, L:/127.0.0.1:53510 - R:localhost/127.0.0.1:1448]
16:01:44.227 [Forwarding getElementAttribute on session 3e4951c79d2ede6566ce6a8f9cc5332f to remote] DEBUG org.asynchttpclient.netty.request.NettyRequestSender - Using pooled Channel '[id: 0x43daccbb, L:/127.0.0.1:53510 - R:localhost/127.0.0.1:1448]' for 'GET' to 'http://localhost:1448/session/3e4951c79d2ede6566ce6a8f9cc5332f/element/0.02340666321763929-125/attribute/value'
16:01:44.227 [Forwarding getElementAttribute on session 3e4951c79d2ede6566ce6a8f9cc5332f to remote] DEBUG org.asynchttpclient.netty.request.NettyRequestSender - Using open Channel [id: 0x43daccbb, L:/127.0.0.1:53510 - R:localhost/127.0.0.1:1448] for GET '/session/3e4951c79d2ede6566ce6a8f9cc5332f/element/0.02340666321763929-125/attribute/value'
16:01:44.260 [AsyncHttpClient-1-2] DEBUG org.asynchttpclient.netty.handler.HttpHandler - 

Request DefaultFullHttpRequest(decodeResult: success, version: HTTP/1.1, content: EmptyByteBufBE)
GET /session/3e4951c79d2ede6566ce6a8f9cc5332f/element/0.02340666321763929-125/attribute/value HTTP/1.1
User-Agent: selenium/4.0.0-alpha-7 (java windows)
Cache-Control: no-cache
Content-Type: application/json; charset=utf-8
host: localhost:1448
accept: */*

Response DefaultHttpResponse(decodeResult: success, version: HTTP/1.1)
HTTP/1.1 200 OK
Content-Length: 72
Content-Type: application/json; charset=utf-8

16:01:44.260 [AsyncHttpClient-1-2] DEBUG org.asynchttpclient.netty.channel.ChannelManager - Adding key: http://localhost:1448 for channel [id: 0x43daccbb, L:/127.0.0.1:53510 - R:localhost/127.0.0.1:1448]
16:01:44.261 [Forwarding getElementText on session 3e4951c79d2ede6566ce6a8f9cc5332f to remote] DEBUG org.asynchttpclient.netty.request.NettyRequestSender - Using pooled Channel '[id: 0x43daccbb, L:/127.0.0.1:53510 - R:localhost/127.0.0.1:1448]' for 'GET' to 'http://localhost:1448/session/3e4951c79d2ede6566ce6a8f9cc5332f/element/0.02340666321763929-60/text'
16:01:44.261 [Forwarding getElementText on session 3e4951c79d2ede6566ce6a8f9cc5332f to remote] DEBUG org.asynchttpclient.netty.request.NettyRequestSender - Using open Channel [id: 0x43daccbb, L:/127.0.0.1:53510 - R:localhost/127.0.0.1:1448] for GET '/session/3e4951c79d2ede6566ce6a8f9cc5332f/element/0.02340666321763929-60/text'
16:01:44.281 [AsyncHttpClient-1-2] DEBUG org.asynchttpclient.netty.handler.HttpHandler - 

Request DefaultFullHttpRequest(decodeResult: success, version: HTTP/1.1, content: EmptyByteBufBE)
GET /session/3e4951c79d2ede6566ce6a8f9cc5332f/element/0.02340666321763929-60/text HTTP/1.1
User-Agent: selenium/4.0.0-alpha-7 (java windows)
Cache-Control: no-cache
Content-Type: application/json; charset=utf-8
host: localhost:1448
accept: */*

Response DefaultHttpResponse(decodeResult: success, version: HTTP/1.1)
HTTP/1.1 200 OK
Content-Length: 75
Content-Type: application/json; charset=utf-8

16:01:44.282 [AsyncHttpClient-1-2] DEBUG org.asynchttpclient.netty.channel.ChannelManager - Adding key: http://localhost:1448 for channel [id: 0x43daccbb, L:/127.0.0.1:53510 - R:localhost/127.0.0.1:1448]
16:01:44.283 [Forwarding findChildElement on session 3e4951c79d2ede6566ce6a8f9cc5332f to remote] DEBUG org.asynchttpclient.netty.request.NettyRequestSender - Using pooled Channel '[id: 0x43daccbb, L:/127.0.0.1:53510 - R:localhost/127.0.0.1:1448]' for 'POST' to 'http://localhost:1448/session/3e4951c79d2ede6566ce6a8f9cc5332f/element/0.02340666321763929-60/element'
16:01:44.283 [Forwarding findChildElement on session 3e4951c79d2ede6566ce6a8f9cc5332f to remote] DEBUG org.asynchttpclient.netty.request.NettyRequestSender - Using open Channel [id: 0x43daccbb, L:/127.0.0.1:53510 - R:localhost/127.0.0.1:1448] for POST '/session/3e4951c79d2ede6566ce6a8f9cc5332f/element/0.02340666321763929-60/element'
16:01:44.317 [AsyncHttpClient-1-2] DEBUG org.asynchttpclient.netty.handler.HttpHandler - 

Request DefaultHttpRequest(decodeResult: success, version: HTTP/1.1)
POST /session/3e4951c79d2ede6566ce6a8f9cc5332f/element/0.02340666321763929-60/element HTTP/1.1
User-Agent: selenium/4.0.0-alpha-7 (java windows)
Content-Length: 79
Content-Type: application/json; charset=utf-8
host: localhost:1448
accept: */*

Response DefaultHttpResponse(decodeResult: success, version: HTTP/1.1)
HTTP/1.1 200 OK
Content-Length: 105
Content-Type: application/json; charset=utf-8

16:01:44.317 [AsyncHttpClient-1-2] DEBUG org.asynchttpclient.netty.channel.ChannelManager - Adding key: http://localhost:1448 for channel [id: 0x43daccbb, L:/127.0.0.1:53510 - R:localhost/127.0.0.1:1448]
16:01:44.319 [Forwarding getElementAttribute on session 3e4951c79d2ede6566ce6a8f9cc5332f to remote] DEBUG org.asynchttpclient.netty.request.NettyRequestSender - Using pooled Channel '[id: 0x43daccbb, L:/127.0.0.1:53510 - R:localhost/127.0.0.1:1448]' for 'GET' to 'http://localhost:1448/session/3e4951c79d2ede6566ce6a8f9cc5332f/element/0.02340666321763929-126/attribute/value'
16:01:44.319 [Forwarding getElementAttribute on session 3e4951c79d2ede6566ce6a8f9cc5332f to remote] DEBUG org.asynchttpclient.netty.request.NettyRequestSender - Using open Channel [id: 0x43daccbb, L:/127.0.0.1:53510 - R:localhost/127.0.0.1:1448] for GET '/session/3e4951c79d2ede6566ce6a8f9cc5332f/element/0.02340666321763929-126/attribute/value'
16:01:44.348 [AsyncHttpClient-1-2] DEBUG org.asynchttpclient.netty.handler.HttpHandler - 

Request DefaultFullHttpRequest(decodeResult: success, version: HTTP/1.1, content: EmptyByteBufBE)
GET /session/3e4951c79d2ede6566ce6a8f9cc5332f/element/0.02340666321763929-126/attribute/value HTTP/1.1
User-Agent: selenium/4.0.0-alpha-7 (java windows)
Cache-Control: no-cache
Content-Type: application/json; charset=utf-8
host: localhost:1448
accept: */*

Response DefaultHttpResponse(decodeResult: success, version: HTTP/1.1)
HTTP/1.1 200 OK
Content-Length: 72
Content-Type: application/json; charset=utf-8

16:01:44.349 [AsyncHttpClient-1-2] DEBUG org.asynchttpclient.netty.channel.ChannelManager - Adding key: http://localhost:1448 for channel [id: 0x43daccbb, L:/127.0.0.1:53510 - R:localhost/127.0.0.1:1448]
16:01:44.350 [Forwarding getElementText on session 3e4951c79d2ede6566ce6a8f9cc5332f to remote] DEBUG org.asynchttpclient.netty.request.NettyRequestSender - Using pooled Channel '[id: 0x43daccbb, L:/127.0.0.1:53510 - R:localhost/127.0.0.1:1448]' for 'GET' to 'http://localhost:1448/session/3e4951c79d2ede6566ce6a8f9cc5332f/element/0.02340666321763929-61/text'
16:01:44.351 [Forwarding getElementText on session 3e4951c79d2ede6566ce6a8f9cc5332f to remote] DEBUG org.asynchttpclient.netty.request.NettyRequestSender - Using open Channel [id: 0x43daccbb, L:/127.0.0.1:53510 - R:localhost/127.0.0.1:1448] for GET '/session/3e4951c79d2ede6566ce6a8f9cc5332f/element/0.02340666321763929-61/text'
16:01:44.381 [AsyncHttpClient-1-2] DEBUG org.asynchttpclient.netty.handler.HttpHandler - 

Request DefaultFullHttpRequest(decodeResult: success, version: HTTP/1.1, content: EmptyByteBufBE)
GET /session/3e4951c79d2ede6566ce6a8f9cc5332f/element/0.02340666321763929-61/text HTTP/1.1
User-Agent: selenium/4.0.0-alpha-7 (java windows)
Cache-Control: no-cache
Content-Type: application/json; charset=utf-8
host: localhost:1448
accept: */*

Response DefaultHttpResponse(decodeResult: success, version: HTTP/1.1)
HTTP/1.1 200 OK
Content-Length: 75
Content-Type: application/json; charset=utf-8

16:01:44.381 [AsyncHttpClient-1-2] DEBUG org.asynchttpclient.netty.channel.ChannelManager - Adding key: http://localhost:1448 for channel [id: 0x43daccbb, L:/127.0.0.1:53510 - R:localhost/127.0.0.1:1448]
16:01:44.382 [Forwarding findChildElement on session 3e4951c79d2ede6566ce6a8f9cc5332f to remote] DEBUG org.asynchttpclient.netty.request.NettyRequestSender - Using pooled Channel '[id: 0x43daccbb, L:/127.0.0.1:53510 - R:localhost/127.0.0.1:1448]' for 'POST' to 'http://localhost:1448/session/3e4951c79d2ede6566ce6a8f9cc5332f/element/0.02340666321763929-61/element'
16:01:44.382 [Forwarding findChildElement on session 3e4951c79d2ede6566ce6a8f9cc5332f to remote] DEBUG org.asynchttpclient.netty.request.NettyRequestSender - Using open Channel [id: 0x43daccbb, L:/127.0.0.1:53510 - R:localhost/127.0.0.1:1448] for POST '/session/3e4951c79d2ede6566ce6a8f9cc5332f/element/0.02340666321763929-61/element'
16:01:44.549 [AsyncHttpClient-1-1] DEBUG org.asynchttpclient.netty.channel.DefaultChannelPool - Entry count for : http://localhost:53512 : 1
16:01:44.566 [AsyncHttpClient-1-2] DEBUG org.asynchttpclient.netty.handler.HttpHandler - 

Request DefaultHttpRequest(decodeResult: success, version: HTTP/1.1)
POST /session/3e4951c79d2ede6566ce6a8f9cc5332f/element/0.02340666321763929-61/element HTTP/1.1
User-Agent: selenium/4.0.0-alpha-7 (java windows)
Content-Length: 79
Content-Type: application/json; charset=utf-8
host: localhost:1448
accept: */*

Response DefaultHttpResponse(decodeResult: success, version: HTTP/1.1)
HTTP/1.1 200 OK
Content-Length: 105
Content-Type: application/json; charset=utf-8

16:01:44.566 [AsyncHttpClient-1-2] DEBUG org.asynchttpclient.netty.channel.ChannelManager - Adding key: http://localhost:1448 for channel [id: 0x43daccbb, L:/127.0.0.1:53510 - R:localhost/127.0.0.1:1448]
16:01:44.575 [Forwarding getElementAttribute on session 3e4951c79d2ede6566ce6a8f9cc5332f to remote] DEBUG org.asynchttpclient.netty.request.NettyRequestSender - Using pooled Channel '[id: 0x43daccbb, L:/127.0.0.1:53510 - R:localhost/127.0.0.1:1448]' for 'GET' to 'http://localhost:1448/session/3e4951c79d2ede6566ce6a8f9cc5332f/element/0.02340666321763929-127/attribute/value'
16:01:44.575 [Forwarding getElementAttribute on session 3e4951c79d2ede6566ce6a8f9cc5332f to remote] DEBUG org.asynchttpclient.netty.request.NettyRequestSender - Using open Channel [id: 0x43daccbb, L:/127.0.0.1:53510 - R:localhost/127.0.0.1:1448] for GET '/session/3e4951c79d2ede6566ce6a8f9cc5332f/element/0.02340666321763929-127/attribute/value'
16:01:44.658 [AsyncHttpClient-1-2] DEBUG org.asynchttpclient.netty.handler.HttpHandler - 

Request DefaultFullHttpRequest(decodeResult: success, version: HTTP/1.1, content: EmptyByteBufBE)
GET /session/3e4951c79d2ede6566ce6a8f9cc5332f/element/0.02340666321763929-127/attribute/value HTTP/1.1
User-Agent: selenium/4.0.0-alpha-7 (java windows)
Cache-Control: no-cache
Content-Type: application/json; charset=utf-8
host: localhost:1448
accept: */*

Response DefaultHttpResponse(decodeResult: success, version: HTTP/1.1)
HTTP/1.1 200 OK
Content-Length: 72
Content-Type: application/json; charset=utf-8

16:01:44.659 [AsyncHttpClient-1-2] DEBUG org.asynchttpclient.netty.channel.ChannelManager - Adding key: http://localhost:1448 for channel [id: 0x43daccbb, L:/127.0.0.1:53510 - R:localhost/127.0.0.1:1448]
16:01:44.661 [Forwarding getElementText on session 3e4951c79d2ede6566ce6a8f9cc5332f to remote] DEBUG org.asynchttpclient.netty.request.NettyRequestSender - Using pooled Channel '[id: 0x43daccbb, L:/127.0.0.1:53510 - R:localhost/127.0.0.1:1448]' for 'GET' to 'http://localhost:1448/session/3e4951c79d2ede6566ce6a8f9cc5332f/element/0.02340666321763929-62/text'
16:01:44.661 [Forwarding getElementText on session 3e4951c79d2ede6566ce6a8f9cc5332f to remote] DEBUG org.asynchttpclient.netty.request.NettyRequestSender - Using open Channel [id: 0x43daccbb, L:/127.0.0.1:53510 - R:localhost/127.0.0.1:1448] for GET '/session/3e4951c79d2ede6566ce6a8f9cc5332f/element/0.02340666321763929-62/text'
16:01:44.697 [AsyncHttpClient-1-2] DEBUG org.asynchttpclient.netty.handler.HttpHandler - 

Request DefaultFullHttpRequest(decodeResult: success, version: HTTP/1.1, content: EmptyByteBufBE)
GET /session/3e4951c79d2ede6566ce6a8f9cc5332f/element/0.02340666321763929-62/text HTTP/1.1
User-Agent: selenium/4.0.0-alpha-7 (java windows)
Cache-Control: no-cache
Content-Type: application/json; charset=utf-8
host: localhost:1448
accept: */*

Response DefaultHttpResponse(decodeResult: success, version: HTTP/1.1)
HTTP/1.1 200 OK
Content-Length: 75
Content-Type: application/json; charset=utf-8

16:01:44.697 [AsyncHttpClient-1-2] DEBUG org.asynchttpclient.netty.channel.ChannelManager - Adding key: http://localhost:1448 for channel [id: 0x43daccbb, L:/127.0.0.1:53510 - R:localhost/127.0.0.1:1448]
16:01:44.698 [Forwarding findChildElement on session 3e4951c79d2ede6566ce6a8f9cc5332f to remote] DEBUG org.asynchttpclient.netty.request.NettyRequestSender - Using pooled Channel '[id: 0x43daccbb, L:/127.0.0.1:53510 - R:localhost/127.0.0.1:1448]' for 'POST' to 'http://localhost:1448/session/3e4951c79d2ede6566ce6a8f9cc5332f/element/0.02340666321763929-62/element'
16:01:44.699 [Forwarding findChildElement on session 3e4951c79d2ede6566ce6a8f9cc5332f to remote] DEBUG org.asynchttpclient.netty.request.NettyRequestSender - Using open Channel [id: 0x43daccbb, L:/127.0.0.1:53510 - R:localhost/127.0.0.1:1448] for POST '/session/3e4951c79d2ede6566ce6a8f9cc5332f/element/0.02340666321763929-62/element'
16:01:44.726 [AsyncHttpClient-1-2] DEBUG org.asynchttpclient.netty.handler.HttpHandler - 

Request DefaultHttpRequest(decodeResult: success, version: HTTP/1.1)
POST /session/3e4951c79d2ede6566ce6a8f9cc5332f/element/0.02340666321763929-62/element HTTP/1.1
User-Agent: selenium/4.0.0-alpha-7 (java windows)
Content-Length: 79
Content-Type: application/json; charset=utf-8
host: localhost:1448
accept: */*

Response DefaultHttpResponse(decodeResult: success, version: HTTP/1.1)
HTTP/1.1 200 OK
Content-Length: 105
Content-Type: application/json; charset=utf-8

16:01:44.726 [AsyncHttpClient-1-2] DEBUG org.asynchttpclient.netty.channel.ChannelManager - Adding key: http://localhost:1448 for channel [id: 0x43daccbb, L:/127.0.0.1:53510 - R:localhost/127.0.0.1:1448]
16:01:44.727 [Forwarding getElementAttribute on session 3e4951c79d2ede6566ce6a8f9cc5332f to remote] DEBUG org.asynchttpclient.netty.request.NettyRequestSender - Using pooled Channel '[id: 0x43daccbb, L:/127.0.0.1:53510 - R:localhost/127.0.0.1:1448]' for 'GET' to 'http://localhost:1448/session/3e4951c79d2ede6566ce6a8f9cc5332f/element/0.02340666321763929-128/attribute/value'
16:01:44.728 [Forwarding getElementAttribute on session 3e4951c79d2ede6566ce6a8f9cc5332f to remote] DEBUG org.asynchttpclient.netty.request.NettyRequestSender - Using open Channel [id: 0x43daccbb, L:/127.0.0.1:53510 - R:localhost/127.0.0.1:1448] for GET '/session/3e4951c79d2ede6566ce6a8f9cc5332f/element/0.02340666321763929-128/attribute/value'
16:01:44.746 [AsyncHttpClient-1-2] DEBUG org.asynchttpclient.netty.handler.HttpHandler - 

Request DefaultFullHttpRequest(decodeResult: success, version: HTTP/1.1, content: EmptyByteBufBE)
GET /session/3e4951c79d2ede6566ce6a8f9cc5332f/element/0.02340666321763929-128/attribute/value HTTP/1.1
User-Agent: selenium/4.0.0-alpha-7 (java windows)
Cache-Control: no-cache
Content-Type: application/json; charset=utf-8
host: localhost:1448
accept: */*

Response DefaultHttpResponse(decodeResult: success, version: HTTP/1.1)
HTTP/1.1 200 OK
Content-Length: 72
Content-Type: application/json; charset=utf-8

16:01:44.746 [AsyncHttpClient-1-2] DEBUG org.asynchttpclient.netty.channel.ChannelManager - Adding key: http://localhost:1448 for channel [id: 0x43daccbb, L:/127.0.0.1:53510 - R:localhost/127.0.0.1:1448]
16:01:44.747 [Forwarding getElementText on session 3e4951c79d2ede6566ce6a8f9cc5332f to remote] DEBUG org.asynchttpclient.netty.request.NettyRequestSender - Using pooled Channel '[id: 0x43daccbb, L:/127.0.0.1:53510 - R:localhost/127.0.0.1:1448]' for 'GET' to 'http://localhost:1448/session/3e4951c79d2ede6566ce6a8f9cc5332f/element/0.02340666321763929-63/text'
16:01:44.747 [Forwarding getElementText on session 3e4951c79d2ede6566ce6a8f9cc5332f to remote] DEBUG org.asynchttpclient.netty.request.NettyRequestSender - Using open Channel [id: 0x43daccbb, L:/127.0.0.1:53510 - R:localhost/127.0.0.1:1448] for GET '/session/3e4951c79d2ede6566ce6a8f9cc5332f/element/0.02340666321763929-63/text'
16:01:44.779 [AsyncHttpClient-1-2] DEBUG org.asynchttpclient.netty.handler.HttpHandler - 

Request DefaultFullHttpRequest(decodeResult: success, version: HTTP/1.1, content: EmptyByteBufBE)
GET /session/3e4951c79d2ede6566ce6a8f9cc5332f/element/0.02340666321763929-63/text HTTP/1.1
User-Agent: selenium/4.0.0-alpha-7 (java windows)
Cache-Control: no-cache
Content-Type: application/json; charset=utf-8
host: localhost:1448
accept: */*

Response DefaultHttpResponse(decodeResult: success, version: HTTP/1.1)
HTTP/1.1 200 OK
Content-Length: 75
Content-Type: application/json; charset=utf-8

16:01:44.779 [AsyncHttpClient-1-2] DEBUG org.asynchttpclient.netty.channel.ChannelManager - Adding key: http://localhost:1448 for channel [id: 0x43daccbb, L:/127.0.0.1:53510 - R:localhost/127.0.0.1:1448]
16:01:44.780 [Forwarding findChildElement on session 3e4951c79d2ede6566ce6a8f9cc5332f to remote] DEBUG org.asynchttpclient.netty.request.NettyRequestSender - Using pooled Channel '[id: 0x43daccbb, L:/127.0.0.1:53510 - R:localhost/127.0.0.1:1448]' for 'POST' to 'http://localhost:1448/session/3e4951c79d2ede6566ce6a8f9cc5332f/element/0.02340666321763929-63/element'
16:01:44.780 [Forwarding findChildElement on session 3e4951c79d2ede6566ce6a8f9cc5332f to remote] DEBUG org.asynchttpclient.netty.request.NettyRequestSender - Using open Channel [id: 0x43daccbb, L:/127.0.0.1:53510 - R:localhost/127.0.0.1:1448] for POST '/session/3e4951c79d2ede6566ce6a8f9cc5332f/element/0.02340666321763929-63/element'
16:01:44.797 [AsyncHttpClient-1-2] DEBUG org.asynchttpclient.netty.handler.HttpHandler - 

Request DefaultHttpRequest(decodeResult: success, version: HTTP/1.1)
POST /session/3e4951c79d2ede6566ce6a8f9cc5332f/element/0.02340666321763929-63/element HTTP/1.1
User-Agent: selenium/4.0.0-alpha-7 (java windows)
Content-Length: 79
Content-Type: application/json; charset=utf-8
host: localhost:1448
accept: */*

Response DefaultHttpResponse(decodeResult: success, version: HTTP/1.1)
HTTP/1.1 200 OK
Content-Length: 105
Content-Type: application/json; charset=utf-8

16:01:44.797 [AsyncHttpClient-1-2] DEBUG org.asynchttpclient.netty.channel.ChannelManager - Adding key: http://localhost:1448 for channel [id: 0x43daccbb, L:/127.0.0.1:53510 - R:localhost/127.0.0.1:1448]
16:01:44.798 [Forwarding getElementAttribute on session 3e4951c79d2ede6566ce6a8f9cc5332f to remote] DEBUG org.asynchttpclient.netty.request.NettyRequestSender - Using pooled Channel '[id: 0x43daccbb, L:/127.0.0.1:53510 - R:localhost/127.0.0.1:1448]' for 'GET' to 'http://localhost:1448/session/3e4951c79d2ede6566ce6a8f9cc5332f/element/0.02340666321763929-129/attribute/value'
16:01:44.798 [Forwarding getElementAttribute on session 3e4951c79d2ede6566ce6a8f9cc5332f to remote] DEBUG org.asynchttpclient.netty.request.NettyRequestSender - Using open Channel [id: 0x43daccbb, L:/127.0.0.1:53510 - R:localhost/127.0.0.1:1448] for GET '/session/3e4951c79d2ede6566ce6a8f9cc5332f/element/0.02340666321763929-129/attribute/value'
16:01:44.816 [AsyncHttpClient-1-2] DEBUG org.asynchttpclient.netty.handler.HttpHandler - 

Request DefaultFullHttpRequest(decodeResult: success, version: HTTP/1.1, content: EmptyByteBufBE)
GET /session/3e4951c79d2ede6566ce6a8f9cc5332f/element/0.02340666321763929-129/attribute/value HTTP/1.1
User-Agent: selenium/4.0.0-alpha-7 (java windows)
Cache-Control: no-cache
Content-Type: application/json; charset=utf-8
host: localhost:1448
accept: */*

Response DefaultHttpResponse(decodeResult: success, version: HTTP/1.1)
HTTP/1.1 200 OK
Content-Length: 72
Content-Type: application/json; charset=utf-8

16:01:44.816 [AsyncHttpClient-1-2] DEBUG org.asynchttpclient.netty.channel.ChannelManager - Adding key: http://localhost:1448 for channel [id: 0x43daccbb, L:/127.0.0.1:53510 - R:localhost/127.0.0.1:1448]
16:01:44.820 [Forwarding getElementText on session 3e4951c79d2ede6566ce6a8f9cc5332f to remote] DEBUG org.asynchttpclient.netty.request.NettyRequestSender - Using pooled Channel '[id: 0x43daccbb, L:/127.0.0.1:53510 - R:localhost/127.0.0.1:1448]' for 'GET' to 'http://localhost:1448/session/3e4951c79d2ede6566ce6a8f9cc5332f/element/0.02340666321763929-64/text'
16:01:44.820 [Forwarding getElementText on session 3e4951c79d2ede6566ce6a8f9cc5332f to remote] DEBUG org.asynchttpclient.netty.request.NettyRequestSender - Using open Channel [id: 0x43daccbb, L:/127.0.0.1:53510 - R:localhost/127.0.0.1:1448] for GET '/session/3e4951c79d2ede6566ce6a8f9cc5332f/element/0.02340666321763929-64/text'
16:01:44.846 [AsyncHttpClient-1-2] DEBUG org.asynchttpclient.netty.handler.HttpHandler - 

Request DefaultFullHttpRequest(decodeResult: success, version: HTTP/1.1, content: EmptyByteBufBE)
GET /session/3e4951c79d2ede6566ce6a8f9cc5332f/element/0.02340666321763929-64/text HTTP/1.1
User-Agent: selenium/4.0.0-alpha-7 (java windows)
Cache-Control: no-cache
Content-Type: application/json; charset=utf-8
host: localhost:1448
accept: */*

Response DefaultHttpResponse(decodeResult: success, version: HTTP/1.1)
HTTP/1.1 200 OK
Content-Length: 75
Content-Type: application/json; charset=utf-8

16:01:44.847 [AsyncHttpClient-1-2] DEBUG org.asynchttpclient.netty.channel.ChannelManager - Adding key: http://localhost:1448 for channel [id: 0x43daccbb, L:/127.0.0.1:53510 - R:localhost/127.0.0.1:1448]
16:01:44.849 [Forwarding findChildElement on session 3e4951c79d2ede6566ce6a8f9cc5332f to remote] DEBUG org.asynchttpclient.netty.request.NettyRequestSender - Using pooled Channel '[id: 0x43daccbb, L:/127.0.0.1:53510 - R:localhost/127.0.0.1:1448]' for 'POST' to 'http://localhost:1448/session/3e4951c79d2ede6566ce6a8f9cc5332f/element/0.02340666321763929-64/element'
16:01:44.849 [Forwarding findChildElement on session 3e4951c79d2ede6566ce6a8f9cc5332f to remote] DEBUG org.asynchttpclient.netty.request.NettyRequestSender - Using open Channel [id: 0x43daccbb, L:/127.0.0.1:53510 - R:localhost/127.0.0.1:1448] for POST '/session/3e4951c79d2ede6566ce6a8f9cc5332f/element/0.02340666321763929-64/element'
16:01:44.865 [AsyncHttpClient-1-2] DEBUG org.asynchttpclient.netty.handler.HttpHandler - 

Request DefaultHttpRequest(decodeResult: success, version: HTTP/1.1)
POST /session/3e4951c79d2ede6566ce6a8f9cc5332f/element/0.02340666321763929-64/element HTTP/1.1
User-Agent: selenium/4.0.0-alpha-7 (java windows)
Content-Length: 79
Content-Type: application/json; charset=utf-8
host: localhost:1448
accept: */*

Response DefaultHttpResponse(decodeResult: success, version: HTTP/1.1)
HTTP/1.1 200 OK
Content-Length: 105
Content-Type: application/json; charset=utf-8

16:01:44.865 [AsyncHttpClient-1-2] DEBUG org.asynchttpclient.netty.channel.ChannelManager - Adding key: http://localhost:1448 for channel [id: 0x43daccbb, L:/127.0.0.1:53510 - R:localhost/127.0.0.1:1448]
16:01:44.866 [Forwarding getElementAttribute on session 3e4951c79d2ede6566ce6a8f9cc5332f to remote] DEBUG org.asynchttpclient.netty.request.NettyRequestSender - Using pooled Channel '[id: 0x43daccbb, L:/127.0.0.1:53510 - R:localhost/127.0.0.1:1448]' for 'GET' to 'http://localhost:1448/session/3e4951c79d2ede6566ce6a8f9cc5332f/element/0.02340666321763929-130/attribute/value'
16:01:44.866 [Forwarding getElementAttribute on session 3e4951c79d2ede6566ce6a8f9cc5332f to remote] DEBUG org.asynchttpclient.netty.request.NettyRequestSender - Using open Channel [id: 0x43daccbb, L:/127.0.0.1:53510 - R:localhost/127.0.0.1:1448] for GET '/session/3e4951c79d2ede6566ce6a8f9cc5332f/element/0.02340666321763929-130/attribute/value'
16:01:44.889 [AsyncHttpClient-1-2] DEBUG org.asynchttpclient.netty.handler.HttpHandler - 

Request DefaultFullHttpRequest(decodeResult: success, version: HTTP/1.1, content: EmptyByteBufBE)
GET /session/3e4951c79d2ede6566ce6a8f9cc5332f/element/0.02340666321763929-130/attribute/value HTTP/1.1
User-Agent: selenium/4.0.0-alpha-7 (java windows)
Cache-Control: no-cache
Content-Type: application/json; charset=utf-8
host: localhost:1448
accept: */*

Response DefaultHttpResponse(decodeResult: success, version: HTTP/1.1)
HTTP/1.1 200 OK
Content-Length: 72
Content-Type: application/json; charset=utf-8

16:01:44.890 [AsyncHttpClient-1-2] DEBUG org.asynchttpclient.netty.channel.ChannelManager - Adding key: http://localhost:1448 for channel [id: 0x43daccbb, L:/127.0.0.1:53510 - R:localhost/127.0.0.1:1448]
16:01:44.896 [Forwarding getElementText on session 3e4951c79d2ede6566ce6a8f9cc5332f to remote] DEBUG org.asynchttpclient.netty.request.NettyRequestSender - Using pooled Channel '[id: 0x43daccbb, L:/127.0.0.1:53510 - R:localhost/127.0.0.1:1448]' for 'GET' to 'http://localhost:1448/session/3e4951c79d2ede6566ce6a8f9cc5332f/element/0.02340666321763929-65/text'
16:01:44.896 [Forwarding getElementText on session 3e4951c79d2ede6566ce6a8f9cc5332f to remote] DEBUG org.asynchttpclient.netty.request.NettyRequestSender - Using open Channel [id: 0x43daccbb, L:/127.0.0.1:53510 - R:localhost/127.0.0.1:1448] for GET '/session/3e4951c79d2ede6566ce6a8f9cc5332f/element/0.02340666321763929-65/text'
16:01:44.913 [AsyncHttpClient-1-2] DEBUG org.asynchttpclient.netty.handler.HttpHandler - 

Request DefaultFullHttpRequest(decodeResult: success, version: HTTP/1.1, content: EmptyByteBufBE)
GET /session/3e4951c79d2ede6566ce6a8f9cc5332f/element/0.02340666321763929-65/text HTTP/1.1
User-Agent: selenium/4.0.0-alpha-7 (java windows)
Cache-Control: no-cache
Content-Type: application/json; charset=utf-8
host: localhost:1448
accept: */*

Response DefaultHttpResponse(decodeResult: success, version: HTTP/1.1)
HTTP/1.1 200 OK
Content-Length: 75
Content-Type: application/json; charset=utf-8

16:01:44.913 [AsyncHttpClient-1-2] DEBUG org.asynchttpclient.netty.channel.ChannelManager - Adding key: http://localhost:1448 for channel [id: 0x43daccbb, L:/127.0.0.1:53510 - R:localhost/127.0.0.1:1448]
16:01:44.914 [Forwarding findChildElement on session 3e4951c79d2ede6566ce6a8f9cc5332f to remote] DEBUG org.asynchttpclient.netty.request.NettyRequestSender - Using pooled Channel '[id: 0x43daccbb, L:/127.0.0.1:53510 - R:localhost/127.0.0.1:1448]' for 'POST' to 'http://localhost:1448/session/3e4951c79d2ede6566ce6a8f9cc5332f/element/0.02340666321763929-65/element'
16:01:44.914 [Forwarding findChildElement on session 3e4951c79d2ede6566ce6a8f9cc5332f to remote] DEBUG org.asynchttpclient.netty.request.NettyRequestSender - Using open Channel [id: 0x43daccbb, L:/127.0.0.1:53510 - R:localhost/127.0.0.1:1448] for POST '/session/3e4951c79d2ede6566ce6a8f9cc5332f/element/0.02340666321763929-65/element'
16:01:44.933 [AsyncHttpClient-1-2] DEBUG org.asynchttpclient.netty.handler.HttpHandler - 

Request DefaultHttpRequest(decodeResult: success, version: HTTP/1.1)
POST /session/3e4951c79d2ede6566ce6a8f9cc5332f/element/0.02340666321763929-65/element HTTP/1.1
User-Agent: selenium/4.0.0-alpha-7 (java windows)
Content-Length: 79
Content-Type: application/json; charset=utf-8
host: localhost:1448
accept: */*

Response DefaultHttpResponse(decodeResult: success, version: HTTP/1.1)
HTTP/1.1 200 OK
Content-Length: 105
Content-Type: application/json; charset=utf-8

16:01:44.933 [AsyncHttpClient-1-2] DEBUG org.asynchttpclient.netty.channel.ChannelManager - Adding key: http://localhost:1448 for channel [id: 0x43daccbb, L:/127.0.0.1:53510 - R:localhost/127.0.0.1:1448]
16:01:44.940 [Forwarding getElementAttribute on session 3e4951c79d2ede6566ce6a8f9cc5332f to remote] DEBUG org.asynchttpclient.netty.request.NettyRequestSender - Using pooled Channel '[id: 0x43daccbb, L:/127.0.0.1:53510 - R:localhost/127.0.0.1:1448]' for 'GET' to 'http://localhost:1448/session/3e4951c79d2ede6566ce6a8f9cc5332f/element/0.02340666321763929-131/attribute/value'
16:01:44.940 [Forwarding getElementAttribute on session 3e4951c79d2ede6566ce6a8f9cc5332f to remote] DEBUG org.asynchttpclient.netty.request.NettyRequestSender - Using open Channel [id: 0x43daccbb, L:/127.0.0.1:53510 - R:localhost/127.0.0.1:1448] for GET '/session/3e4951c79d2ede6566ce6a8f9cc5332f/element/0.02340666321763929-131/attribute/value'
16:01:44.960 [AsyncHttpClient-1-2] DEBUG org.asynchttpclient.netty.handler.HttpHandler - 

Request DefaultFullHttpRequest(decodeResult: success, version: HTTP/1.1, content: EmptyByteBufBE)
GET /session/3e4951c79d2ede6566ce6a8f9cc5332f/element/0.02340666321763929-131/attribute/value HTTP/1.1
User-Agent: selenium/4.0.0-alpha-7 (java windows)
Cache-Control: no-cache
Content-Type: application/json; charset=utf-8
host: localhost:1448
accept: */*

Response DefaultHttpResponse(decodeResult: success, version: HTTP/1.1)
HTTP/1.1 200 OK
Content-Length: 72
Content-Type: application/json; charset=utf-8

16:01:44.960 [AsyncHttpClient-1-2] DEBUG org.asynchttpclient.netty.channel.ChannelManager - Adding key: http://localhost:1448 for channel [id: 0x43daccbb, L:/127.0.0.1:53510 - R:localhost/127.0.0.1:1448]
16:01:44.963 [Forwarding getElementText on session 3e4951c79d2ede6566ce6a8f9cc5332f to remote] DEBUG org.asynchttpclient.netty.request.NettyRequestSender - Using pooled Channel '[id: 0x43daccbb, L:/127.0.0.1:53510 - R:localhost/127.0.0.1:1448]' for 'GET' to 'http://localhost:1448/session/3e4951c79d2ede6566ce6a8f9cc5332f/element/0.02340666321763929-66/text'
16:01:44.963 [Forwarding getElementText on session 3e4951c79d2ede6566ce6a8f9cc5332f to remote] DEBUG org.asynchttpclient.netty.request.NettyRequestSender - Using open Channel [id: 0x43daccbb, L:/127.0.0.1:53510 - R:localhost/127.0.0.1:1448] for GET '/session/3e4951c79d2ede6566ce6a8f9cc5332f/element/0.02340666321763929-66/text'
16:01:44.981 [AsyncHttpClient-1-2] DEBUG org.asynchttpclient.netty.handler.HttpHandler - 

Request DefaultFullHttpRequest(decodeResult: success, version: HTTP/1.1, content: EmptyByteBufBE)
GET /session/3e4951c79d2ede6566ce6a8f9cc5332f/element/0.02340666321763929-66/text HTTP/1.1
User-Agent: selenium/4.0.0-alpha-7 (java windows)
Cache-Control: no-cache
Content-Type: application/json; charset=utf-8
host: localhost:1448
accept: */*

Response DefaultHttpResponse(decodeResult: success, version: HTTP/1.1)
HTTP/1.1 200 OK
Content-Length: 75
Content-Type: application/json; charset=utf-8

16:01:44.981 [AsyncHttpClient-1-2] DEBUG org.asynchttpclient.netty.channel.ChannelManager - Adding key: http://localhost:1448 for channel [id: 0x43daccbb, L:/127.0.0.1:53510 - R:localhost/127.0.0.1:1448]
16:01:44.983 [Forwarding findChildElement on session 3e4951c79d2ede6566ce6a8f9cc5332f to remote] DEBUG org.asynchttpclient.netty.request.NettyRequestSender - Using pooled Channel '[id: 0x43daccbb, L:/127.0.0.1:53510 - R:localhost/127.0.0.1:1448]' for 'POST' to 'http://localhost:1448/session/3e4951c79d2ede6566ce6a8f9cc5332f/element/0.02340666321763929-66/element'
16:01:44.983 [Forwarding findChildElement on session 3e4951c79d2ede6566ce6a8f9cc5332f to remote] DEBUG org.asynchttpclient.netty.request.NettyRequestSender - Using open Channel [id: 0x43daccbb, L:/127.0.0.1:53510 - R:localhost/127.0.0.1:1448] for POST '/session/3e4951c79d2ede6566ce6a8f9cc5332f/element/0.02340666321763929-66/element'
16:01:45.012 [AsyncHttpClient-1-2] DEBUG org.asynchttpclient.netty.handler.HttpHandler - 

Request DefaultHttpRequest(decodeResult: success, version: HTTP/1.1)
POST /session/3e4951c79d2ede6566ce6a8f9cc5332f/element/0.02340666321763929-66/element HTTP/1.1
User-Agent: selenium/4.0.0-alpha-7 (java windows)
Content-Length: 79
Content-Type: application/json; charset=utf-8
host: localhost:1448
accept: */*

Response DefaultHttpResponse(decodeResult: success, version: HTTP/1.1)
HTTP/1.1 200 OK
Content-Length: 105
Content-Type: application/json; charset=utf-8

16:01:45.012 [AsyncHttpClient-1-2] DEBUG org.asynchttpclient.netty.channel.ChannelManager - Adding key: http://localhost:1448 for channel [id: 0x43daccbb, L:/127.0.0.1:53510 - R:localhost/127.0.0.1:1448]
16:01:45.013 [Forwarding getElementAttribute on session 3e4951c79d2ede6566ce6a8f9cc5332f to remote] DEBUG org.asynchttpclient.netty.request.NettyRequestSender - Using pooled Channel '[id: 0x43daccbb, L:/127.0.0.1:53510 - R:localhost/127.0.0.1:1448]' for 'GET' to 'http://localhost:1448/session/3e4951c79d2ede6566ce6a8f9cc5332f/element/0.02340666321763929-132/attribute/value'
16:01:45.014 [Forwarding getElementAttribute on session 3e4951c79d2ede6566ce6a8f9cc5332f to remote] DEBUG org.asynchttpclient.netty.request.NettyRequestSender - Using open Channel [id: 0x43daccbb, L:/127.0.0.1:53510 - R:localhost/127.0.0.1:1448] for GET '/session/3e4951c79d2ede6566ce6a8f9cc5332f/element/0.02340666321763929-132/attribute/value'
16:01:45.029 [AsyncHttpClient-1-2] DEBUG org.asynchttpclient.netty.handler.HttpHandler - 

Request DefaultFullHttpRequest(decodeResult: success, version: HTTP/1.1, content: EmptyByteBufBE)
GET /session/3e4951c79d2ede6566ce6a8f9cc5332f/element/0.02340666321763929-132/attribute/value HTTP/1.1
User-Agent: selenium/4.0.0-alpha-7 (java windows)
Cache-Control: no-cache
Content-Type: application/json; charset=utf-8
host: localhost:1448
accept: */*

Response DefaultHttpResponse(decodeResult: success, version: HTTP/1.1)
HTTP/1.1 200 OK
Content-Length: 72
Content-Type: application/json; charset=utf-8

16:01:45.029 [AsyncHttpClient-1-2] DEBUG org.asynchttpclient.netty.channel.ChannelManager - Adding key: http://localhost:1448 for channel [id: 0x43daccbb, L:/127.0.0.1:53510 - R:localhost/127.0.0.1:1448]
16:01:45.030 [Forwarding findElement on session 3e4951c79d2ede6566ce6a8f9cc5332f to remote] DEBUG org.asynchttpclient.netty.request.NettyRequestSender - Using pooled Channel '[id: 0x43daccbb, L:/127.0.0.1:53510 - R:localhost/127.0.0.1:1448]' for 'POST' to 'http://localhost:1448/session/3e4951c79d2ede6566ce6a8f9cc5332f/element'
16:01:45.030 [Forwarding findElement on session 3e4951c79d2ede6566ce6a8f9cc5332f to remote] DEBUG org.asynchttpclient.netty.request.NettyRequestSender - Using open Channel [id: 0x43daccbb, L:/127.0.0.1:53510 - R:localhost/127.0.0.1:1448] for POST '/session/3e4951c79d2ede6566ce6a8f9cc5332f/element'
16:01:45.051 [AsyncHttpClient-1-2] DEBUG org.asynchttpclient.netty.handler.HttpHandler - 

Request DefaultHttpRequest(decodeResult: success, version: HTTP/1.1)
POST /session/3e4951c79d2ede6566ce6a8f9cc5332f/element HTTP/1.1
User-Agent: selenium/4.0.0-alpha-7 (java windows)
Content-Length: 39
Content-Type: application/json; charset=utf-8
host: localhost:1448
accept: */*

Response DefaultHttpResponse(decodeResult: success, version: HTTP/1.1)
HTTP/1.1 200 OK
Content-Length: 105
Content-Type: application/json; charset=utf-8

16:01:45.052 [AsyncHttpClient-1-2] DEBUG org.asynchttpclient.netty.channel.ChannelManager - Adding key: http://localhost:1448 for channel [id: 0x43daccbb, L:/127.0.0.1:53510 - R:localhost/127.0.0.1:1448]
16:01:45.061 [Forwarding clickElement on session 3e4951c79d2ede6566ce6a8f9cc5332f to remote] DEBUG org.asynchttpclient.netty.request.NettyRequestSender - Using pooled Channel '[id: 0x43daccbb, L:/127.0.0.1:53510 - R:localhost/127.0.0.1:1448]' for 'POST' to 'http://localhost:1448/session/3e4951c79d2ede6566ce6a8f9cc5332f/element/0.02340666321763929-133/click'
16:01:45.061 [Forwarding clickElement on session 3e4951c79d2ede6566ce6a8f9cc5332f to remote] DEBUG org.asynchttpclient.netty.request.NettyRequestSender - Using open Channel [id: 0x43daccbb, L:/127.0.0.1:53510 - R:localhost/127.0.0.1:1448] for POST '/session/3e4951c79d2ede6566ce6a8f9cc5332f/element/0.02340666321763929-133/click'
16:01:45.697 [AsyncHttpClient-1-2] DEBUG org.asynchttpclient.netty.handler.HttpHandler - 

Request DefaultHttpRequest(decodeResult: success, version: HTTP/1.1)
POST /session/3e4951c79d2ede6566ce6a8f9cc5332f/element/0.02340666321763929-133/click HTTP/1.1
User-Agent: selenium/4.0.0-alpha-7 (java windows)
Content-Length: 37
Content-Type: application/json; charset=utf-8
host: localhost:1448
accept: */*

Response DefaultHttpResponse(decodeResult: success, version: HTTP/1.1)
HTTP/1.1 200 OK
Content-Length: 72
Content-Type: application/json; charset=utf-8

16:01:45.697 [AsyncHttpClient-1-2] DEBUG org.asynchttpclient.netty.channel.ChannelManager - Adding key: http://localhost:1448 for channel [id: 0x43daccbb, L:/127.0.0.1:53510 - R:localhost/127.0.0.1:1448]
16:01:45.713 [AsyncHttpClient-1-1] DEBUG org.asynchttpclient.netty.channel.DefaultChannelPool - Entry count for : http://localhost:1448 : 1
16:01:45.713 [AsyncHttpClient-1-1] DEBUG org.asynchttpclient.netty.channel.DefaultChannelPool - Entry count for : http://localhost:53512 : 1
16:01:45.714 [Forwarding findElement on session 3e4951c79d2ede6566ce6a8f9cc5332f to remote] DEBUG org.asynchttpclient.netty.request.NettyRequestSender - Using pooled Channel '[id: 0x43daccbb, L:/127.0.0.1:53510 - R:localhost/127.0.0.1:1448]' for 'POST' to 'http://localhost:1448/session/3e4951c79d2ede6566ce6a8f9cc5332f/element'
16:01:45.715 [Forwarding findElement on session 3e4951c79d2ede6566ce6a8f9cc5332f to remote] DEBUG org.asynchttpclient.netty.request.NettyRequestSender - Using open Channel [id: 0x43daccbb, L:/127.0.0.1:53510 - R:localhost/127.0.0.1:1448] for POST '/session/3e4951c79d2ede6566ce6a8f9cc5332f/element'
16:01:45.777 [AsyncHttpClient-1-2] DEBUG org.asynchttpclient.netty.handler.HttpHandler - 

Request DefaultHttpRequest(decodeResult: success, version: HTTP/1.1)
POST /session/3e4951c79d2ede6566ce6a8f9cc5332f/element HTTP/1.1
User-Agent: selenium/4.0.0-alpha-7 (java windows)
Content-Length: 46
Content-Type: application/json; charset=utf-8
host: localhost:1448
accept: */*

Response DefaultHttpResponse(decodeResult: success, version: HTTP/1.1)
HTTP/1.1 200 OK
Content-Length: 102
Content-Type: application/json; charset=utf-8

16:01:45.777 [AsyncHttpClient-1-2] DEBUG org.asynchttpclient.netty.channel.ChannelManager - Adding key: http://localhost:1448 for channel [id: 0x43daccbb, L:/127.0.0.1:53510 - R:localhost/127.0.0.1:1448]
16:01:45.778 [Forwarding clickElement on session 3e4951c79d2ede6566ce6a8f9cc5332f to remote] DEBUG org.asynchttpclient.netty.request.NettyRequestSender - Using pooled Channel '[id: 0x43daccbb, L:/127.0.0.1:53510 - R:localhost/127.0.0.1:1448]' for 'POST' to 'http://localhost:1448/session/3e4951c79d2ede6566ce6a8f9cc5332f/element/0.6923075593910313-1/click'
16:01:45.778 [Forwarding clickElement on session 3e4951c79d2ede6566ce6a8f9cc5332f to remote] DEBUG org.asynchttpclient.netty.request.NettyRequestSender - Using open Channel [id: 0x43daccbb, L:/127.0.0.1:53510 - R:localhost/127.0.0.1:1448] for POST '/session/3e4951c79d2ede6566ce6a8f9cc5332f/element/0.6923075593910313-1/click'
16:01:45.901 [AsyncHttpClient-1-2] DEBUG org.asynchttpclient.netty.handler.HttpHandler - 

Request DefaultHttpRequest(decodeResult: success, version: HTTP/1.1)
POST /session/3e4951c79d2ede6566ce6a8f9cc5332f/element/0.6923075593910313-1/click HTTP/1.1
User-Agent: selenium/4.0.0-alpha-7 (java windows)
Content-Length: 34
Content-Type: application/json; charset=utf-8
host: localhost:1448
accept: */*

Response DefaultHttpResponse(decodeResult: success, version: HTTP/1.1)
HTTP/1.1 200 OK
Content-Length: 72
Content-Type: application/json; charset=utf-8

16:01:45.905 [AsyncHttpClient-1-2] DEBUG org.asynchttpclient.netty.channel.ChannelManager - Adding key: http://localhost:1448 for channel [id: 0x43daccbb, L:/127.0.0.1:53510 - R:localhost/127.0.0.1:1448]
16:01:45.912 [Forwarding findElement on session 3e4951c79d2ede6566ce6a8f9cc5332f to remote] DEBUG org.asynchttpclient.netty.request.NettyRequestSender - Using pooled Channel '[id: 0x43daccbb, L:/127.0.0.1:53510 - R:localhost/127.0.0.1:1448]' for 'POST' to 'http://localhost:1448/session/3e4951c79d2ede6566ce6a8f9cc5332f/element'
16:01:45.912 [Forwarding findElement on session 3e4951c79d2ede6566ce6a8f9cc5332f to remote] DEBUG org.asynchttpclient.netty.request.NettyRequestSender - Using open Channel [id: 0x43daccbb, L:/127.0.0.1:53510 - R:localhost/127.0.0.1:1448] for POST '/session/3e4951c79d2ede6566ce6a8f9cc5332f/element'
16:01:45.929 [AsyncHttpClient-1-2] DEBUG org.asynchttpclient.netty.handler.HttpHandler - 

Request DefaultHttpRequest(decodeResult: success, version: HTTP/1.1)
POST /session/3e4951c79d2ede6566ce6a8f9cc5332f/element HTTP/1.1
User-Agent: selenium/4.0.0-alpha-7 (java windows)
Content-Length: 46
Content-Type: application/json; charset=utf-8
host: localhost:1448
accept: */*

Response DefaultHttpResponse(decodeResult: success, version: HTTP/1.1)
HTTP/1.1 200 OK
Content-Length: 102
Content-Type: application/json; charset=utf-8

16:01:45.930 [AsyncHttpClient-1-2] DEBUG org.asynchttpclient.netty.channel.ChannelManager - Adding key: http://localhost:1448 for channel [id: 0x43daccbb, L:/127.0.0.1:53510 - R:localhost/127.0.0.1:1448]
16:01:45.930 [Forwarding getElementAttribute on session 3e4951c79d2ede6566ce6a8f9cc5332f to remote] DEBUG org.asynchttpclient.netty.request.NettyRequestSender - Using pooled Channel '[id: 0x43daccbb, L:/127.0.0.1:53510 - R:localhost/127.0.0.1:1448]' for 'GET' to 'http://localhost:1448/session/3e4951c79d2ede6566ce6a8f9cc5332f/element/0.6923075593910313-1/attribute/value'
16:01:45.930 [Forwarding getElementAttribute on session 3e4951c79d2ede6566ce6a8f9cc5332f to remote] DEBUG org.asynchttpclient.netty.request.NettyRequestSender - Using open Channel [id: 0x43daccbb, L:/127.0.0.1:53510 - R:localhost/127.0.0.1:1448] for GET '/session/3e4951c79d2ede6566ce6a8f9cc5332f/element/0.6923075593910313-1/attribute/value'
16:01:45.944 [AsyncHttpClient-1-2] DEBUG org.asynchttpclient.netty.handler.HttpHandler - 

Request DefaultFullHttpRequest(decodeResult: success, version: HTTP/1.1, content: EmptyByteBufBE)
GET /session/3e4951c79d2ede6566ce6a8f9cc5332f/element/0.6923075593910313-1/attribute/value HTTP/1.1
User-Agent: selenium/4.0.0-alpha-7 (java windows)
Cache-Control: no-cache
Content-Type: application/json; charset=utf-8
host: localhost:1448
accept: */*

Response DefaultHttpResponse(decodeResult: success, version: HTTP/1.1)
HTTP/1.1 200 OK
Content-Length: 70
Content-Type: application/json; charset=utf-8

16:01:45.944 [AsyncHttpClient-1-2] DEBUG org.asynchttpclient.netty.channel.ChannelManager - Adding key: http://localhost:1448 for channel [id: 0x43daccbb, L:/127.0.0.1:53510 - R:localhost/127.0.0.1:1448]
16:01:45.945 [Forwarding findElement on session 3e4951c79d2ede6566ce6a8f9cc5332f to remote] DEBUG org.asynchttpclient.netty.request.NettyRequestSender - Using pooled Channel '[id: 0x43daccbb, L:/127.0.0.1:53510 - R:localhost/127.0.0.1:1448]' for 'POST' to 'http://localhost:1448/session/3e4951c79d2ede6566ce6a8f9cc5332f/element'
16:01:45.945 [Forwarding findElement on session 3e4951c79d2ede6566ce6a8f9cc5332f to remote] DEBUG org.asynchttpclient.netty.request.NettyRequestSender - Using open Channel [id: 0x43daccbb, L:/127.0.0.1:53510 - R:localhost/127.0.0.1:1448] for POST '/session/3e4951c79d2ede6566ce6a8f9cc5332f/element'
16:01:45.961 [AsyncHttpClient-1-2] DEBUG org.asynchttpclient.netty.handler.HttpHandler - 

Request DefaultHttpRequest(decodeResult: success, version: HTTP/1.1)
POST /session/3e4951c79d2ede6566ce6a8f9cc5332f/element HTTP/1.1
User-Agent: selenium/4.0.0-alpha-7 (java windows)
Content-Length: 46
Content-Type: application/json; charset=utf-8
host: localhost:1448
accept: */*

Response DefaultHttpResponse(decodeResult: success, version: HTTP/1.1)
HTTP/1.1 200 OK
Content-Length: 102
Content-Type: application/json; charset=utf-8

16:01:45.961 [AsyncHttpClient-1-2] DEBUG org.asynchttpclient.netty.channel.ChannelManager - Adding key: http://localhost:1448 for channel [id: 0x43daccbb, L:/127.0.0.1:53510 - R:localhost/127.0.0.1:1448]
16:01:45.962 [Forwarding clearElement on session 3e4951c79d2ede6566ce6a8f9cc5332f to remote] DEBUG org.asynchttpclient.netty.request.NettyRequestSender - Using pooled Channel '[id: 0x43daccbb, L:/127.0.0.1:53510 - R:localhost/127.0.0.1:1448]' for 'POST' to 'http://localhost:1448/session/3e4951c79d2ede6566ce6a8f9cc5332f/element/0.6923075593910313-1/clear'
16:01:45.962 [Forwarding clearElement on session 3e4951c79d2ede6566ce6a8f9cc5332f to remote] DEBUG org.asynchttpclient.netty.request.NettyRequestSender - Using open Channel [id: 0x43daccbb, L:/127.0.0.1:53510 - R:localhost/127.0.0.1:1448] for POST '/session/3e4951c79d2ede6566ce6a8f9cc5332f/element/0.6923075593910313-1/clear'
16:01:46.042 [AsyncHttpClient-1-2] DEBUG org.asynchttpclient.netty.handler.HttpHandler - 

Request DefaultHttpRequest(decodeResult: success, version: HTTP/1.1)
POST /session/3e4951c79d2ede6566ce6a8f9cc5332f/element/0.6923075593910313-1/clear HTTP/1.1
User-Agent: selenium/4.0.0-alpha-7 (java windows)
Content-Length: 34
Content-Type: application/json; charset=utf-8
host: localhost:1448
accept: */*

Response DefaultHttpResponse(decodeResult: success, version: HTTP/1.1)
HTTP/1.1 200 OK
Content-Length: 72
Content-Type: application/json; charset=utf-8

16:01:46.042 [AsyncHttpClient-1-2] DEBUG org.asynchttpclient.netty.channel.ChannelManager - Adding key: http://localhost:1448 for channel [id: 0x43daccbb, L:/127.0.0.1:53510 - R:localhost/127.0.0.1:1448]
16:01:46.043 [Forwarding findElement on session 3e4951c79d2ede6566ce6a8f9cc5332f to remote] DEBUG org.asynchttpclient.netty.request.NettyRequestSender - Using pooled Channel '[id: 0x43daccbb, L:/127.0.0.1:53510 - R:localhost/127.0.0.1:1448]' for 'POST' to 'http://localhost:1448/session/3e4951c79d2ede6566ce6a8f9cc5332f/element'
16:01:46.043 [Forwarding findElement on session 3e4951c79d2ede6566ce6a8f9cc5332f to remote] DEBUG org.asynchttpclient.netty.request.NettyRequestSender - Using open Channel [id: 0x43daccbb, L:/127.0.0.1:53510 - R:localhost/127.0.0.1:1448] for POST '/session/3e4951c79d2ede6566ce6a8f9cc5332f/element'
16:01:46.065 [AsyncHttpClient-1-2] DEBUG org.asynchttpclient.netty.handler.HttpHandler - 

Request DefaultHttpRequest(decodeResult: success, version: HTTP/1.1)
POST /session/3e4951c79d2ede6566ce6a8f9cc5332f/element HTTP/1.1
User-Agent: selenium/4.0.0-alpha-7 (java windows)
Content-Length: 46
Content-Type: application/json; charset=utf-8
host: localhost:1448
accept: */*

Response DefaultHttpResponse(decodeResult: success, version: HTTP/1.1)
HTTP/1.1 200 OK
Content-Length: 102
Content-Type: application/json; charset=utf-8

16:01:46.065 [AsyncHttpClient-1-2] DEBUG org.asynchttpclient.netty.channel.ChannelManager - Adding key: http://localhost:1448 for channel [id: 0x43daccbb, L:/127.0.0.1:53510 - R:localhost/127.0.0.1:1448]
16:01:46.066 [Forwarding sendKeysToElement on session 3e4951c79d2ede6566ce6a8f9cc5332f to remote] DEBUG org.asynchttpclient.netty.request.NettyRequestSender - Using pooled Channel '[id: 0x43daccbb, L:/127.0.0.1:53510 - R:localhost/127.0.0.1:1448]' for 'POST' to 'http://localhost:1448/session/3e4951c79d2ede6566ce6a8f9cc5332f/element/0.6923075593910313-1/value'
16:01:46.066 [Forwarding sendKeysToElement on session 3e4951c79d2ede6566ce6a8f9cc5332f to remote] DEBUG org.asynchttpclient.netty.request.NettyRequestSender - Using open Channel [id: 0x43daccbb, L:/127.0.0.1:53510 - R:localhost/127.0.0.1:1448] for POST '/session/3e4951c79d2ede6566ce6a8f9cc5332f/element/0.6923075593910313-1/value'
16:01:46.160 [AsyncHttpClient-1-2] DEBUG org.asynchttpclient.netty.handler.HttpHandler - 

Request DefaultHttpRequest(decodeResult: success, version: HTTP/1.1)
POST /session/3e4951c79d2ede6566ce6a8f9cc5332f/element/0.6923075593910313-1/value HTTP/1.1
User-Agent: selenium/4.0.0-alpha-7 (java windows)
Content-Length: 65
Content-Type: application/json; charset=utf-8
host: localhost:1448
accept: */*

Response DefaultHttpResponse(decodeResult: success, version: HTTP/1.1)
HTTP/1.1 200 OK
Content-Length: 72
Content-Type: application/json; charset=utf-8

16:01:46.162 [AsyncHttpClient-1-2] DEBUG org.asynchttpclient.netty.channel.ChannelManager - Adding key: http://localhost:1448 for channel [id: 0x43daccbb, L:/127.0.0.1:53510 - R:localhost/127.0.0.1:1448]
16:01:46.164 [Forwarding findElement on session 3e4951c79d2ede6566ce6a8f9cc5332f to remote] DEBUG org.asynchttpclient.netty.request.NettyRequestSender - Using pooled Channel '[id: 0x43daccbb, L:/127.0.0.1:53510 - R:localhost/127.0.0.1:1448]' for 'POST' to 'http://localhost:1448/session/3e4951c79d2ede6566ce6a8f9cc5332f/element'
16:01:46.164 [Forwarding findElement on session 3e4951c79d2ede6566ce6a8f9cc5332f to remote] DEBUG org.asynchttpclient.netty.request.NettyRequestSender - Using open Channel [id: 0x43daccbb, L:/127.0.0.1:53510 - R:localhost/127.0.0.1:1448] for POST '/session/3e4951c79d2ede6566ce6a8f9cc5332f/element'
16:01:46.206 [AsyncHttpClient-1-2] DEBUG org.asynchttpclient.netty.handler.HttpHandler - 

Request DefaultHttpRequest(decodeResult: success, version: HTTP/1.1)
POST /session/3e4951c79d2ede6566ce6a8f9cc5332f/element HTTP/1.1
User-Agent: selenium/4.0.0-alpha-7 (java windows)
Content-Length: 48
Content-Type: application/json; charset=utf-8
host: localhost:1448
accept: */*

Response DefaultHttpResponse(decodeResult: success, version: HTTP/1.1)
HTTP/1.1 200 OK
Content-Length: 102
Content-Type: application/json; charset=utf-8

16:01:46.207 [AsyncHttpClient-1-2] DEBUG org.asynchttpclient.netty.channel.ChannelManager - Adding key: http://localhost:1448 for channel [id: 0x43daccbb, L:/127.0.0.1:53510 - R:localhost/127.0.0.1:1448]
16:01:46.209 [Forwarding clickElement on session 3e4951c79d2ede6566ce6a8f9cc5332f to remote] DEBUG org.asynchttpclient.netty.request.NettyRequestSender - Using pooled Channel '[id: 0x43daccbb, L:/127.0.0.1:53510 - R:localhost/127.0.0.1:1448]' for 'POST' to 'http://localhost:1448/session/3e4951c79d2ede6566ce6a8f9cc5332f/element/0.6923075593910313-2/click'
16:01:46.209 [Forwarding clickElement on session 3e4951c79d2ede6566ce6a8f9cc5332f to remote] DEBUG org.asynchttpclient.netty.request.NettyRequestSender - Using open Channel [id: 0x43daccbb, L:/127.0.0.1:53510 - R:localhost/127.0.0.1:1448] for POST '/session/3e4951c79d2ede6566ce6a8f9cc5332f/element/0.6923075593910313-2/click'
16:01:46.282 [AsyncHttpClient-1-2] DEBUG org.asynchttpclient.netty.handler.HttpHandler - 

Request DefaultHttpRequest(decodeResult: success, version: HTTP/1.1)
POST /session/3e4951c79d2ede6566ce6a8f9cc5332f/element/0.6923075593910313-2/click HTTP/1.1
User-Agent: selenium/4.0.0-alpha-7 (java windows)
Content-Length: 34
Content-Type: application/json; charset=utf-8
host: localhost:1448
accept: */*

Response DefaultHttpResponse(decodeResult: success, version: HTTP/1.1)
HTTP/1.1 200 OK
Content-Length: 72
Content-Type: application/json; charset=utf-8

16:01:46.282 [AsyncHttpClient-1-2] DEBUG org.asynchttpclient.netty.channel.ChannelManager - Adding key: http://localhost:1448 for channel [id: 0x43daccbb, L:/127.0.0.1:53510 - R:localhost/127.0.0.1:1448]
16:01:46.283 [Forwarding findElement on session 3e4951c79d2ede6566ce6a8f9cc5332f to remote] DEBUG org.asynchttpclient.netty.request.NettyRequestSender - Using pooled Channel '[id: 0x43daccbb, L:/127.0.0.1:53510 - R:localhost/127.0.0.1:1448]' for 'POST' to 'http://localhost:1448/session/3e4951c79d2ede6566ce6a8f9cc5332f/element'
16:01:46.283 [Forwarding findElement on session 3e4951c79d2ede6566ce6a8f9cc5332f to remote] DEBUG org.asynchttpclient.netty.request.NettyRequestSender - Using open Channel [id: 0x43daccbb, L:/127.0.0.1:53510 - R:localhost/127.0.0.1:1448] for POST '/session/3e4951c79d2ede6566ce6a8f9cc5332f/element'
16:01:46.309 [AsyncHttpClient-1-2] DEBUG org.asynchttpclient.netty.handler.HttpHandler - 

Request DefaultHttpRequest(decodeResult: success, version: HTTP/1.1)
POST /session/3e4951c79d2ede6566ce6a8f9cc5332f/element HTTP/1.1
User-Agent: selenium/4.0.0-alpha-7 (java windows)
Content-Length: 48
Content-Type: application/json; charset=utf-8
host: localhost:1448
accept: */*

Response DefaultHttpResponse(decodeResult: success, version: HTTP/1.1)
HTTP/1.1 200 OK
Content-Length: 102
Content-Type: application/json; charset=utf-8

16:01:46.309 [AsyncHttpClient-1-2] DEBUG org.asynchttpclient.netty.channel.ChannelManager - Adding key: http://localhost:1448 for channel [id: 0x43daccbb, L:/127.0.0.1:53510 - R:localhost/127.0.0.1:1448]
16:01:46.311 [Forwarding getElementAttribute on session 3e4951c79d2ede6566ce6a8f9cc5332f to remote] DEBUG org.asynchttpclient.netty.request.NettyRequestSender - Using pooled Channel '[id: 0x43daccbb, L:/127.0.0.1:53510 - R:localhost/127.0.0.1:1448]' for 'GET' to 'http://localhost:1448/session/3e4951c79d2ede6566ce6a8f9cc5332f/element/0.6923075593910313-2/attribute/value'
16:01:46.311 [Forwarding getElementAttribute on session 3e4951c79d2ede6566ce6a8f9cc5332f to remote] DEBUG org.asynchttpclient.netty.request.NettyRequestSender - Using open Channel [id: 0x43daccbb, L:/127.0.0.1:53510 - R:localhost/127.0.0.1:1448] for GET '/session/3e4951c79d2ede6566ce6a8f9cc5332f/element/0.6923075593910313-2/attribute/value'
16:01:46.327 [AsyncHttpClient-1-2] DEBUG org.asynchttpclient.netty.handler.HttpHandler - 

Request DefaultFullHttpRequest(decodeResult: success, version: HTTP/1.1, content: EmptyByteBufBE)
GET /session/3e4951c79d2ede6566ce6a8f9cc5332f/element/0.6923075593910313-2/attribute/value HTTP/1.1
User-Agent: selenium/4.0.0-alpha-7 (java windows)
Cache-Control: no-cache
Content-Type: application/json; charset=utf-8
host: localhost:1448
accept: */*

Response DefaultHttpResponse(decodeResult: success, version: HTTP/1.1)
HTTP/1.1 200 OK
Content-Length: 70
Content-Type: application/json; charset=utf-8

16:01:46.328 [AsyncHttpClient-1-2] DEBUG org.asynchttpclient.netty.channel.ChannelManager - Adding key: http://localhost:1448 for channel [id: 0x43daccbb, L:/127.0.0.1:53510 - R:localhost/127.0.0.1:1448]
16:01:46.329 [Forwarding findElement on session 3e4951c79d2ede6566ce6a8f9cc5332f to remote] DEBUG org.asynchttpclient.netty.request.NettyRequestSender - Using pooled Channel '[id: 0x43daccbb, L:/127.0.0.1:53510 - R:localhost/127.0.0.1:1448]' for 'POST' to 'http://localhost:1448/session/3e4951c79d2ede6566ce6a8f9cc5332f/element'
16:01:46.329 [Forwarding findElement on session 3e4951c79d2ede6566ce6a8f9cc5332f to remote] DEBUG org.asynchttpclient.netty.request.NettyRequestSender - Using open Channel [id: 0x43daccbb, L:/127.0.0.1:53510 - R:localhost/127.0.0.1:1448] for POST '/session/3e4951c79d2ede6566ce6a8f9cc5332f/element'
16:01:46.343 [AsyncHttpClient-1-2] DEBUG org.asynchttpclient.netty.handler.HttpHandler - 

Request DefaultHttpRequest(decodeResult: success, version: HTTP/1.1)
POST /session/3e4951c79d2ede6566ce6a8f9cc5332f/element HTTP/1.1
User-Agent: selenium/4.0.0-alpha-7 (java windows)
Content-Length: 48
Content-Type: application/json; charset=utf-8
host: localhost:1448
accept: */*

Response DefaultHttpResponse(decodeResult: success, version: HTTP/1.1)
HTTP/1.1 200 OK
Content-Length: 102
Content-Type: application/json; charset=utf-8

16:01:46.343 [AsyncHttpClient-1-2] DEBUG org.asynchttpclient.netty.channel.ChannelManager - Adding key: http://localhost:1448 for channel [id: 0x43daccbb, L:/127.0.0.1:53510 - R:localhost/127.0.0.1:1448]
16:01:46.344 [Forwarding clearElement on session 3e4951c79d2ede6566ce6a8f9cc5332f to remote] DEBUG org.asynchttpclient.netty.request.NettyRequestSender - Using pooled Channel '[id: 0x43daccbb, L:/127.0.0.1:53510 - R:localhost/127.0.0.1:1448]' for 'POST' to 'http://localhost:1448/session/3e4951c79d2ede6566ce6a8f9cc5332f/element/0.6923075593910313-2/clear'
16:01:46.344 [Forwarding clearElement on session 3e4951c79d2ede6566ce6a8f9cc5332f to remote] DEBUG org.asynchttpclient.netty.request.NettyRequestSender - Using open Channel [id: 0x43daccbb, L:/127.0.0.1:53510 - R:localhost/127.0.0.1:1448] for POST '/session/3e4951c79d2ede6566ce6a8f9cc5332f/element/0.6923075593910313-2/clear'
16:01:46.377 [AsyncHttpClient-1-2] DEBUG org.asynchttpclient.netty.handler.HttpHandler - 

Request DefaultHttpRequest(decodeResult: success, version: HTTP/1.1)
POST /session/3e4951c79d2ede6566ce6a8f9cc5332f/element/0.6923075593910313-2/clear HTTP/1.1
User-Agent: selenium/4.0.0-alpha-7 (java windows)
Content-Length: 34
Content-Type: application/json; charset=utf-8
host: localhost:1448
accept: */*

Response DefaultHttpResponse(decodeResult: success, version: HTTP/1.1)
HTTP/1.1 200 OK
Content-Length: 72
Content-Type: application/json; charset=utf-8

16:01:46.377 [AsyncHttpClient-1-2] DEBUG org.asynchttpclient.netty.channel.ChannelManager - Adding key: http://localhost:1448 for channel [id: 0x43daccbb, L:/127.0.0.1:53510 - R:localhost/127.0.0.1:1448]
16:01:46.378 [Forwarding findElement on session 3e4951c79d2ede6566ce6a8f9cc5332f to remote] DEBUG org.asynchttpclient.netty.request.NettyRequestSender - Using pooled Channel '[id: 0x43daccbb, L:/127.0.0.1:53510 - R:localhost/127.0.0.1:1448]' for 'POST' to 'http://localhost:1448/session/3e4951c79d2ede6566ce6a8f9cc5332f/element'
16:01:46.378 [Forwarding findElement on session 3e4951c79d2ede6566ce6a8f9cc5332f to remote] DEBUG org.asynchttpclient.netty.request.NettyRequestSender - Using open Channel [id: 0x43daccbb, L:/127.0.0.1:53510 - R:localhost/127.0.0.1:1448] for POST '/session/3e4951c79d2ede6566ce6a8f9cc5332f/element'
16:01:46.393 [AsyncHttpClient-1-2] DEBUG org.asynchttpclient.netty.handler.HttpHandler - 

Request DefaultHttpRequest(decodeResult: success, version: HTTP/1.1)
POST /session/3e4951c79d2ede6566ce6a8f9cc5332f/element HTTP/1.1
User-Agent: selenium/4.0.0-alpha-7 (java windows)
Content-Length: 48
Content-Type: application/json; charset=utf-8
host: localhost:1448
accept: */*

Response DefaultHttpResponse(decodeResult: success, version: HTTP/1.1)
HTTP/1.1 200 OK
Content-Length: 102
Content-Type: application/json; charset=utf-8

16:01:46.394 [AsyncHttpClient-1-2] DEBUG org.asynchttpclient.netty.channel.ChannelManager - Adding key: http://localhost:1448 for channel [id: 0x43daccbb, L:/127.0.0.1:53510 - R:localhost/127.0.0.1:1448]
16:01:46.395 [Forwarding sendKeysToElement on session 3e4951c79d2ede6566ce6a8f9cc5332f to remote] DEBUG org.asynchttpclient.netty.request.NettyRequestSender - Using pooled Channel '[id: 0x43daccbb, L:/127.0.0.1:53510 - R:localhost/127.0.0.1:1448]' for 'POST' to 'http://localhost:1448/session/3e4951c79d2ede6566ce6a8f9cc5332f/element/0.6923075593910313-2/value'
16:01:46.395 [Forwarding sendKeysToElement on session 3e4951c79d2ede6566ce6a8f9cc5332f to remote] DEBUG org.asynchttpclient.netty.request.NettyRequestSender - Using open Channel [id: 0x43daccbb, L:/127.0.0.1:53510 - R:localhost/127.0.0.1:1448] for POST '/session/3e4951c79d2ede6566ce6a8f9cc5332f/element/0.6923075593910313-2/value'
16:01:46.464 [AsyncHttpClient-1-2] DEBUG org.asynchttpclient.netty.handler.HttpHandler - 

Request DefaultHttpRequest(decodeResult: success, version: HTTP/1.1)
POST /session/3e4951c79d2ede6566ce6a8f9cc5332f/element/0.6923075593910313-2/value HTTP/1.1
User-Agent: selenium/4.0.0-alpha-7 (java windows)
Content-Length: 67
Content-Type: application/json; charset=utf-8
host: localhost:1448
accept: */*

Response DefaultHttpResponse(decodeResult: success, version: HTTP/1.1)
HTTP/1.1 200 OK
Content-Length: 72
Content-Type: application/json; charset=utf-8

16:01:46.464 [AsyncHttpClient-1-2] DEBUG org.asynchttpclient.netty.channel.ChannelManager - Adding key: http://localhost:1448 for channel [id: 0x43daccbb, L:/127.0.0.1:53510 - R:localhost/127.0.0.1:1448]
16:01:46.465 [Forwarding findElement on session 3e4951c79d2ede6566ce6a8f9cc5332f to remote] DEBUG org.asynchttpclient.netty.request.NettyRequestSender - Using pooled Channel '[id: 0x43daccbb, L:/127.0.0.1:53510 - R:localhost/127.0.0.1:1448]' for 'POST' to 'http://localhost:1448/session/3e4951c79d2ede6566ce6a8f9cc5332f/element'
16:01:46.465 [Forwarding findElement on session 3e4951c79d2ede6566ce6a8f9cc5332f to remote] DEBUG org.asynchttpclient.netty.request.NettyRequestSender - Using open Channel [id: 0x43daccbb, L:/127.0.0.1:53510 - R:localhost/127.0.0.1:1448] for POST '/session/3e4951c79d2ede6566ce6a8f9cc5332f/element'
16:01:46.483 [AsyncHttpClient-1-2] DEBUG org.asynchttpclient.netty.handler.HttpHandler - 

Request DefaultHttpRequest(decodeResult: success, version: HTTP/1.1)
POST /session/3e4951c79d2ede6566ce6a8f9cc5332f/element HTTP/1.1
User-Agent: selenium/4.0.0-alpha-7 (java windows)
Content-Length: 48
Content-Type: application/json; charset=utf-8
host: localhost:1448
accept: */*

Response DefaultHttpResponse(decodeResult: success, version: HTTP/1.1)
HTTP/1.1 200 OK
Content-Length: 102
Content-Type: application/json; charset=utf-8

16:01:46.483 [AsyncHttpClient-1-2] DEBUG org.asynchttpclient.netty.channel.ChannelManager - Adding key: http://localhost:1448 for channel [id: 0x43daccbb, L:/127.0.0.1:53510 - R:localhost/127.0.0.1:1448]
16:01:46.492 [Forwarding clickElement on session 3e4951c79d2ede6566ce6a8f9cc5332f to remote] DEBUG org.asynchttpclient.netty.request.NettyRequestSender - Using pooled Channel '[id: 0x43daccbb, L:/127.0.0.1:53510 - R:localhost/127.0.0.1:1448]' for 'POST' to 'http://localhost:1448/session/3e4951c79d2ede6566ce6a8f9cc5332f/element/0.6923075593910313-3/click'
16:01:46.492 [Forwarding clickElement on session 3e4951c79d2ede6566ce6a8f9cc5332f to remote] DEBUG org.asynchttpclient.netty.request.NettyRequestSender - Using open Channel [id: 0x43daccbb, L:/127.0.0.1:53510 - R:localhost/127.0.0.1:1448] for POST '/session/3e4951c79d2ede6566ce6a8f9cc5332f/element/0.6923075593910313-3/click'
16:01:46.561 [AsyncHttpClient-1-2] DEBUG org.asynchttpclient.netty.handler.HttpHandler - 

Request DefaultHttpRequest(decodeResult: success, version: HTTP/1.1)
POST /session/3e4951c79d2ede6566ce6a8f9cc5332f/element/0.6923075593910313-3/click HTTP/1.1
User-Agent: selenium/4.0.0-alpha-7 (java windows)
Content-Length: 34
Content-Type: application/json; charset=utf-8
host: localhost:1448
accept: */*

Response DefaultHttpResponse(decodeResult: success, version: HTTP/1.1)
HTTP/1.1 200 OK
Content-Length: 72
Content-Type: application/json; charset=utf-8

16:01:46.561 [AsyncHttpClient-1-2] DEBUG org.asynchttpclient.netty.channel.ChannelManager - Adding key: http://localhost:1448 for channel [id: 0x43daccbb, L:/127.0.0.1:53510 - R:localhost/127.0.0.1:1448]
16:01:46.563 [Forwarding findElement on session 3e4951c79d2ede6566ce6a8f9cc5332f to remote] DEBUG org.asynchttpclient.netty.request.NettyRequestSender - Using pooled Channel '[id: 0x43daccbb, L:/127.0.0.1:53510 - R:localhost/127.0.0.1:1448]' for 'POST' to 'http://localhost:1448/session/3e4951c79d2ede6566ce6a8f9cc5332f/element'
16:01:46.563 [Forwarding findElement on session 3e4951c79d2ede6566ce6a8f9cc5332f to remote] DEBUG org.asynchttpclient.netty.request.NettyRequestSender - Using open Channel [id: 0x43daccbb, L:/127.0.0.1:53510 - R:localhost/127.0.0.1:1448] for POST '/session/3e4951c79d2ede6566ce6a8f9cc5332f/element'
16:01:46.580 [AsyncHttpClient-1-2] DEBUG org.asynchttpclient.netty.handler.HttpHandler - 

Request DefaultHttpRequest(decodeResult: success, version: HTTP/1.1)
POST /session/3e4951c79d2ede6566ce6a8f9cc5332f/element HTTP/1.1
User-Agent: selenium/4.0.0-alpha-7 (java windows)
Content-Length: 48
Content-Type: application/json; charset=utf-8
host: localhost:1448
accept: */*

Response DefaultHttpResponse(decodeResult: success, version: HTTP/1.1)
HTTP/1.1 200 OK
Content-Length: 102
Content-Type: application/json; charset=utf-8

16:01:46.580 [AsyncHttpClient-1-2] DEBUG org.asynchttpclient.netty.channel.ChannelManager - Adding key: http://localhost:1448 for channel [id: 0x43daccbb, L:/127.0.0.1:53510 - R:localhost/127.0.0.1:1448]
16:01:46.581 [Forwarding getElementAttribute on session 3e4951c79d2ede6566ce6a8f9cc5332f to remote] DEBUG org.asynchttpclient.netty.request.NettyRequestSender - Using pooled Channel '[id: 0x43daccbb, L:/127.0.0.1:53510 - R:localhost/127.0.0.1:1448]' for 'GET' to 'http://localhost:1448/session/3e4951c79d2ede6566ce6a8f9cc5332f/element/0.6923075593910313-3/attribute/value'
16:01:46.581 [Forwarding getElementAttribute on session 3e4951c79d2ede6566ce6a8f9cc5332f to remote] DEBUG org.asynchttpclient.netty.request.NettyRequestSender - Using open Channel [id: 0x43daccbb, L:/127.0.0.1:53510 - R:localhost/127.0.0.1:1448] for GET '/session/3e4951c79d2ede6566ce6a8f9cc5332f/element/0.6923075593910313-3/attribute/value'
16:01:46.596 [AsyncHttpClient-1-2] DEBUG org.asynchttpclient.netty.handler.HttpHandler - 

Request DefaultFullHttpRequest(decodeResult: success, version: HTTP/1.1, content: EmptyByteBufBE)
GET /session/3e4951c79d2ede6566ce6a8f9cc5332f/element/0.6923075593910313-3/attribute/value HTTP/1.1
User-Agent: selenium/4.0.0-alpha-7 (java windows)
Cache-Control: no-cache
Content-Type: application/json; charset=utf-8
host: localhost:1448
accept: */*

Response DefaultHttpResponse(decodeResult: success, version: HTTP/1.1)
HTTP/1.1 200 OK
Content-Length: 70
Content-Type: application/json; charset=utf-8

16:01:46.597 [AsyncHttpClient-1-2] DEBUG org.asynchttpclient.netty.channel.ChannelManager - Adding key: http://localhost:1448 for channel [id: 0x43daccbb, L:/127.0.0.1:53510 - R:localhost/127.0.0.1:1448]
16:01:46.597 [Forwarding findElement on session 3e4951c79d2ede6566ce6a8f9cc5332f to remote] DEBUG org.asynchttpclient.netty.request.NettyRequestSender - Using pooled Channel '[id: 0x43daccbb, L:/127.0.0.1:53510 - R:localhost/127.0.0.1:1448]' for 'POST' to 'http://localhost:1448/session/3e4951c79d2ede6566ce6a8f9cc5332f/element'
16:01:46.598 [Forwarding findElement on session 3e4951c79d2ede6566ce6a8f9cc5332f to remote] DEBUG org.asynchttpclient.netty.request.NettyRequestSender - Using open Channel [id: 0x43daccbb, L:/127.0.0.1:53510 - R:localhost/127.0.0.1:1448] for POST '/session/3e4951c79d2ede6566ce6a8f9cc5332f/element'
16:01:46.610 [AsyncHttpClient-1-2] DEBUG org.asynchttpclient.netty.handler.HttpHandler - 

Request DefaultHttpRequest(decodeResult: success, version: HTTP/1.1)
POST /session/3e4951c79d2ede6566ce6a8f9cc5332f/element HTTP/1.1
User-Agent: selenium/4.0.0-alpha-7 (java windows)
Content-Length: 48
Content-Type: application/json; charset=utf-8
host: localhost:1448
accept: */*

Response DefaultHttpResponse(decodeResult: success, version: HTTP/1.1)
HTTP/1.1 200 OK
Content-Length: 102
Content-Type: application/json; charset=utf-8

16:01:46.611 [AsyncHttpClient-1-2] DEBUG org.asynchttpclient.netty.channel.ChannelManager - Adding key: http://localhost:1448 for channel [id: 0x43daccbb, L:/127.0.0.1:53510 - R:localhost/127.0.0.1:1448]
16:01:46.612 [Forwarding clearElement on session 3e4951c79d2ede6566ce6a8f9cc5332f to remote] DEBUG org.asynchttpclient.netty.request.NettyRequestSender - Using pooled Channel '[id: 0x43daccbb, L:/127.0.0.1:53510 - R:localhost/127.0.0.1:1448]' for 'POST' to 'http://localhost:1448/session/3e4951c79d2ede6566ce6a8f9cc5332f/element/0.6923075593910313-3/clear'
16:01:46.612 [Forwarding clearElement on session 3e4951c79d2ede6566ce6a8f9cc5332f to remote] DEBUG org.asynchttpclient.netty.request.NettyRequestSender - Using open Channel [id: 0x43daccbb, L:/127.0.0.1:53510 - R:localhost/127.0.0.1:1448] for POST '/session/3e4951c79d2ede6566ce6a8f9cc5332f/element/0.6923075593910313-3/clear'
16:01:46.682 [AsyncHttpClient-1-2] DEBUG org.asynchttpclient.netty.handler.HttpHandler - 

Request DefaultHttpRequest(decodeResult: success, version: HTTP/1.1)
POST /session/3e4951c79d2ede6566ce6a8f9cc5332f/element/0.6923075593910313-3/clear HTTP/1.1
User-Agent: selenium/4.0.0-alpha-7 (java windows)
Content-Length: 34
Content-Type: application/json; charset=utf-8
host: localhost:1448
accept: */*

Response DefaultHttpResponse(decodeResult: success, version: HTTP/1.1)
HTTP/1.1 200 OK
Content-Length: 72
Content-Type: application/json; charset=utf-8

16:01:46.683 [AsyncHttpClient-1-2] DEBUG org.asynchttpclient.netty.channel.ChannelManager - Adding key: http://localhost:1448 for channel [id: 0x43daccbb, L:/127.0.0.1:53510 - R:localhost/127.0.0.1:1448]
16:01:46.685 [Forwarding findElement on session 3e4951c79d2ede6566ce6a8f9cc5332f to remote] DEBUG org.asynchttpclient.netty.request.NettyRequestSender - Using pooled Channel '[id: 0x43daccbb, L:/127.0.0.1:53510 - R:localhost/127.0.0.1:1448]' for 'POST' to 'http://localhost:1448/session/3e4951c79d2ede6566ce6a8f9cc5332f/element'
16:01:46.685 [Forwarding findElement on session 3e4951c79d2ede6566ce6a8f9cc5332f to remote] DEBUG org.asynchttpclient.netty.request.NettyRequestSender - Using open Channel [id: 0x43daccbb, L:/127.0.0.1:53510 - R:localhost/127.0.0.1:1448] for POST '/session/3e4951c79d2ede6566ce6a8f9cc5332f/element'
16:01:46.698 [AsyncHttpClient-1-2] DEBUG org.asynchttpclient.netty.handler.HttpHandler - 

Request DefaultHttpRequest(decodeResult: success, version: HTTP/1.1)
POST /session/3e4951c79d2ede6566ce6a8f9cc5332f/element HTTP/1.1
User-Agent: selenium/4.0.0-alpha-7 (java windows)
Content-Length: 48
Content-Type: application/json; charset=utf-8
host: localhost:1448
accept: */*

Response DefaultHttpResponse(decodeResult: success, version: HTTP/1.1)
HTTP/1.1 200 OK
Content-Length: 102
Content-Type: application/json; charset=utf-8

16:01:46.698 [AsyncHttpClient-1-2] DEBUG org.asynchttpclient.netty.channel.ChannelManager - Adding key: http://localhost:1448 for channel [id: 0x43daccbb, L:/127.0.0.1:53510 - R:localhost/127.0.0.1:1448]
16:01:46.699 [Forwarding sendKeysToElement on session 3e4951c79d2ede6566ce6a8f9cc5332f to remote] DEBUG org.asynchttpclient.netty.request.NettyRequestSender - Using pooled Channel '[id: 0x43daccbb, L:/127.0.0.1:53510 - R:localhost/127.0.0.1:1448]' for 'POST' to 'http://localhost:1448/session/3e4951c79d2ede6566ce6a8f9cc5332f/element/0.6923075593910313-3/value'
16:01:46.699 [Forwarding sendKeysToElement on session 3e4951c79d2ede6566ce6a8f9cc5332f to remote] DEBUG org.asynchttpclient.netty.request.NettyRequestSender - Using open Channel [id: 0x43daccbb, L:/127.0.0.1:53510 - R:localhost/127.0.0.1:1448] for POST '/session/3e4951c79d2ede6566ce6a8f9cc5332f/element/0.6923075593910313-3/value'
16:01:46.748 [AsyncHttpClient-1-1] DEBUG org.asynchttpclient.netty.channel.DefaultChannelPool - Entry count for : http://localhost:53512 : 1
16:01:46.782 [AsyncHttpClient-1-2] DEBUG org.asynchttpclient.netty.handler.HttpHandler - 

Request DefaultHttpRequest(decodeResult: success, version: HTTP/1.1)
POST /session/3e4951c79d2ede6566ce6a8f9cc5332f/element/0.6923075593910313-3/value HTTP/1.1
User-Agent: selenium/4.0.0-alpha-7 (java windows)
Content-Length: 67
Content-Type: application/json; charset=utf-8
host: localhost:1448
accept: */*

Response DefaultHttpResponse(decodeResult: success, version: HTTP/1.1)
HTTP/1.1 200 OK
Content-Length: 72
Content-Type: application/json; charset=utf-8

16:01:46.782 [AsyncHttpClient-1-2] DEBUG org.asynchttpclient.netty.channel.ChannelManager - Adding key: http://localhost:1448 for channel [id: 0x43daccbb, L:/127.0.0.1:53510 - R:localhost/127.0.0.1:1448]
16:01:46.782 [Forwarding findElement on session 3e4951c79d2ede6566ce6a8f9cc5332f to remote] DEBUG org.asynchttpclient.netty.request.NettyRequestSender - Using pooled Channel '[id: 0x43daccbb, L:/127.0.0.1:53510 - R:localhost/127.0.0.1:1448]' for 'POST' to 'http://localhost:1448/session/3e4951c79d2ede6566ce6a8f9cc5332f/element'
16:01:46.783 [Forwarding findElement on session 3e4951c79d2ede6566ce6a8f9cc5332f to remote] DEBUG org.asynchttpclient.netty.request.NettyRequestSender - Using open Channel [id: 0x43daccbb, L:/127.0.0.1:53510 - R:localhost/127.0.0.1:1448] for POST '/session/3e4951c79d2ede6566ce6a8f9cc5332f/element'
16:01:46.799 [AsyncHttpClient-1-2] DEBUG org.asynchttpclient.netty.handler.HttpHandler - 

Request DefaultHttpRequest(decodeResult: success, version: HTTP/1.1)
POST /session/3e4951c79d2ede6566ce6a8f9cc5332f/element HTTP/1.1
User-Agent: selenium/4.0.0-alpha-7 (java windows)
Content-Length: 42
Content-Type: application/json; charset=utf-8
host: localhost:1448
accept: */*

Response DefaultHttpResponse(decodeResult: success, version: HTTP/1.1)
HTTP/1.1 200 OK
Content-Length: 102
Content-Type: application/json; charset=utf-8

16:01:46.800 [AsyncHttpClient-1-2] DEBUG org.asynchttpclient.netty.channel.ChannelManager - Adding key: http://localhost:1448 for channel [id: 0x43daccbb, L:/127.0.0.1:53510 - R:localhost/127.0.0.1:1448]
16:01:46.805 [Forwarding clickElement on session 3e4951c79d2ede6566ce6a8f9cc5332f to remote] DEBUG org.asynchttpclient.netty.request.NettyRequestSender - Using pooled Channel '[id: 0x43daccbb, L:/127.0.0.1:53510 - R:localhost/127.0.0.1:1448]' for 'POST' to 'http://localhost:1448/session/3e4951c79d2ede6566ce6a8f9cc5332f/element/0.6923075593910313-4/click'
16:01:46.806 [Forwarding clickElement on session 3e4951c79d2ede6566ce6a8f9cc5332f to remote] DEBUG org.asynchttpclient.netty.request.NettyRequestSender - Using open Channel [id: 0x43daccbb, L:/127.0.0.1:53510 - R:localhost/127.0.0.1:1448] for POST '/session/3e4951c79d2ede6566ce6a8f9cc5332f/element/0.6923075593910313-4/click'
16:01:47.855 [AsyncHttpClient-1-1] DEBUG org.asynchttpclient.netty.channel.DefaultChannelPool - Entry count for : http://localhost:53512 : 1
16:01:48.165 [AsyncHttpClient-1-2] DEBUG org.asynchttpclient.netty.handler.HttpHandler - 

Request DefaultHttpRequest(decodeResult: success, version: HTTP/1.1)
POST /session/3e4951c79d2ede6566ce6a8f9cc5332f/element/0.6923075593910313-4/click HTTP/1.1
User-Agent: selenium/4.0.0-alpha-7 (java windows)
Content-Length: 34
Content-Type: application/json; charset=utf-8
host: localhost:1448
accept: */*

Response DefaultHttpResponse(decodeResult: success, version: HTTP/1.1)
HTTP/1.1 200 OK
Content-Length: 72
Content-Type: application/json; charset=utf-8

16:01:48.165 [AsyncHttpClient-1-2] DEBUG org.asynchttpclient.netty.channel.ChannelManager - Adding key: http://localhost:1448 for channel [id: 0x43daccbb, L:/127.0.0.1:53510 - R:localhost/127.0.0.1:1448]
16:01:48.174 [Forwarding findElement on session 3e4951c79d2ede6566ce6a8f9cc5332f to remote] DEBUG org.asynchttpclient.netty.request.NettyRequestSender - Using pooled Channel '[id: 0x43daccbb, L:/127.0.0.1:53510 - R:localhost/127.0.0.1:1448]' for 'POST' to 'http://localhost:1448/session/3e4951c79d2ede6566ce6a8f9cc5332f/element'
16:01:48.174 [Forwarding findElement on session 3e4951c79d2ede6566ce6a8f9cc5332f to remote] DEBUG org.asynchttpclient.netty.request.NettyRequestSender - Using open Channel [id: 0x43daccbb, L:/127.0.0.1:53510 - R:localhost/127.0.0.1:1448] for POST '/session/3e4951c79d2ede6566ce6a8f9cc5332f/element'
16:01:48.197 [AsyncHttpClient-1-2] DEBUG org.asynchttpclient.netty.handler.HttpHandler - 

Request DefaultHttpRequest(decodeResult: success, version: HTTP/1.1)
POST /session/3e4951c79d2ede6566ce6a8f9cc5332f/element HTTP/1.1
User-Agent: selenium/4.0.0-alpha-7 (java windows)
Content-Length: 76
Content-Type: application/json; charset=utf-8
host: localhost:1448
accept: */*

Response DefaultHttpResponse(decodeResult: success, version: HTTP/1.1)
HTTP/1.1 200 OK
Content-Length: 103
Content-Type: application/json; charset=utf-8

16:01:48.198 [AsyncHttpClient-1-2] DEBUG org.asynchttpclient.netty.channel.ChannelManager - Adding key: http://localhost:1448 for channel [id: 0x43daccbb, L:/127.0.0.1:53510 - R:localhost/127.0.0.1:1448]
16:01:48.199 [Forwarding clickElement on session 3e4951c79d2ede6566ce6a8f9cc5332f to remote] DEBUG org.asynchttpclient.netty.request.NettyRequestSender - Using pooled Channel '[id: 0x43daccbb, L:/127.0.0.1:53510 - R:localhost/127.0.0.1:1448]' for 'POST' to 'http://localhost:1448/session/3e4951c79d2ede6566ce6a8f9cc5332f/element/0.07208388260120158-1/click'
16:01:48.199 [Forwarding clickElement on session 3e4951c79d2ede6566ce6a8f9cc5332f to remote] DEBUG org.asynchttpclient.netty.request.NettyRequestSender - Using open Channel [id: 0x43daccbb, L:/127.0.0.1:53510 - R:localhost/127.0.0.1:1448] for POST '/session/3e4951c79d2ede6566ce6a8f9cc5332f/element/0.07208388260120158-1/click'
16:01:48.259 [AsyncHttpClient-1-2] DEBUG org.asynchttpclient.netty.handler.HttpHandler - 

Request DefaultHttpRequest(decodeResult: success, version: HTTP/1.1)
POST /session/3e4951c79d2ede6566ce6a8f9cc5332f/element/0.07208388260120158-1/click HTTP/1.1
User-Agent: selenium/4.0.0-alpha-7 (java windows)
Content-Length: 35
Content-Type: application/json; charset=utf-8
host: localhost:1448
accept: */*

Response DefaultHttpResponse(decodeResult: success, version: HTTP/1.1)
HTTP/1.1 200 OK
Content-Length: 72
Content-Type: application/json; charset=utf-8

16:01:48.259 [AsyncHttpClient-1-2] DEBUG org.asynchttpclient.netty.channel.ChannelManager - Adding key: http://localhost:1448 for channel [id: 0x43daccbb, L:/127.0.0.1:53510 - R:localhost/127.0.0.1:1448]
16:01:48.261 [Forwarding findElement on session 3e4951c79d2ede6566ce6a8f9cc5332f to remote] DEBUG org.asynchttpclient.netty.request.NettyRequestSender - Using pooled Channel '[id: 0x43daccbb, L:/127.0.0.1:53510 - R:localhost/127.0.0.1:1448]' for 'POST' to 'http://localhost:1448/session/3e4951c79d2ede6566ce6a8f9cc5332f/element'
16:01:48.261 [Forwarding findElement on session 3e4951c79d2ede6566ce6a8f9cc5332f to remote] DEBUG org.asynchttpclient.netty.request.NettyRequestSender - Using open Channel [id: 0x43daccbb, L:/127.0.0.1:53510 - R:localhost/127.0.0.1:1448] for POST '/session/3e4951c79d2ede6566ce6a8f9cc5332f/element'
16:01:48.308 [AsyncHttpClient-1-2] DEBUG org.asynchttpclient.netty.handler.HttpHandler - 

Request DefaultHttpRequest(decodeResult: success, version: HTTP/1.1)
POST /session/3e4951c79d2ede6566ce6a8f9cc5332f/element HTTP/1.1
User-Agent: selenium/4.0.0-alpha-7 (java windows)
Content-Length: 51
Content-Type: application/json; charset=utf-8
host: localhost:1448
accept: */*

Response DefaultHttpResponse(decodeResult: success, version: HTTP/1.1)
HTTP/1.1 200 OK
Content-Length: 103
Content-Type: application/json; charset=utf-8

16:01:48.308 [AsyncHttpClient-1-2] DEBUG org.asynchttpclient.netty.channel.ChannelManager - Adding key: http://localhost:1448 for channel [id: 0x43daccbb, L:/127.0.0.1:53510 - R:localhost/127.0.0.1:1448]
16:01:48.311 [Forwarding clickElement on session 3e4951c79d2ede6566ce6a8f9cc5332f to remote] DEBUG org.asynchttpclient.netty.request.NettyRequestSender - Using pooled Channel '[id: 0x43daccbb, L:/127.0.0.1:53510 - R:localhost/127.0.0.1:1448]' for 'POST' to 'http://localhost:1448/session/3e4951c79d2ede6566ce6a8f9cc5332f/element/0.07208388260120158-2/click'
16:01:48.312 [Forwarding clickElement on session 3e4951c79d2ede6566ce6a8f9cc5332f to remote] DEBUG org.asynchttpclient.netty.request.NettyRequestSender - Using open Channel [id: 0x43daccbb, L:/127.0.0.1:53510 - R:localhost/127.0.0.1:1448] for POST '/session/3e4951c79d2ede6566ce6a8f9cc5332f/element/0.07208388260120158-2/click'
16:01:48.728 [AsyncHttpClient-1-2] DEBUG org.asynchttpclient.netty.handler.HttpHandler - 

Request DefaultHttpRequest(decodeResult: success, version: HTTP/1.1)
POST /session/3e4951c79d2ede6566ce6a8f9cc5332f/element/0.07208388260120158-2/click HTTP/1.1
User-Agent: selenium/4.0.0-alpha-7 (java windows)
Content-Length: 35
Content-Type: application/json; charset=utf-8
host: localhost:1448
accept: */*

Response DefaultHttpResponse(decodeResult: success, version: HTTP/1.1)
HTTP/1.1 200 OK
Content-Length: 72
Content-Type: application/json; charset=utf-8

16:01:48.729 [AsyncHttpClient-1-2] DEBUG org.asynchttpclient.netty.channel.ChannelManager - Adding key: http://localhost:1448 for channel [id: 0x43daccbb, L:/127.0.0.1:53510 - R:localhost/127.0.0.1:1448]
16:01:48.731 [Forwarding findElements on session 3e4951c79d2ede6566ce6a8f9cc5332f to remote] DEBUG org.asynchttpclient.netty.request.NettyRequestSender - Using pooled Channel '[id: 0x43daccbb, L:/127.0.0.1:53510 - R:localhost/127.0.0.1:1448]' for 'POST' to 'http://localhost:1448/session/3e4951c79d2ede6566ce6a8f9cc5332f/elements'
16:01:48.731 [Forwarding findElements on session 3e4951c79d2ede6566ce6a8f9cc5332f to remote] DEBUG org.asynchttpclient.netty.request.NettyRequestSender - Using open Channel [id: 0x43daccbb, L:/127.0.0.1:53510 - R:localhost/127.0.0.1:1448] for POST '/session/3e4951c79d2ede6566ce6a8f9cc5332f/elements'
16:01:48.760 [AsyncHttpClient-1-2] DEBUG org.asynchttpclient.netty.handler.HttpHandler - 

Request DefaultHttpRequest(decodeResult: success, version: HTTP/1.1)
POST /session/3e4951c79d2ede6566ce6a8f9cc5332f/elements HTTP/1.1
User-Agent: selenium/4.0.0-alpha-7 (java windows)
Content-Length: 54
Content-Type: application/json; charset=utf-8
host: localhost:1448
accept: */*

Response DefaultHttpResponse(decodeResult: success, version: HTTP/1.1)
HTTP/1.1 200 OK
Content-Length: 2405
Content-Type: application/json; charset=utf-8

16:01:48.762 [AsyncHttpClient-1-2] DEBUG org.asynchttpclient.netty.channel.ChannelManager - Adding key: http://localhost:1448 for channel [id: 0x43daccbb, L:/127.0.0.1:53510 - R:localhost/127.0.0.1:1448]
16:01:48.765 [Forwarding getElementText on session 3e4951c79d2ede6566ce6a8f9cc5332f to remote] DEBUG org.asynchttpclient.netty.request.NettyRequestSender - Using pooled Channel '[id: 0x43daccbb, L:/127.0.0.1:53510 - R:localhost/127.0.0.1:1448]' for 'GET' to 'http://localhost:1448/session/3e4951c79d2ede6566ce6a8f9cc5332f/element/0.330135430821078-1/text'
16:01:48.765 [Forwarding getElementText on session 3e4951c79d2ede6566ce6a8f9cc5332f to remote] DEBUG org.asynchttpclient.netty.request.NettyRequestSender - Using open Channel [id: 0x43daccbb, L:/127.0.0.1:53510 - R:localhost/127.0.0.1:1448] for GET '/session/3e4951c79d2ede6566ce6a8f9cc5332f/element/0.330135430821078-1/text'
16:01:48.799 [AsyncHttpClient-1-2] DEBUG org.asynchttpclient.netty.handler.HttpHandler - 

Request DefaultFullHttpRequest(decodeResult: success, version: HTTP/1.1, content: EmptyByteBufBE)
GET /session/3e4951c79d2ede6566ce6a8f9cc5332f/element/0.330135430821078-1/text HTTP/1.1
User-Agent: selenium/4.0.0-alpha-7 (java windows)
Cache-Control: no-cache
Content-Type: application/json; charset=utf-8
host: localhost:1448
accept: */*

Response DefaultHttpResponse(decodeResult: success, version: HTTP/1.1)
HTTP/1.1 200 OK
Content-Length: 76
Content-Type: application/json; charset=utf-8

16:01:48.799 [AsyncHttpClient-1-2] DEBUG org.asynchttpclient.netty.channel.ChannelManager - Adding key: http://localhost:1448 for channel [id: 0x43daccbb, L:/127.0.0.1:53510 - R:localhost/127.0.0.1:1448]
16:01:48.801 [Forwarding findChildElement on session 3e4951c79d2ede6566ce6a8f9cc5332f to remote] DEBUG org.asynchttpclient.netty.request.NettyRequestSender - Using pooled Channel '[id: 0x43daccbb, L:/127.0.0.1:53510 - R:localhost/127.0.0.1:1448]' for 'POST' to 'http://localhost:1448/session/3e4951c79d2ede6566ce6a8f9cc5332f/element/0.330135430821078-1/element'
16:01:48.802 [Forwarding findChildElement on session 3e4951c79d2ede6566ce6a8f9cc5332f to remote] DEBUG org.asynchttpclient.netty.request.NettyRequestSender - Using open Channel [id: 0x43daccbb, L:/127.0.0.1:53510 - R:localhost/127.0.0.1:1448] for POST '/session/3e4951c79d2ede6566ce6a8f9cc5332f/element/0.330135430821078-1/element'
16:01:48.856 [AsyncHttpClient-1-2] DEBUG org.asynchttpclient.netty.handler.HttpHandler - 

Request DefaultHttpRequest(decodeResult: success, version: HTTP/1.1)
POST /session/3e4951c79d2ede6566ce6a8f9cc5332f/element/0.330135430821078-1/element HTTP/1.1
User-Agent: selenium/4.0.0-alpha-7 (java windows)
Content-Length: 76
Content-Type: application/json; charset=utf-8
host: localhost:1448
accept: */*

Response DefaultHttpResponse(decodeResult: success, version: HTTP/1.1)
HTTP/1.1 200 OK
Content-Length: 102
Content-Type: application/json; charset=utf-8

16:01:48.856 [AsyncHttpClient-1-2] DEBUG org.asynchttpclient.netty.channel.ChannelManager - Adding key: http://localhost:1448 for channel [id: 0x43daccbb, L:/127.0.0.1:53510 - R:localhost/127.0.0.1:1448]
16:01:48.857 [Forwarding getElementAttribute on session 3e4951c79d2ede6566ce6a8f9cc5332f to remote] DEBUG org.asynchttpclient.netty.request.NettyRequestSender - Using pooled Channel '[id: 0x43daccbb, L:/127.0.0.1:53510 - R:localhost/127.0.0.1:1448]' for 'GET' to 'http://localhost:1448/session/3e4951c79d2ede6566ce6a8f9cc5332f/element/0.330135430821078-68/attribute/value'
16:01:48.857 [Forwarding getElementAttribute on session 3e4951c79d2ede6566ce6a8f9cc5332f to remote] DEBUG org.asynchttpclient.netty.request.NettyRequestSender - Using open Channel [id: 0x43daccbb, L:/127.0.0.1:53510 - R:localhost/127.0.0.1:1448] for GET '/session/3e4951c79d2ede6566ce6a8f9cc5332f/element/0.330135430821078-68/attribute/value'
16:01:48.880 [AsyncHttpClient-1-2] DEBUG org.asynchttpclient.netty.handler.HttpHandler - 

Request DefaultFullHttpRequest(decodeResult: success, version: HTTP/1.1, content: EmptyByteBufBE)
GET /session/3e4951c79d2ede6566ce6a8f9cc5332f/element/0.330135430821078-68/attribute/value HTTP/1.1
User-Agent: selenium/4.0.0-alpha-7 (java windows)
Cache-Control: no-cache
Content-Type: application/json; charset=utf-8
host: localhost:1448
accept: */*

Response DefaultHttpResponse(decodeResult: success, version: HTTP/1.1)
HTTP/1.1 200 OK
Content-Length: 72
Content-Type: application/json; charset=utf-8

16:01:48.881 [AsyncHttpClient-1-2] DEBUG org.asynchttpclient.netty.channel.ChannelManager - Adding key: http://localhost:1448 for channel [id: 0x43daccbb, L:/127.0.0.1:53510 - R:localhost/127.0.0.1:1448]
16:01:48.882 [Forwarding getElementText on session 3e4951c79d2ede6566ce6a8f9cc5332f to remote] DEBUG org.asynchttpclient.netty.request.NettyRequestSender - Using pooled Channel '[id: 0x43daccbb, L:/127.0.0.1:53510 - R:localhost/127.0.0.1:1448]' for 'GET' to 'http://localhost:1448/session/3e4951c79d2ede6566ce6a8f9cc5332f/element/0.330135430821078-2/text'
16:01:48.882 [Forwarding getElementText on session 3e4951c79d2ede6566ce6a8f9cc5332f to remote] DEBUG org.asynchttpclient.netty.request.NettyRequestSender - Using open Channel [id: 0x43daccbb, L:/127.0.0.1:53510 - R:localhost/127.0.0.1:1448] for GET '/session/3e4951c79d2ede6566ce6a8f9cc5332f/element/0.330135430821078-2/text'
16:01:48.931 [AsyncHttpClient-1-2] DEBUG org.asynchttpclient.netty.handler.HttpHandler - 

Request DefaultFullHttpRequest(decodeResult: success, version: HTTP/1.1, content: EmptyByteBufBE)
GET /session/3e4951c79d2ede6566ce6a8f9cc5332f/element/0.330135430821078-2/text HTTP/1.1
User-Agent: selenium/4.0.0-alpha-7 (java windows)
Cache-Control: no-cache
Content-Type: application/json; charset=utf-8
host: localhost:1448
accept: */*

Response DefaultHttpResponse(decodeResult: success, version: HTTP/1.1)
HTTP/1.1 200 OK
Content-Length: 76
Content-Type: application/json; charset=utf-8

16:01:48.931 [AsyncHttpClient-1-2] DEBUG org.asynchttpclient.netty.channel.ChannelManager - Adding key: http://localhost:1448 for channel [id: 0x43daccbb, L:/127.0.0.1:53510 - R:localhost/127.0.0.1:1448]
16:01:48.932 [Forwarding findChildElement on session 3e4951c79d2ede6566ce6a8f9cc5332f to remote] DEBUG org.asynchttpclient.netty.request.NettyRequestSender - Using pooled Channel '[id: 0x43daccbb, L:/127.0.0.1:53510 - R:localhost/127.0.0.1:1448]' for 'POST' to 'http://localhost:1448/session/3e4951c79d2ede6566ce6a8f9cc5332f/element/0.330135430821078-2/element'
16:01:48.932 [Forwarding findChildElement on session 3e4951c79d2ede6566ce6a8f9cc5332f to remote] DEBUG org.asynchttpclient.netty.request.NettyRequestSender - Using open Channel [id: 0x43daccbb, L:/127.0.0.1:53510 - R:localhost/127.0.0.1:1448] for POST '/session/3e4951c79d2ede6566ce6a8f9cc5332f/element/0.330135430821078-2/element'
16:01:48.948 [AsyncHttpClient-1-2] DEBUG org.asynchttpclient.netty.handler.HttpHandler - 

Request DefaultHttpRequest(decodeResult: success, version: HTTP/1.1)
POST /session/3e4951c79d2ede6566ce6a8f9cc5332f/element/0.330135430821078-2/element HTTP/1.1
User-Agent: selenium/4.0.0-alpha-7 (java windows)
Content-Length: 76
Content-Type: application/json; charset=utf-8
host: localhost:1448
accept: */*

Response DefaultHttpResponse(decodeResult: success, version: HTTP/1.1)
HTTP/1.1 200 OK
Content-Length: 102
Content-Type: application/json; charset=utf-8

16:01:48.948 [AsyncHttpClient-1-2] DEBUG org.asynchttpclient.netty.channel.ChannelManager - Adding key: http://localhost:1448 for channel [id: 0x43daccbb, L:/127.0.0.1:53510 - R:localhost/127.0.0.1:1448]
16:01:48.949 [Forwarding getElementAttribute on session 3e4951c79d2ede6566ce6a8f9cc5332f to remote] DEBUG org.asynchttpclient.netty.request.NettyRequestSender - Using pooled Channel '[id: 0x43daccbb, L:/127.0.0.1:53510 - R:localhost/127.0.0.1:1448]' for 'GET' to 'http://localhost:1448/session/3e4951c79d2ede6566ce6a8f9cc5332f/element/0.330135430821078-69/attribute/value'
16:01:48.949 [Forwarding getElementAttribute on session 3e4951c79d2ede6566ce6a8f9cc5332f to remote] DEBUG org.asynchttpclient.netty.request.NettyRequestSender - Using open Channel [id: 0x43daccbb, L:/127.0.0.1:53510 - R:localhost/127.0.0.1:1448] for GET '/session/3e4951c79d2ede6566ce6a8f9cc5332f/element/0.330135430821078-69/attribute/value'
16:01:48.959 [AsyncHttpClient-1-1] DEBUG org.asynchttpclient.netty.channel.DefaultChannelPool - Entry count for : http://localhost:53512 : 1
16:01:48.966 [AsyncHttpClient-1-2] DEBUG org.asynchttpclient.netty.handler.HttpHandler - 

Request DefaultFullHttpRequest(decodeResult: success, version: HTTP/1.1, content: EmptyByteBufBE)
GET /session/3e4951c79d2ede6566ce6a8f9cc5332f/element/0.330135430821078-69/attribute/value HTTP/1.1
User-Agent: selenium/4.0.0-alpha-7 (java windows)
Cache-Control: no-cache
Content-Type: application/json; charset=utf-8
host: localhost:1448
accept: */*

Response DefaultHttpResponse(decodeResult: success, version: HTTP/1.1)
HTTP/1.1 200 OK
Content-Length: 72
Content-Type: application/json; charset=utf-8

16:01:48.966 [AsyncHttpClient-1-2] DEBUG org.asynchttpclient.netty.channel.ChannelManager - Adding key: http://localhost:1448 for channel [id: 0x43daccbb, L:/127.0.0.1:53510 - R:localhost/127.0.0.1:1448]
16:01:48.975 [Forwarding getElementText on session 3e4951c79d2ede6566ce6a8f9cc5332f to remote] DEBUG org.asynchttpclient.netty.request.NettyRequestSender - Using pooled Channel '[id: 0x43daccbb, L:/127.0.0.1:53510 - R:localhost/127.0.0.1:1448]' for 'GET' to 'http://localhost:1448/session/3e4951c79d2ede6566ce6a8f9cc5332f/element/0.330135430821078-3/text'
16:01:48.975 [Forwarding getElementText on session 3e4951c79d2ede6566ce6a8f9cc5332f to remote] DEBUG org.asynchttpclient.netty.request.NettyRequestSender - Using open Channel [id: 0x43daccbb, L:/127.0.0.1:53510 - R:localhost/127.0.0.1:1448] for GET '/session/3e4951c79d2ede6566ce6a8f9cc5332f/element/0.330135430821078-3/text'
16:01:49.012 [AsyncHttpClient-1-2] DEBUG org.asynchttpclient.netty.handler.HttpHandler - 

Request DefaultFullHttpRequest(decodeResult: success, version: HTTP/1.1, content: EmptyByteBufBE)
GET /session/3e4951c79d2ede6566ce6a8f9cc5332f/element/0.330135430821078-3/text HTTP/1.1
User-Agent: selenium/4.0.0-alpha-7 (java windows)
Cache-Control: no-cache
Content-Type: application/json; charset=utf-8
host: localhost:1448
accept: */*

Response DefaultHttpResponse(decodeResult: success, version: HTTP/1.1)
HTTP/1.1 200 OK
Content-Length: 76
Content-Type: application/json; charset=utf-8

16:01:49.012 [AsyncHttpClient-1-2] DEBUG org.asynchttpclient.netty.channel.ChannelManager - Adding key: http://localhost:1448 for channel [id: 0x43daccbb, L:/127.0.0.1:53510 - R:localhost/127.0.0.1:1448]
16:01:49.013 [Forwarding findChildElement on session 3e4951c79d2ede6566ce6a8f9cc5332f to remote] DEBUG org.asynchttpclient.netty.request.NettyRequestSender - Using pooled Channel '[id: 0x43daccbb, L:/127.0.0.1:53510 - R:localhost/127.0.0.1:1448]' for 'POST' to 'http://localhost:1448/session/3e4951c79d2ede6566ce6a8f9cc5332f/element/0.330135430821078-3/element'
16:01:49.013 [Forwarding findChildElement on session 3e4951c79d2ede6566ce6a8f9cc5332f to remote] DEBUG org.asynchttpclient.netty.request.NettyRequestSender - Using open Channel [id: 0x43daccbb, L:/127.0.0.1:53510 - R:localhost/127.0.0.1:1448] for POST '/session/3e4951c79d2ede6566ce6a8f9cc5332f/element/0.330135430821078-3/element'
16:01:49.046 [AsyncHttpClient-1-2] DEBUG org.asynchttpclient.netty.handler.HttpHandler - 

Request DefaultHttpRequest(decodeResult: success, version: HTTP/1.1)
POST /session/3e4951c79d2ede6566ce6a8f9cc5332f/element/0.330135430821078-3/element HTTP/1.1
User-Agent: selenium/4.0.0-alpha-7 (java windows)
Content-Length: 76
Content-Type: application/json; charset=utf-8
host: localhost:1448
accept: */*

Response DefaultHttpResponse(decodeResult: success, version: HTTP/1.1)
HTTP/1.1 200 OK
Content-Length: 102
Content-Type: application/json; charset=utf-8

16:01:49.046 [AsyncHttpClient-1-2] DEBUG org.asynchttpclient.netty.channel.ChannelManager - Adding key: http://localhost:1448 for channel [id: 0x43daccbb, L:/127.0.0.1:53510 - R:localhost/127.0.0.1:1448]
16:01:49.047 [Forwarding getElementAttribute on session 3e4951c79d2ede6566ce6a8f9cc5332f to remote] DEBUG org.asynchttpclient.netty.request.NettyRequestSender - Using pooled Channel '[id: 0x43daccbb, L:/127.0.0.1:53510 - R:localhost/127.0.0.1:1448]' for 'GET' to 'http://localhost:1448/session/3e4951c79d2ede6566ce6a8f9cc5332f/element/0.330135430821078-70/attribute/value'
16:01:49.047 [Forwarding getElementAttribute on session 3e4951c79d2ede6566ce6a8f9cc5332f to remote] DEBUG org.asynchttpclient.netty.request.NettyRequestSender - Using open Channel [id: 0x43daccbb, L:/127.0.0.1:53510 - R:localhost/127.0.0.1:1448] for GET '/session/3e4951c79d2ede6566ce6a8f9cc5332f/element/0.330135430821078-70/attribute/value'
16:01:49.064 [AsyncHttpClient-1-2] DEBUG org.asynchttpclient.netty.handler.HttpHandler - 

Request DefaultFullHttpRequest(decodeResult: success, version: HTTP/1.1, content: EmptyByteBufBE)
GET /session/3e4951c79d2ede6566ce6a8f9cc5332f/element/0.330135430821078-70/attribute/value HTTP/1.1
User-Agent: selenium/4.0.0-alpha-7 (java windows)
Cache-Control: no-cache
Content-Type: application/json; charset=utf-8
host: localhost:1448
accept: */*

Response DefaultHttpResponse(decodeResult: success, version: HTTP/1.1)
HTTP/1.1 200 OK
Content-Length: 72
Content-Type: application/json; charset=utf-8

16:01:49.064 [AsyncHttpClient-1-2] DEBUG org.asynchttpclient.netty.channel.ChannelManager - Adding key: http://localhost:1448 for channel [id: 0x43daccbb, L:/127.0.0.1:53510 - R:localhost/127.0.0.1:1448]
16:01:49.064 [Forwarding getElementText on session 3e4951c79d2ede6566ce6a8f9cc5332f to remote] DEBUG org.asynchttpclient.netty.request.NettyRequestSender - Using pooled Channel '[id: 0x43daccbb, L:/127.0.0.1:53510 - R:localhost/127.0.0.1:1448]' for 'GET' to 'http://localhost:1448/session/3e4951c79d2ede6566ce6a8f9cc5332f/element/0.330135430821078-4/text'
16:01:49.064 [Forwarding getElementText on session 3e4951c79d2ede6566ce6a8f9cc5332f to remote] DEBUG org.asynchttpclient.netty.request.NettyRequestSender - Using open Channel [id: 0x43daccbb, L:/127.0.0.1:53510 - R:localhost/127.0.0.1:1448] for GET '/session/3e4951c79d2ede6566ce6a8f9cc5332f/element/0.330135430821078-4/text'
16:01:49.089 [AsyncHttpClient-1-2] DEBUG org.asynchttpclient.netty.handler.HttpHandler - 

Request DefaultFullHttpRequest(decodeResult: success, version: HTTP/1.1, content: EmptyByteBufBE)
GET /session/3e4951c79d2ede6566ce6a8f9cc5332f/element/0.330135430821078-4/text HTTP/1.1
User-Agent: selenium/4.0.0-alpha-7 (java windows)
Cache-Control: no-cache
Content-Type: application/json; charset=utf-8
host: localhost:1448
accept: */*

Response DefaultHttpResponse(decodeResult: success, version: HTTP/1.1)
HTTP/1.1 200 OK
Content-Length: 76
Content-Type: application/json; charset=utf-8

16:01:49.089 [AsyncHttpClient-1-2] DEBUG org.asynchttpclient.netty.channel.ChannelManager - Adding key: http://localhost:1448 for channel [id: 0x43daccbb, L:/127.0.0.1:53510 - R:localhost/127.0.0.1:1448]
16:01:49.096 [Forwarding findChildElement on session 3e4951c79d2ede6566ce6a8f9cc5332f to remote] DEBUG org.asynchttpclient.netty.request.NettyRequestSender - Using pooled Channel '[id: 0x43daccbb, L:/127.0.0.1:53510 - R:localhost/127.0.0.1:1448]' for 'POST' to 'http://localhost:1448/session/3e4951c79d2ede6566ce6a8f9cc5332f/element/0.330135430821078-4/element'
16:01:49.096 [Forwarding findChildElement on session 3e4951c79d2ede6566ce6a8f9cc5332f to remote] DEBUG org.asynchttpclient.netty.request.NettyRequestSender - Using open Channel [id: 0x43daccbb, L:/127.0.0.1:53510 - R:localhost/127.0.0.1:1448] for POST '/session/3e4951c79d2ede6566ce6a8f9cc5332f/element/0.330135430821078-4/element'
16:01:49.128 [AsyncHttpClient-1-2] DEBUG org.asynchttpclient.netty.handler.HttpHandler - 

Request DefaultHttpRequest(decodeResult: success, version: HTTP/1.1)
POST /session/3e4951c79d2ede6566ce6a8f9cc5332f/element/0.330135430821078-4/element HTTP/1.1
User-Agent: selenium/4.0.0-alpha-7 (java windows)
Content-Length: 76
Content-Type: application/json; charset=utf-8
host: localhost:1448
accept: */*

Response DefaultHttpResponse(decodeResult: success, version: HTTP/1.1)
HTTP/1.1 200 OK
Content-Length: 102
Content-Type: application/json; charset=utf-8

16:01:49.128 [AsyncHttpClient-1-2] DEBUG org.asynchttpclient.netty.channel.ChannelManager - Adding key: http://localhost:1448 for channel [id: 0x43daccbb, L:/127.0.0.1:53510 - R:localhost/127.0.0.1:1448]
16:01:49.129 [Forwarding getElementAttribute on session 3e4951c79d2ede6566ce6a8f9cc5332f to remote] DEBUG org.asynchttpclient.netty.request.NettyRequestSender - Using pooled Channel '[id: 0x43daccbb, L:/127.0.0.1:53510 - R:localhost/127.0.0.1:1448]' for 'GET' to 'http://localhost:1448/session/3e4951c79d2ede6566ce6a8f9cc5332f/element/0.330135430821078-71/attribute/value'
16:01:49.129 [Forwarding getElementAttribute on session 3e4951c79d2ede6566ce6a8f9cc5332f to remote] DEBUG org.asynchttpclient.netty.request.NettyRequestSender - Using open Channel [id: 0x43daccbb, L:/127.0.0.1:53510 - R:localhost/127.0.0.1:1448] for GET '/session/3e4951c79d2ede6566ce6a8f9cc5332f/element/0.330135430821078-71/attribute/value'
16:01:49.159 [AsyncHttpClient-1-2] DEBUG org.asynchttpclient.netty.handler.HttpHandler - 

Request DefaultFullHttpRequest(decodeResult: success, version: HTTP/1.1, content: EmptyByteBufBE)
GET /session/3e4951c79d2ede6566ce6a8f9cc5332f/element/0.330135430821078-71/attribute/value HTTP/1.1
User-Agent: selenium/4.0.0-alpha-7 (java windows)
Cache-Control: no-cache
Content-Type: application/json; charset=utf-8
host: localhost:1448
accept: */*

Response DefaultHttpResponse(decodeResult: success, version: HTTP/1.1)
HTTP/1.1 200 OK
Content-Length: 72
Content-Type: application/json; charset=utf-8

16:01:49.159 [AsyncHttpClient-1-2] DEBUG org.asynchttpclient.netty.channel.ChannelManager - Adding key: http://localhost:1448 for channel [id: 0x43daccbb, L:/127.0.0.1:53510 - R:localhost/127.0.0.1:1448]
16:01:49.159 [Forwarding getElementText on session 3e4951c79d2ede6566ce6a8f9cc5332f to remote] DEBUG org.asynchttpclient.netty.request.NettyRequestSender - Using pooled Channel '[id: 0x43daccbb, L:/127.0.0.1:53510 - R:localhost/127.0.0.1:1448]' for 'GET' to 'http://localhost:1448/session/3e4951c79d2ede6566ce6a8f9cc5332f/element/0.330135430821078-5/text'
16:01:49.160 [Forwarding getElementText on session 3e4951c79d2ede6566ce6a8f9cc5332f to remote] DEBUG org.asynchttpclient.netty.request.NettyRequestSender - Using open Channel [id: 0x43daccbb, L:/127.0.0.1:53510 - R:localhost/127.0.0.1:1448] for GET '/session/3e4951c79d2ede6566ce6a8f9cc5332f/element/0.330135430821078-5/text'
16:01:49.180 [AsyncHttpClient-1-2] DEBUG org.asynchttpclient.netty.handler.HttpHandler - 

Request DefaultFullHttpRequest(decodeResult: success, version: HTTP/1.1, content: EmptyByteBufBE)
GET /session/3e4951c79d2ede6566ce6a8f9cc5332f/element/0.330135430821078-5/text HTTP/1.1
User-Agent: selenium/4.0.0-alpha-7 (java windows)
Cache-Control: no-cache
Content-Type: application/json; charset=utf-8
host: localhost:1448
accept: */*

Response DefaultHttpResponse(decodeResult: success, version: HTTP/1.1)
HTTP/1.1 200 OK
Content-Length: 76
Content-Type: application/json; charset=utf-8

16:01:49.180 [AsyncHttpClient-1-2] DEBUG org.asynchttpclient.netty.channel.ChannelManager - Adding key: http://localhost:1448 for channel [id: 0x43daccbb, L:/127.0.0.1:53510 - R:localhost/127.0.0.1:1448]
16:01:49.181 [Forwarding findChildElement on session 3e4951c79d2ede6566ce6a8f9cc5332f to remote] DEBUG org.asynchttpclient.netty.request.NettyRequestSender - Using pooled Channel '[id: 0x43daccbb, L:/127.0.0.1:53510 - R:localhost/127.0.0.1:1448]' for 'POST' to 'http://localhost:1448/session/3e4951c79d2ede6566ce6a8f9cc5332f/element/0.330135430821078-5/element'
16:01:49.181 [Forwarding findChildElement on session 3e4951c79d2ede6566ce6a8f9cc5332f to remote] DEBUG org.asynchttpclient.netty.request.NettyRequestSender - Using open Channel [id: 0x43daccbb, L:/127.0.0.1:53510 - R:localhost/127.0.0.1:1448] for POST '/session/3e4951c79d2ede6566ce6a8f9cc5332f/element/0.330135430821078-5/element'
16:01:49.213 [AsyncHttpClient-1-2] DEBUG org.asynchttpclient.netty.handler.HttpHandler - 

Request DefaultHttpRequest(decodeResult: success, version: HTTP/1.1)
POST /session/3e4951c79d2ede6566ce6a8f9cc5332f/element/0.330135430821078-5/element HTTP/1.1
User-Agent: selenium/4.0.0-alpha-7 (java windows)
Content-Length: 76
Content-Type: application/json; charset=utf-8
host: localhost:1448
accept: */*

Response DefaultHttpResponse(decodeResult: success, version: HTTP/1.1)
HTTP/1.1 200 OK
Content-Length: 102
Content-Type: application/json; charset=utf-8

16:01:49.213 [AsyncHttpClient-1-2] DEBUG org.asynchttpclient.netty.channel.ChannelManager - Adding key: http://localhost:1448 for channel [id: 0x43daccbb, L:/127.0.0.1:53510 - R:localhost/127.0.0.1:1448]
16:01:49.214 [Forwarding getElementAttribute on session 3e4951c79d2ede6566ce6a8f9cc5332f to remote] DEBUG org.asynchttpclient.netty.request.NettyRequestSender - Using pooled Channel '[id: 0x43daccbb, L:/127.0.0.1:53510 - R:localhost/127.0.0.1:1448]' for 'GET' to 'http://localhost:1448/session/3e4951c79d2ede6566ce6a8f9cc5332f/element/0.330135430821078-72/attribute/value'
16:01:49.214 [Forwarding getElementAttribute on session 3e4951c79d2ede6566ce6a8f9cc5332f to remote] DEBUG org.asynchttpclient.netty.request.NettyRequestSender - Using open Channel [id: 0x43daccbb, L:/127.0.0.1:53510 - R:localhost/127.0.0.1:1448] for GET '/session/3e4951c79d2ede6566ce6a8f9cc5332f/element/0.330135430821078-72/attribute/value'
16:01:49.230 [AsyncHttpClient-1-2] DEBUG org.asynchttpclient.netty.handler.HttpHandler - 

Request DefaultFullHttpRequest(decodeResult: success, version: HTTP/1.1, content: EmptyByteBufBE)
GET /session/3e4951c79d2ede6566ce6a8f9cc5332f/element/0.330135430821078-72/attribute/value HTTP/1.1
User-Agent: selenium/4.0.0-alpha-7 (java windows)
Cache-Control: no-cache
Content-Type: application/json; charset=utf-8
host: localhost:1448
accept: */*

Response DefaultHttpResponse(decodeResult: success, version: HTTP/1.1)
HTTP/1.1 200 OK
Content-Length: 72
Content-Type: application/json; charset=utf-8

16:01:49.230 [AsyncHttpClient-1-2] DEBUG org.asynchttpclient.netty.channel.ChannelManager - Adding key: http://localhost:1448 for channel [id: 0x43daccbb, L:/127.0.0.1:53510 - R:localhost/127.0.0.1:1448]
16:01:49.231 [Forwarding getElementText on session 3e4951c79d2ede6566ce6a8f9cc5332f to remote] DEBUG org.asynchttpclient.netty.request.NettyRequestSender - Using pooled Channel '[id: 0x43daccbb, L:/127.0.0.1:53510 - R:localhost/127.0.0.1:1448]' for 'GET' to 'http://localhost:1448/session/3e4951c79d2ede6566ce6a8f9cc5332f/element/0.330135430821078-6/text'
16:01:49.231 [Forwarding getElementText on session 3e4951c79d2ede6566ce6a8f9cc5332f to remote] DEBUG org.asynchttpclient.netty.request.NettyRequestSender - Using open Channel [id: 0x43daccbb, L:/127.0.0.1:53510 - R:localhost/127.0.0.1:1448] for GET '/session/3e4951c79d2ede6566ce6a8f9cc5332f/element/0.330135430821078-6/text'
16:01:49.249 [AsyncHttpClient-1-2] DEBUG org.asynchttpclient.netty.handler.HttpHandler - 

Request DefaultFullHttpRequest(decodeResult: success, version: HTTP/1.1, content: EmptyByteBufBE)
GET /session/3e4951c79d2ede6566ce6a8f9cc5332f/element/0.330135430821078-6/text HTTP/1.1
User-Agent: selenium/4.0.0-alpha-7 (java windows)
Cache-Control: no-cache
Content-Type: application/json; charset=utf-8
host: localhost:1448
accept: */*

Response DefaultHttpResponse(decodeResult: success, version: HTTP/1.1)
HTTP/1.1 200 OK
Content-Length: 76
Content-Type: application/json; charset=utf-8

16:01:49.249 [AsyncHttpClient-1-2] DEBUG org.asynchttpclient.netty.channel.ChannelManager - Adding key: http://localhost:1448 for channel [id: 0x43daccbb, L:/127.0.0.1:53510 - R:localhost/127.0.0.1:1448]
16:01:49.250 [Forwarding findChildElement on session 3e4951c79d2ede6566ce6a8f9cc5332f to remote] DEBUG org.asynchttpclient.netty.request.NettyRequestSender - Using pooled Channel '[id: 0x43daccbb, L:/127.0.0.1:53510 - R:localhost/127.0.0.1:1448]' for 'POST' to 'http://localhost:1448/session/3e4951c79d2ede6566ce6a8f9cc5332f/element/0.330135430821078-6/element'
16:01:49.250 [Forwarding findChildElement on session 3e4951c79d2ede6566ce6a8f9cc5332f to remote] DEBUG org.asynchttpclient.netty.request.NettyRequestSender - Using open Channel [id: 0x43daccbb, L:/127.0.0.1:53510 - R:localhost/127.0.0.1:1448] for POST '/session/3e4951c79d2ede6566ce6a8f9cc5332f/element/0.330135430821078-6/element'
16:01:49.277 [AsyncHttpClient-1-2] DEBUG org.asynchttpclient.netty.handler.HttpHandler - 

Request DefaultHttpRequest(decodeResult: success, version: HTTP/1.1)
POST /session/3e4951c79d2ede6566ce6a8f9cc5332f/element/0.330135430821078-6/element HTTP/1.1
User-Agent: selenium/4.0.0-alpha-7 (java windows)
Content-Length: 76
Content-Type: application/json; charset=utf-8
host: localhost:1448
accept: */*

Response DefaultHttpResponse(decodeResult: success, version: HTTP/1.1)
HTTP/1.1 200 OK
Content-Length: 102
Content-Type: application/json; charset=utf-8

16:01:49.277 [AsyncHttpClient-1-2] DEBUG org.asynchttpclient.netty.channel.ChannelManager - Adding key: http://localhost:1448 for channel [id: 0x43daccbb, L:/127.0.0.1:53510 - R:localhost/127.0.0.1:1448]
16:01:49.279 [Forwarding getElementAttribute on session 3e4951c79d2ede6566ce6a8f9cc5332f to remote] DEBUG org.asynchttpclient.netty.request.NettyRequestSender - Using pooled Channel '[id: 0x43daccbb, L:/127.0.0.1:53510 - R:localhost/127.0.0.1:1448]' for 'GET' to 'http://localhost:1448/session/3e4951c79d2ede6566ce6a8f9cc5332f/element/0.330135430821078-73/attribute/value'
16:01:49.279 [Forwarding getElementAttribute on session 3e4951c79d2ede6566ce6a8f9cc5332f to remote] DEBUG org.asynchttpclient.netty.request.NettyRequestSender - Using open Channel [id: 0x43daccbb, L:/127.0.0.1:53510 - R:localhost/127.0.0.1:1448] for GET '/session/3e4951c79d2ede6566ce6a8f9cc5332f/element/0.330135430821078-73/attribute/value'
16:01:49.350 [AsyncHttpClient-1-2] DEBUG org.asynchttpclient.netty.handler.HttpHandler - 

Request DefaultFullHttpRequest(decodeResult: success, version: HTTP/1.1, content: EmptyByteBufBE)
GET /session/3e4951c79d2ede6566ce6a8f9cc5332f/element/0.330135430821078-73/attribute/value HTTP/1.1
User-Agent: selenium/4.0.0-alpha-7 (java windows)
Cache-Control: no-cache
Content-Type: application/json; charset=utf-8
host: localhost:1448
accept: */*

Response DefaultHttpResponse(decodeResult: success, version: HTTP/1.1)
HTTP/1.1 200 OK
Content-Length: 72
Content-Type: application/json; charset=utf-8

16:01:49.350 [AsyncHttpClient-1-2] DEBUG org.asynchttpclient.netty.channel.ChannelManager - Adding key: http://localhost:1448 for channel [id: 0x43daccbb, L:/127.0.0.1:53510 - R:localhost/127.0.0.1:1448]
16:01:49.353 [Forwarding getElementText on session 3e4951c79d2ede6566ce6a8f9cc5332f to remote] DEBUG org.asynchttpclient.netty.request.NettyRequestSender - Using pooled Channel '[id: 0x43daccbb, L:/127.0.0.1:53510 - R:localhost/127.0.0.1:1448]' for 'GET' to 'http://localhost:1448/session/3e4951c79d2ede6566ce6a8f9cc5332f/element/0.330135430821078-7/text'
16:01:49.353 [Forwarding getElementText on session 3e4951c79d2ede6566ce6a8f9cc5332f to remote] DEBUG org.asynchttpclient.netty.request.NettyRequestSender - Using open Channel [id: 0x43daccbb, L:/127.0.0.1:53510 - R:localhost/127.0.0.1:1448] for GET '/session/3e4951c79d2ede6566ce6a8f9cc5332f/element/0.330135430821078-7/text'
16:01:49.423 [AsyncHttpClient-1-2] DEBUG org.asynchttpclient.netty.handler.HttpHandler - 

Request DefaultFullHttpRequest(decodeResult: success, version: HTTP/1.1, content: EmptyByteBufBE)
GET /session/3e4951c79d2ede6566ce6a8f9cc5332f/element/0.330135430821078-7/text HTTP/1.1
User-Agent: selenium/4.0.0-alpha-7 (java windows)
Cache-Control: no-cache
Content-Type: application/json; charset=utf-8
host: localhost:1448
accept: */*

Response DefaultHttpResponse(decodeResult: success, version: HTTP/1.1)
HTTP/1.1 200 OK
Content-Length: 76
Content-Type: application/json; charset=utf-8

16:01:49.423 [AsyncHttpClient-1-2] DEBUG org.asynchttpclient.netty.channel.ChannelManager - Adding key: http://localhost:1448 for channel [id: 0x43daccbb, L:/127.0.0.1:53510 - R:localhost/127.0.0.1:1448]
16:01:49.436 [Forwarding findChildElement on session 3e4951c79d2ede6566ce6a8f9cc5332f to remote] DEBUG org.asynchttpclient.netty.request.NettyRequestSender - Using pooled Channel '[id: 0x43daccbb, L:/127.0.0.1:53510 - R:localhost/127.0.0.1:1448]' for 'POST' to 'http://localhost:1448/session/3e4951c79d2ede6566ce6a8f9cc5332f/element/0.330135430821078-7/element'
16:01:49.436 [Forwarding findChildElement on session 3e4951c79d2ede6566ce6a8f9cc5332f to remote] DEBUG org.asynchttpclient.netty.request.NettyRequestSender - Using open Channel [id: 0x43daccbb, L:/127.0.0.1:53510 - R:localhost/127.0.0.1:1448] for POST '/session/3e4951c79d2ede6566ce6a8f9cc5332f/element/0.330135430821078-7/element'
16:01:49.514 [AsyncHttpClient-1-2] DEBUG org.asynchttpclient.netty.handler.HttpHandler - 

Request DefaultHttpRequest(decodeResult: success, version: HTTP/1.1)
POST /session/3e4951c79d2ede6566ce6a8f9cc5332f/element/0.330135430821078-7/element HTTP/1.1
User-Agent: selenium/4.0.0-alpha-7 (java windows)
Content-Length: 76
Content-Type: application/json; charset=utf-8
host: localhost:1448
accept: */*

Response DefaultHttpResponse(decodeResult: success, version: HTTP/1.1)
HTTP/1.1 200 OK
Content-Length: 102
Content-Type: application/json; charset=utf-8

16:01:49.514 [AsyncHttpClient-1-2] DEBUG org.asynchttpclient.netty.channel.ChannelManager - Adding key: http://localhost:1448 for channel [id: 0x43daccbb, L:/127.0.0.1:53510 - R:localhost/127.0.0.1:1448]
16:01:49.514 [Forwarding getElementAttribute on session 3e4951c79d2ede6566ce6a8f9cc5332f to remote] DEBUG org.asynchttpclient.netty.request.NettyRequestSender - Using pooled Channel '[id: 0x43daccbb, L:/127.0.0.1:53510 - R:localhost/127.0.0.1:1448]' for 'GET' to 'http://localhost:1448/session/3e4951c79d2ede6566ce6a8f9cc5332f/element/0.330135430821078-74/attribute/value'
16:01:49.514 [Forwarding getElementAttribute on session 3e4951c79d2ede6566ce6a8f9cc5332f to remote] DEBUG org.asynchttpclient.netty.request.NettyRequestSender - Using open Channel [id: 0x43daccbb, L:/127.0.0.1:53510 - R:localhost/127.0.0.1:1448] for GET '/session/3e4951c79d2ede6566ce6a8f9cc5332f/element/0.330135430821078-74/attribute/value'
16:01:49.532 [AsyncHttpClient-1-2] DEBUG org.asynchttpclient.netty.handler.HttpHandler - 

Request DefaultFullHttpRequest(decodeResult: success, version: HTTP/1.1, content: EmptyByteBufBE)
GET /session/3e4951c79d2ede6566ce6a8f9cc5332f/element/0.330135430821078-74/attribute/value HTTP/1.1
User-Agent: selenium/4.0.0-alpha-7 (java windows)
Cache-Control: no-cache
Content-Type: application/json; charset=utf-8
host: localhost:1448
accept: */*

Response DefaultHttpResponse(decodeResult: success, version: HTTP/1.1)
HTTP/1.1 200 OK
Content-Length: 72
Content-Type: application/json; charset=utf-8

16:01:49.533 [AsyncHttpClient-1-2] DEBUG org.asynchttpclient.netty.channel.ChannelManager - Adding key: http://localhost:1448 for channel [id: 0x43daccbb, L:/127.0.0.1:53510 - R:localhost/127.0.0.1:1448]
16:01:49.533 [Forwarding getElementText on session 3e4951c79d2ede6566ce6a8f9cc5332f to remote] DEBUG org.asynchttpclient.netty.request.NettyRequestSender - Using pooled Channel '[id: 0x43daccbb, L:/127.0.0.1:53510 - R:localhost/127.0.0.1:1448]' for 'GET' to 'http://localhost:1448/session/3e4951c79d2ede6566ce6a8f9cc5332f/element/0.330135430821078-8/text'
16:01:49.533 [Forwarding getElementText on session 3e4951c79d2ede6566ce6a8f9cc5332f to remote] DEBUG org.asynchttpclient.netty.request.NettyRequestSender - Using open Channel [id: 0x43daccbb, L:/127.0.0.1:53510 - R:localhost/127.0.0.1:1448] for GET '/session/3e4951c79d2ede6566ce6a8f9cc5332f/element/0.330135430821078-8/text'
16:01:49.605 [AsyncHttpClient-1-2] DEBUG org.asynchttpclient.netty.handler.HttpHandler - 

Request DefaultFullHttpRequest(decodeResult: success, version: HTTP/1.1, content: EmptyByteBufBE)
GET /session/3e4951c79d2ede6566ce6a8f9cc5332f/element/0.330135430821078-8/text HTTP/1.1
User-Agent: selenium/4.0.0-alpha-7 (java windows)
Cache-Control: no-cache
Content-Type: application/json; charset=utf-8
host: localhost:1448
accept: */*

Response DefaultHttpResponse(decodeResult: success, version: HTTP/1.1)
HTTP/1.1 200 OK
Content-Length: 76
Content-Type: application/json; charset=utf-8

16:01:49.606 [AsyncHttpClient-1-2] DEBUG org.asynchttpclient.netty.channel.ChannelManager - Adding key: http://localhost:1448 for channel [id: 0x43daccbb, L:/127.0.0.1:53510 - R:localhost/127.0.0.1:1448]
16:01:49.608 [Forwarding findChildElement on session 3e4951c79d2ede6566ce6a8f9cc5332f to remote] DEBUG org.asynchttpclient.netty.request.NettyRequestSender - Using pooled Channel '[id: 0x43daccbb, L:/127.0.0.1:53510 - R:localhost/127.0.0.1:1448]' for 'POST' to 'http://localhost:1448/session/3e4951c79d2ede6566ce6a8f9cc5332f/element/0.330135430821078-8/element'
16:01:49.608 [Forwarding findChildElement on session 3e4951c79d2ede6566ce6a8f9cc5332f to remote] DEBUG org.asynchttpclient.netty.request.NettyRequestSender - Using open Channel [id: 0x43daccbb, L:/127.0.0.1:53510 - R:localhost/127.0.0.1:1448] for POST '/session/3e4951c79d2ede6566ce6a8f9cc5332f/element/0.330135430821078-8/element'
16:01:49.642 [AsyncHttpClient-1-2] DEBUG org.asynchttpclient.netty.handler.HttpHandler - 

Request DefaultHttpRequest(decodeResult: success, version: HTTP/1.1)
POST /session/3e4951c79d2ede6566ce6a8f9cc5332f/element/0.330135430821078-8/element HTTP/1.1
User-Agent: selenium/4.0.0-alpha-7 (java windows)
Content-Length: 76
Content-Type: application/json; charset=utf-8
host: localhost:1448
accept: */*

Response DefaultHttpResponse(decodeResult: success, version: HTTP/1.1)
HTTP/1.1 200 OK
Content-Length: 102
Content-Type: application/json; charset=utf-8

16:01:49.642 [AsyncHttpClient-1-2] DEBUG org.asynchttpclient.netty.channel.ChannelManager - Adding key: http://localhost:1448 for channel [id: 0x43daccbb, L:/127.0.0.1:53510 - R:localhost/127.0.0.1:1448]
16:01:49.643 [Forwarding getElementAttribute on session 3e4951c79d2ede6566ce6a8f9cc5332f to remote] DEBUG org.asynchttpclient.netty.request.NettyRequestSender - Using pooled Channel '[id: 0x43daccbb, L:/127.0.0.1:53510 - R:localhost/127.0.0.1:1448]' for 'GET' to 'http://localhost:1448/session/3e4951c79d2ede6566ce6a8f9cc5332f/element/0.330135430821078-75/attribute/value'
16:01:49.643 [Forwarding getElementAttribute on session 3e4951c79d2ede6566ce6a8f9cc5332f to remote] DEBUG org.asynchttpclient.netty.request.NettyRequestSender - Using open Channel [id: 0x43daccbb, L:/127.0.0.1:53510 - R:localhost/127.0.0.1:1448] for GET '/session/3e4951c79d2ede6566ce6a8f9cc5332f/element/0.330135430821078-75/attribute/value'
16:01:49.661 [AsyncHttpClient-1-2] DEBUG org.asynchttpclient.netty.handler.HttpHandler - 

Request DefaultFullHttpRequest(decodeResult: success, version: HTTP/1.1, content: EmptyByteBufBE)
GET /session/3e4951c79d2ede6566ce6a8f9cc5332f/element/0.330135430821078-75/attribute/value HTTP/1.1
User-Agent: selenium/4.0.0-alpha-7 (java windows)
Cache-Control: no-cache
Content-Type: application/json; charset=utf-8
host: localhost:1448
accept: */*

Response DefaultHttpResponse(decodeResult: success, version: HTTP/1.1)
HTTP/1.1 200 OK
Content-Length: 72
Content-Type: application/json; charset=utf-8

16:01:49.662 [AsyncHttpClient-1-2] DEBUG org.asynchttpclient.netty.channel.ChannelManager - Adding key: http://localhost:1448 for channel [id: 0x43daccbb, L:/127.0.0.1:53510 - R:localhost/127.0.0.1:1448]
16:01:49.664 [Forwarding getElementText on session 3e4951c79d2ede6566ce6a8f9cc5332f to remote] DEBUG org.asynchttpclient.netty.request.NettyRequestSender - Using pooled Channel '[id: 0x43daccbb, L:/127.0.0.1:53510 - R:localhost/127.0.0.1:1448]' for 'GET' to 'http://localhost:1448/session/3e4951c79d2ede6566ce6a8f9cc5332f/element/0.330135430821078-9/text'
16:01:49.664 [Forwarding getElementText on session 3e4951c79d2ede6566ce6a8f9cc5332f to remote] DEBUG org.asynchttpclient.netty.request.NettyRequestSender - Using open Channel [id: 0x43daccbb, L:/127.0.0.1:53510 - R:localhost/127.0.0.1:1448] for GET '/session/3e4951c79d2ede6566ce6a8f9cc5332f/element/0.330135430821078-9/text'
16:01:49.731 [AsyncHttpClient-1-2] DEBUG org.asynchttpclient.netty.handler.HttpHandler - 

Request DefaultFullHttpRequest(decodeResult: success, version: HTTP/1.1, content: EmptyByteBufBE)
GET /session/3e4951c79d2ede6566ce6a8f9cc5332f/element/0.330135430821078-9/text HTTP/1.1
User-Agent: selenium/4.0.0-alpha-7 (java windows)
Cache-Control: no-cache
Content-Type: application/json; charset=utf-8
host: localhost:1448
accept: */*

Response DefaultHttpResponse(decodeResult: success, version: HTTP/1.1)
HTTP/1.1 200 OK
Content-Length: 76
Content-Type: application/json; charset=utf-8

16:01:49.731 [AsyncHttpClient-1-2] DEBUG org.asynchttpclient.netty.channel.ChannelManager - Adding key: http://localhost:1448 for channel [id: 0x43daccbb, L:/127.0.0.1:53510 - R:localhost/127.0.0.1:1448]
16:01:49.733 [Forwarding findChildElement on session 3e4951c79d2ede6566ce6a8f9cc5332f to remote] DEBUG org.asynchttpclient.netty.request.NettyRequestSender - Using pooled Channel '[id: 0x43daccbb, L:/127.0.0.1:53510 - R:localhost/127.0.0.1:1448]' for 'POST' to 'http://localhost:1448/session/3e4951c79d2ede6566ce6a8f9cc5332f/element/0.330135430821078-9/element'
16:01:49.733 [Forwarding findChildElement on session 3e4951c79d2ede6566ce6a8f9cc5332f to remote] DEBUG org.asynchttpclient.netty.request.NettyRequestSender - Using open Channel [id: 0x43daccbb, L:/127.0.0.1:53510 - R:localhost/127.0.0.1:1448] for POST '/session/3e4951c79d2ede6566ce6a8f9cc5332f/element/0.330135430821078-9/element'
16:01:49.759 [AsyncHttpClient-1-2] DEBUG org.asynchttpclient.netty.handler.HttpHandler - 

Request DefaultHttpRequest(decodeResult: success, version: HTTP/1.1)
POST /session/3e4951c79d2ede6566ce6a8f9cc5332f/element/0.330135430821078-9/element HTTP/1.1
User-Agent: selenium/4.0.0-alpha-7 (java windows)
Content-Length: 76
Content-Type: application/json; charset=utf-8
host: localhost:1448
accept: */*

Response DefaultHttpResponse(decodeResult: success, version: HTTP/1.1)
HTTP/1.1 200 OK
Content-Length: 102
Content-Type: application/json; charset=utf-8

16:01:49.760 [AsyncHttpClient-1-2] DEBUG org.asynchttpclient.netty.channel.ChannelManager - Adding key: http://localhost:1448 for channel [id: 0x43daccbb, L:/127.0.0.1:53510 - R:localhost/127.0.0.1:1448]
16:01:49.761 [Forwarding getElementAttribute on session 3e4951c79d2ede6566ce6a8f9cc5332f to remote] DEBUG org.asynchttpclient.netty.request.NettyRequestSender - Using pooled Channel '[id: 0x43daccbb, L:/127.0.0.1:53510 - R:localhost/127.0.0.1:1448]' for 'GET' to 'http://localhost:1448/session/3e4951c79d2ede6566ce6a8f9cc5332f/element/0.330135430821078-76/attribute/value'
16:01:49.761 [Forwarding getElementAttribute on session 3e4951c79d2ede6566ce6a8f9cc5332f to remote] DEBUG org.asynchttpclient.netty.request.NettyRequestSender - Using open Channel [id: 0x43daccbb, L:/127.0.0.1:53510 - R:localhost/127.0.0.1:1448] for GET '/session/3e4951c79d2ede6566ce6a8f9cc5332f/element/0.330135430821078-76/attribute/value'
16:01:49.777 [AsyncHttpClient-1-2] DEBUG org.asynchttpclient.netty.handler.HttpHandler - 

Request DefaultFullHttpRequest(decodeResult: success, version: HTTP/1.1, content: EmptyByteBufBE)
GET /session/3e4951c79d2ede6566ce6a8f9cc5332f/element/0.330135430821078-76/attribute/value HTTP/1.1
User-Agent: selenium/4.0.0-alpha-7 (java windows)
Cache-Control: no-cache
Content-Type: application/json; charset=utf-8
host: localhost:1448
accept: */*

Response DefaultHttpResponse(decodeResult: success, version: HTTP/1.1)
HTTP/1.1 200 OK
Content-Length: 72
Content-Type: application/json; charset=utf-8

16:01:49.777 [AsyncHttpClient-1-2] DEBUG org.asynchttpclient.netty.channel.ChannelManager - Adding key: http://localhost:1448 for channel [id: 0x43daccbb, L:/127.0.0.1:53510 - R:localhost/127.0.0.1:1448]
16:01:49.779 [Forwarding getElementText on session 3e4951c79d2ede6566ce6a8f9cc5332f to remote] DEBUG org.asynchttpclient.netty.request.NettyRequestSender - Using pooled Channel '[id: 0x43daccbb, L:/127.0.0.1:53510 - R:localhost/127.0.0.1:1448]' for 'GET' to 'http://localhost:1448/session/3e4951c79d2ede6566ce6a8f9cc5332f/element/0.330135430821078-10/text'
16:01:49.779 [Forwarding getElementText on session 3e4951c79d2ede6566ce6a8f9cc5332f to remote] DEBUG org.asynchttpclient.netty.request.NettyRequestSender - Using open Channel [id: 0x43daccbb, L:/127.0.0.1:53510 - R:localhost/127.0.0.1:1448] for GET '/session/3e4951c79d2ede6566ce6a8f9cc5332f/element/0.330135430821078-10/text'
16:01:49.796 [AsyncHttpClient-1-2] DEBUG org.asynchttpclient.netty.handler.HttpHandler - 

Request DefaultFullHttpRequest(decodeResult: success, version: HTTP/1.1, content: EmptyByteBufBE)
GET /session/3e4951c79d2ede6566ce6a8f9cc5332f/element/0.330135430821078-10/text HTTP/1.1
User-Agent: selenium/4.0.0-alpha-7 (java windows)
Cache-Control: no-cache
Content-Type: application/json; charset=utf-8
host: localhost:1448
accept: */*

Response DefaultHttpResponse(decodeResult: success, version: HTTP/1.1)
HTTP/1.1 200 OK
Content-Length: 76
Content-Type: application/json; charset=utf-8

16:01:49.796 [AsyncHttpClient-1-2] DEBUG org.asynchttpclient.netty.channel.ChannelManager - Adding key: http://localhost:1448 for channel [id: 0x43daccbb, L:/127.0.0.1:53510 - R:localhost/127.0.0.1:1448]
16:01:49.798 [Forwarding findChildElement on session 3e4951c79d2ede6566ce6a8f9cc5332f to remote] DEBUG org.asynchttpclient.netty.request.NettyRequestSender - Using pooled Channel '[id: 0x43daccbb, L:/127.0.0.1:53510 - R:localhost/127.0.0.1:1448]' for 'POST' to 'http://localhost:1448/session/3e4951c79d2ede6566ce6a8f9cc5332f/element/0.330135430821078-10/element'
16:01:49.798 [Forwarding findChildElement on session 3e4951c79d2ede6566ce6a8f9cc5332f to remote] DEBUG org.asynchttpclient.netty.request.NettyRequestSender - Using open Channel [id: 0x43daccbb, L:/127.0.0.1:53510 - R:localhost/127.0.0.1:1448] for POST '/session/3e4951c79d2ede6566ce6a8f9cc5332f/element/0.330135430821078-10/element'
16:01:49.823 [AsyncHttpClient-1-2] DEBUG org.asynchttpclient.netty.handler.HttpHandler - 

Request DefaultHttpRequest(decodeResult: success, version: HTTP/1.1)
POST /session/3e4951c79d2ede6566ce6a8f9cc5332f/element/0.330135430821078-10/element HTTP/1.1
User-Agent: selenium/4.0.0-alpha-7 (java windows)
Content-Length: 77
Content-Type: application/json; charset=utf-8
host: localhost:1448
accept: */*

Response DefaultHttpResponse(decodeResult: success, version: HTTP/1.1)
HTTP/1.1 200 OK
Content-Length: 102
Content-Type: application/json; charset=utf-8

16:01:49.824 [AsyncHttpClient-1-2] DEBUG org.asynchttpclient.netty.channel.ChannelManager - Adding key: http://localhost:1448 for channel [id: 0x43daccbb, L:/127.0.0.1:53510 - R:localhost/127.0.0.1:1448]
16:01:49.826 [Forwarding getElementAttribute on session 3e4951c79d2ede6566ce6a8f9cc5332f to remote] DEBUG org.asynchttpclient.netty.request.NettyRequestSender - Using pooled Channel '[id: 0x43daccbb, L:/127.0.0.1:53510 - R:localhost/127.0.0.1:1448]' for 'GET' to 'http://localhost:1448/session/3e4951c79d2ede6566ce6a8f9cc5332f/element/0.330135430821078-77/attribute/value'
16:01:49.826 [Forwarding getElementAttribute on session 3e4951c79d2ede6566ce6a8f9cc5332f to remote] DEBUG org.asynchttpclient.netty.request.NettyRequestSender - Using open Channel [id: 0x43daccbb, L:/127.0.0.1:53510 - R:localhost/127.0.0.1:1448] for GET '/session/3e4951c79d2ede6566ce6a8f9cc5332f/element/0.330135430821078-77/attribute/value'
16:01:49.836 [AsyncHttpClient-1-2] DEBUG org.asynchttpclient.netty.handler.HttpHandler - 

Request DefaultFullHttpRequest(decodeResult: success, version: HTTP/1.1, content: EmptyByteBufBE)
GET /session/3e4951c79d2ede6566ce6a8f9cc5332f/element/0.330135430821078-77/attribute/value HTTP/1.1
User-Agent: selenium/4.0.0-alpha-7 (java windows)
Cache-Control: no-cache
Content-Type: application/json; charset=utf-8
host: localhost:1448
accept: */*

Response DefaultHttpResponse(decodeResult: success, version: HTTP/1.1)
HTTP/1.1 200 OK
Content-Length: 73
Content-Type: application/json; charset=utf-8

16:01:49.836 [AsyncHttpClient-1-2] DEBUG org.asynchttpclient.netty.channel.ChannelManager - Adding key: http://localhost:1448 for channel [id: 0x43daccbb, L:/127.0.0.1:53510 - R:localhost/127.0.0.1:1448]
16:01:49.837 [Forwarding getElementText on session 3e4951c79d2ede6566ce6a8f9cc5332f to remote] DEBUG org.asynchttpclient.netty.request.NettyRequestSender - Using pooled Channel '[id: 0x43daccbb, L:/127.0.0.1:53510 - R:localhost/127.0.0.1:1448]' for 'GET' to 'http://localhost:1448/session/3e4951c79d2ede6566ce6a8f9cc5332f/element/0.330135430821078-11/text'
16:01:49.837 [Forwarding getElementText on session 3e4951c79d2ede6566ce6a8f9cc5332f to remote] DEBUG org.asynchttpclient.netty.request.NettyRequestSender - Using open Channel [id: 0x43daccbb, L:/127.0.0.1:53510 - R:localhost/127.0.0.1:1448] for GET '/session/3e4951c79d2ede6566ce6a8f9cc5332f/element/0.330135430821078-11/text'
16:01:49.861 [AsyncHttpClient-1-2] DEBUG org.asynchttpclient.netty.handler.HttpHandler - 

Request DefaultFullHttpRequest(decodeResult: success, version: HTTP/1.1, content: EmptyByteBufBE)
GET /session/3e4951c79d2ede6566ce6a8f9cc5332f/element/0.330135430821078-11/text HTTP/1.1
User-Agent: selenium/4.0.0-alpha-7 (java windows)
Cache-Control: no-cache
Content-Type: application/json; charset=utf-8
host: localhost:1448
accept: */*

Response DefaultHttpResponse(decodeResult: success, version: HTTP/1.1)
HTTP/1.1 200 OK
Content-Length: 76
Content-Type: application/json; charset=utf-8

16:01:49.861 [AsyncHttpClient-1-2] DEBUG org.asynchttpclient.netty.channel.ChannelManager - Adding key: http://localhost:1448 for channel [id: 0x43daccbb, L:/127.0.0.1:53510 - R:localhost/127.0.0.1:1448]
16:01:49.862 [Forwarding findChildElement on session 3e4951c79d2ede6566ce6a8f9cc5332f to remote] DEBUG org.asynchttpclient.netty.request.NettyRequestSender - Using pooled Channel '[id: 0x43daccbb, L:/127.0.0.1:53510 - R:localhost/127.0.0.1:1448]' for 'POST' to 'http://localhost:1448/session/3e4951c79d2ede6566ce6a8f9cc5332f/element/0.330135430821078-11/element'
16:01:49.862 [Forwarding findChildElement on session 3e4951c79d2ede6566ce6a8f9cc5332f to remote] DEBUG org.asynchttpclient.netty.request.NettyRequestSender - Using open Channel [id: 0x43daccbb, L:/127.0.0.1:53510 - R:localhost/127.0.0.1:1448] for POST '/session/3e4951c79d2ede6566ce6a8f9cc5332f/element/0.330135430821078-11/element'
16:01:49.880 [AsyncHttpClient-1-2] DEBUG org.asynchttpclient.netty.handler.HttpHandler - 

Request DefaultHttpRequest(decodeResult: success, version: HTTP/1.1)
POST /session/3e4951c79d2ede6566ce6a8f9cc5332f/element/0.330135430821078-11/element HTTP/1.1
User-Agent: selenium/4.0.0-alpha-7 (java windows)
Content-Length: 77
Content-Type: application/json; charset=utf-8
host: localhost:1448
accept: */*

Response DefaultHttpResponse(decodeResult: success, version: HTTP/1.1)
HTTP/1.1 200 OK
Content-Length: 102
Content-Type: application/json; charset=utf-8

16:01:49.880 [AsyncHttpClient-1-2] DEBUG org.asynchttpclient.netty.channel.ChannelManager - Adding key: http://localhost:1448 for channel [id: 0x43daccbb, L:/127.0.0.1:53510 - R:localhost/127.0.0.1:1448]
16:01:49.883 [Forwarding getElementAttribute on session 3e4951c79d2ede6566ce6a8f9cc5332f to remote] DEBUG org.asynchttpclient.netty.request.NettyRequestSender - Using pooled Channel '[id: 0x43daccbb, L:/127.0.0.1:53510 - R:localhost/127.0.0.1:1448]' for 'GET' to 'http://localhost:1448/session/3e4951c79d2ede6566ce6a8f9cc5332f/element/0.330135430821078-78/attribute/value'
16:01:49.883 [Forwarding getElementAttribute on session 3e4951c79d2ede6566ce6a8f9cc5332f to remote] DEBUG org.asynchttpclient.netty.request.NettyRequestSender - Using open Channel [id: 0x43daccbb, L:/127.0.0.1:53510 - R:localhost/127.0.0.1:1448] for GET '/session/3e4951c79d2ede6566ce6a8f9cc5332f/element/0.330135430821078-78/attribute/value'
16:01:49.906 [AsyncHttpClient-1-2] DEBUG org.asynchttpclient.netty.handler.HttpHandler - 

Request DefaultFullHttpRequest(decodeResult: success, version: HTTP/1.1, content: EmptyByteBufBE)
GET /session/3e4951c79d2ede6566ce6a8f9cc5332f/element/0.330135430821078-78/attribute/value HTTP/1.1
User-Agent: selenium/4.0.0-alpha-7 (java windows)
Cache-Control: no-cache
Content-Type: application/json; charset=utf-8
host: localhost:1448
accept: */*

Response DefaultHttpResponse(decodeResult: success, version: HTTP/1.1)
HTTP/1.1 200 OK
Content-Length: 72
Content-Type: application/json; charset=utf-8

16:01:49.906 [AsyncHttpClient-1-2] DEBUG org.asynchttpclient.netty.channel.ChannelManager - Adding key: http://localhost:1448 for channel [id: 0x43daccbb, L:/127.0.0.1:53510 - R:localhost/127.0.0.1:1448]
16:01:49.909 [Forwarding getElementText on session 3e4951c79d2ede6566ce6a8f9cc5332f to remote] DEBUG org.asynchttpclient.netty.request.NettyRequestSender - Using pooled Channel '[id: 0x43daccbb, L:/127.0.0.1:53510 - R:localhost/127.0.0.1:1448]' for 'GET' to 'http://localhost:1448/session/3e4951c79d2ede6566ce6a8f9cc5332f/element/0.330135430821078-12/text'
16:01:49.909 [Forwarding getElementText on session 3e4951c79d2ede6566ce6a8f9cc5332f to remote] DEBUG org.asynchttpclient.netty.request.NettyRequestSender - Using open Channel [id: 0x43daccbb, L:/127.0.0.1:53510 - R:localhost/127.0.0.1:1448] for GET '/session/3e4951c79d2ede6566ce6a8f9cc5332f/element/0.330135430821078-12/text'
16:01:49.926 [AsyncHttpClient-1-2] DEBUG org.asynchttpclient.netty.handler.HttpHandler - 

Request DefaultFullHttpRequest(decodeResult: success, version: HTTP/1.1, content: EmptyByteBufBE)
GET /session/3e4951c79d2ede6566ce6a8f9cc5332f/element/0.330135430821078-12/text HTTP/1.1
User-Agent: selenium/4.0.0-alpha-7 (java windows)
Cache-Control: no-cache
Content-Type: application/json; charset=utf-8
host: localhost:1448
accept: */*

Response DefaultHttpResponse(decodeResult: success, version: HTTP/1.1)
HTTP/1.1 200 OK
Content-Length: 76
Content-Type: application/json; charset=utf-8

16:01:49.927 [AsyncHttpClient-1-2] DEBUG org.asynchttpclient.netty.channel.ChannelManager - Adding key: http://localhost:1448 for channel [id: 0x43daccbb, L:/127.0.0.1:53510 - R:localhost/127.0.0.1:1448]
16:01:49.929 [Forwarding findChildElement on session 3e4951c79d2ede6566ce6a8f9cc5332f to remote] DEBUG org.asynchttpclient.netty.request.NettyRequestSender - Using pooled Channel '[id: 0x43daccbb, L:/127.0.0.1:53510 - R:localhost/127.0.0.1:1448]' for 'POST' to 'http://localhost:1448/session/3e4951c79d2ede6566ce6a8f9cc5332f/element/0.330135430821078-12/element'
16:01:49.930 [Forwarding findChildElement on session 3e4951c79d2ede6566ce6a8f9cc5332f to remote] DEBUG org.asynchttpclient.netty.request.NettyRequestSender - Using open Channel [id: 0x43daccbb, L:/127.0.0.1:53510 - R:localhost/127.0.0.1:1448] for POST '/session/3e4951c79d2ede6566ce6a8f9cc5332f/element/0.330135430821078-12/element'
16:01:49.951 [AsyncHttpClient-1-2] DEBUG org.asynchttpclient.netty.handler.HttpHandler - 

Request DefaultHttpRequest(decodeResult: success, version: HTTP/1.1)
POST /session/3e4951c79d2ede6566ce6a8f9cc5332f/element/0.330135430821078-12/element HTTP/1.1
User-Agent: selenium/4.0.0-alpha-7 (java windows)
Content-Length: 77
Content-Type: application/json; charset=utf-8
host: localhost:1448
accept: */*

Response DefaultHttpResponse(decodeResult: success, version: HTTP/1.1)
HTTP/1.1 200 OK
Content-Length: 102
Content-Type: application/json; charset=utf-8

16:01:49.952 [AsyncHttpClient-1-2] DEBUG org.asynchttpclient.netty.channel.ChannelManager - Adding key: http://localhost:1448 for channel [id: 0x43daccbb, L:/127.0.0.1:53510 - R:localhost/127.0.0.1:1448]
16:01:49.954 [Forwarding getElementAttribute on session 3e4951c79d2ede6566ce6a8f9cc5332f to remote] DEBUG org.asynchttpclient.netty.request.NettyRequestSender - Using pooled Channel '[id: 0x43daccbb, L:/127.0.0.1:53510 - R:localhost/127.0.0.1:1448]' for 'GET' to 'http://localhost:1448/session/3e4951c79d2ede6566ce6a8f9cc5332f/element/0.330135430821078-79/attribute/value'
16:01:49.954 [Forwarding getElementAttribute on session 3e4951c79d2ede6566ce6a8f9cc5332f to remote] DEBUG org.asynchttpclient.netty.request.NettyRequestSender - Using open Channel [id: 0x43daccbb, L:/127.0.0.1:53510 - R:localhost/127.0.0.1:1448] for GET '/session/3e4951c79d2ede6566ce6a8f9cc5332f/element/0.330135430821078-79/attribute/value'
16:01:49.972 [AsyncHttpClient-1-2] DEBUG org.asynchttpclient.netty.handler.HttpHandler - 

Request DefaultFullHttpRequest(decodeResult: success, version: HTTP/1.1, content: EmptyByteBufBE)
GET /session/3e4951c79d2ede6566ce6a8f9cc5332f/element/0.330135430821078-79/attribute/value HTTP/1.1
User-Agent: selenium/4.0.0-alpha-7 (java windows)
Cache-Control: no-cache
Content-Type: application/json; charset=utf-8
host: localhost:1448
accept: */*

Response DefaultHttpResponse(decodeResult: success, version: HTTP/1.1)
HTTP/1.1 200 OK
Content-Length: 72
Content-Type: application/json; charset=utf-8

16:01:49.973 [AsyncHttpClient-1-2] DEBUG org.asynchttpclient.netty.channel.ChannelManager - Adding key: http://localhost:1448 for channel [id: 0x43daccbb, L:/127.0.0.1:53510 - R:localhost/127.0.0.1:1448]
16:01:49.976 [Forwarding getElementText on session 3e4951c79d2ede6566ce6a8f9cc5332f to remote] DEBUG org.asynchttpclient.netty.request.NettyRequestSender - Using pooled Channel '[id: 0x43daccbb, L:/127.0.0.1:53510 - R:localhost/127.0.0.1:1448]' for 'GET' to 'http://localhost:1448/session/3e4951c79d2ede6566ce6a8f9cc5332f/element/0.330135430821078-13/text'
16:01:49.976 [Forwarding getElementText on session 3e4951c79d2ede6566ce6a8f9cc5332f to remote] DEBUG org.asynchttpclient.netty.request.NettyRequestSender - Using open Channel [id: 0x43daccbb, L:/127.0.0.1:53510 - R:localhost/127.0.0.1:1448] for GET '/session/3e4951c79d2ede6566ce6a8f9cc5332f/element/0.330135430821078-13/text'
16:01:49.995 [AsyncHttpClient-1-2] DEBUG org.asynchttpclient.netty.handler.HttpHandler - 

Request DefaultFullHttpRequest(decodeResult: success, version: HTTP/1.1, content: EmptyByteBufBE)
GET /session/3e4951c79d2ede6566ce6a8f9cc5332f/element/0.330135430821078-13/text HTTP/1.1
User-Agent: selenium/4.0.0-alpha-7 (java windows)
Cache-Control: no-cache
Content-Type: application/json; charset=utf-8
host: localhost:1448
accept: */*

Response DefaultHttpResponse(decodeResult: success, version: HTTP/1.1)
HTTP/1.1 200 OK
Content-Length: 76
Content-Type: application/json; charset=utf-8

16:01:49.995 [AsyncHttpClient-1-2] DEBUG org.asynchttpclient.netty.channel.ChannelManager - Adding key: http://localhost:1448 for channel [id: 0x43daccbb, L:/127.0.0.1:53510 - R:localhost/127.0.0.1:1448]
16:01:49.996 [Forwarding findChildElement on session 3e4951c79d2ede6566ce6a8f9cc5332f to remote] DEBUG org.asynchttpclient.netty.request.NettyRequestSender - Using pooled Channel '[id: 0x43daccbb, L:/127.0.0.1:53510 - R:localhost/127.0.0.1:1448]' for 'POST' to 'http://localhost:1448/session/3e4951c79d2ede6566ce6a8f9cc5332f/element/0.330135430821078-13/element'
16:01:49.996 [Forwarding findChildElement on session 3e4951c79d2ede6566ce6a8f9cc5332f to remote] DEBUG org.asynchttpclient.netty.request.NettyRequestSender - Using open Channel [id: 0x43daccbb, L:/127.0.0.1:53510 - R:localhost/127.0.0.1:1448] for POST '/session/3e4951c79d2ede6566ce6a8f9cc5332f/element/0.330135430821078-13/element'
16:01:50.008 [AsyncHttpClient-1-2] DEBUG org.asynchttpclient.netty.handler.HttpHandler - 

Request DefaultHttpRequest(decodeResult: success, version: HTTP/1.1)
POST /session/3e4951c79d2ede6566ce6a8f9cc5332f/element/0.330135430821078-13/element HTTP/1.1
User-Agent: selenium/4.0.0-alpha-7 (java windows)
Content-Length: 77
Content-Type: application/json; charset=utf-8
host: localhost:1448
accept: */*

Response DefaultHttpResponse(decodeResult: success, version: HTTP/1.1)
HTTP/1.1 200 OK
Content-Length: 102
Content-Type: application/json; charset=utf-8

16:01:50.009 [AsyncHttpClient-1-2] DEBUG org.asynchttpclient.netty.channel.ChannelManager - Adding key: http://localhost:1448 for channel [id: 0x43daccbb, L:/127.0.0.1:53510 - R:localhost/127.0.0.1:1448]
16:01:50.012 [Forwarding getElementAttribute on session 3e4951c79d2ede6566ce6a8f9cc5332f to remote] DEBUG org.asynchttpclient.netty.request.NettyRequestSender - Using pooled Channel '[id: 0x43daccbb, L:/127.0.0.1:53510 - R:localhost/127.0.0.1:1448]' for 'GET' to 'http://localhost:1448/session/3e4951c79d2ede6566ce6a8f9cc5332f/element/0.330135430821078-80/attribute/value'
16:01:50.012 [Forwarding getElementAttribute on session 3e4951c79d2ede6566ce6a8f9cc5332f to remote] DEBUG org.asynchttpclient.netty.request.NettyRequestSender - Using open Channel [id: 0x43daccbb, L:/127.0.0.1:53510 - R:localhost/127.0.0.1:1448] for GET '/session/3e4951c79d2ede6566ce6a8f9cc5332f/element/0.330135430821078-80/attribute/value'
16:01:50.027 [AsyncHttpClient-1-2] DEBUG org.asynchttpclient.netty.handler.HttpHandler - 

Request DefaultFullHttpRequest(decodeResult: success, version: HTTP/1.1, content: EmptyByteBufBE)
GET /session/3e4951c79d2ede6566ce6a8f9cc5332f/element/0.330135430821078-80/attribute/value HTTP/1.1
User-Agent: selenium/4.0.0-alpha-7 (java windows)
Cache-Control: no-cache
Content-Type: application/json; charset=utf-8
host: localhost:1448
accept: */*

Response DefaultHttpResponse(decodeResult: success, version: HTTP/1.1)
HTTP/1.1 200 OK
Content-Length: 72
Content-Type: application/json; charset=utf-8

16:01:50.027 [AsyncHttpClient-1-2] DEBUG org.asynchttpclient.netty.channel.ChannelManager - Adding key: http://localhost:1448 for channel [id: 0x43daccbb, L:/127.0.0.1:53510 - R:localhost/127.0.0.1:1448]
16:01:50.028 [Forwarding getElementText on session 3e4951c79d2ede6566ce6a8f9cc5332f to remote] DEBUG org.asynchttpclient.netty.request.NettyRequestSender - Using pooled Channel '[id: 0x43daccbb, L:/127.0.0.1:53510 - R:localhost/127.0.0.1:1448]' for 'GET' to 'http://localhost:1448/session/3e4951c79d2ede6566ce6a8f9cc5332f/element/0.330135430821078-14/text'
16:01:50.028 [Forwarding getElementText on session 3e4951c79d2ede6566ce6a8f9cc5332f to remote] DEBUG org.asynchttpclient.netty.request.NettyRequestSender - Using open Channel [id: 0x43daccbb, L:/127.0.0.1:53510 - R:localhost/127.0.0.1:1448] for GET '/session/3e4951c79d2ede6566ce6a8f9cc5332f/element/0.330135430821078-14/text'
16:01:50.044 [AsyncHttpClient-1-2] DEBUG org.asynchttpclient.netty.handler.HttpHandler - 

Request DefaultFullHttpRequest(decodeResult: success, version: HTTP/1.1, content: EmptyByteBufBE)
GET /session/3e4951c79d2ede6566ce6a8f9cc5332f/element/0.330135430821078-14/text HTTP/1.1
User-Agent: selenium/4.0.0-alpha-7 (java windows)
Cache-Control: no-cache
Content-Type: application/json; charset=utf-8
host: localhost:1448
accept: */*

Response DefaultHttpResponse(decodeResult: success, version: HTTP/1.1)
HTTP/1.1 200 OK
Content-Length: 76
Content-Type: application/json; charset=utf-8

16:01:50.045 [AsyncHttpClient-1-2] DEBUG org.asynchttpclient.netty.channel.ChannelManager - Adding key: http://localhost:1448 for channel [id: 0x43daccbb, L:/127.0.0.1:53510 - R:localhost/127.0.0.1:1448]
16:01:50.046 [Forwarding findChildElement on session 3e4951c79d2ede6566ce6a8f9cc5332f to remote] DEBUG org.asynchttpclient.netty.request.NettyRequestSender - Using pooled Channel '[id: 0x43daccbb, L:/127.0.0.1:53510 - R:localhost/127.0.0.1:1448]' for 'POST' to 'http://localhost:1448/session/3e4951c79d2ede6566ce6a8f9cc5332f/element/0.330135430821078-14/element'
16:01:50.046 [Forwarding findChildElement on session 3e4951c79d2ede6566ce6a8f9cc5332f to remote] DEBUG org.asynchttpclient.netty.request.NettyRequestSender - Using open Channel [id: 0x43daccbb, L:/127.0.0.1:53510 - R:localhost/127.0.0.1:1448] for POST '/session/3e4951c79d2ede6566ce6a8f9cc5332f/element/0.330135430821078-14/element'
16:01:50.049 [AsyncHttpClient-1-1] DEBUG org.asynchttpclient.netty.channel.DefaultChannelPool - Entry count for : http://localhost:53512 : 1
16:01:50.061 [AsyncHttpClient-1-2] DEBUG org.asynchttpclient.netty.handler.HttpHandler - 

Request DefaultHttpRequest(decodeResult: success, version: HTTP/1.1)
POST /session/3e4951c79d2ede6566ce6a8f9cc5332f/element/0.330135430821078-14/element HTTP/1.1
User-Agent: selenium/4.0.0-alpha-7 (java windows)
Content-Length: 77
Content-Type: application/json; charset=utf-8
host: localhost:1448
accept: */*

Response DefaultHttpResponse(decodeResult: success, version: HTTP/1.1)
HTTP/1.1 200 OK
Content-Length: 102
Content-Type: application/json; charset=utf-8

16:01:50.062 [AsyncHttpClient-1-2] DEBUG org.asynchttpclient.netty.channel.ChannelManager - Adding key: http://localhost:1448 for channel [id: 0x43daccbb, L:/127.0.0.1:53510 - R:localhost/127.0.0.1:1448]
16:01:50.062 [Forwarding getElementAttribute on session 3e4951c79d2ede6566ce6a8f9cc5332f to remote] DEBUG org.asynchttpclient.netty.request.NettyRequestSender - Using pooled Channel '[id: 0x43daccbb, L:/127.0.0.1:53510 - R:localhost/127.0.0.1:1448]' for 'GET' to 'http://localhost:1448/session/3e4951c79d2ede6566ce6a8f9cc5332f/element/0.330135430821078-81/attribute/value'
16:01:50.062 [Forwarding getElementAttribute on session 3e4951c79d2ede6566ce6a8f9cc5332f to remote] DEBUG org.asynchttpclient.netty.request.NettyRequestSender - Using open Channel [id: 0x43daccbb, L:/127.0.0.1:53510 - R:localhost/127.0.0.1:1448] for GET '/session/3e4951c79d2ede6566ce6a8f9cc5332f/element/0.330135430821078-81/attribute/value'
16:01:50.076 [AsyncHttpClient-1-2] DEBUG org.asynchttpclient.netty.handler.HttpHandler - 

Request DefaultFullHttpRequest(decodeResult: success, version: HTTP/1.1, content: EmptyByteBufBE)
GET /session/3e4951c79d2ede6566ce6a8f9cc5332f/element/0.330135430821078-81/attribute/value HTTP/1.1
User-Agent: selenium/4.0.0-alpha-7 (java windows)
Cache-Control: no-cache
Content-Type: application/json; charset=utf-8
host: localhost:1448
accept: */*

Response DefaultHttpResponse(decodeResult: success, version: HTTP/1.1)
HTTP/1.1 200 OK
Content-Length: 72
Content-Type: application/json; charset=utf-8

16:01:50.076 [AsyncHttpClient-1-2] DEBUG org.asynchttpclient.netty.channel.ChannelManager - Adding key: http://localhost:1448 for channel [id: 0x43daccbb, L:/127.0.0.1:53510 - R:localhost/127.0.0.1:1448]
16:01:50.077 [Forwarding getElementText on session 3e4951c79d2ede6566ce6a8f9cc5332f to remote] DEBUG org.asynchttpclient.netty.request.NettyRequestSender - Using pooled Channel '[id: 0x43daccbb, L:/127.0.0.1:53510 - R:localhost/127.0.0.1:1448]' for 'GET' to 'http://localhost:1448/session/3e4951c79d2ede6566ce6a8f9cc5332f/element/0.330135430821078-15/text'
16:01:50.077 [Forwarding getElementText on session 3e4951c79d2ede6566ce6a8f9cc5332f to remote] DEBUG org.asynchttpclient.netty.request.NettyRequestSender - Using open Channel [id: 0x43daccbb, L:/127.0.0.1:53510 - R:localhost/127.0.0.1:1448] for GET '/session/3e4951c79d2ede6566ce6a8f9cc5332f/element/0.330135430821078-15/text'
16:01:50.098 [AsyncHttpClient-1-2] DEBUG org.asynchttpclient.netty.handler.HttpHandler - 

Request DefaultFullHttpRequest(decodeResult: success, version: HTTP/1.1, content: EmptyByteBufBE)
GET /session/3e4951c79d2ede6566ce6a8f9cc5332f/element/0.330135430821078-15/text HTTP/1.1
User-Agent: selenium/4.0.0-alpha-7 (java windows)
Cache-Control: no-cache
Content-Type: application/json; charset=utf-8
host: localhost:1448
accept: */*

Response DefaultHttpResponse(decodeResult: success, version: HTTP/1.1)
HTTP/1.1 200 OK
Content-Length: 76
Content-Type: application/json; charset=utf-8

16:01:50.098 [AsyncHttpClient-1-2] DEBUG org.asynchttpclient.netty.channel.ChannelManager - Adding key: http://localhost:1448 for channel [id: 0x43daccbb, L:/127.0.0.1:53510 - R:localhost/127.0.0.1:1448]
16:01:50.099 [Forwarding findChildElement on session 3e4951c79d2ede6566ce6a8f9cc5332f to remote] DEBUG org.asynchttpclient.netty.request.NettyRequestSender - Using pooled Channel '[id: 0x43daccbb, L:/127.0.0.1:53510 - R:localhost/127.0.0.1:1448]' for 'POST' to 'http://localhost:1448/session/3e4951c79d2ede6566ce6a8f9cc5332f/element/0.330135430821078-15/element'
16:01:50.099 [Forwarding findChildElement on session 3e4951c79d2ede6566ce6a8f9cc5332f to remote] DEBUG org.asynchttpclient.netty.request.NettyRequestSender - Using open Channel [id: 0x43daccbb, L:/127.0.0.1:53510 - R:localhost/127.0.0.1:1448] for POST '/session/3e4951c79d2ede6566ce6a8f9cc5332f/element/0.330135430821078-15/element'
16:01:50.118 [AsyncHttpClient-1-2] DEBUG org.asynchttpclient.netty.handler.HttpHandler - 

Request DefaultHttpRequest(decodeResult: success, version: HTTP/1.1)
POST /session/3e4951c79d2ede6566ce6a8f9cc5332f/element/0.330135430821078-15/element HTTP/1.1
User-Agent: selenium/4.0.0-alpha-7 (java windows)
Content-Length: 77
Content-Type: application/json; charset=utf-8
host: localhost:1448
accept: */*

Response DefaultHttpResponse(decodeResult: success, version: HTTP/1.1)
HTTP/1.1 200 OK
Content-Length: 102
Content-Type: application/json; charset=utf-8

16:01:50.118 [AsyncHttpClient-1-2] DEBUG org.asynchttpclient.netty.channel.ChannelManager - Adding key: http://localhost:1448 for channel [id: 0x43daccbb, L:/127.0.0.1:53510 - R:localhost/127.0.0.1:1448]
16:01:50.121 [Forwarding getElementAttribute on session 3e4951c79d2ede6566ce6a8f9cc5332f to remote] DEBUG org.asynchttpclient.netty.request.NettyRequestSender - Using pooled Channel '[id: 0x43daccbb, L:/127.0.0.1:53510 - R:localhost/127.0.0.1:1448]' for 'GET' to 'http://localhost:1448/session/3e4951c79d2ede6566ce6a8f9cc5332f/element/0.330135430821078-82/attribute/value'
16:01:50.121 [Forwarding getElementAttribute on session 3e4951c79d2ede6566ce6a8f9cc5332f to remote] DEBUG org.asynchttpclient.netty.request.NettyRequestSender - Using open Channel [id: 0x43daccbb, L:/127.0.0.1:53510 - R:localhost/127.0.0.1:1448] for GET '/session/3e4951c79d2ede6566ce6a8f9cc5332f/element/0.330135430821078-82/attribute/value'
16:01:50.132 [AsyncHttpClient-1-2] DEBUG org.asynchttpclient.netty.handler.HttpHandler - 

Request DefaultFullHttpRequest(decodeResult: success, version: HTTP/1.1, content: EmptyByteBufBE)
GET /session/3e4951c79d2ede6566ce6a8f9cc5332f/element/0.330135430821078-82/attribute/value HTTP/1.1
User-Agent: selenium/4.0.0-alpha-7 (java windows)
Cache-Control: no-cache
Content-Type: application/json; charset=utf-8
host: localhost:1448
accept: */*

Response DefaultHttpResponse(decodeResult: success, version: HTTP/1.1)
HTTP/1.1 200 OK
Content-Length: 72
Content-Type: application/json; charset=utf-8

16:01:50.133 [AsyncHttpClient-1-2] DEBUG org.asynchttpclient.netty.channel.ChannelManager - Adding key: http://localhost:1448 for channel [id: 0x43daccbb, L:/127.0.0.1:53510 - R:localhost/127.0.0.1:1448]
16:01:50.133 [Forwarding getElementText on session 3e4951c79d2ede6566ce6a8f9cc5332f to remote] DEBUG org.asynchttpclient.netty.request.NettyRequestSender - Using pooled Channel '[id: 0x43daccbb, L:/127.0.0.1:53510 - R:localhost/127.0.0.1:1448]' for 'GET' to 'http://localhost:1448/session/3e4951c79d2ede6566ce6a8f9cc5332f/element/0.330135430821078-16/text'
16:01:50.133 [Forwarding getElementText on session 3e4951c79d2ede6566ce6a8f9cc5332f to remote] DEBUG org.asynchttpclient.netty.request.NettyRequestSender - Using open Channel [id: 0x43daccbb, L:/127.0.0.1:53510 - R:localhost/127.0.0.1:1448] for GET '/session/3e4951c79d2ede6566ce6a8f9cc5332f/element/0.330135430821078-16/text'
16:01:50.159 [AsyncHttpClient-1-2] DEBUG org.asynchttpclient.netty.handler.HttpHandler - 

Request DefaultFullHttpRequest(decodeResult: success, version: HTTP/1.1, content: EmptyByteBufBE)
GET /session/3e4951c79d2ede6566ce6a8f9cc5332f/element/0.330135430821078-16/text HTTP/1.1
User-Agent: selenium/4.0.0-alpha-7 (java windows)
Cache-Control: no-cache
Content-Type: application/json; charset=utf-8
host: localhost:1448
accept: */*

Response DefaultHttpResponse(decodeResult: success, version: HTTP/1.1)
HTTP/1.1 200 OK
Content-Length: 76
Content-Type: application/json; charset=utf-8

16:01:50.159 [AsyncHttpClient-1-2] DEBUG org.asynchttpclient.netty.channel.ChannelManager - Adding key: http://localhost:1448 for channel [id: 0x43daccbb, L:/127.0.0.1:53510 - R:localhost/127.0.0.1:1448]
16:01:50.160 [Forwarding findChildElement on session 3e4951c79d2ede6566ce6a8f9cc5332f to remote] DEBUG org.asynchttpclient.netty.request.NettyRequestSender - Using pooled Channel '[id: 0x43daccbb, L:/127.0.0.1:53510 - R:localhost/127.0.0.1:1448]' for 'POST' to 'http://localhost:1448/session/3e4951c79d2ede6566ce6a8f9cc5332f/element/0.330135430821078-16/element'
16:01:50.160 [Forwarding findChildElement on session 3e4951c79d2ede6566ce6a8f9cc5332f to remote] DEBUG org.asynchttpclient.netty.request.NettyRequestSender - Using open Channel [id: 0x43daccbb, L:/127.0.0.1:53510 - R:localhost/127.0.0.1:1448] for POST '/session/3e4951c79d2ede6566ce6a8f9cc5332f/element/0.330135430821078-16/element'
16:01:50.177 [AsyncHttpClient-1-2] DEBUG org.asynchttpclient.netty.handler.HttpHandler - 

Request DefaultHttpRequest(decodeResult: success, version: HTTP/1.1)
POST /session/3e4951c79d2ede6566ce6a8f9cc5332f/element/0.330135430821078-16/element HTTP/1.1
User-Agent: selenium/4.0.0-alpha-7 (java windows)
Content-Length: 77
Content-Type: application/json; charset=utf-8
host: localhost:1448
accept: */*

Response DefaultHttpResponse(decodeResult: success, version: HTTP/1.1)
HTTP/1.1 200 OK
Content-Length: 102
Content-Type: application/json; charset=utf-8

16:01:50.178 [AsyncHttpClient-1-2] DEBUG org.asynchttpclient.netty.channel.ChannelManager - Adding key: http://localhost:1448 for channel [id: 0x43daccbb, L:/127.0.0.1:53510 - R:localhost/127.0.0.1:1448]
16:01:50.180 [Forwarding getElementAttribute on session 3e4951c79d2ede6566ce6a8f9cc5332f to remote] DEBUG org.asynchttpclient.netty.request.NettyRequestSender - Using pooled Channel '[id: 0x43daccbb, L:/127.0.0.1:53510 - R:localhost/127.0.0.1:1448]' for 'GET' to 'http://localhost:1448/session/3e4951c79d2ede6566ce6a8f9cc5332f/element/0.330135430821078-83/attribute/value'
16:01:50.180 [Forwarding getElementAttribute on session 3e4951c79d2ede6566ce6a8f9cc5332f to remote] DEBUG org.asynchttpclient.netty.request.NettyRequestSender - Using open Channel [id: 0x43daccbb, L:/127.0.0.1:53510 - R:localhost/127.0.0.1:1448] for GET '/session/3e4951c79d2ede6566ce6a8f9cc5332f/element/0.330135430821078-83/attribute/value'
16:01:50.195 [AsyncHttpClient-1-2] DEBUG org.asynchttpclient.netty.handler.HttpHandler - 

Request DefaultFullHttpRequest(decodeResult: success, version: HTTP/1.1, content: EmptyByteBufBE)
GET /session/3e4951c79d2ede6566ce6a8f9cc5332f/element/0.330135430821078-83/attribute/value HTTP/1.1
User-Agent: selenium/4.0.0-alpha-7 (java windows)
Cache-Control: no-cache
Content-Type: application/json; charset=utf-8
host: localhost:1448
accept: */*

Response DefaultHttpResponse(decodeResult: success, version: HTTP/1.1)
HTTP/1.1 200 OK
Content-Length: 72
Content-Type: application/json; charset=utf-8

16:01:50.195 [AsyncHttpClient-1-2] DEBUG org.asynchttpclient.netty.channel.ChannelManager - Adding key: http://localhost:1448 for channel [id: 0x43daccbb, L:/127.0.0.1:53510 - R:localhost/127.0.0.1:1448]
16:01:50.195 [Forwarding getElementText on session 3e4951c79d2ede6566ce6a8f9cc5332f to remote] DEBUG org.asynchttpclient.netty.request.NettyRequestSender - Using pooled Channel '[id: 0x43daccbb, L:/127.0.0.1:53510 - R:localhost/127.0.0.1:1448]' for 'GET' to 'http://localhost:1448/session/3e4951c79d2ede6566ce6a8f9cc5332f/element/0.330135430821078-17/text'
16:01:50.195 [Forwarding getElementText on session 3e4951c79d2ede6566ce6a8f9cc5332f to remote] DEBUG org.asynchttpclient.netty.request.NettyRequestSender - Using open Channel [id: 0x43daccbb, L:/127.0.0.1:53510 - R:localhost/127.0.0.1:1448] for GET '/session/3e4951c79d2ede6566ce6a8f9cc5332f/element/0.330135430821078-17/text'
16:01:50.214 [AsyncHttpClient-1-2] DEBUG org.asynchttpclient.netty.handler.HttpHandler - 

Request DefaultFullHttpRequest(decodeResult: success, version: HTTP/1.1, content: EmptyByteBufBE)
GET /session/3e4951c79d2ede6566ce6a8f9cc5332f/element/0.330135430821078-17/text HTTP/1.1
User-Agent: selenium/4.0.0-alpha-7 (java windows)
Cache-Control: no-cache
Content-Type: application/json; charset=utf-8
host: localhost:1448
accept: */*

Response DefaultHttpResponse(decodeResult: success, version: HTTP/1.1)
HTTP/1.1 200 OK
Content-Length: 76
Content-Type: application/json; charset=utf-8

16:01:50.214 [AsyncHttpClient-1-2] DEBUG org.asynchttpclient.netty.channel.ChannelManager - Adding key: http://localhost:1448 for channel [id: 0x43daccbb, L:/127.0.0.1:53510 - R:localhost/127.0.0.1:1448]
16:01:50.215 [Forwarding findChildElement on session 3e4951c79d2ede6566ce6a8f9cc5332f to remote] DEBUG org.asynchttpclient.netty.request.NettyRequestSender - Using pooled Channel '[id: 0x43daccbb, L:/127.0.0.1:53510 - R:localhost/127.0.0.1:1448]' for 'POST' to 'http://localhost:1448/session/3e4951c79d2ede6566ce6a8f9cc5332f/element/0.330135430821078-17/element'
16:01:50.215 [Forwarding findChildElement on session 3e4951c79d2ede6566ce6a8f9cc5332f to remote] DEBUG org.asynchttpclient.netty.request.NettyRequestSender - Using open Channel [id: 0x43daccbb, L:/127.0.0.1:53510 - R:localhost/127.0.0.1:1448] for POST '/session/3e4951c79d2ede6566ce6a8f9cc5332f/element/0.330135430821078-17/element'
16:01:50.240 [AsyncHttpClient-1-2] DEBUG org.asynchttpclient.netty.handler.HttpHandler - 

Request DefaultHttpRequest(decodeResult: success, version: HTTP/1.1)
POST /session/3e4951c79d2ede6566ce6a8f9cc5332f/element/0.330135430821078-17/element HTTP/1.1
User-Agent: selenium/4.0.0-alpha-7 (java windows)
Content-Length: 77
Content-Type: application/json; charset=utf-8
host: localhost:1448
accept: */*

Response DefaultHttpResponse(decodeResult: success, version: HTTP/1.1)
HTTP/1.1 200 OK
Content-Length: 102
Content-Type: application/json; charset=utf-8

16:01:50.240 [AsyncHttpClient-1-2] DEBUG org.asynchttpclient.netty.channel.ChannelManager - Adding key: http://localhost:1448 for channel [id: 0x43daccbb, L:/127.0.0.1:53510 - R:localhost/127.0.0.1:1448]
16:01:50.248 [Forwarding getElementAttribute on session 3e4951c79d2ede6566ce6a8f9cc5332f to remote] DEBUG org.asynchttpclient.netty.request.NettyRequestSender - Using pooled Channel '[id: 0x43daccbb, L:/127.0.0.1:53510 - R:localhost/127.0.0.1:1448]' for 'GET' to 'http://localhost:1448/session/3e4951c79d2ede6566ce6a8f9cc5332f/element/0.330135430821078-84/attribute/value'
16:01:50.248 [Forwarding getElementAttribute on session 3e4951c79d2ede6566ce6a8f9cc5332f to remote] DEBUG org.asynchttpclient.netty.request.NettyRequestSender - Using open Channel [id: 0x43daccbb, L:/127.0.0.1:53510 - R:localhost/127.0.0.1:1448] for GET '/session/3e4951c79d2ede6566ce6a8f9cc5332f/element/0.330135430821078-84/attribute/value'
16:01:50.266 [AsyncHttpClient-1-2] DEBUG org.asynchttpclient.netty.handler.HttpHandler - 

Request DefaultFullHttpRequest(decodeResult: success, version: HTTP/1.1, content: EmptyByteBufBE)
GET /session/3e4951c79d2ede6566ce6a8f9cc5332f/element/0.330135430821078-84/attribute/value HTTP/1.1
User-Agent: selenium/4.0.0-alpha-7 (java windows)
Cache-Control: no-cache
Content-Type: application/json; charset=utf-8
host: localhost:1448
accept: */*

Response DefaultHttpResponse(decodeResult: success, version: HTTP/1.1)
HTTP/1.1 200 OK
Content-Length: 72
Content-Type: application/json; charset=utf-8

16:01:50.266 [AsyncHttpClient-1-2] DEBUG org.asynchttpclient.netty.channel.ChannelManager - Adding key: http://localhost:1448 for channel [id: 0x43daccbb, L:/127.0.0.1:53510 - R:localhost/127.0.0.1:1448]
16:01:50.267 [Forwarding getElementText on session 3e4951c79d2ede6566ce6a8f9cc5332f to remote] DEBUG org.asynchttpclient.netty.request.NettyRequestSender - Using pooled Channel '[id: 0x43daccbb, L:/127.0.0.1:53510 - R:localhost/127.0.0.1:1448]' for 'GET' to 'http://localhost:1448/session/3e4951c79d2ede6566ce6a8f9cc5332f/element/0.330135430821078-18/text'
16:01:50.267 [Forwarding getElementText on session 3e4951c79d2ede6566ce6a8f9cc5332f to remote] DEBUG org.asynchttpclient.netty.request.NettyRequestSender - Using open Channel [id: 0x43daccbb, L:/127.0.0.1:53510 - R:localhost/127.0.0.1:1448] for GET '/session/3e4951c79d2ede6566ce6a8f9cc5332f/element/0.330135430821078-18/text'
16:01:50.293 [AsyncHttpClient-1-2] DEBUG org.asynchttpclient.netty.handler.HttpHandler - 

Request DefaultFullHttpRequest(decodeResult: success, version: HTTP/1.1, content: EmptyByteBufBE)
GET /session/3e4951c79d2ede6566ce6a8f9cc5332f/element/0.330135430821078-18/text HTTP/1.1
User-Agent: selenium/4.0.0-alpha-7 (java windows)
Cache-Control: no-cache
Content-Type: application/json; charset=utf-8
host: localhost:1448
accept: */*

Response DefaultHttpResponse(decodeResult: success, version: HTTP/1.1)
HTTP/1.1 200 OK
Content-Length: 76
Content-Type: application/json; charset=utf-8

16:01:50.293 [AsyncHttpClient-1-2] DEBUG org.asynchttpclient.netty.channel.ChannelManager - Adding key: http://localhost:1448 for channel [id: 0x43daccbb, L:/127.0.0.1:53510 - R:localhost/127.0.0.1:1448]
16:01:50.296 [Forwarding findChildElement on session 3e4951c79d2ede6566ce6a8f9cc5332f to remote] DEBUG org.asynchttpclient.netty.request.NettyRequestSender - Using pooled Channel '[id: 0x43daccbb, L:/127.0.0.1:53510 - R:localhost/127.0.0.1:1448]' for 'POST' to 'http://localhost:1448/session/3e4951c79d2ede6566ce6a8f9cc5332f/element/0.330135430821078-18/element'
16:01:50.296 [Forwarding findChildElement on session 3e4951c79d2ede6566ce6a8f9cc5332f to remote] DEBUG org.asynchttpclient.netty.request.NettyRequestSender - Using open Channel [id: 0x43daccbb, L:/127.0.0.1:53510 - R:localhost/127.0.0.1:1448] for POST '/session/3e4951c79d2ede6566ce6a8f9cc5332f/element/0.330135430821078-18/element'
16:01:50.312 [AsyncHttpClient-1-2] DEBUG org.asynchttpclient.netty.handler.HttpHandler - 

Request DefaultHttpRequest(decodeResult: success, version: HTTP/1.1)
POST /session/3e4951c79d2ede6566ce6a8f9cc5332f/element/0.330135430821078-18/element HTTP/1.1
User-Agent: selenium/4.0.0-alpha-7 (java windows)
Content-Length: 77
Content-Type: application/json; charset=utf-8
host: localhost:1448
accept: */*

Response DefaultHttpResponse(decodeResult: success, version: HTTP/1.1)
HTTP/1.1 200 OK
Content-Length: 102
Content-Type: application/json; charset=utf-8

16:01:50.313 [AsyncHttpClient-1-2] DEBUG org.asynchttpclient.netty.channel.ChannelManager - Adding key: http://localhost:1448 for channel [id: 0x43daccbb, L:/127.0.0.1:53510 - R:localhost/127.0.0.1:1448]
16:01:50.314 [Forwarding getElementAttribute on session 3e4951c79d2ede6566ce6a8f9cc5332f to remote] DEBUG org.asynchttpclient.netty.request.NettyRequestSender - Using pooled Channel '[id: 0x43daccbb, L:/127.0.0.1:53510 - R:localhost/127.0.0.1:1448]' for 'GET' to 'http://localhost:1448/session/3e4951c79d2ede6566ce6a8f9cc5332f/element/0.330135430821078-85/attribute/value'
16:01:50.314 [Forwarding getElementAttribute on session 3e4951c79d2ede6566ce6a8f9cc5332f to remote] DEBUG org.asynchttpclient.netty.request.NettyRequestSender - Using open Channel [id: 0x43daccbb, L:/127.0.0.1:53510 - R:localhost/127.0.0.1:1448] for GET '/session/3e4951c79d2ede6566ce6a8f9cc5332f/element/0.330135430821078-85/attribute/value'
16:01:50.332 [AsyncHttpClient-1-2] DEBUG org.asynchttpclient.netty.handler.HttpHandler - 

Request DefaultFullHttpRequest(decodeResult: success, version: HTTP/1.1, content: EmptyByteBufBE)
GET /session/3e4951c79d2ede6566ce6a8f9cc5332f/element/0.330135430821078-85/attribute/value HTTP/1.1
User-Agent: selenium/4.0.0-alpha-7 (java windows)
Cache-Control: no-cache
Content-Type: application/json; charset=utf-8
host: localhost:1448
accept: */*

Response DefaultHttpResponse(decodeResult: success, version: HTTP/1.1)
HTTP/1.1 200 OK
Content-Length: 73
Content-Type: application/json; charset=utf-8

16:01:50.332 [AsyncHttpClient-1-2] DEBUG org.asynchttpclient.netty.channel.ChannelManager - Adding key: http://localhost:1448 for channel [id: 0x43daccbb, L:/127.0.0.1:53510 - R:localhost/127.0.0.1:1448]
16:01:50.333 [Forwarding getElementText on session 3e4951c79d2ede6566ce6a8f9cc5332f to remote] DEBUG org.asynchttpclient.netty.request.NettyRequestSender - Using pooled Channel '[id: 0x43daccbb, L:/127.0.0.1:53510 - R:localhost/127.0.0.1:1448]' for 'GET' to 'http://localhost:1448/session/3e4951c79d2ede6566ce6a8f9cc5332f/element/0.330135430821078-19/text'
16:01:50.333 [Forwarding getElementText on session 3e4951c79d2ede6566ce6a8f9cc5332f to remote] DEBUG org.asynchttpclient.netty.request.NettyRequestSender - Using open Channel [id: 0x43daccbb, L:/127.0.0.1:53510 - R:localhost/127.0.0.1:1448] for GET '/session/3e4951c79d2ede6566ce6a8f9cc5332f/element/0.330135430821078-19/text'
16:01:50.359 [AsyncHttpClient-1-2] DEBUG org.asynchttpclient.netty.handler.HttpHandler - 

Request DefaultFullHttpRequest(decodeResult: success, version: HTTP/1.1, content: EmptyByteBufBE)
GET /session/3e4951c79d2ede6566ce6a8f9cc5332f/element/0.330135430821078-19/text HTTP/1.1
User-Agent: selenium/4.0.0-alpha-7 (java windows)
Cache-Control: no-cache
Content-Type: application/json; charset=utf-8
host: localhost:1448
accept: */*

Response DefaultHttpResponse(decodeResult: success, version: HTTP/1.1)
HTTP/1.1 200 OK
Content-Length: 76
Content-Type: application/json; charset=utf-8

16:01:50.359 [AsyncHttpClient-1-2] DEBUG org.asynchttpclient.netty.channel.ChannelManager - Adding key: http://localhost:1448 for channel [id: 0x43daccbb, L:/127.0.0.1:53510 - R:localhost/127.0.0.1:1448]
16:01:50.361 [Forwarding findChildElement on session 3e4951c79d2ede6566ce6a8f9cc5332f to remote] DEBUG org.asynchttpclient.netty.request.NettyRequestSender - Using pooled Channel '[id: 0x43daccbb, L:/127.0.0.1:53510 - R:localhost/127.0.0.1:1448]' for 'POST' to 'http://localhost:1448/session/3e4951c79d2ede6566ce6a8f9cc5332f/element/0.330135430821078-19/element'
16:01:50.361 [Forwarding findChildElement on session 3e4951c79d2ede6566ce6a8f9cc5332f to remote] DEBUG org.asynchttpclient.netty.request.NettyRequestSender - Using open Channel [id: 0x43daccbb, L:/127.0.0.1:53510 - R:localhost/127.0.0.1:1448] for POST '/session/3e4951c79d2ede6566ce6a8f9cc5332f/element/0.330135430821078-19/element'
16:01:50.376 [AsyncHttpClient-1-2] DEBUG org.asynchttpclient.netty.handler.HttpHandler - 

Request DefaultHttpRequest(decodeResult: success, version: HTTP/1.1)
POST /session/3e4951c79d2ede6566ce6a8f9cc5332f/element/0.330135430821078-19/element HTTP/1.1
User-Agent: selenium/4.0.0-alpha-7 (java windows)
Content-Length: 77
Content-Type: application/json; charset=utf-8
host: localhost:1448
accept: */*

Response DefaultHttpResponse(decodeResult: success, version: HTTP/1.1)
HTTP/1.1 200 OK
Content-Length: 102
Content-Type: application/json; charset=utf-8

16:01:50.377 [AsyncHttpClient-1-2] DEBUG org.asynchttpclient.netty.channel.ChannelManager - Adding key: http://localhost:1448 for channel [id: 0x43daccbb, L:/127.0.0.1:53510 - R:localhost/127.0.0.1:1448]
16:01:50.379 [Forwarding getElementAttribute on session 3e4951c79d2ede6566ce6a8f9cc5332f to remote] DEBUG org.asynchttpclient.netty.request.NettyRequestSender - Using pooled Channel '[id: 0x43daccbb, L:/127.0.0.1:53510 - R:localhost/127.0.0.1:1448]' for 'GET' to 'http://localhost:1448/session/3e4951c79d2ede6566ce6a8f9cc5332f/element/0.330135430821078-86/attribute/value'
16:01:50.380 [Forwarding getElementAttribute on session 3e4951c79d2ede6566ce6a8f9cc5332f to remote] DEBUG org.asynchttpclient.netty.request.NettyRequestSender - Using open Channel [id: 0x43daccbb, L:/127.0.0.1:53510 - R:localhost/127.0.0.1:1448] for GET '/session/3e4951c79d2ede6566ce6a8f9cc5332f/element/0.330135430821078-86/attribute/value'
16:01:50.395 [AsyncHttpClient-1-2] DEBUG org.asynchttpclient.netty.handler.HttpHandler - 

Request DefaultFullHttpRequest(decodeResult: success, version: HTTP/1.1, content: EmptyByteBufBE)
GET /session/3e4951c79d2ede6566ce6a8f9cc5332f/element/0.330135430821078-86/attribute/value HTTP/1.1
User-Agent: selenium/4.0.0-alpha-7 (java windows)
Cache-Control: no-cache
Content-Type: application/json; charset=utf-8
host: localhost:1448
accept: */*

Response DefaultHttpResponse(decodeResult: success, version: HTTP/1.1)
HTTP/1.1 200 OK
Content-Length: 73
Content-Type: application/json; charset=utf-8

16:01:50.396 [AsyncHttpClient-1-2] DEBUG org.asynchttpclient.netty.channel.ChannelManager - Adding key: http://localhost:1448 for channel [id: 0x43daccbb, L:/127.0.0.1:53510 - R:localhost/127.0.0.1:1448]
16:01:50.397 [Forwarding getElementText on session 3e4951c79d2ede6566ce6a8f9cc5332f to remote] DEBUG org.asynchttpclient.netty.request.NettyRequestSender - Using pooled Channel '[id: 0x43daccbb, L:/127.0.0.1:53510 - R:localhost/127.0.0.1:1448]' for 'GET' to 'http://localhost:1448/session/3e4951c79d2ede6566ce6a8f9cc5332f/element/0.330135430821078-20/text'
16:01:50.397 [Forwarding getElementText on session 3e4951c79d2ede6566ce6a8f9cc5332f to remote] DEBUG org.asynchttpclient.netty.request.NettyRequestSender - Using open Channel [id: 0x43daccbb, L:/127.0.0.1:53510 - R:localhost/127.0.0.1:1448] for GET '/session/3e4951c79d2ede6566ce6a8f9cc5332f/element/0.330135430821078-20/text'
16:01:50.422 [AsyncHttpClient-1-2] DEBUG org.asynchttpclient.netty.handler.HttpHandler - 

Request DefaultFullHttpRequest(decodeResult: success, version: HTTP/1.1, content: EmptyByteBufBE)
GET /session/3e4951c79d2ede6566ce6a8f9cc5332f/element/0.330135430821078-20/text HTTP/1.1
User-Agent: selenium/4.0.0-alpha-7 (java windows)
Cache-Control: no-cache
Content-Type: application/json; charset=utf-8
host: localhost:1448
accept: */*

Response DefaultHttpResponse(decodeResult: success, version: HTTP/1.1)
HTTP/1.1 200 OK
Content-Length: 76
Content-Type: application/json; charset=utf-8

16:01:50.424 [AsyncHttpClient-1-2] DEBUG org.asynchttpclient.netty.channel.ChannelManager - Adding key: http://localhost:1448 for channel [id: 0x43daccbb, L:/127.0.0.1:53510 - R:localhost/127.0.0.1:1448]
16:01:50.426 [Forwarding findChildElement on session 3e4951c79d2ede6566ce6a8f9cc5332f to remote] DEBUG org.asynchttpclient.netty.request.NettyRequestSender - Using pooled Channel '[id: 0x43daccbb, L:/127.0.0.1:53510 - R:localhost/127.0.0.1:1448]' for 'POST' to 'http://localhost:1448/session/3e4951c79d2ede6566ce6a8f9cc5332f/element/0.330135430821078-20/element'
16:01:50.426 [Forwarding findChildElement on session 3e4951c79d2ede6566ce6a8f9cc5332f to remote] DEBUG org.asynchttpclient.netty.request.NettyRequestSender - Using open Channel [id: 0x43daccbb, L:/127.0.0.1:53510 - R:localhost/127.0.0.1:1448] for POST '/session/3e4951c79d2ede6566ce6a8f9cc5332f/element/0.330135430821078-20/element'
16:01:50.443 [AsyncHttpClient-1-2] DEBUG org.asynchttpclient.netty.handler.HttpHandler - 

Request DefaultHttpRequest(decodeResult: success, version: HTTP/1.1)
POST /session/3e4951c79d2ede6566ce6a8f9cc5332f/element/0.330135430821078-20/element HTTP/1.1
User-Agent: selenium/4.0.0-alpha-7 (java windows)
Content-Length: 77
Content-Type: application/json; charset=utf-8
host: localhost:1448
accept: */*

Response DefaultHttpResponse(decodeResult: success, version: HTTP/1.1)
HTTP/1.1 200 OK
Content-Length: 102
Content-Type: application/json; charset=utf-8

16:01:50.443 [AsyncHttpClient-1-2] DEBUG org.asynchttpclient.netty.channel.ChannelManager - Adding key: http://localhost:1448 for channel [id: 0x43daccbb, L:/127.0.0.1:53510 - R:localhost/127.0.0.1:1448]
16:01:50.444 [Forwarding getElementAttribute on session 3e4951c79d2ede6566ce6a8f9cc5332f to remote] DEBUG org.asynchttpclient.netty.request.NettyRequestSender - Using pooled Channel '[id: 0x43daccbb, L:/127.0.0.1:53510 - R:localhost/127.0.0.1:1448]' for 'GET' to 'http://localhost:1448/session/3e4951c79d2ede6566ce6a8f9cc5332f/element/0.330135430821078-87/attribute/value'
16:01:50.444 [Forwarding getElementAttribute on session 3e4951c79d2ede6566ce6a8f9cc5332f to remote] DEBUG org.asynchttpclient.netty.request.NettyRequestSender - Using open Channel [id: 0x43daccbb, L:/127.0.0.1:53510 - R:localhost/127.0.0.1:1448] for GET '/session/3e4951c79d2ede6566ce6a8f9cc5332f/element/0.330135430821078-87/attribute/value'
16:01:50.461 [AsyncHttpClient-1-2] DEBUG org.asynchttpclient.netty.handler.HttpHandler - 

Request DefaultFullHttpRequest(decodeResult: success, version: HTTP/1.1, content: EmptyByteBufBE)
GET /session/3e4951c79d2ede6566ce6a8f9cc5332f/element/0.330135430821078-87/attribute/value HTTP/1.1
User-Agent: selenium/4.0.0-alpha-7 (java windows)
Cache-Control: no-cache
Content-Type: application/json; charset=utf-8
host: localhost:1448
accept: */*

Response DefaultHttpResponse(decodeResult: success, version: HTTP/1.1)
HTTP/1.1 200 OK
Content-Length: 73
Content-Type: application/json; charset=utf-8

16:01:50.461 [AsyncHttpClient-1-2] DEBUG org.asynchttpclient.netty.channel.ChannelManager - Adding key: http://localhost:1448 for channel [id: 0x43daccbb, L:/127.0.0.1:53510 - R:localhost/127.0.0.1:1448]
16:01:50.462 [Forwarding getElementText on session 3e4951c79d2ede6566ce6a8f9cc5332f to remote] DEBUG org.asynchttpclient.netty.request.NettyRequestSender - Using pooled Channel '[id: 0x43daccbb, L:/127.0.0.1:53510 - R:localhost/127.0.0.1:1448]' for 'GET' to 'http://localhost:1448/session/3e4951c79d2ede6566ce6a8f9cc5332f/element/0.330135430821078-21/text'
16:01:50.462 [Forwarding getElementText on session 3e4951c79d2ede6566ce6a8f9cc5332f to remote] DEBUG org.asynchttpclient.netty.request.NettyRequestSender - Using open Channel [id: 0x43daccbb, L:/127.0.0.1:53510 - R:localhost/127.0.0.1:1448] for GET '/session/3e4951c79d2ede6566ce6a8f9cc5332f/element/0.330135430821078-21/text'
16:01:50.481 [AsyncHttpClient-1-2] DEBUG org.asynchttpclient.netty.handler.HttpHandler - 

Request DefaultFullHttpRequest(decodeResult: success, version: HTTP/1.1, content: EmptyByteBufBE)
GET /session/3e4951c79d2ede6566ce6a8f9cc5332f/element/0.330135430821078-21/text HTTP/1.1
User-Agent: selenium/4.0.0-alpha-7 (java windows)
Cache-Control: no-cache
Content-Type: application/json; charset=utf-8
host: localhost:1448
accept: */*

Response DefaultHttpResponse(decodeResult: success, version: HTTP/1.1)
HTTP/1.1 200 OK
Content-Length: 76
Content-Type: application/json; charset=utf-8

16:01:50.481 [AsyncHttpClient-1-2] DEBUG org.asynchttpclient.netty.channel.ChannelManager - Adding key: http://localhost:1448 for channel [id: 0x43daccbb, L:/127.0.0.1:53510 - R:localhost/127.0.0.1:1448]
16:01:50.485 [Forwarding findChildElement on session 3e4951c79d2ede6566ce6a8f9cc5332f to remote] DEBUG org.asynchttpclient.netty.request.NettyRequestSender - Using pooled Channel '[id: 0x43daccbb, L:/127.0.0.1:53510 - R:localhost/127.0.0.1:1448]' for 'POST' to 'http://localhost:1448/session/3e4951c79d2ede6566ce6a8f9cc5332f/element/0.330135430821078-21/element'
16:01:50.485 [Forwarding findChildElement on session 3e4951c79d2ede6566ce6a8f9cc5332f to remote] DEBUG org.asynchttpclient.netty.request.NettyRequestSender - Using open Channel [id: 0x43daccbb, L:/127.0.0.1:53510 - R:localhost/127.0.0.1:1448] for POST '/session/3e4951c79d2ede6566ce6a8f9cc5332f/element/0.330135430821078-21/element'
16:01:50.516 [AsyncHttpClient-1-2] DEBUG org.asynchttpclient.netty.handler.HttpHandler - 

Request DefaultHttpRequest(decodeResult: success, version: HTTP/1.1)
POST /session/3e4951c79d2ede6566ce6a8f9cc5332f/element/0.330135430821078-21/element HTTP/1.1
User-Agent: selenium/4.0.0-alpha-7 (java windows)
Content-Length: 77
Content-Type: application/json; charset=utf-8
host: localhost:1448
accept: */*

Response DefaultHttpResponse(decodeResult: success, version: HTTP/1.1)
HTTP/1.1 200 OK
Content-Length: 102
Content-Type: application/json; charset=utf-8

16:01:50.516 [AsyncHttpClient-1-2] DEBUG org.asynchttpclient.netty.channel.ChannelManager - Adding key: http://localhost:1448 for channel [id: 0x43daccbb, L:/127.0.0.1:53510 - R:localhost/127.0.0.1:1448]
16:01:50.521 [Forwarding getElementAttribute on session 3e4951c79d2ede6566ce6a8f9cc5332f to remote] DEBUG org.asynchttpclient.netty.request.NettyRequestSender - Using pooled Channel '[id: 0x43daccbb, L:/127.0.0.1:53510 - R:localhost/127.0.0.1:1448]' for 'GET' to 'http://localhost:1448/session/3e4951c79d2ede6566ce6a8f9cc5332f/element/0.330135430821078-88/attribute/value'
16:01:50.521 [Forwarding getElementAttribute on session 3e4951c79d2ede6566ce6a8f9cc5332f to remote] DEBUG org.asynchttpclient.netty.request.NettyRequestSender - Using open Channel [id: 0x43daccbb, L:/127.0.0.1:53510 - R:localhost/127.0.0.1:1448] for GET '/session/3e4951c79d2ede6566ce6a8f9cc5332f/element/0.330135430821078-88/attribute/value'
16:01:50.533 [AsyncHttpClient-1-2] DEBUG org.asynchttpclient.netty.handler.HttpHandler - 

Request DefaultFullHttpRequest(decodeResult: success, version: HTTP/1.1, content: EmptyByteBufBE)
GET /session/3e4951c79d2ede6566ce6a8f9cc5332f/element/0.330135430821078-88/attribute/value HTTP/1.1
User-Agent: selenium/4.0.0-alpha-7 (java windows)
Cache-Control: no-cache
Content-Type: application/json; charset=utf-8
host: localhost:1448
accept: */*

Response DefaultHttpResponse(decodeResult: success, version: HTTP/1.1)
HTTP/1.1 200 OK
Content-Length: 72
Content-Type: application/json; charset=utf-8

16:01:50.533 [AsyncHttpClient-1-2] DEBUG org.asynchttpclient.netty.channel.ChannelManager - Adding key: http://localhost:1448 for channel [id: 0x43daccbb, L:/127.0.0.1:53510 - R:localhost/127.0.0.1:1448]
16:01:50.533 [Forwarding getElementText on session 3e4951c79d2ede6566ce6a8f9cc5332f to remote] DEBUG org.asynchttpclient.netty.request.NettyRequestSender - Using pooled Channel '[id: 0x43daccbb, L:/127.0.0.1:53510 - R:localhost/127.0.0.1:1448]' for 'GET' to 'http://localhost:1448/session/3e4951c79d2ede6566ce6a8f9cc5332f/element/0.330135430821078-22/text'
16:01:50.533 [Forwarding getElementText on session 3e4951c79d2ede6566ce6a8f9cc5332f to remote] DEBUG org.asynchttpclient.netty.request.NettyRequestSender - Using open Channel [id: 0x43daccbb, L:/127.0.0.1:53510 - R:localhost/127.0.0.1:1448] for GET '/session/3e4951c79d2ede6566ce6a8f9cc5332f/element/0.330135430821078-22/text'
16:01:50.558 [AsyncHttpClient-1-2] DEBUG org.asynchttpclient.netty.handler.HttpHandler - 

Request DefaultFullHttpRequest(decodeResult: success, version: HTTP/1.1, content: EmptyByteBufBE)
GET /session/3e4951c79d2ede6566ce6a8f9cc5332f/element/0.330135430821078-22/text HTTP/1.1
User-Agent: selenium/4.0.0-alpha-7 (java windows)
Cache-Control: no-cache
Content-Type: application/json; charset=utf-8
host: localhost:1448
accept: */*

Response DefaultHttpResponse(decodeResult: success, version: HTTP/1.1)
HTTP/1.1 200 OK
Content-Length: 75
Content-Type: application/json; charset=utf-8

16:01:50.559 [AsyncHttpClient-1-2] DEBUG org.asynchttpclient.netty.channel.ChannelManager - Adding key: http://localhost:1448 for channel [id: 0x43daccbb, L:/127.0.0.1:53510 - R:localhost/127.0.0.1:1448]
16:01:50.561 [Forwarding findChildElement on session 3e4951c79d2ede6566ce6a8f9cc5332f to remote] DEBUG org.asynchttpclient.netty.request.NettyRequestSender - Using pooled Channel '[id: 0x43daccbb, L:/127.0.0.1:53510 - R:localhost/127.0.0.1:1448]' for 'POST' to 'http://localhost:1448/session/3e4951c79d2ede6566ce6a8f9cc5332f/element/0.330135430821078-22/element'
16:01:50.561 [Forwarding findChildElement on session 3e4951c79d2ede6566ce6a8f9cc5332f to remote] DEBUG org.asynchttpclient.netty.request.NettyRequestSender - Using open Channel [id: 0x43daccbb, L:/127.0.0.1:53510 - R:localhost/127.0.0.1:1448] for POST '/session/3e4951c79d2ede6566ce6a8f9cc5332f/element/0.330135430821078-22/element'
16:01:50.577 [AsyncHttpClient-1-2] DEBUG org.asynchttpclient.netty.handler.HttpHandler - 

Request DefaultHttpRequest(decodeResult: success, version: HTTP/1.1)
POST /session/3e4951c79d2ede6566ce6a8f9cc5332f/element/0.330135430821078-22/element HTTP/1.1
User-Agent: selenium/4.0.0-alpha-7 (java windows)
Content-Length: 77
Content-Type: application/json; charset=utf-8
host: localhost:1448
accept: */*

Response DefaultHttpResponse(decodeResult: success, version: HTTP/1.1)
HTTP/1.1 200 OK
Content-Length: 102
Content-Type: application/json; charset=utf-8

16:01:50.578 [AsyncHttpClient-1-2] DEBUG org.asynchttpclient.netty.channel.ChannelManager - Adding key: http://localhost:1448 for channel [id: 0x43daccbb, L:/127.0.0.1:53510 - R:localhost/127.0.0.1:1448]
16:01:50.580 [Forwarding getElementAttribute on session 3e4951c79d2ede6566ce6a8f9cc5332f to remote] DEBUG org.asynchttpclient.netty.request.NettyRequestSender - Using pooled Channel '[id: 0x43daccbb, L:/127.0.0.1:53510 - R:localhost/127.0.0.1:1448]' for 'GET' to 'http://localhost:1448/session/3e4951c79d2ede6566ce6a8f9cc5332f/element/0.330135430821078-89/attribute/value'
16:01:50.580 [Forwarding getElementAttribute on session 3e4951c79d2ede6566ce6a8f9cc5332f to remote] DEBUG org.asynchttpclient.netty.request.NettyRequestSender - Using open Channel [id: 0x43daccbb, L:/127.0.0.1:53510 - R:localhost/127.0.0.1:1448] for GET '/session/3e4951c79d2ede6566ce6a8f9cc5332f/element/0.330135430821078-89/attribute/value'
16:01:50.597 [AsyncHttpClient-1-2] DEBUG org.asynchttpclient.netty.handler.HttpHandler - 

Request DefaultFullHttpRequest(decodeResult: success, version: HTTP/1.1, content: EmptyByteBufBE)
GET /session/3e4951c79d2ede6566ce6a8f9cc5332f/element/0.330135430821078-89/attribute/value HTTP/1.1
User-Agent: selenium/4.0.0-alpha-7 (java windows)
Cache-Control: no-cache
Content-Type: application/json; charset=utf-8
host: localhost:1448
accept: */*

Response DefaultHttpResponse(decodeResult: success, version: HTTP/1.1)
HTTP/1.1 200 OK
Content-Length: 72
Content-Type: application/json; charset=utf-8

16:01:50.597 [AsyncHttpClient-1-2] DEBUG org.asynchttpclient.netty.channel.ChannelManager - Adding key: http://localhost:1448 for channel [id: 0x43daccbb, L:/127.0.0.1:53510 - R:localhost/127.0.0.1:1448]
16:01:50.599 [Forwarding getElementText on session 3e4951c79d2ede6566ce6a8f9cc5332f to remote] DEBUG org.asynchttpclient.netty.request.NettyRequestSender - Using pooled Channel '[id: 0x43daccbb, L:/127.0.0.1:53510 - R:localhost/127.0.0.1:1448]' for 'GET' to 'http://localhost:1448/session/3e4951c79d2ede6566ce6a8f9cc5332f/element/0.330135430821078-23/text'
16:01:50.599 [Forwarding getElementText on session 3e4951c79d2ede6566ce6a8f9cc5332f to remote] DEBUG org.asynchttpclient.netty.request.NettyRequestSender - Using open Channel [id: 0x43daccbb, L:/127.0.0.1:53510 - R:localhost/127.0.0.1:1448] for GET '/session/3e4951c79d2ede6566ce6a8f9cc5332f/element/0.330135430821078-23/text'
16:01:50.626 [AsyncHttpClient-1-2] DEBUG org.asynchttpclient.netty.handler.HttpHandler - 

Request DefaultFullHttpRequest(decodeResult: success, version: HTTP/1.1, content: EmptyByteBufBE)
GET /session/3e4951c79d2ede6566ce6a8f9cc5332f/element/0.330135430821078-23/text HTTP/1.1
User-Agent: selenium/4.0.0-alpha-7 (java windows)
Cache-Control: no-cache
Content-Type: application/json; charset=utf-8
host: localhost:1448
accept: */*

Response DefaultHttpResponse(decodeResult: success, version: HTTP/1.1)
HTTP/1.1 200 OK
Content-Length: 75
Content-Type: application/json; charset=utf-8

16:01:50.626 [AsyncHttpClient-1-2] DEBUG org.asynchttpclient.netty.channel.ChannelManager - Adding key: http://localhost:1448 for channel [id: 0x43daccbb, L:/127.0.0.1:53510 - R:localhost/127.0.0.1:1448]
16:01:50.629 [Forwarding findChildElement on session 3e4951c79d2ede6566ce6a8f9cc5332f to remote] DEBUG org.asynchttpclient.netty.request.NettyRequestSender - Using pooled Channel '[id: 0x43daccbb, L:/127.0.0.1:53510 - R:localhost/127.0.0.1:1448]' for 'POST' to 'http://localhost:1448/session/3e4951c79d2ede6566ce6a8f9cc5332f/element/0.330135430821078-23/element'
16:01:50.629 [Forwarding findChildElement on session 3e4951c79d2ede6566ce6a8f9cc5332f to remote] DEBUG org.asynchttpclient.netty.request.NettyRequestSender - Using open Channel [id: 0x43daccbb, L:/127.0.0.1:53510 - R:localhost/127.0.0.1:1448] for POST '/session/3e4951c79d2ede6566ce6a8f9cc5332f/element/0.330135430821078-23/element'
16:01:50.695 [AsyncHttpClient-1-2] DEBUG org.asynchttpclient.netty.handler.HttpHandler - 

Request DefaultHttpRequest(decodeResult: success, version: HTTP/1.1)
POST /session/3e4951c79d2ede6566ce6a8f9cc5332f/element/0.330135430821078-23/element HTTP/1.1
User-Agent: selenium/4.0.0-alpha-7 (java windows)
Content-Length: 77
Content-Type: application/json; charset=utf-8
host: localhost:1448
accept: */*

Response DefaultHttpResponse(decodeResult: success, version: HTTP/1.1)
HTTP/1.1 200 OK
Content-Length: 102
Content-Type: application/json; charset=utf-8

16:01:50.695 [AsyncHttpClient-1-2] DEBUG org.asynchttpclient.netty.channel.ChannelManager - Adding key: http://localhost:1448 for channel [id: 0x43daccbb, L:/127.0.0.1:53510 - R:localhost/127.0.0.1:1448]
16:01:50.696 [Forwarding getElementAttribute on session 3e4951c79d2ede6566ce6a8f9cc5332f to remote] DEBUG org.asynchttpclient.netty.request.NettyRequestSender - Using pooled Channel '[id: 0x43daccbb, L:/127.0.0.1:53510 - R:localhost/127.0.0.1:1448]' for 'GET' to 'http://localhost:1448/session/3e4951c79d2ede6566ce6a8f9cc5332f/element/0.330135430821078-90/attribute/value'
16:01:50.696 [Forwarding getElementAttribute on session 3e4951c79d2ede6566ce6a8f9cc5332f to remote] DEBUG org.asynchttpclient.netty.request.NettyRequestSender - Using open Channel [id: 0x43daccbb, L:/127.0.0.1:53510 - R:localhost/127.0.0.1:1448] for GET '/session/3e4951c79d2ede6566ce6a8f9cc5332f/element/0.330135430821078-90/attribute/value'
16:01:50.715 [AsyncHttpClient-1-2] DEBUG org.asynchttpclient.netty.handler.HttpHandler - 

Request DefaultFullHttpRequest(decodeResult: success, version: HTTP/1.1, content: EmptyByteBufBE)
GET /session/3e4951c79d2ede6566ce6a8f9cc5332f/element/0.330135430821078-90/attribute/value HTTP/1.1
User-Agent: selenium/4.0.0-alpha-7 (java windows)
Cache-Control: no-cache
Content-Type: application/json; charset=utf-8
host: localhost:1448
accept: */*

Response DefaultHttpResponse(decodeResult: success, version: HTTP/1.1)
HTTP/1.1 200 OK
Content-Length: 72
Content-Type: application/json; charset=utf-8

16:01:50.715 [AsyncHttpClient-1-2] DEBUG org.asynchttpclient.netty.channel.ChannelManager - Adding key: http://localhost:1448 for channel [id: 0x43daccbb, L:/127.0.0.1:53510 - R:localhost/127.0.0.1:1448]
16:01:50.716 [Forwarding getElementText on session 3e4951c79d2ede6566ce6a8f9cc5332f to remote] DEBUG org.asynchttpclient.netty.request.NettyRequestSender - Using pooled Channel '[id: 0x43daccbb, L:/127.0.0.1:53510 - R:localhost/127.0.0.1:1448]' for 'GET' to 'http://localhost:1448/session/3e4951c79d2ede6566ce6a8f9cc5332f/element/0.330135430821078-24/text'
16:01:50.716 [Forwarding getElementText on session 3e4951c79d2ede6566ce6a8f9cc5332f to remote] DEBUG org.asynchttpclient.netty.request.NettyRequestSender - Using open Channel [id: 0x43daccbb, L:/127.0.0.1:53510 - R:localhost/127.0.0.1:1448] for GET '/session/3e4951c79d2ede6566ce6a8f9cc5332f/element/0.330135430821078-24/text'
16:01:50.743 [AsyncHttpClient-1-2] DEBUG org.asynchttpclient.netty.handler.HttpHandler - 

Request DefaultFullHttpRequest(decodeResult: success, version: HTTP/1.1, content: EmptyByteBufBE)
GET /session/3e4951c79d2ede6566ce6a8f9cc5332f/element/0.330135430821078-24/text HTTP/1.1
User-Agent: selenium/4.0.0-alpha-7 (java windows)
Cache-Control: no-cache
Content-Type: application/json; charset=utf-8
host: localhost:1448
accept: */*

Response DefaultHttpResponse(decodeResult: success, version: HTTP/1.1)
HTTP/1.1 200 OK
Content-Length: 75
Content-Type: application/json; charset=utf-8

16:01:50.743 [AsyncHttpClient-1-2] DEBUG org.asynchttpclient.netty.channel.ChannelManager - Adding key: http://localhost:1448 for channel [id: 0x43daccbb, L:/127.0.0.1:53510 - R:localhost/127.0.0.1:1448]
16:01:50.745 [Forwarding findChildElement on session 3e4951c79d2ede6566ce6a8f9cc5332f to remote] DEBUG org.asynchttpclient.netty.request.NettyRequestSender - Using pooled Channel '[id: 0x43daccbb, L:/127.0.0.1:53510 - R:localhost/127.0.0.1:1448]' for 'POST' to 'http://localhost:1448/session/3e4951c79d2ede6566ce6a8f9cc5332f/element/0.330135430821078-24/element'
16:01:50.745 [Forwarding findChildElement on session 3e4951c79d2ede6566ce6a8f9cc5332f to remote] DEBUG org.asynchttpclient.netty.request.NettyRequestSender - Using open Channel [id: 0x43daccbb, L:/127.0.0.1:53510 - R:localhost/127.0.0.1:1448] for POST '/session/3e4951c79d2ede6566ce6a8f9cc5332f/element/0.330135430821078-24/element'
16:01:50.762 [AsyncHttpClient-1-2] DEBUG org.asynchttpclient.netty.handler.HttpHandler - 

Request DefaultHttpRequest(decodeResult: success, version: HTTP/1.1)
POST /session/3e4951c79d2ede6566ce6a8f9cc5332f/element/0.330135430821078-24/element HTTP/1.1
User-Agent: selenium/4.0.0-alpha-7 (java windows)
Content-Length: 77
Content-Type: application/json; charset=utf-8
host: localhost:1448
accept: */*

Response DefaultHttpResponse(decodeResult: success, version: HTTP/1.1)
HTTP/1.1 200 OK
Content-Length: 102
Content-Type: application/json; charset=utf-8

16:01:50.762 [AsyncHttpClient-1-2] DEBUG org.asynchttpclient.netty.channel.ChannelManager - Adding key: http://localhost:1448 for channel [id: 0x43daccbb, L:/127.0.0.1:53510 - R:localhost/127.0.0.1:1448]
16:01:50.763 [Forwarding getElementAttribute on session 3e4951c79d2ede6566ce6a8f9cc5332f to remote] DEBUG org.asynchttpclient.netty.request.NettyRequestSender - Using pooled Channel '[id: 0x43daccbb, L:/127.0.0.1:53510 - R:localhost/127.0.0.1:1448]' for 'GET' to 'http://localhost:1448/session/3e4951c79d2ede6566ce6a8f9cc5332f/element/0.330135430821078-91/attribute/value'
16:01:50.763 [Forwarding getElementAttribute on session 3e4951c79d2ede6566ce6a8f9cc5332f to remote] DEBUG org.asynchttpclient.netty.request.NettyRequestSender - Using open Channel [id: 0x43daccbb, L:/127.0.0.1:53510 - R:localhost/127.0.0.1:1448] for GET '/session/3e4951c79d2ede6566ce6a8f9cc5332f/element/0.330135430821078-91/attribute/value'
16:01:51.149 [AsyncHttpClient-1-1] DEBUG org.asynchttpclient.netty.channel.DefaultChannelPool - Entry count for : http://localhost:53512 : 1
16:01:52.249 [AsyncHttpClient-1-1] DEBUG org.asynchttpclient.netty.channel.DefaultChannelPool - Entry count for : http://localhost:53512 : 1
16:01:53.352 [AsyncHttpClient-1-1] DEBUG org.asynchttpclient.netty.channel.DefaultChannelPool - Entry count for : http://localhost:53512 : 1
16:01:54.449 [AsyncHttpClient-1-1] DEBUG org.asynchttpclient.netty.channel.DefaultChannelPool - Entry count for : http://localhost:53512 : 1
16:01:55.549 [AsyncHttpClient-1-1] DEBUG org.asynchttpclient.netty.channel.DefaultChannelPool - Entry count for : http://localhost:53512 : 1
16:01:55.781 [AsyncHttpClient-1-2] DEBUG org.asynchttpclient.netty.handler.HttpHandler - 

Request DefaultFullHttpRequest(decodeResult: success, version: HTTP/1.1, content: EmptyByteBufBE)
GET /session/3e4951c79d2ede6566ce6a8f9cc5332f/element/0.330135430821078-91/attribute/value HTTP/1.1
User-Agent: selenium/4.0.0-alpha-7 (java windows)
Cache-Control: no-cache
Content-Type: application/json; charset=utf-8
host: localhost:1448
accept: */*

Response DefaultHttpResponse(decodeResult: success, version: HTTP/1.1)
HTTP/1.1 200 OK
Content-Length: 72
Content-Type: application/json; charset=utf-8

16:01:55.781 [AsyncHttpClient-1-2] DEBUG org.asynchttpclient.netty.channel.ChannelManager - Adding key: http://localhost:1448 for channel [id: 0x43daccbb, L:/127.0.0.1:53510 - R:localhost/127.0.0.1:1448]
16:01:55.791 [Forwarding getElementText on session 3e4951c79d2ede6566ce6a8f9cc5332f to remote] DEBUG org.asynchttpclient.netty.request.NettyRequestSender - Using pooled Channel '[id: 0x43daccbb, L:/127.0.0.1:53510 - R:localhost/127.0.0.1:1448]' for 'GET' to 'http://localhost:1448/session/3e4951c79d2ede6566ce6a8f9cc5332f/element/0.330135430821078-25/text'
16:01:55.791 [Forwarding getElementText on session 3e4951c79d2ede6566ce6a8f9cc5332f to remote] DEBUG org.asynchttpclient.netty.request.NettyRequestSender - Using open Channel [id: 0x43daccbb, L:/127.0.0.1:53510 - R:localhost/127.0.0.1:1448] for GET '/session/3e4951c79d2ede6566ce6a8f9cc5332f/element/0.330135430821078-25/text'
16:01:55.814 [AsyncHttpClient-1-2] DEBUG org.asynchttpclient.netty.handler.HttpHandler - 

Request DefaultFullHttpRequest(decodeResult: success, version: HTTP/1.1, content: EmptyByteBufBE)
GET /session/3e4951c79d2ede6566ce6a8f9cc5332f/element/0.330135430821078-25/text HTTP/1.1
User-Agent: selenium/4.0.0-alpha-7 (java windows)
Cache-Control: no-cache
Content-Type: application/json; charset=utf-8
host: localhost:1448
accept: */*

Response DefaultHttpResponse(decodeResult: success, version: HTTP/1.1)
HTTP/1.1 200 OK
Content-Length: 75
Content-Type: application/json; charset=utf-8

16:01:55.814 [AsyncHttpClient-1-2] DEBUG org.asynchttpclient.netty.channel.ChannelManager - Adding key: http://localhost:1448 for channel [id: 0x43daccbb, L:/127.0.0.1:53510 - R:localhost/127.0.0.1:1448]
16:01:55.815 [Forwarding findChildElement on session 3e4951c79d2ede6566ce6a8f9cc5332f to remote] DEBUG org.asynchttpclient.netty.request.NettyRequestSender - Using pooled Channel '[id: 0x43daccbb, L:/127.0.0.1:53510 - R:localhost/127.0.0.1:1448]' for 'POST' to 'http://localhost:1448/session/3e4951c79d2ede6566ce6a8f9cc5332f/element/0.330135430821078-25/element'
16:01:55.815 [Forwarding findChildElement on session 3e4951c79d2ede6566ce6a8f9cc5332f to remote] DEBUG org.asynchttpclient.netty.request.NettyRequestSender - Using open Channel [id: 0x43daccbb, L:/127.0.0.1:53510 - R:localhost/127.0.0.1:1448] for POST '/session/3e4951c79d2ede6566ce6a8f9cc5332f/element/0.330135430821078-25/element'
16:01:55.848 [AsyncHttpClient-1-2] DEBUG org.asynchttpclient.netty.handler.HttpHandler - 

Request DefaultHttpRequest(decodeResult: success, version: HTTP/1.1)
POST /session/3e4951c79d2ede6566ce6a8f9cc5332f/element/0.330135430821078-25/element HTTP/1.1
User-Agent: selenium/4.0.0-alpha-7 (java windows)
Content-Length: 77
Content-Type: application/json; charset=utf-8
host: localhost:1448
accept: */*

Response DefaultHttpResponse(decodeResult: success, version: HTTP/1.1)
HTTP/1.1 200 OK
Content-Length: 102
Content-Type: application/json; charset=utf-8

16:01:55.848 [AsyncHttpClient-1-2] DEBUG org.asynchttpclient.netty.channel.ChannelManager - Adding key: http://localhost:1448 for channel [id: 0x43daccbb, L:/127.0.0.1:53510 - R:localhost/127.0.0.1:1448]
16:01:55.849 [Forwarding getElementAttribute on session 3e4951c79d2ede6566ce6a8f9cc5332f to remote] DEBUG org.asynchttpclient.netty.request.NettyRequestSender - Using pooled Channel '[id: 0x43daccbb, L:/127.0.0.1:53510 - R:localhost/127.0.0.1:1448]' for 'GET' to 'http://localhost:1448/session/3e4951c79d2ede6566ce6a8f9cc5332f/element/0.330135430821078-92/attribute/value'
16:01:55.849 [Forwarding getElementAttribute on session 3e4951c79d2ede6566ce6a8f9cc5332f to remote] DEBUG org.asynchttpclient.netty.request.NettyRequestSender - Using open Channel [id: 0x43daccbb, L:/127.0.0.1:53510 - R:localhost/127.0.0.1:1448] for GET '/session/3e4951c79d2ede6566ce6a8f9cc5332f/element/0.330135430821078-92/attribute/value'
16:01:55.892 [AsyncHttpClient-1-2] DEBUG org.asynchttpclient.netty.handler.HttpHandler - 

Request DefaultFullHttpRequest(decodeResult: success, version: HTTP/1.1, content: EmptyByteBufBE)
GET /session/3e4951c79d2ede6566ce6a8f9cc5332f/element/0.330135430821078-92/attribute/value HTTP/1.1
User-Agent: selenium/4.0.0-alpha-7 (java windows)
Cache-Control: no-cache
Content-Type: application/json; charset=utf-8
host: localhost:1448
accept: */*

Response DefaultHttpResponse(decodeResult: success, version: HTTP/1.1)
HTTP/1.1 200 OK
Content-Length: 72
Content-Type: application/json; charset=utf-8

16:01:55.893 [AsyncHttpClient-1-2] DEBUG org.asynchttpclient.netty.channel.ChannelManager - Adding key: http://localhost:1448 for channel [id: 0x43daccbb, L:/127.0.0.1:53510 - R:localhost/127.0.0.1:1448]
16:01:55.894 [Forwarding getElementText on session 3e4951c79d2ede6566ce6a8f9cc5332f to remote] DEBUG org.asynchttpclient.netty.request.NettyRequestSender - Using pooled Channel '[id: 0x43daccbb, L:/127.0.0.1:53510 - R:localhost/127.0.0.1:1448]' for 'GET' to 'http://localhost:1448/session/3e4951c79d2ede6566ce6a8f9cc5332f/element/0.330135430821078-26/text'
16:01:55.894 [Forwarding getElementText on session 3e4951c79d2ede6566ce6a8f9cc5332f to remote] DEBUG org.asynchttpclient.netty.request.NettyRequestSender - Using open Channel [id: 0x43daccbb, L:/127.0.0.1:53510 - R:localhost/127.0.0.1:1448] for GET '/session/3e4951c79d2ede6566ce6a8f9cc5332f/element/0.330135430821078-26/text'
16:01:55.913 [AsyncHttpClient-1-2] DEBUG org.asynchttpclient.netty.handler.HttpHandler - 

Request DefaultFullHttpRequest(decodeResult: success, version: HTTP/1.1, content: EmptyByteBufBE)
GET /session/3e4951c79d2ede6566ce6a8f9cc5332f/element/0.330135430821078-26/text HTTP/1.1
User-Agent: selenium/4.0.0-alpha-7 (java windows)
Cache-Control: no-cache
Content-Type: application/json; charset=utf-8
host: localhost:1448
accept: */*

Response DefaultHttpResponse(decodeResult: success, version: HTTP/1.1)
HTTP/1.1 200 OK
Content-Length: 75
Content-Type: application/json; charset=utf-8

16:01:55.913 [AsyncHttpClient-1-2] DEBUG org.asynchttpclient.netty.channel.ChannelManager - Adding key: http://localhost:1448 for channel [id: 0x43daccbb, L:/127.0.0.1:53510 - R:localhost/127.0.0.1:1448]
16:01:55.914 [Forwarding findChildElement on session 3e4951c79d2ede6566ce6a8f9cc5332f to remote] DEBUG org.asynchttpclient.netty.request.NettyRequestSender - Using pooled Channel '[id: 0x43daccbb, L:/127.0.0.1:53510 - R:localhost/127.0.0.1:1448]' for 'POST' to 'http://localhost:1448/session/3e4951c79d2ede6566ce6a8f9cc5332f/element/0.330135430821078-26/element'
16:01:55.914 [Forwarding findChildElement on session 3e4951c79d2ede6566ce6a8f9cc5332f to remote] DEBUG org.asynchttpclient.netty.request.NettyRequestSender - Using open Channel [id: 0x43daccbb, L:/127.0.0.1:53510 - R:localhost/127.0.0.1:1448] for POST '/session/3e4951c79d2ede6566ce6a8f9cc5332f/element/0.330135430821078-26/element'
16:01:55.928 [AsyncHttpClient-1-2] DEBUG org.asynchttpclient.netty.handler.HttpHandler - 

Request DefaultHttpRequest(decodeResult: success, version: HTTP/1.1)
POST /session/3e4951c79d2ede6566ce6a8f9cc5332f/element/0.330135430821078-26/element HTTP/1.1
User-Agent: selenium/4.0.0-alpha-7 (java windows)
Content-Length: 77
Content-Type: application/json; charset=utf-8
host: localhost:1448
accept: */*

Response DefaultHttpResponse(decodeResult: success, version: HTTP/1.1)
HTTP/1.1 200 OK
Content-Length: 102
Content-Type: application/json; charset=utf-8

16:01:55.928 [AsyncHttpClient-1-2] DEBUG org.asynchttpclient.netty.channel.ChannelManager - Adding key: http://localhost:1448 for channel [id: 0x43daccbb, L:/127.0.0.1:53510 - R:localhost/127.0.0.1:1448]
16:01:55.929 [Forwarding getElementAttribute on session 3e4951c79d2ede6566ce6a8f9cc5332f to remote] DEBUG org.asynchttpclient.netty.request.NettyRequestSender - Using pooled Channel '[id: 0x43daccbb, L:/127.0.0.1:53510 - R:localhost/127.0.0.1:1448]' for 'GET' to 'http://localhost:1448/session/3e4951c79d2ede6566ce6a8f9cc5332f/element/0.330135430821078-93/attribute/value'
16:01:55.929 [Forwarding getElementAttribute on session 3e4951c79d2ede6566ce6a8f9cc5332f to remote] DEBUG org.asynchttpclient.netty.request.NettyRequestSender - Using open Channel [id: 0x43daccbb, L:/127.0.0.1:53510 - R:localhost/127.0.0.1:1448] for GET '/session/3e4951c79d2ede6566ce6a8f9cc5332f/element/0.330135430821078-93/attribute/value'
16:01:55.943 [AsyncHttpClient-1-2] DEBUG org.asynchttpclient.netty.handler.HttpHandler - 

Request DefaultFullHttpRequest(decodeResult: success, version: HTTP/1.1, content: EmptyByteBufBE)
GET /session/3e4951c79d2ede6566ce6a8f9cc5332f/element/0.330135430821078-93/attribute/value HTTP/1.1
User-Agent: selenium/4.0.0-alpha-7 (java windows)
Cache-Control: no-cache
Content-Type: application/json; charset=utf-8
host: localhost:1448
accept: */*

Response DefaultHttpResponse(decodeResult: success, version: HTTP/1.1)
HTTP/1.1 200 OK
Content-Length: 72
Content-Type: application/json; charset=utf-8

16:01:55.943 [AsyncHttpClient-1-2] DEBUG org.asynchttpclient.netty.channel.ChannelManager - Adding key: http://localhost:1448 for channel [id: 0x43daccbb, L:/127.0.0.1:53510 - R:localhost/127.0.0.1:1448]
16:01:55.945 [Forwarding getElementText on session 3e4951c79d2ede6566ce6a8f9cc5332f to remote] DEBUG org.asynchttpclient.netty.request.NettyRequestSender - Using pooled Channel '[id: 0x43daccbb, L:/127.0.0.1:53510 - R:localhost/127.0.0.1:1448]' for 'GET' to 'http://localhost:1448/session/3e4951c79d2ede6566ce6a8f9cc5332f/element/0.330135430821078-27/text'
16:01:55.945 [Forwarding getElementText on session 3e4951c79d2ede6566ce6a8f9cc5332f to remote] DEBUG org.asynchttpclient.netty.request.NettyRequestSender - Using open Channel [id: 0x43daccbb, L:/127.0.0.1:53510 - R:localhost/127.0.0.1:1448] for GET '/session/3e4951c79d2ede6566ce6a8f9cc5332f/element/0.330135430821078-27/text'
16:01:55.961 [AsyncHttpClient-1-2] DEBUG org.asynchttpclient.netty.handler.HttpHandler - 

Request DefaultFullHttpRequest(decodeResult: success, version: HTTP/1.1, content: EmptyByteBufBE)
GET /session/3e4951c79d2ede6566ce6a8f9cc5332f/element/0.330135430821078-27/text HTTP/1.1
User-Agent: selenium/4.0.0-alpha-7 (java windows)
Cache-Control: no-cache
Content-Type: application/json; charset=utf-8
host: localhost:1448
accept: */*

Response DefaultHttpResponse(decodeResult: success, version: HTTP/1.1)
HTTP/1.1 200 OK
Content-Length: 75
Content-Type: application/json; charset=utf-8

16:01:55.962 [AsyncHttpClient-1-2] DEBUG org.asynchttpclient.netty.channel.ChannelManager - Adding key: http://localhost:1448 for channel [id: 0x43daccbb, L:/127.0.0.1:53510 - R:localhost/127.0.0.1:1448]
16:01:55.962 [Forwarding findChildElement on session 3e4951c79d2ede6566ce6a8f9cc5332f to remote] DEBUG org.asynchttpclient.netty.request.NettyRequestSender - Using pooled Channel '[id: 0x43daccbb, L:/127.0.0.1:53510 - R:localhost/127.0.0.1:1448]' for 'POST' to 'http://localhost:1448/session/3e4951c79d2ede6566ce6a8f9cc5332f/element/0.330135430821078-27/element'
16:01:55.962 [Forwarding findChildElement on session 3e4951c79d2ede6566ce6a8f9cc5332f to remote] DEBUG org.asynchttpclient.netty.request.NettyRequestSender - Using open Channel [id: 0x43daccbb, L:/127.0.0.1:53510 - R:localhost/127.0.0.1:1448] for POST '/session/3e4951c79d2ede6566ce6a8f9cc5332f/element/0.330135430821078-27/element'
16:01:55.977 [AsyncHttpClient-1-2] DEBUG org.asynchttpclient.netty.handler.HttpHandler - 

Request DefaultHttpRequest(decodeResult: success, version: HTTP/1.1)
POST /session/3e4951c79d2ede6566ce6a8f9cc5332f/element/0.330135430821078-27/element HTTP/1.1
User-Agent: selenium/4.0.0-alpha-7 (java windows)
Content-Length: 77
Content-Type: application/json; charset=utf-8
host: localhost:1448
accept: */*

Response DefaultHttpResponse(decodeResult: success, version: HTTP/1.1)
HTTP/1.1 200 OK
Content-Length: 102
Content-Type: application/json; charset=utf-8

16:01:55.977 [AsyncHttpClient-1-2] DEBUG org.asynchttpclient.netty.channel.ChannelManager - Adding key: http://localhost:1448 for channel [id: 0x43daccbb, L:/127.0.0.1:53510 - R:localhost/127.0.0.1:1448]
16:01:55.978 [Forwarding getElementAttribute on session 3e4951c79d2ede6566ce6a8f9cc5332f to remote] DEBUG org.asynchttpclient.netty.request.NettyRequestSender - Using pooled Channel '[id: 0x43daccbb, L:/127.0.0.1:53510 - R:localhost/127.0.0.1:1448]' for 'GET' to 'http://localhost:1448/session/3e4951c79d2ede6566ce6a8f9cc5332f/element/0.330135430821078-94/attribute/value'
16:01:55.978 [Forwarding getElementAttribute on session 3e4951c79d2ede6566ce6a8f9cc5332f to remote] DEBUG org.asynchttpclient.netty.request.NettyRequestSender - Using open Channel [id: 0x43daccbb, L:/127.0.0.1:53510 - R:localhost/127.0.0.1:1448] for GET '/session/3e4951c79d2ede6566ce6a8f9cc5332f/element/0.330135430821078-94/attribute/value'
16:01:55.991 [AsyncHttpClient-1-2] DEBUG org.asynchttpclient.netty.handler.HttpHandler - 

Request DefaultFullHttpRequest(decodeResult: success, version: HTTP/1.1, content: EmptyByteBufBE)
GET /session/3e4951c79d2ede6566ce6a8f9cc5332f/element/0.330135430821078-94/attribute/value HTTP/1.1
User-Agent: selenium/4.0.0-alpha-7 (java windows)
Cache-Control: no-cache
Content-Type: application/json; charset=utf-8
host: localhost:1448
accept: */*

Response DefaultHttpResponse(decodeResult: success, version: HTTP/1.1)
HTTP/1.1 200 OK
Content-Length: 72
Content-Type: application/json; charset=utf-8

16:01:55.991 [AsyncHttpClient-1-2] DEBUG org.asynchttpclient.netty.channel.ChannelManager - Adding key: http://localhost:1448 for channel [id: 0x43daccbb, L:/127.0.0.1:53510 - R:localhost/127.0.0.1:1448]
16:01:55.992 [Forwarding getElementText on session 3e4951c79d2ede6566ce6a8f9cc5332f to remote] DEBUG org.asynchttpclient.netty.request.NettyRequestSender - Using pooled Channel '[id: 0x43daccbb, L:/127.0.0.1:53510 - R:localhost/127.0.0.1:1448]' for 'GET' to 'http://localhost:1448/session/3e4951c79d2ede6566ce6a8f9cc5332f/element/0.330135430821078-28/text'
16:01:55.992 [Forwarding getElementText on session 3e4951c79d2ede6566ce6a8f9cc5332f to remote] DEBUG org.asynchttpclient.netty.request.NettyRequestSender - Using open Channel [id: 0x43daccbb, L:/127.0.0.1:53510 - R:localhost/127.0.0.1:1448] for GET '/session/3e4951c79d2ede6566ce6a8f9cc5332f/element/0.330135430821078-28/text'
16:01:56.015 [AsyncHttpClient-1-2] DEBUG org.asynchttpclient.netty.handler.HttpHandler - 

Request DefaultFullHttpRequest(decodeResult: success, version: HTTP/1.1, content: EmptyByteBufBE)
GET /session/3e4951c79d2ede6566ce6a8f9cc5332f/element/0.330135430821078-28/text HTTP/1.1
User-Agent: selenium/4.0.0-alpha-7 (java windows)
Cache-Control: no-cache
Content-Type: application/json; charset=utf-8
host: localhost:1448
accept: */*

Response DefaultHttpResponse(decodeResult: success, version: HTTP/1.1)
HTTP/1.1 200 OK
Content-Length: 75
Content-Type: application/json; charset=utf-8

16:01:56.015 [AsyncHttpClient-1-2] DEBUG org.asynchttpclient.netty.channel.ChannelManager - Adding key: http://localhost:1448 for channel [id: 0x43daccbb, L:/127.0.0.1:53510 - R:localhost/127.0.0.1:1448]
16:01:56.016 [Forwarding findChildElement on session 3e4951c79d2ede6566ce6a8f9cc5332f to remote] DEBUG org.asynchttpclient.netty.request.NettyRequestSender - Using pooled Channel '[id: 0x43daccbb, L:/127.0.0.1:53510 - R:localhost/127.0.0.1:1448]' for 'POST' to 'http://localhost:1448/session/3e4951c79d2ede6566ce6a8f9cc5332f/element/0.330135430821078-28/element'
16:01:56.016 [Forwarding findChildElement on session 3e4951c79d2ede6566ce6a8f9cc5332f to remote] DEBUG org.asynchttpclient.netty.request.NettyRequestSender - Using open Channel [id: 0x43daccbb, L:/127.0.0.1:53510 - R:localhost/127.0.0.1:1448] for POST '/session/3e4951c79d2ede6566ce6a8f9cc5332f/element/0.330135430821078-28/element'
16:01:56.043 [AsyncHttpClient-1-2] DEBUG org.asynchttpclient.netty.handler.HttpHandler - 

Request DefaultHttpRequest(decodeResult: success, version: HTTP/1.1)
POST /session/3e4951c79d2ede6566ce6a8f9cc5332f/element/0.330135430821078-28/element HTTP/1.1
User-Agent: selenium/4.0.0-alpha-7 (java windows)
Content-Length: 77
Content-Type: application/json; charset=utf-8
host: localhost:1448
accept: */*

Response DefaultHttpResponse(decodeResult: success, version: HTTP/1.1)
HTTP/1.1 200 OK
Content-Length: 102
Content-Type: application/json; charset=utf-8

16:01:56.043 [AsyncHttpClient-1-2] DEBUG org.asynchttpclient.netty.channel.ChannelManager - Adding key: http://localhost:1448 for channel [id: 0x43daccbb, L:/127.0.0.1:53510 - R:localhost/127.0.0.1:1448]
16:01:56.044 [Forwarding getElementAttribute on session 3e4951c79d2ede6566ce6a8f9cc5332f to remote] DEBUG org.asynchttpclient.netty.request.NettyRequestSender - Using pooled Channel '[id: 0x43daccbb, L:/127.0.0.1:53510 - R:localhost/127.0.0.1:1448]' for 'GET' to 'http://localhost:1448/session/3e4951c79d2ede6566ce6a8f9cc5332f/element/0.330135430821078-95/attribute/value'
16:01:56.044 [Forwarding getElementAttribute on session 3e4951c79d2ede6566ce6a8f9cc5332f to remote] DEBUG org.asynchttpclient.netty.request.NettyRequestSender - Using open Channel [id: 0x43daccbb, L:/127.0.0.1:53510 - R:localhost/127.0.0.1:1448] for GET '/session/3e4951c79d2ede6566ce6a8f9cc5332f/element/0.330135430821078-95/attribute/value'
16:01:56.058 [AsyncHttpClient-1-2] DEBUG org.asynchttpclient.netty.handler.HttpHandler - 

Request DefaultFullHttpRequest(decodeResult: success, version: HTTP/1.1, content: EmptyByteBufBE)
GET /session/3e4951c79d2ede6566ce6a8f9cc5332f/element/0.330135430821078-95/attribute/value HTTP/1.1
User-Agent: selenium/4.0.0-alpha-7 (java windows)
Cache-Control: no-cache
Content-Type: application/json; charset=utf-8
host: localhost:1448
accept: */*

Response DefaultHttpResponse(decodeResult: success, version: HTTP/1.1)
HTTP/1.1 200 OK
Content-Length: 72
Content-Type: application/json; charset=utf-8

16:01:56.059 [AsyncHttpClient-1-2] DEBUG org.asynchttpclient.netty.channel.ChannelManager - Adding key: http://localhost:1448 for channel [id: 0x43daccbb, L:/127.0.0.1:53510 - R:localhost/127.0.0.1:1448]
16:01:56.060 [Forwarding getElementText on session 3e4951c79d2ede6566ce6a8f9cc5332f to remote] DEBUG org.asynchttpclient.netty.request.NettyRequestSender - Using pooled Channel '[id: 0x43daccbb, L:/127.0.0.1:53510 - R:localhost/127.0.0.1:1448]' for 'GET' to 'http://localhost:1448/session/3e4951c79d2ede6566ce6a8f9cc5332f/element/0.330135430821078-29/text'
16:01:56.060 [Forwarding getElementText on session 3e4951c79d2ede6566ce6a8f9cc5332f to remote] DEBUG org.asynchttpclient.netty.request.NettyRequestSender - Using open Channel [id: 0x43daccbb, L:/127.0.0.1:53510 - R:localhost/127.0.0.1:1448] for GET '/session/3e4951c79d2ede6566ce6a8f9cc5332f/element/0.330135430821078-29/text'
16:01:56.079 [AsyncHttpClient-1-2] DEBUG org.asynchttpclient.netty.handler.HttpHandler - 

Request DefaultFullHttpRequest(decodeResult: success, version: HTTP/1.1, content: EmptyByteBufBE)
GET /session/3e4951c79d2ede6566ce6a8f9cc5332f/element/0.330135430821078-29/text HTTP/1.1
User-Agent: selenium/4.0.0-alpha-7 (java windows)
Cache-Control: no-cache
Content-Type: application/json; charset=utf-8
host: localhost:1448
accept: */*

Response DefaultHttpResponse(decodeResult: success, version: HTTP/1.1)
HTTP/1.1 200 OK
Content-Length: 75
Content-Type: application/json; charset=utf-8

16:01:56.079 [AsyncHttpClient-1-2] DEBUG org.asynchttpclient.netty.channel.ChannelManager - Adding key: http://localhost:1448 for channel [id: 0x43daccbb, L:/127.0.0.1:53510 - R:localhost/127.0.0.1:1448]
16:01:56.080 [Forwarding findChildElement on session 3e4951c79d2ede6566ce6a8f9cc5332f to remote] DEBUG org.asynchttpclient.netty.request.NettyRequestSender - Using pooled Channel '[id: 0x43daccbb, L:/127.0.0.1:53510 - R:localhost/127.0.0.1:1448]' for 'POST' to 'http://localhost:1448/session/3e4951c79d2ede6566ce6a8f9cc5332f/element/0.330135430821078-29/element'
16:01:56.080 [Forwarding findChildElement on session 3e4951c79d2ede6566ce6a8f9cc5332f to remote] DEBUG org.asynchttpclient.netty.request.NettyRequestSender - Using open Channel [id: 0x43daccbb, L:/127.0.0.1:53510 - R:localhost/127.0.0.1:1448] for POST '/session/3e4951c79d2ede6566ce6a8f9cc5332f/element/0.330135430821078-29/element'
16:01:56.097 [AsyncHttpClient-1-2] DEBUG org.asynchttpclient.netty.handler.HttpHandler - 

Request DefaultHttpRequest(decodeResult: success, version: HTTP/1.1)
POST /session/3e4951c79d2ede6566ce6a8f9cc5332f/element/0.330135430821078-29/element HTTP/1.1
User-Agent: selenium/4.0.0-alpha-7 (java windows)
Content-Length: 77
Content-Type: application/json; charset=utf-8
host: localhost:1448
accept: */*

Response DefaultHttpResponse(decodeResult: success, version: HTTP/1.1)
HTTP/1.1 200 OK
Content-Length: 102
Content-Type: application/json; charset=utf-8

16:01:56.097 [AsyncHttpClient-1-2] DEBUG org.asynchttpclient.netty.channel.ChannelManager - Adding key: http://localhost:1448 for channel [id: 0x43daccbb, L:/127.0.0.1:53510 - R:localhost/127.0.0.1:1448]
16:01:56.097 [Forwarding getElementAttribute on session 3e4951c79d2ede6566ce6a8f9cc5332f to remote] DEBUG org.asynchttpclient.netty.request.NettyRequestSender - Using pooled Channel '[id: 0x43daccbb, L:/127.0.0.1:53510 - R:localhost/127.0.0.1:1448]' for 'GET' to 'http://localhost:1448/session/3e4951c79d2ede6566ce6a8f9cc5332f/element/0.330135430821078-96/attribute/value'
16:01:56.097 [Forwarding getElementAttribute on session 3e4951c79d2ede6566ce6a8f9cc5332f to remote] DEBUG org.asynchttpclient.netty.request.NettyRequestSender - Using open Channel [id: 0x43daccbb, L:/127.0.0.1:53510 - R:localhost/127.0.0.1:1448] for GET '/session/3e4951c79d2ede6566ce6a8f9cc5332f/element/0.330135430821078-96/attribute/value'
16:01:56.126 [AsyncHttpClient-1-2] DEBUG org.asynchttpclient.netty.handler.HttpHandler - 

Request DefaultFullHttpRequest(decodeResult: success, version: HTTP/1.1, content: EmptyByteBufBE)
GET /session/3e4951c79d2ede6566ce6a8f9cc5332f/element/0.330135430821078-96/attribute/value HTTP/1.1
User-Agent: selenium/4.0.0-alpha-7 (java windows)
Cache-Control: no-cache
Content-Type: application/json; charset=utf-8
host: localhost:1448
accept: */*

Response DefaultHttpResponse(decodeResult: success, version: HTTP/1.1)
HTTP/1.1 200 OK
Content-Length: 72
Content-Type: application/json; charset=utf-8

16:01:56.126 [AsyncHttpClient-1-2] DEBUG org.asynchttpclient.netty.channel.ChannelManager - Adding key: http://localhost:1448 for channel [id: 0x43daccbb, L:/127.0.0.1:53510 - R:localhost/127.0.0.1:1448]
16:01:56.127 [Forwarding getElementText on session 3e4951c79d2ede6566ce6a8f9cc5332f to remote] DEBUG org.asynchttpclient.netty.request.NettyRequestSender - Using pooled Channel '[id: 0x43daccbb, L:/127.0.0.1:53510 - R:localhost/127.0.0.1:1448]' for 'GET' to 'http://localhost:1448/session/3e4951c79d2ede6566ce6a8f9cc5332f/element/0.330135430821078-30/text'
16:01:56.127 [Forwarding getElementText on session 3e4951c79d2ede6566ce6a8f9cc5332f to remote] DEBUG org.asynchttpclient.netty.request.NettyRequestSender - Using open Channel [id: 0x43daccbb, L:/127.0.0.1:53510 - R:localhost/127.0.0.1:1448] for GET '/session/3e4951c79d2ede6566ce6a8f9cc5332f/element/0.330135430821078-30/text'
16:01:56.144 [AsyncHttpClient-1-2] DEBUG org.asynchttpclient.netty.handler.HttpHandler - 

Request DefaultFullHttpRequest(decodeResult: success, version: HTTP/1.1, content: EmptyByteBufBE)
GET /session/3e4951c79d2ede6566ce6a8f9cc5332f/element/0.330135430821078-30/text HTTP/1.1
User-Agent: selenium/4.0.0-alpha-7 (java windows)
Cache-Control: no-cache
Content-Type: application/json; charset=utf-8
host: localhost:1448
accept: */*

Response DefaultHttpResponse(decodeResult: success, version: HTTP/1.1)
HTTP/1.1 200 OK
Content-Length: 75
Content-Type: application/json; charset=utf-8

16:01:56.144 [AsyncHttpClient-1-2] DEBUG org.asynchttpclient.netty.channel.ChannelManager - Adding key: http://localhost:1448 for channel [id: 0x43daccbb, L:/127.0.0.1:53510 - R:localhost/127.0.0.1:1448]
16:01:56.147 [Forwarding findChildElement on session 3e4951c79d2ede6566ce6a8f9cc5332f to remote] DEBUG org.asynchttpclient.netty.request.NettyRequestSender - Using pooled Channel '[id: 0x43daccbb, L:/127.0.0.1:53510 - R:localhost/127.0.0.1:1448]' for 'POST' to 'http://localhost:1448/session/3e4951c79d2ede6566ce6a8f9cc5332f/element/0.330135430821078-30/element'
16:01:56.147 [Forwarding findChildElement on session 3e4951c79d2ede6566ce6a8f9cc5332f to remote] DEBUG org.asynchttpclient.netty.request.NettyRequestSender - Using open Channel [id: 0x43daccbb, L:/127.0.0.1:53510 - R:localhost/127.0.0.1:1448] for POST '/session/3e4951c79d2ede6566ce6a8f9cc5332f/element/0.330135430821078-30/element'
16:01:56.179 [AsyncHttpClient-1-2] DEBUG org.asynchttpclient.netty.handler.HttpHandler - 

Request DefaultHttpRequest(decodeResult: success, version: HTTP/1.1)
POST /session/3e4951c79d2ede6566ce6a8f9cc5332f/element/0.330135430821078-30/element HTTP/1.1
User-Agent: selenium/4.0.0-alpha-7 (java windows)
Content-Length: 77
Content-Type: application/json; charset=utf-8
host: localhost:1448
accept: */*

Response DefaultHttpResponse(decodeResult: success, version: HTTP/1.1)
HTTP/1.1 200 OK
Content-Length: 102
Content-Type: application/json; charset=utf-8

16:01:56.179 [AsyncHttpClient-1-2] DEBUG org.asynchttpclient.netty.channel.ChannelManager - Adding key: http://localhost:1448 for channel [id: 0x43daccbb, L:/127.0.0.1:53510 - R:localhost/127.0.0.1:1448]
16:01:56.180 [Forwarding getElementAttribute on session 3e4951c79d2ede6566ce6a8f9cc5332f to remote] DEBUG org.asynchttpclient.netty.request.NettyRequestSender - Using pooled Channel '[id: 0x43daccbb, L:/127.0.0.1:53510 - R:localhost/127.0.0.1:1448]' for 'GET' to 'http://localhost:1448/session/3e4951c79d2ede6566ce6a8f9cc5332f/element/0.330135430821078-97/attribute/value'
16:01:56.180 [Forwarding getElementAttribute on session 3e4951c79d2ede6566ce6a8f9cc5332f to remote] DEBUG org.asynchttpclient.netty.request.NettyRequestSender - Using open Channel [id: 0x43daccbb, L:/127.0.0.1:53510 - R:localhost/127.0.0.1:1448] for GET '/session/3e4951c79d2ede6566ce6a8f9cc5332f/element/0.330135430821078-97/attribute/value'
16:01:56.198 [AsyncHttpClient-1-2] DEBUG org.asynchttpclient.netty.handler.HttpHandler - 

Request DefaultFullHttpRequest(decodeResult: success, version: HTTP/1.1, content: EmptyByteBufBE)
GET /session/3e4951c79d2ede6566ce6a8f9cc5332f/element/0.330135430821078-97/attribute/value HTTP/1.1
User-Agent: selenium/4.0.0-alpha-7 (java windows)
Cache-Control: no-cache
Content-Type: application/json; charset=utf-8
host: localhost:1448
accept: */*

Response DefaultHttpResponse(decodeResult: success, version: HTTP/1.1)
HTTP/1.1 200 OK
Content-Length: 72
Content-Type: application/json; charset=utf-8

16:01:56.198 [AsyncHttpClient-1-2] DEBUG org.asynchttpclient.netty.channel.ChannelManager - Adding key: http://localhost:1448 for channel [id: 0x43daccbb, L:/127.0.0.1:53510 - R:localhost/127.0.0.1:1448]
16:01:56.199 [Forwarding getElementText on session 3e4951c79d2ede6566ce6a8f9cc5332f to remote] DEBUG org.asynchttpclient.netty.request.NettyRequestSender - Using pooled Channel '[id: 0x43daccbb, L:/127.0.0.1:53510 - R:localhost/127.0.0.1:1448]' for 'GET' to 'http://localhost:1448/session/3e4951c79d2ede6566ce6a8f9cc5332f/element/0.330135430821078-31/text'
16:01:56.199 [Forwarding getElementText on session 3e4951c79d2ede6566ce6a8f9cc5332f to remote] DEBUG org.asynchttpclient.netty.request.NettyRequestSender - Using open Channel [id: 0x43daccbb, L:/127.0.0.1:53510 - R:localhost/127.0.0.1:1448] for GET '/session/3e4951c79d2ede6566ce6a8f9cc5332f/element/0.330135430821078-31/text'
16:01:56.232 [AsyncHttpClient-1-2] DEBUG org.asynchttpclient.netty.handler.HttpHandler - 

Request DefaultFullHttpRequest(decodeResult: success, version: HTTP/1.1, content: EmptyByteBufBE)
GET /session/3e4951c79d2ede6566ce6a8f9cc5332f/element/0.330135430821078-31/text HTTP/1.1
User-Agent: selenium/4.0.0-alpha-7 (java windows)
Cache-Control: no-cache
Content-Type: application/json; charset=utf-8
host: localhost:1448
accept: */*

Response DefaultHttpResponse(decodeResult: success, version: HTTP/1.1)
HTTP/1.1 200 OK
Content-Length: 75
Content-Type: application/json; charset=utf-8

16:01:56.232 [AsyncHttpClient-1-2] DEBUG org.asynchttpclient.netty.channel.ChannelManager - Adding key: http://localhost:1448 for channel [id: 0x43daccbb, L:/127.0.0.1:53510 - R:localhost/127.0.0.1:1448]
16:01:56.234 [Forwarding findChildElement on session 3e4951c79d2ede6566ce6a8f9cc5332f to remote] DEBUG org.asynchttpclient.netty.request.NettyRequestSender - Using pooled Channel '[id: 0x43daccbb, L:/127.0.0.1:53510 - R:localhost/127.0.0.1:1448]' for 'POST' to 'http://localhost:1448/session/3e4951c79d2ede6566ce6a8f9cc5332f/element/0.330135430821078-31/element'
16:01:56.234 [Forwarding findChildElement on session 3e4951c79d2ede6566ce6a8f9cc5332f to remote] DEBUG org.asynchttpclient.netty.request.NettyRequestSender - Using open Channel [id: 0x43daccbb, L:/127.0.0.1:53510 - R:localhost/127.0.0.1:1448] for POST '/session/3e4951c79d2ede6566ce6a8f9cc5332f/element/0.330135430821078-31/element'
16:01:56.259 [AsyncHttpClient-1-2] DEBUG org.asynchttpclient.netty.handler.HttpHandler - 

Request DefaultHttpRequest(decodeResult: success, version: HTTP/1.1)
POST /session/3e4951c79d2ede6566ce6a8f9cc5332f/element/0.330135430821078-31/element HTTP/1.1
User-Agent: selenium/4.0.0-alpha-7 (java windows)
Content-Length: 77
Content-Type: application/json; charset=utf-8
host: localhost:1448
accept: */*

Response DefaultHttpResponse(decodeResult: success, version: HTTP/1.1)
HTTP/1.1 200 OK
Content-Length: 102
Content-Type: application/json; charset=utf-8

16:01:56.259 [AsyncHttpClient-1-2] DEBUG org.asynchttpclient.netty.channel.ChannelManager - Adding key: http://localhost:1448 for channel [id: 0x43daccbb, L:/127.0.0.1:53510 - R:localhost/127.0.0.1:1448]
16:01:56.261 [Forwarding getElementAttribute on session 3e4951c79d2ede6566ce6a8f9cc5332f to remote] DEBUG org.asynchttpclient.netty.request.NettyRequestSender - Using pooled Channel '[id: 0x43daccbb, L:/127.0.0.1:53510 - R:localhost/127.0.0.1:1448]' for 'GET' to 'http://localhost:1448/session/3e4951c79d2ede6566ce6a8f9cc5332f/element/0.330135430821078-98/attribute/value'
16:01:56.261 [Forwarding getElementAttribute on session 3e4951c79d2ede6566ce6a8f9cc5332f to remote] DEBUG org.asynchttpclient.netty.request.NettyRequestSender - Using open Channel [id: 0x43daccbb, L:/127.0.0.1:53510 - R:localhost/127.0.0.1:1448] for GET '/session/3e4951c79d2ede6566ce6a8f9cc5332f/element/0.330135430821078-98/attribute/value'
16:01:56.276 [AsyncHttpClient-1-2] DEBUG org.asynchttpclient.netty.handler.HttpHandler - 

Request DefaultFullHttpRequest(decodeResult: success, version: HTTP/1.1, content: EmptyByteBufBE)
GET /session/3e4951c79d2ede6566ce6a8f9cc5332f/element/0.330135430821078-98/attribute/value HTTP/1.1
User-Agent: selenium/4.0.0-alpha-7 (java windows)
Cache-Control: no-cache
Content-Type: application/json; charset=utf-8
host: localhost:1448
accept: */*

Response DefaultHttpResponse(decodeResult: success, version: HTTP/1.1)
HTTP/1.1 200 OK
Content-Length: 72
Content-Type: application/json; charset=utf-8

16:01:56.276 [AsyncHttpClient-1-2] DEBUG org.asynchttpclient.netty.channel.ChannelManager - Adding key: http://localhost:1448 for channel [id: 0x43daccbb, L:/127.0.0.1:53510 - R:localhost/127.0.0.1:1448]
16:01:56.277 [Forwarding getElementText on session 3e4951c79d2ede6566ce6a8f9cc5332f to remote] DEBUG org.asynchttpclient.netty.request.NettyRequestSender - Using pooled Channel '[id: 0x43daccbb, L:/127.0.0.1:53510 - R:localhost/127.0.0.1:1448]' for 'GET' to 'http://localhost:1448/session/3e4951c79d2ede6566ce6a8f9cc5332f/element/0.330135430821078-32/text'
16:01:56.277 [Forwarding getElementText on session 3e4951c79d2ede6566ce6a8f9cc5332f to remote] DEBUG org.asynchttpclient.netty.request.NettyRequestSender - Using open Channel [id: 0x43daccbb, L:/127.0.0.1:53510 - R:localhost/127.0.0.1:1448] for GET '/session/3e4951c79d2ede6566ce6a8f9cc5332f/element/0.330135430821078-32/text'
16:01:56.307 [AsyncHttpClient-1-2] DEBUG org.asynchttpclient.netty.handler.HttpHandler - 

Request DefaultFullHttpRequest(decodeResult: success, version: HTTP/1.1, content: EmptyByteBufBE)
GET /session/3e4951c79d2ede6566ce6a8f9cc5332f/element/0.330135430821078-32/text HTTP/1.1
User-Agent: selenium/4.0.0-alpha-7 (java windows)
Cache-Control: no-cache
Content-Type: application/json; charset=utf-8
host: localhost:1448
accept: */*

Response DefaultHttpResponse(decodeResult: success, version: HTTP/1.1)
HTTP/1.1 200 OK
Content-Length: 75
Content-Type: application/json; charset=utf-8

16:01:56.307 [AsyncHttpClient-1-2] DEBUG org.asynchttpclient.netty.channel.ChannelManager - Adding key: http://localhost:1448 for channel [id: 0x43daccbb, L:/127.0.0.1:53510 - R:localhost/127.0.0.1:1448]
16:01:56.311 [Forwarding findChildElement on session 3e4951c79d2ede6566ce6a8f9cc5332f to remote] DEBUG org.asynchttpclient.netty.request.NettyRequestSender - Using pooled Channel '[id: 0x43daccbb, L:/127.0.0.1:53510 - R:localhost/127.0.0.1:1448]' for 'POST' to 'http://localhost:1448/session/3e4951c79d2ede6566ce6a8f9cc5332f/element/0.330135430821078-32/element'
16:01:56.312 [Forwarding findChildElement on session 3e4951c79d2ede6566ce6a8f9cc5332f to remote] DEBUG org.asynchttpclient.netty.request.NettyRequestSender - Using open Channel [id: 0x43daccbb, L:/127.0.0.1:53510 - R:localhost/127.0.0.1:1448] for POST '/session/3e4951c79d2ede6566ce6a8f9cc5332f/element/0.330135430821078-32/element'
16:01:56.346 [AsyncHttpClient-1-2] DEBUG org.asynchttpclient.netty.handler.HttpHandler - 

Request DefaultHttpRequest(decodeResult: success, version: HTTP/1.1)
POST /session/3e4951c79d2ede6566ce6a8f9cc5332f/element/0.330135430821078-32/element HTTP/1.1
User-Agent: selenium/4.0.0-alpha-7 (java windows)
Content-Length: 77
Content-Type: application/json; charset=utf-8
host: localhost:1448
accept: */*

Response DefaultHttpResponse(decodeResult: success, version: HTTP/1.1)
HTTP/1.1 200 OK
Content-Length: 102
Content-Type: application/json; charset=utf-8

16:01:56.346 [AsyncHttpClient-1-2] DEBUG org.asynchttpclient.netty.channel.ChannelManager - Adding key: http://localhost:1448 for channel [id: 0x43daccbb, L:/127.0.0.1:53510 - R:localhost/127.0.0.1:1448]
16:01:56.347 [Forwarding getElementAttribute on session 3e4951c79d2ede6566ce6a8f9cc5332f to remote] DEBUG org.asynchttpclient.netty.request.NettyRequestSender - Using pooled Channel '[id: 0x43daccbb, L:/127.0.0.1:53510 - R:localhost/127.0.0.1:1448]' for 'GET' to 'http://localhost:1448/session/3e4951c79d2ede6566ce6a8f9cc5332f/element/0.330135430821078-99/attribute/value'
16:01:56.347 [Forwarding getElementAttribute on session 3e4951c79d2ede6566ce6a8f9cc5332f to remote] DEBUG org.asynchttpclient.netty.request.NettyRequestSender - Using open Channel [id: 0x43daccbb, L:/127.0.0.1:53510 - R:localhost/127.0.0.1:1448] for GET '/session/3e4951c79d2ede6566ce6a8f9cc5332f/element/0.330135430821078-99/attribute/value'
16:01:56.362 [AsyncHttpClient-1-2] DEBUG org.asynchttpclient.netty.handler.HttpHandler - 

Request DefaultFullHttpRequest(decodeResult: success, version: HTTP/1.1, content: EmptyByteBufBE)
GET /session/3e4951c79d2ede6566ce6a8f9cc5332f/element/0.330135430821078-99/attribute/value HTTP/1.1
User-Agent: selenium/4.0.0-alpha-7 (java windows)
Cache-Control: no-cache
Content-Type: application/json; charset=utf-8
host: localhost:1448
accept: */*

Response DefaultHttpResponse(decodeResult: success, version: HTTP/1.1)
HTTP/1.1 200 OK
Content-Length: 72
Content-Type: application/json; charset=utf-8

16:01:56.362 [AsyncHttpClient-1-2] DEBUG org.asynchttpclient.netty.channel.ChannelManager - Adding key: http://localhost:1448 for channel [id: 0x43daccbb, L:/127.0.0.1:53510 - R:localhost/127.0.0.1:1448]
16:01:56.363 [Forwarding getElementText on session 3e4951c79d2ede6566ce6a8f9cc5332f to remote] DEBUG org.asynchttpclient.netty.request.NettyRequestSender - Using pooled Channel '[id: 0x43daccbb, L:/127.0.0.1:53510 - R:localhost/127.0.0.1:1448]' for 'GET' to 'http://localhost:1448/session/3e4951c79d2ede6566ce6a8f9cc5332f/element/0.330135430821078-33/text'
16:01:56.363 [Forwarding getElementText on session 3e4951c79d2ede6566ce6a8f9cc5332f to remote] DEBUG org.asynchttpclient.netty.request.NettyRequestSender - Using open Channel [id: 0x43daccbb, L:/127.0.0.1:53510 - R:localhost/127.0.0.1:1448] for GET '/session/3e4951c79d2ede6566ce6a8f9cc5332f/element/0.330135430821078-33/text'
16:01:56.380 [AsyncHttpClient-1-2] DEBUG org.asynchttpclient.netty.handler.HttpHandler - 

Request DefaultFullHttpRequest(decodeResult: success, version: HTTP/1.1, content: EmptyByteBufBE)
GET /session/3e4951c79d2ede6566ce6a8f9cc5332f/element/0.330135430821078-33/text HTTP/1.1
User-Agent: selenium/4.0.0-alpha-7 (java windows)
Cache-Control: no-cache
Content-Type: application/json; charset=utf-8
host: localhost:1448
accept: */*

Response DefaultHttpResponse(decodeResult: success, version: HTTP/1.1)
HTTP/1.1 200 OK
Content-Length: 75
Content-Type: application/json; charset=utf-8

16:01:56.380 [AsyncHttpClient-1-2] DEBUG org.asynchttpclient.netty.channel.ChannelManager - Adding key: http://localhost:1448 for channel [id: 0x43daccbb, L:/127.0.0.1:53510 - R:localhost/127.0.0.1:1448]
16:01:56.381 [Forwarding findChildElement on session 3e4951c79d2ede6566ce6a8f9cc5332f to remote] DEBUG org.asynchttpclient.netty.request.NettyRequestSender - Using pooled Channel '[id: 0x43daccbb, L:/127.0.0.1:53510 - R:localhost/127.0.0.1:1448]' for 'POST' to 'http://localhost:1448/session/3e4951c79d2ede6566ce6a8f9cc5332f/element/0.330135430821078-33/element'
16:01:56.381 [Forwarding findChildElement on session 3e4951c79d2ede6566ce6a8f9cc5332f to remote] DEBUG org.asynchttpclient.netty.request.NettyRequestSender - Using open Channel [id: 0x43daccbb, L:/127.0.0.1:53510 - R:localhost/127.0.0.1:1448] for POST '/session/3e4951c79d2ede6566ce6a8f9cc5332f/element/0.330135430821078-33/element'
16:01:56.399 [AsyncHttpClient-1-2] DEBUG org.asynchttpclient.netty.handler.HttpHandler - 

Request DefaultHttpRequest(decodeResult: success, version: HTTP/1.1)
POST /session/3e4951c79d2ede6566ce6a8f9cc5332f/element/0.330135430821078-33/element HTTP/1.1
User-Agent: selenium/4.0.0-alpha-7 (java windows)
Content-Length: 77
Content-Type: application/json; charset=utf-8
host: localhost:1448
accept: */*

Response DefaultHttpResponse(decodeResult: success, version: HTTP/1.1)
HTTP/1.1 200 OK
Content-Length: 103
Content-Type: application/json; charset=utf-8

16:01:56.399 [AsyncHttpClient-1-2] DEBUG org.asynchttpclient.netty.channel.ChannelManager - Adding key: http://localhost:1448 for channel [id: 0x43daccbb, L:/127.0.0.1:53510 - R:localhost/127.0.0.1:1448]
16:01:56.403 [Forwarding getElementAttribute on session 3e4951c79d2ede6566ce6a8f9cc5332f to remote] DEBUG org.asynchttpclient.netty.request.NettyRequestSender - Using pooled Channel '[id: 0x43daccbb, L:/127.0.0.1:53510 - R:localhost/127.0.0.1:1448]' for 'GET' to 'http://localhost:1448/session/3e4951c79d2ede6566ce6a8f9cc5332f/element/0.330135430821078-100/attribute/value'
16:01:56.403 [Forwarding getElementAttribute on session 3e4951c79d2ede6566ce6a8f9cc5332f to remote] DEBUG org.asynchttpclient.netty.request.NettyRequestSender - Using open Channel [id: 0x43daccbb, L:/127.0.0.1:53510 - R:localhost/127.0.0.1:1448] for GET '/session/3e4951c79d2ede6566ce6a8f9cc5332f/element/0.330135430821078-100/attribute/value'
16:01:56.457 [AsyncHttpClient-1-2] DEBUG org.asynchttpclient.netty.handler.HttpHandler - 

Request DefaultFullHttpRequest(decodeResult: success, version: HTTP/1.1, content: EmptyByteBufBE)
GET /session/3e4951c79d2ede6566ce6a8f9cc5332f/element/0.330135430821078-100/attribute/value HTTP/1.1
User-Agent: selenium/4.0.0-alpha-7 (java windows)
Cache-Control: no-cache
Content-Type: application/json; charset=utf-8
host: localhost:1448
accept: */*

Response DefaultHttpResponse(decodeResult: success, version: HTTP/1.1)
HTTP/1.1 200 OK
Content-Length: 72
Content-Type: application/json; charset=utf-8

16:01:56.457 [AsyncHttpClient-1-2] DEBUG org.asynchttpclient.netty.channel.ChannelManager - Adding key: http://localhost:1448 for channel [id: 0x43daccbb, L:/127.0.0.1:53510 - R:localhost/127.0.0.1:1448]
16:01:56.458 [Forwarding getElementText on session 3e4951c79d2ede6566ce6a8f9cc5332f to remote] DEBUG org.asynchttpclient.netty.request.NettyRequestSender - Using pooled Channel '[id: 0x43daccbb, L:/127.0.0.1:53510 - R:localhost/127.0.0.1:1448]' for 'GET' to 'http://localhost:1448/session/3e4951c79d2ede6566ce6a8f9cc5332f/element/0.330135430821078-34/text'
16:01:56.458 [Forwarding getElementText on session 3e4951c79d2ede6566ce6a8f9cc5332f to remote] DEBUG org.asynchttpclient.netty.request.NettyRequestSender - Using open Channel [id: 0x43daccbb, L:/127.0.0.1:53510 - R:localhost/127.0.0.1:1448] for GET '/session/3e4951c79d2ede6566ce6a8f9cc5332f/element/0.330135430821078-34/text'
16:01:56.475 [AsyncHttpClient-1-2] DEBUG org.asynchttpclient.netty.handler.HttpHandler - 

Request DefaultFullHttpRequest(decodeResult: success, version: HTTP/1.1, content: EmptyByteBufBE)
GET /session/3e4951c79d2ede6566ce6a8f9cc5332f/element/0.330135430821078-34/text HTTP/1.1
User-Agent: selenium/4.0.0-alpha-7 (java windows)
Cache-Control: no-cache
Content-Type: application/json; charset=utf-8
host: localhost:1448
accept: */*

Response DefaultHttpResponse(decodeResult: success, version: HTTP/1.1)
HTTP/1.1 200 OK
Content-Length: 75
Content-Type: application/json; charset=utf-8

16:01:56.477 [AsyncHttpClient-1-2] DEBUG org.asynchttpclient.netty.channel.ChannelManager - Adding key: http://localhost:1448 for channel [id: 0x43daccbb, L:/127.0.0.1:53510 - R:localhost/127.0.0.1:1448]
16:01:56.478 [Forwarding findChildElement on session 3e4951c79d2ede6566ce6a8f9cc5332f to remote] DEBUG org.asynchttpclient.netty.request.NettyRequestSender - Using pooled Channel '[id: 0x43daccbb, L:/127.0.0.1:53510 - R:localhost/127.0.0.1:1448]' for 'POST' to 'http://localhost:1448/session/3e4951c79d2ede6566ce6a8f9cc5332f/element/0.330135430821078-34/element'
16:01:56.479 [Forwarding findChildElement on session 3e4951c79d2ede6566ce6a8f9cc5332f to remote] DEBUG org.asynchttpclient.netty.request.NettyRequestSender - Using open Channel [id: 0x43daccbb, L:/127.0.0.1:53510 - R:localhost/127.0.0.1:1448] for POST '/session/3e4951c79d2ede6566ce6a8f9cc5332f/element/0.330135430821078-34/element'
16:01:56.492 [AsyncHttpClient-1-2] DEBUG org.asynchttpclient.netty.handler.HttpHandler - 

Request DefaultHttpRequest(decodeResult: success, version: HTTP/1.1)
POST /session/3e4951c79d2ede6566ce6a8f9cc5332f/element/0.330135430821078-34/element HTTP/1.1
User-Agent: selenium/4.0.0-alpha-7 (java windows)
Content-Length: 77
Content-Type: application/json; charset=utf-8
host: localhost:1448
accept: */*

Response DefaultHttpResponse(decodeResult: success, version: HTTP/1.1)
HTTP/1.1 200 OK
Content-Length: 103
Content-Type: application/json; charset=utf-8

16:01:56.493 [AsyncHttpClient-1-2] DEBUG org.asynchttpclient.netty.channel.ChannelManager - Adding key: http://localhost:1448 for channel [id: 0x43daccbb, L:/127.0.0.1:53510 - R:localhost/127.0.0.1:1448]
16:01:56.494 [Forwarding getElementAttribute on session 3e4951c79d2ede6566ce6a8f9cc5332f to remote] DEBUG org.asynchttpclient.netty.request.NettyRequestSender - Using pooled Channel '[id: 0x43daccbb, L:/127.0.0.1:53510 - R:localhost/127.0.0.1:1448]' for 'GET' to 'http://localhost:1448/session/3e4951c79d2ede6566ce6a8f9cc5332f/element/0.330135430821078-101/attribute/value'
16:01:56.494 [Forwarding getElementAttribute on session 3e4951c79d2ede6566ce6a8f9cc5332f to remote] DEBUG org.asynchttpclient.netty.request.NettyRequestSender - Using open Channel [id: 0x43daccbb, L:/127.0.0.1:53510 - R:localhost/127.0.0.1:1448] for GET '/session/3e4951c79d2ede6566ce6a8f9cc5332f/element/0.330135430821078-101/attribute/value'
16:01:56.508 [AsyncHttpClient-1-2] DEBUG org.asynchttpclient.netty.handler.HttpHandler - 

Request DefaultFullHttpRequest(decodeResult: success, version: HTTP/1.1, content: EmptyByteBufBE)
GET /session/3e4951c79d2ede6566ce6a8f9cc5332f/element/0.330135430821078-101/attribute/value HTTP/1.1
User-Agent: selenium/4.0.0-alpha-7 (java windows)
Cache-Control: no-cache
Content-Type: application/json; charset=utf-8
host: localhost:1448
accept: */*

Response DefaultHttpResponse(decodeResult: success, version: HTTP/1.1)
HTTP/1.1 200 OK
Content-Length: 72
Content-Type: application/json; charset=utf-8

16:01:56.508 [AsyncHttpClient-1-2] DEBUG org.asynchttpclient.netty.channel.ChannelManager - Adding key: http://localhost:1448 for channel [id: 0x43daccbb, L:/127.0.0.1:53510 - R:localhost/127.0.0.1:1448]
16:01:56.509 [Forwarding getElementText on session 3e4951c79d2ede6566ce6a8f9cc5332f to remote] DEBUG org.asynchttpclient.netty.request.NettyRequestSender - Using pooled Channel '[id: 0x43daccbb, L:/127.0.0.1:53510 - R:localhost/127.0.0.1:1448]' for 'GET' to 'http://localhost:1448/session/3e4951c79d2ede6566ce6a8f9cc5332f/element/0.330135430821078-35/text'
16:01:56.509 [Forwarding getElementText on session 3e4951c79d2ede6566ce6a8f9cc5332f to remote] DEBUG org.asynchttpclient.netty.request.NettyRequestSender - Using open Channel [id: 0x43daccbb, L:/127.0.0.1:53510 - R:localhost/127.0.0.1:1448] for GET '/session/3e4951c79d2ede6566ce6a8f9cc5332f/element/0.330135430821078-35/text'
16:01:56.527 [AsyncHttpClient-1-2] DEBUG org.asynchttpclient.netty.handler.HttpHandler - 

Request DefaultFullHttpRequest(decodeResult: success, version: HTTP/1.1, content: EmptyByteBufBE)
GET /session/3e4951c79d2ede6566ce6a8f9cc5332f/element/0.330135430821078-35/text HTTP/1.1
User-Agent: selenium/4.0.0-alpha-7 (java windows)
Cache-Control: no-cache
Content-Type: application/json; charset=utf-8
host: localhost:1448
accept: */*

Response DefaultHttpResponse(decodeResult: success, version: HTTP/1.1)
HTTP/1.1 200 OK
Content-Length: 75
Content-Type: application/json; charset=utf-8

16:01:56.527 [AsyncHttpClient-1-2] DEBUG org.asynchttpclient.netty.channel.ChannelManager - Adding key: http://localhost:1448 for channel [id: 0x43daccbb, L:/127.0.0.1:53510 - R:localhost/127.0.0.1:1448]
16:01:56.528 [Forwarding findChildElement on session 3e4951c79d2ede6566ce6a8f9cc5332f to remote] DEBUG org.asynchttpclient.netty.request.NettyRequestSender - Using pooled Channel '[id: 0x43daccbb, L:/127.0.0.1:53510 - R:localhost/127.0.0.1:1448]' for 'POST' to 'http://localhost:1448/session/3e4951c79d2ede6566ce6a8f9cc5332f/element/0.330135430821078-35/element'
16:01:56.528 [Forwarding findChildElement on session 3e4951c79d2ede6566ce6a8f9cc5332f to remote] DEBUG org.asynchttpclient.netty.request.NettyRequestSender - Using open Channel [id: 0x43daccbb, L:/127.0.0.1:53510 - R:localhost/127.0.0.1:1448] for POST '/session/3e4951c79d2ede6566ce6a8f9cc5332f/element/0.330135430821078-35/element'
16:01:56.542 [AsyncHttpClient-1-2] DEBUG org.asynchttpclient.netty.handler.HttpHandler - 

Request DefaultHttpRequest(decodeResult: success, version: HTTP/1.1)
POST /session/3e4951c79d2ede6566ce6a8f9cc5332f/element/0.330135430821078-35/element HTTP/1.1
User-Agent: selenium/4.0.0-alpha-7 (java windows)
Content-Length: 77
Content-Type: application/json; charset=utf-8
host: localhost:1448
accept: */*

Response DefaultHttpResponse(decodeResult: success, version: HTTP/1.1)
HTTP/1.1 200 OK
Content-Length: 103
Content-Type: application/json; charset=utf-8

16:01:56.542 [AsyncHttpClient-1-2] DEBUG org.asynchttpclient.netty.channel.ChannelManager - Adding key: http://localhost:1448 for channel [id: 0x43daccbb, L:/127.0.0.1:53510 - R:localhost/127.0.0.1:1448]
16:01:56.544 [Forwarding getElementAttribute on session 3e4951c79d2ede6566ce6a8f9cc5332f to remote] DEBUG org.asynchttpclient.netty.request.NettyRequestSender - Using pooled Channel '[id: 0x43daccbb, L:/127.0.0.1:53510 - R:localhost/127.0.0.1:1448]' for 'GET' to 'http://localhost:1448/session/3e4951c79d2ede6566ce6a8f9cc5332f/element/0.330135430821078-102/attribute/value'
16:01:56.544 [Forwarding getElementAttribute on session 3e4951c79d2ede6566ce6a8f9cc5332f to remote] DEBUG org.asynchttpclient.netty.request.NettyRequestSender - Using open Channel [id: 0x43daccbb, L:/127.0.0.1:53510 - R:localhost/127.0.0.1:1448] for GET '/session/3e4951c79d2ede6566ce6a8f9cc5332f/element/0.330135430821078-102/attribute/value'
16:01:56.562 [AsyncHttpClient-1-2] DEBUG org.asynchttpclient.netty.handler.HttpHandler - 

Request DefaultFullHttpRequest(decodeResult: success, version: HTTP/1.1, content: EmptyByteBufBE)
GET /session/3e4951c79d2ede6566ce6a8f9cc5332f/element/0.330135430821078-102/attribute/value HTTP/1.1
User-Agent: selenium/4.0.0-alpha-7 (java windows)
Cache-Control: no-cache
Content-Type: application/json; charset=utf-8
host: localhost:1448
accept: */*

Response DefaultHttpResponse(decodeResult: success, version: HTTP/1.1)
HTTP/1.1 200 OK
Content-Length: 72
Content-Type: application/json; charset=utf-8

16:01:56.562 [AsyncHttpClient-1-2] DEBUG org.asynchttpclient.netty.channel.ChannelManager - Adding key: http://localhost:1448 for channel [id: 0x43daccbb, L:/127.0.0.1:53510 - R:localhost/127.0.0.1:1448]
16:01:56.563 [Forwarding getElementText on session 3e4951c79d2ede6566ce6a8f9cc5332f to remote] DEBUG org.asynchttpclient.netty.request.NettyRequestSender - Using pooled Channel '[id: 0x43daccbb, L:/127.0.0.1:53510 - R:localhost/127.0.0.1:1448]' for 'GET' to 'http://localhost:1448/session/3e4951c79d2ede6566ce6a8f9cc5332f/element/0.330135430821078-36/text'
16:01:56.563 [Forwarding getElementText on session 3e4951c79d2ede6566ce6a8f9cc5332f to remote] DEBUG org.asynchttpclient.netty.request.NettyRequestSender - Using open Channel [id: 0x43daccbb, L:/127.0.0.1:53510 - R:localhost/127.0.0.1:1448] for GET '/session/3e4951c79d2ede6566ce6a8f9cc5332f/element/0.330135430821078-36/text'
16:01:56.579 [AsyncHttpClient-1-2] DEBUG org.asynchttpclient.netty.handler.HttpHandler - 

Request DefaultFullHttpRequest(decodeResult: success, version: HTTP/1.1, content: EmptyByteBufBE)
GET /session/3e4951c79d2ede6566ce6a8f9cc5332f/element/0.330135430821078-36/text HTTP/1.1
User-Agent: selenium/4.0.0-alpha-7 (java windows)
Cache-Control: no-cache
Content-Type: application/json; charset=utf-8
host: localhost:1448
accept: */*

Response DefaultHttpResponse(decodeResult: success, version: HTTP/1.1)
HTTP/1.1 200 OK
Content-Length: 75
Content-Type: application/json; charset=utf-8

16:01:56.579 [AsyncHttpClient-1-2] DEBUG org.asynchttpclient.netty.channel.ChannelManager - Adding key: http://localhost:1448 for channel [id: 0x43daccbb, L:/127.0.0.1:53510 - R:localhost/127.0.0.1:1448]
16:01:56.580 [Forwarding findChildElement on session 3e4951c79d2ede6566ce6a8f9cc5332f to remote] DEBUG org.asynchttpclient.netty.request.NettyRequestSender - Using pooled Channel '[id: 0x43daccbb, L:/127.0.0.1:53510 - R:localhost/127.0.0.1:1448]' for 'POST' to 'http://localhost:1448/session/3e4951c79d2ede6566ce6a8f9cc5332f/element/0.330135430821078-36/element'
16:01:56.580 [Forwarding findChildElement on session 3e4951c79d2ede6566ce6a8f9cc5332f to remote] DEBUG org.asynchttpclient.netty.request.NettyRequestSender - Using open Channel [id: 0x43daccbb, L:/127.0.0.1:53510 - R:localhost/127.0.0.1:1448] for POST '/session/3e4951c79d2ede6566ce6a8f9cc5332f/element/0.330135430821078-36/element'
16:01:56.595 [AsyncHttpClient-1-2] DEBUG org.asynchttpclient.netty.handler.HttpHandler - 

Request DefaultHttpRequest(decodeResult: success, version: HTTP/1.1)
POST /session/3e4951c79d2ede6566ce6a8f9cc5332f/element/0.330135430821078-36/element HTTP/1.1
User-Agent: selenium/4.0.0-alpha-7 (java windows)
Content-Length: 77
Content-Type: application/json; charset=utf-8
host: localhost:1448
accept: */*

Response DefaultHttpResponse(decodeResult: success, version: HTTP/1.1)
HTTP/1.1 200 OK
Content-Length: 103
Content-Type: application/json; charset=utf-8

16:01:56.595 [AsyncHttpClient-1-2] DEBUG org.asynchttpclient.netty.channel.ChannelManager - Adding key: http://localhost:1448 for channel [id: 0x43daccbb, L:/127.0.0.1:53510 - R:localhost/127.0.0.1:1448]
16:01:56.596 [Forwarding getElementAttribute on session 3e4951c79d2ede6566ce6a8f9cc5332f to remote] DEBUG org.asynchttpclient.netty.request.NettyRequestSender - Using pooled Channel '[id: 0x43daccbb, L:/127.0.0.1:53510 - R:localhost/127.0.0.1:1448]' for 'GET' to 'http://localhost:1448/session/3e4951c79d2ede6566ce6a8f9cc5332f/element/0.330135430821078-103/attribute/value'
16:01:56.596 [Forwarding getElementAttribute on session 3e4951c79d2ede6566ce6a8f9cc5332f to remote] DEBUG org.asynchttpclient.netty.request.NettyRequestSender - Using open Channel [id: 0x43daccbb, L:/127.0.0.1:53510 - R:localhost/127.0.0.1:1448] for GET '/session/3e4951c79d2ede6566ce6a8f9cc5332f/element/0.330135430821078-103/attribute/value'
16:01:56.611 [AsyncHttpClient-1-2] DEBUG org.asynchttpclient.netty.handler.HttpHandler - 

Request DefaultFullHttpRequest(decodeResult: success, version: HTTP/1.1, content: EmptyByteBufBE)
GET /session/3e4951c79d2ede6566ce6a8f9cc5332f/element/0.330135430821078-103/attribute/value HTTP/1.1
User-Agent: selenium/4.0.0-alpha-7 (java windows)
Cache-Control: no-cache
Content-Type: application/json; charset=utf-8
host: localhost:1448
accept: */*

Response DefaultHttpResponse(decodeResult: success, version: HTTP/1.1)
HTTP/1.1 200 OK
Content-Length: 72
Content-Type: application/json; charset=utf-8

16:01:56.611 [AsyncHttpClient-1-2] DEBUG org.asynchttpclient.netty.channel.ChannelManager - Adding key: http://localhost:1448 for channel [id: 0x43daccbb, L:/127.0.0.1:53510 - R:localhost/127.0.0.1:1448]
16:01:56.612 [Forwarding getElementText on session 3e4951c79d2ede6566ce6a8f9cc5332f to remote] DEBUG org.asynchttpclient.netty.request.NettyRequestSender - Using pooled Channel '[id: 0x43daccbb, L:/127.0.0.1:53510 - R:localhost/127.0.0.1:1448]' for 'GET' to 'http://localhost:1448/session/3e4951c79d2ede6566ce6a8f9cc5332f/element/0.330135430821078-37/text'
16:01:56.612 [Forwarding getElementText on session 3e4951c79d2ede6566ce6a8f9cc5332f to remote] DEBUG org.asynchttpclient.netty.request.NettyRequestSender - Using open Channel [id: 0x43daccbb, L:/127.0.0.1:53510 - R:localhost/127.0.0.1:1448] for GET '/session/3e4951c79d2ede6566ce6a8f9cc5332f/element/0.330135430821078-37/text'
16:01:56.628 [AsyncHttpClient-1-2] DEBUG org.asynchttpclient.netty.handler.HttpHandler - 

Request DefaultFullHttpRequest(decodeResult: success, version: HTTP/1.1, content: EmptyByteBufBE)
GET /session/3e4951c79d2ede6566ce6a8f9cc5332f/element/0.330135430821078-37/text HTTP/1.1
User-Agent: selenium/4.0.0-alpha-7 (java windows)
Cache-Control: no-cache
Content-Type: application/json; charset=utf-8
host: localhost:1448
accept: */*

Response DefaultHttpResponse(decodeResult: success, version: HTTP/1.1)
HTTP/1.1 200 OK
Content-Length: 75
Content-Type: application/json; charset=utf-8

16:01:56.629 [AsyncHttpClient-1-2] DEBUG org.asynchttpclient.netty.channel.ChannelManager - Adding key: http://localhost:1448 for channel [id: 0x43daccbb, L:/127.0.0.1:53510 - R:localhost/127.0.0.1:1448]
16:01:56.629 [Forwarding findChildElement on session 3e4951c79d2ede6566ce6a8f9cc5332f to remote] DEBUG org.asynchttpclient.netty.request.NettyRequestSender - Using pooled Channel '[id: 0x43daccbb, L:/127.0.0.1:53510 - R:localhost/127.0.0.1:1448]' for 'POST' to 'http://localhost:1448/session/3e4951c79d2ede6566ce6a8f9cc5332f/element/0.330135430821078-37/element'
16:01:56.629 [Forwarding findChildElement on session 3e4951c79d2ede6566ce6a8f9cc5332f to remote] DEBUG org.asynchttpclient.netty.request.NettyRequestSender - Using open Channel [id: 0x43daccbb, L:/127.0.0.1:53510 - R:localhost/127.0.0.1:1448] for POST '/session/3e4951c79d2ede6566ce6a8f9cc5332f/element/0.330135430821078-37/element'
16:01:56.643 [AsyncHttpClient-1-2] DEBUG org.asynchttpclient.netty.handler.HttpHandler - 

Request DefaultHttpRequest(decodeResult: success, version: HTTP/1.1)
POST /session/3e4951c79d2ede6566ce6a8f9cc5332f/element/0.330135430821078-37/element HTTP/1.1
User-Agent: selenium/4.0.0-alpha-7 (java windows)
Content-Length: 77
Content-Type: application/json; charset=utf-8
host: localhost:1448
accept: */*

Response DefaultHttpResponse(decodeResult: success, version: HTTP/1.1)
HTTP/1.1 200 OK
Content-Length: 103
Content-Type: application/json; charset=utf-8

16:01:56.644 [AsyncHttpClient-1-2] DEBUG org.asynchttpclient.netty.channel.ChannelManager - Adding key: http://localhost:1448 for channel [id: 0x43daccbb, L:/127.0.0.1:53510 - R:localhost/127.0.0.1:1448]
16:01:56.645 [Forwarding getElementAttribute on session 3e4951c79d2ede6566ce6a8f9cc5332f to remote] DEBUG org.asynchttpclient.netty.request.NettyRequestSender - Using pooled Channel '[id: 0x43daccbb, L:/127.0.0.1:53510 - R:localhost/127.0.0.1:1448]' for 'GET' to 'http://localhost:1448/session/3e4951c79d2ede6566ce6a8f9cc5332f/element/0.330135430821078-104/attribute/value'
16:01:56.645 [Forwarding getElementAttribute on session 3e4951c79d2ede6566ce6a8f9cc5332f to remote] DEBUG org.asynchttpclient.netty.request.NettyRequestSender - Using open Channel [id: 0x43daccbb, L:/127.0.0.1:53510 - R:localhost/127.0.0.1:1448] for GET '/session/3e4951c79d2ede6566ce6a8f9cc5332f/element/0.330135430821078-104/attribute/value'
16:01:56.649 [AsyncHttpClient-1-1] DEBUG org.asynchttpclient.netty.channel.DefaultChannelPool - Entry count for : http://localhost:53512 : 1
16:01:56.658 [AsyncHttpClient-1-2] DEBUG org.asynchttpclient.netty.handler.HttpHandler - 

Request DefaultFullHttpRequest(decodeResult: success, version: HTTP/1.1, content: EmptyByteBufBE)
GET /session/3e4951c79d2ede6566ce6a8f9cc5332f/element/0.330135430821078-104/attribute/value HTTP/1.1
User-Agent: selenium/4.0.0-alpha-7 (java windows)
Cache-Control: no-cache
Content-Type: application/json; charset=utf-8
host: localhost:1448
accept: */*

Response DefaultHttpResponse(decodeResult: success, version: HTTP/1.1)
HTTP/1.1 200 OK
Content-Length: 72
Content-Type: application/json; charset=utf-8

16:01:56.658 [AsyncHttpClient-1-2] DEBUG org.asynchttpclient.netty.channel.ChannelManager - Adding key: http://localhost:1448 for channel [id: 0x43daccbb, L:/127.0.0.1:53510 - R:localhost/127.0.0.1:1448]
16:01:56.659 [Forwarding getElementText on session 3e4951c79d2ede6566ce6a8f9cc5332f to remote] DEBUG org.asynchttpclient.netty.request.NettyRequestSender - Using pooled Channel '[id: 0x43daccbb, L:/127.0.0.1:53510 - R:localhost/127.0.0.1:1448]' for 'GET' to 'http://localhost:1448/session/3e4951c79d2ede6566ce6a8f9cc5332f/element/0.330135430821078-38/text'
16:01:56.659 [Forwarding getElementText on session 3e4951c79d2ede6566ce6a8f9cc5332f to remote] DEBUG org.asynchttpclient.netty.request.NettyRequestSender - Using open Channel [id: 0x43daccbb, L:/127.0.0.1:53510 - R:localhost/127.0.0.1:1448] for GET '/session/3e4951c79d2ede6566ce6a8f9cc5332f/element/0.330135430821078-38/text'
16:01:56.678 [AsyncHttpClient-1-2] DEBUG org.asynchttpclient.netty.handler.HttpHandler - 

Request DefaultFullHttpRequest(decodeResult: success, version: HTTP/1.1, content: EmptyByteBufBE)
GET /session/3e4951c79d2ede6566ce6a8f9cc5332f/element/0.330135430821078-38/text HTTP/1.1
User-Agent: selenium/4.0.0-alpha-7 (java windows)
Cache-Control: no-cache
Content-Type: application/json; charset=utf-8
host: localhost:1448
accept: */*

Response DefaultHttpResponse(decodeResult: success, version: HTTP/1.1)
HTTP/1.1 200 OK
Content-Length: 75
Content-Type: application/json; charset=utf-8

16:01:56.678 [AsyncHttpClient-1-2] DEBUG org.asynchttpclient.netty.channel.ChannelManager - Adding key: http://localhost:1448 for channel [id: 0x43daccbb, L:/127.0.0.1:53510 - R:localhost/127.0.0.1:1448]
16:01:56.679 [Forwarding findChildElement on session 3e4951c79d2ede6566ce6a8f9cc5332f to remote] DEBUG org.asynchttpclient.netty.request.NettyRequestSender - Using pooled Channel '[id: 0x43daccbb, L:/127.0.0.1:53510 - R:localhost/127.0.0.1:1448]' for 'POST' to 'http://localhost:1448/session/3e4951c79d2ede6566ce6a8f9cc5332f/element/0.330135430821078-38/element'
16:01:56.679 [Forwarding findChildElement on session 3e4951c79d2ede6566ce6a8f9cc5332f to remote] DEBUG org.asynchttpclient.netty.request.NettyRequestSender - Using open Channel [id: 0x43daccbb, L:/127.0.0.1:53510 - R:localhost/127.0.0.1:1448] for POST '/session/3e4951c79d2ede6566ce6a8f9cc5332f/element/0.330135430821078-38/element'
16:01:56.696 [AsyncHttpClient-1-2] DEBUG org.asynchttpclient.netty.handler.HttpHandler - 

Request DefaultHttpRequest(decodeResult: success, version: HTTP/1.1)
POST /session/3e4951c79d2ede6566ce6a8f9cc5332f/element/0.330135430821078-38/element HTTP/1.1
User-Agent: selenium/4.0.0-alpha-7 (java windows)
Content-Length: 77
Content-Type: application/json; charset=utf-8
host: localhost:1448
accept: */*

Response DefaultHttpResponse(decodeResult: success, version: HTTP/1.1)
HTTP/1.1 200 OK
Content-Length: 103
Content-Type: application/json; charset=utf-8

16:01:56.696 [AsyncHttpClient-1-2] DEBUG org.asynchttpclient.netty.channel.ChannelManager - Adding key: http://localhost:1448 for channel [id: 0x43daccbb, L:/127.0.0.1:53510 - R:localhost/127.0.0.1:1448]
16:01:56.697 [Forwarding getElementAttribute on session 3e4951c79d2ede6566ce6a8f9cc5332f to remote] DEBUG org.asynchttpclient.netty.request.NettyRequestSender - Using pooled Channel '[id: 0x43daccbb, L:/127.0.0.1:53510 - R:localhost/127.0.0.1:1448]' for 'GET' to 'http://localhost:1448/session/3e4951c79d2ede6566ce6a8f9cc5332f/element/0.330135430821078-105/attribute/value'
16:01:56.697 [Forwarding getElementAttribute on session 3e4951c79d2ede6566ce6a8f9cc5332f to remote] DEBUG org.asynchttpclient.netty.request.NettyRequestSender - Using open Channel [id: 0x43daccbb, L:/127.0.0.1:53510 - R:localhost/127.0.0.1:1448] for GET '/session/3e4951c79d2ede6566ce6a8f9cc5332f/element/0.330135430821078-105/attribute/value'
16:01:56.710 [AsyncHttpClient-1-2] DEBUG org.asynchttpclient.netty.handler.HttpHandler - 

Request DefaultFullHttpRequest(decodeResult: success, version: HTTP/1.1, content: EmptyByteBufBE)
GET /session/3e4951c79d2ede6566ce6a8f9cc5332f/element/0.330135430821078-105/attribute/value HTTP/1.1
User-Agent: selenium/4.0.0-alpha-7 (java windows)
Cache-Control: no-cache
Content-Type: application/json; charset=utf-8
host: localhost:1448
accept: */*

Response DefaultHttpResponse(decodeResult: success, version: HTTP/1.1)
HTTP/1.1 200 OK
Content-Length: 72
Content-Type: application/json; charset=utf-8

16:01:56.711 [AsyncHttpClient-1-2] DEBUG org.asynchttpclient.netty.channel.ChannelManager - Adding key: http://localhost:1448 for channel [id: 0x43daccbb, L:/127.0.0.1:53510 - R:localhost/127.0.0.1:1448]
16:01:56.711 [Forwarding getElementText on session 3e4951c79d2ede6566ce6a8f9cc5332f to remote] DEBUG org.asynchttpclient.netty.request.NettyRequestSender - Using pooled Channel '[id: 0x43daccbb, L:/127.0.0.1:53510 - R:localhost/127.0.0.1:1448]' for 'GET' to 'http://localhost:1448/session/3e4951c79d2ede6566ce6a8f9cc5332f/element/0.330135430821078-39/text'
16:01:56.711 [Forwarding getElementText on session 3e4951c79d2ede6566ce6a8f9cc5332f to remote] DEBUG org.asynchttpclient.netty.request.NettyRequestSender - Using open Channel [id: 0x43daccbb, L:/127.0.0.1:53510 - R:localhost/127.0.0.1:1448] for GET '/session/3e4951c79d2ede6566ce6a8f9cc5332f/element/0.330135430821078-39/text'
16:01:56.728 [AsyncHttpClient-1-2] DEBUG org.asynchttpclient.netty.handler.HttpHandler - 

Request DefaultFullHttpRequest(decodeResult: success, version: HTTP/1.1, content: EmptyByteBufBE)
GET /session/3e4951c79d2ede6566ce6a8f9cc5332f/element/0.330135430821078-39/text HTTP/1.1
User-Agent: selenium/4.0.0-alpha-7 (java windows)
Cache-Control: no-cache
Content-Type: application/json; charset=utf-8
host: localhost:1448
accept: */*

Response DefaultHttpResponse(decodeResult: success, version: HTTP/1.1)
HTTP/1.1 200 OK
Content-Length: 75
Content-Type: application/json; charset=utf-8

16:01:56.728 [AsyncHttpClient-1-2] DEBUG org.asynchttpclient.netty.channel.ChannelManager - Adding key: http://localhost:1448 for channel [id: 0x43daccbb, L:/127.0.0.1:53510 - R:localhost/127.0.0.1:1448]
16:01:56.729 [Forwarding findChildElement on session 3e4951c79d2ede6566ce6a8f9cc5332f to remote] DEBUG org.asynchttpclient.netty.request.NettyRequestSender - Using pooled Channel '[id: 0x43daccbb, L:/127.0.0.1:53510 - R:localhost/127.0.0.1:1448]' for 'POST' to 'http://localhost:1448/session/3e4951c79d2ede6566ce6a8f9cc5332f/element/0.330135430821078-39/element'
16:01:56.729 [Forwarding findChildElement on session 3e4951c79d2ede6566ce6a8f9cc5332f to remote] DEBUG org.asynchttpclient.netty.request.NettyRequestSender - Using open Channel [id: 0x43daccbb, L:/127.0.0.1:53510 - R:localhost/127.0.0.1:1448] for POST '/session/3e4951c79d2ede6566ce6a8f9cc5332f/element/0.330135430821078-39/element'
16:01:56.745 [AsyncHttpClient-1-2] DEBUG org.asynchttpclient.netty.handler.HttpHandler - 

Request DefaultHttpRequest(decodeResult: success, version: HTTP/1.1)
POST /session/3e4951c79d2ede6566ce6a8f9cc5332f/element/0.330135430821078-39/element HTTP/1.1
User-Agent: selenium/4.0.0-alpha-7 (java windows)
Content-Length: 77
Content-Type: application/json; charset=utf-8
host: localhost:1448
accept: */*

Response DefaultHttpResponse(decodeResult: success, version: HTTP/1.1)
HTTP/1.1 200 OK
Content-Length: 103
Content-Type: application/json; charset=utf-8

16:01:56.745 [AsyncHttpClient-1-2] DEBUG org.asynchttpclient.netty.channel.ChannelManager - Adding key: http://localhost:1448 for channel [id: 0x43daccbb, L:/127.0.0.1:53510 - R:localhost/127.0.0.1:1448]
16:01:56.745 [Forwarding getElementAttribute on session 3e4951c79d2ede6566ce6a8f9cc5332f to remote] DEBUG org.asynchttpclient.netty.request.NettyRequestSender - Using pooled Channel '[id: 0x43daccbb, L:/127.0.0.1:53510 - R:localhost/127.0.0.1:1448]' for 'GET' to 'http://localhost:1448/session/3e4951c79d2ede6566ce6a8f9cc5332f/element/0.330135430821078-106/attribute/value'
16:01:56.745 [Forwarding getElementAttribute on session 3e4951c79d2ede6566ce6a8f9cc5332f to remote] DEBUG org.asynchttpclient.netty.request.NettyRequestSender - Using open Channel [id: 0x43daccbb, L:/127.0.0.1:53510 - R:localhost/127.0.0.1:1448] for GET '/session/3e4951c79d2ede6566ce6a8f9cc5332f/element/0.330135430821078-106/attribute/value'
16:01:56.758 [AsyncHttpClient-1-2] DEBUG org.asynchttpclient.netty.handler.HttpHandler - 

Request DefaultFullHttpRequest(decodeResult: success, version: HTTP/1.1, content: EmptyByteBufBE)
GET /session/3e4951c79d2ede6566ce6a8f9cc5332f/element/0.330135430821078-106/attribute/value HTTP/1.1
User-Agent: selenium/4.0.0-alpha-7 (java windows)
Cache-Control: no-cache
Content-Type: application/json; charset=utf-8
host: localhost:1448
accept: */*

Response DefaultHttpResponse(decodeResult: success, version: HTTP/1.1)
HTTP/1.1 200 OK
Content-Length: 72
Content-Type: application/json; charset=utf-8

16:01:56.758 [AsyncHttpClient-1-2] DEBUG org.asynchttpclient.netty.channel.ChannelManager - Adding key: http://localhost:1448 for channel [id: 0x43daccbb, L:/127.0.0.1:53510 - R:localhost/127.0.0.1:1448]
16:01:56.761 [Forwarding getElementText on session 3e4951c79d2ede6566ce6a8f9cc5332f to remote] DEBUG org.asynchttpclient.netty.request.NettyRequestSender - Using pooled Channel '[id: 0x43daccbb, L:/127.0.0.1:53510 - R:localhost/127.0.0.1:1448]' for 'GET' to 'http://localhost:1448/session/3e4951c79d2ede6566ce6a8f9cc5332f/element/0.330135430821078-40/text'
16:01:56.761 [Forwarding getElementText on session 3e4951c79d2ede6566ce6a8f9cc5332f to remote] DEBUG org.asynchttpclient.netty.request.NettyRequestSender - Using open Channel [id: 0x43daccbb, L:/127.0.0.1:53510 - R:localhost/127.0.0.1:1448] for GET '/session/3e4951c79d2ede6566ce6a8f9cc5332f/element/0.330135430821078-40/text'
16:01:56.777 [AsyncHttpClient-1-2] DEBUG org.asynchttpclient.netty.handler.HttpHandler - 

Request DefaultFullHttpRequest(decodeResult: success, version: HTTP/1.1, content: EmptyByteBufBE)
GET /session/3e4951c79d2ede6566ce6a8f9cc5332f/element/0.330135430821078-40/text HTTP/1.1
User-Agent: selenium/4.0.0-alpha-7 (java windows)
Cache-Control: no-cache
Content-Type: application/json; charset=utf-8
host: localhost:1448
accept: */*

Response DefaultHttpResponse(decodeResult: success, version: HTTP/1.1)
HTTP/1.1 200 OK
Content-Length: 75
Content-Type: application/json; charset=utf-8

16:01:56.777 [AsyncHttpClient-1-2] DEBUG org.asynchttpclient.netty.channel.ChannelManager - Adding key: http://localhost:1448 for channel [id: 0x43daccbb, L:/127.0.0.1:53510 - R:localhost/127.0.0.1:1448]
16:01:56.779 [Forwarding findChildElement on session 3e4951c79d2ede6566ce6a8f9cc5332f to remote] DEBUG org.asynchttpclient.netty.request.NettyRequestSender - Using pooled Channel '[id: 0x43daccbb, L:/127.0.0.1:53510 - R:localhost/127.0.0.1:1448]' for 'POST' to 'http://localhost:1448/session/3e4951c79d2ede6566ce6a8f9cc5332f/element/0.330135430821078-40/element'
16:01:56.779 [Forwarding findChildElement on session 3e4951c79d2ede6566ce6a8f9cc5332f to remote] DEBUG org.asynchttpclient.netty.request.NettyRequestSender - Using open Channel [id: 0x43daccbb, L:/127.0.0.1:53510 - R:localhost/127.0.0.1:1448] for POST '/session/3e4951c79d2ede6566ce6a8f9cc5332f/element/0.330135430821078-40/element'
16:01:56.792 [AsyncHttpClient-1-2] DEBUG org.asynchttpclient.netty.handler.HttpHandler - 

Request DefaultHttpRequest(decodeResult: success, version: HTTP/1.1)
POST /session/3e4951c79d2ede6566ce6a8f9cc5332f/element/0.330135430821078-40/element HTTP/1.1
User-Agent: selenium/4.0.0-alpha-7 (java windows)
Content-Length: 77
Content-Type: application/json; charset=utf-8
host: localhost:1448
accept: */*

Response DefaultHttpResponse(decodeResult: success, version: HTTP/1.1)
HTTP/1.1 200 OK
Content-Length: 103
Content-Type: application/json; charset=utf-8

16:01:56.793 [AsyncHttpClient-1-2] DEBUG org.asynchttpclient.netty.channel.ChannelManager - Adding key: http://localhost:1448 for channel [id: 0x43daccbb, L:/127.0.0.1:53510 - R:localhost/127.0.0.1:1448]
16:01:56.794 [Forwarding getElementAttribute on session 3e4951c79d2ede6566ce6a8f9cc5332f to remote] DEBUG org.asynchttpclient.netty.request.NettyRequestSender - Using pooled Channel '[id: 0x43daccbb, L:/127.0.0.1:53510 - R:localhost/127.0.0.1:1448]' for 'GET' to 'http://localhost:1448/session/3e4951c79d2ede6566ce6a8f9cc5332f/element/0.330135430821078-107/attribute/value'
16:01:56.794 [Forwarding getElementAttribute on session 3e4951c79d2ede6566ce6a8f9cc5332f to remote] DEBUG org.asynchttpclient.netty.request.NettyRequestSender - Using open Channel [id: 0x43daccbb, L:/127.0.0.1:53510 - R:localhost/127.0.0.1:1448] for GET '/session/3e4951c79d2ede6566ce6a8f9cc5332f/element/0.330135430821078-107/attribute/value'
16:01:56.808 [AsyncHttpClient-1-2] DEBUG org.asynchttpclient.netty.handler.HttpHandler - 

Request DefaultFullHttpRequest(decodeResult: success, version: HTTP/1.1, content: EmptyByteBufBE)
GET /session/3e4951c79d2ede6566ce6a8f9cc5332f/element/0.330135430821078-107/attribute/value HTTP/1.1
User-Agent: selenium/4.0.0-alpha-7 (java windows)
Cache-Control: no-cache
Content-Type: application/json; charset=utf-8
host: localhost:1448
accept: */*

Response DefaultHttpResponse(decodeResult: success, version: HTTP/1.1)
HTTP/1.1 200 OK
Content-Length: 72
Content-Type: application/json; charset=utf-8

16:01:56.808 [AsyncHttpClient-1-2] DEBUG org.asynchttpclient.netty.channel.ChannelManager - Adding key: http://localhost:1448 for channel [id: 0x43daccbb, L:/127.0.0.1:53510 - R:localhost/127.0.0.1:1448]
16:01:56.809 [Forwarding getElementText on session 3e4951c79d2ede6566ce6a8f9cc5332f to remote] DEBUG org.asynchttpclient.netty.request.NettyRequestSender - Using pooled Channel '[id: 0x43daccbb, L:/127.0.0.1:53510 - R:localhost/127.0.0.1:1448]' for 'GET' to 'http://localhost:1448/session/3e4951c79d2ede6566ce6a8f9cc5332f/element/0.330135430821078-41/text'
16:01:56.809 [Forwarding getElementText on session 3e4951c79d2ede6566ce6a8f9cc5332f to remote] DEBUG org.asynchttpclient.netty.request.NettyRequestSender - Using open Channel [id: 0x43daccbb, L:/127.0.0.1:53510 - R:localhost/127.0.0.1:1448] for GET '/session/3e4951c79d2ede6566ce6a8f9cc5332f/element/0.330135430821078-41/text'
16:01:56.828 [AsyncHttpClient-1-2] DEBUG org.asynchttpclient.netty.handler.HttpHandler - 

Request DefaultFullHttpRequest(decodeResult: success, version: HTTP/1.1, content: EmptyByteBufBE)
GET /session/3e4951c79d2ede6566ce6a8f9cc5332f/element/0.330135430821078-41/text HTTP/1.1
User-Agent: selenium/4.0.0-alpha-7 (java windows)
Cache-Control: no-cache
Content-Type: application/json; charset=utf-8
host: localhost:1448
accept: */*

Response DefaultHttpResponse(decodeResult: success, version: HTTP/1.1)
HTTP/1.1 200 OK
Content-Length: 75
Content-Type: application/json; charset=utf-8

16:01:56.828 [AsyncHttpClient-1-2] DEBUG org.asynchttpclient.netty.channel.ChannelManager - Adding key: http://localhost:1448 for channel [id: 0x43daccbb, L:/127.0.0.1:53510 - R:localhost/127.0.0.1:1448]
16:01:56.829 [Forwarding findChildElement on session 3e4951c79d2ede6566ce6a8f9cc5332f to remote] DEBUG org.asynchttpclient.netty.request.NettyRequestSender - Using pooled Channel '[id: 0x43daccbb, L:/127.0.0.1:53510 - R:localhost/127.0.0.1:1448]' for 'POST' to 'http://localhost:1448/session/3e4951c79d2ede6566ce6a8f9cc5332f/element/0.330135430821078-41/element'
16:01:56.829 [Forwarding findChildElement on session 3e4951c79d2ede6566ce6a8f9cc5332f to remote] DEBUG org.asynchttpclient.netty.request.NettyRequestSender - Using open Channel [id: 0x43daccbb, L:/127.0.0.1:53510 - R:localhost/127.0.0.1:1448] for POST '/session/3e4951c79d2ede6566ce6a8f9cc5332f/element/0.330135430821078-41/element'
16:01:56.842 [AsyncHttpClient-1-2] DEBUG org.asynchttpclient.netty.handler.HttpHandler - 

Request DefaultHttpRequest(decodeResult: success, version: HTTP/1.1)
POST /session/3e4951c79d2ede6566ce6a8f9cc5332f/element/0.330135430821078-41/element HTTP/1.1
User-Agent: selenium/4.0.0-alpha-7 (java windows)
Content-Length: 77
Content-Type: application/json; charset=utf-8
host: localhost:1448
accept: */*

Response DefaultHttpResponse(decodeResult: success, version: HTTP/1.1)
HTTP/1.1 200 OK
Content-Length: 103
Content-Type: application/json; charset=utf-8

16:01:56.842 [AsyncHttpClient-1-2] DEBUG org.asynchttpclient.netty.channel.ChannelManager - Adding key: http://localhost:1448 for channel [id: 0x43daccbb, L:/127.0.0.1:53510 - R:localhost/127.0.0.1:1448]
16:01:56.845 [Forwarding getElementAttribute on session 3e4951c79d2ede6566ce6a8f9cc5332f to remote] DEBUG org.asynchttpclient.netty.request.NettyRequestSender - Using pooled Channel '[id: 0x43daccbb, L:/127.0.0.1:53510 - R:localhost/127.0.0.1:1448]' for 'GET' to 'http://localhost:1448/session/3e4951c79d2ede6566ce6a8f9cc5332f/element/0.330135430821078-108/attribute/value'
16:01:56.845 [Forwarding getElementAttribute on session 3e4951c79d2ede6566ce6a8f9cc5332f to remote] DEBUG org.asynchttpclient.netty.request.NettyRequestSender - Using open Channel [id: 0x43daccbb, L:/127.0.0.1:53510 - R:localhost/127.0.0.1:1448] for GET '/session/3e4951c79d2ede6566ce6a8f9cc5332f/element/0.330135430821078-108/attribute/value'
16:01:56.859 [AsyncHttpClient-1-2] DEBUG org.asynchttpclient.netty.handler.HttpHandler - 

Request DefaultFullHttpRequest(decodeResult: success, version: HTTP/1.1, content: EmptyByteBufBE)
GET /session/3e4951c79d2ede6566ce6a8f9cc5332f/element/0.330135430821078-108/attribute/value HTTP/1.1
User-Agent: selenium/4.0.0-alpha-7 (java windows)
Cache-Control: no-cache
Content-Type: application/json; charset=utf-8
host: localhost:1448
accept: */*

Response DefaultHttpResponse(decodeResult: success, version: HTTP/1.1)
HTTP/1.1 200 OK
Content-Length: 72
Content-Type: application/json; charset=utf-8

16:01:56.859 [AsyncHttpClient-1-2] DEBUG org.asynchttpclient.netty.channel.ChannelManager - Adding key: http://localhost:1448 for channel [id: 0x43daccbb, L:/127.0.0.1:53510 - R:localhost/127.0.0.1:1448]
16:01:56.861 [Forwarding getElementText on session 3e4951c79d2ede6566ce6a8f9cc5332f to remote] DEBUG org.asynchttpclient.netty.request.NettyRequestSender - Using pooled Channel '[id: 0x43daccbb, L:/127.0.0.1:53510 - R:localhost/127.0.0.1:1448]' for 'GET' to 'http://localhost:1448/session/3e4951c79d2ede6566ce6a8f9cc5332f/element/0.330135430821078-42/text'
16:01:56.861 [Forwarding getElementText on session 3e4951c79d2ede6566ce6a8f9cc5332f to remote] DEBUG org.asynchttpclient.netty.request.NettyRequestSender - Using open Channel [id: 0x43daccbb, L:/127.0.0.1:53510 - R:localhost/127.0.0.1:1448] for GET '/session/3e4951c79d2ede6566ce6a8f9cc5332f/element/0.330135430821078-42/text'
16:01:56.897 [AsyncHttpClient-1-2] DEBUG org.asynchttpclient.netty.handler.HttpHandler - 

Request DefaultFullHttpRequest(decodeResult: success, version: HTTP/1.1, content: EmptyByteBufBE)
GET /session/3e4951c79d2ede6566ce6a8f9cc5332f/element/0.330135430821078-42/text HTTP/1.1
User-Agent: selenium/4.0.0-alpha-7 (java windows)
Cache-Control: no-cache
Content-Type: application/json; charset=utf-8
host: localhost:1448
accept: */*

Response DefaultHttpResponse(decodeResult: success, version: HTTP/1.1)
HTTP/1.1 200 OK
Content-Length: 75
Content-Type: application/json; charset=utf-8

16:01:56.897 [AsyncHttpClient-1-2] DEBUG org.asynchttpclient.netty.channel.ChannelManager - Adding key: http://localhost:1448 for channel [id: 0x43daccbb, L:/127.0.0.1:53510 - R:localhost/127.0.0.1:1448]
16:01:56.898 [Forwarding findChildElement on session 3e4951c79d2ede6566ce6a8f9cc5332f to remote] DEBUG org.asynchttpclient.netty.request.NettyRequestSender - Using pooled Channel '[id: 0x43daccbb, L:/127.0.0.1:53510 - R:localhost/127.0.0.1:1448]' for 'POST' to 'http://localhost:1448/session/3e4951c79d2ede6566ce6a8f9cc5332f/element/0.330135430821078-42/element'
16:01:56.899 [Forwarding findChildElement on session 3e4951c79d2ede6566ce6a8f9cc5332f to remote] DEBUG org.asynchttpclient.netty.request.NettyRequestSender - Using open Channel [id: 0x43daccbb, L:/127.0.0.1:53510 - R:localhost/127.0.0.1:1448] for POST '/session/3e4951c79d2ede6566ce6a8f9cc5332f/element/0.330135430821078-42/element'
16:01:56.924 [AsyncHttpClient-1-2] DEBUG org.asynchttpclient.netty.handler.HttpHandler - 

Request DefaultHttpRequest(decodeResult: success, version: HTTP/1.1)
POST /session/3e4951c79d2ede6566ce6a8f9cc5332f/element/0.330135430821078-42/element HTTP/1.1
User-Agent: selenium/4.0.0-alpha-7 (java windows)
Content-Length: 77
Content-Type: application/json; charset=utf-8
host: localhost:1448
accept: */*

Response DefaultHttpResponse(decodeResult: success, version: HTTP/1.1)
HTTP/1.1 200 OK
Content-Length: 103
Content-Type: application/json; charset=utf-8

16:01:56.924 [AsyncHttpClient-1-2] DEBUG org.asynchttpclient.netty.channel.ChannelManager - Adding key: http://localhost:1448 for channel [id: 0x43daccbb, L:/127.0.0.1:53510 - R:localhost/127.0.0.1:1448]
16:01:56.925 [Forwarding getElementAttribute on session 3e4951c79d2ede6566ce6a8f9cc5332f to remote] DEBUG org.asynchttpclient.netty.request.NettyRequestSender - Using pooled Channel '[id: 0x43daccbb, L:/127.0.0.1:53510 - R:localhost/127.0.0.1:1448]' for 'GET' to 'http://localhost:1448/session/3e4951c79d2ede6566ce6a8f9cc5332f/element/0.330135430821078-109/attribute/value'
16:01:56.925 [Forwarding getElementAttribute on session 3e4951c79d2ede6566ce6a8f9cc5332f to remote] DEBUG org.asynchttpclient.netty.request.NettyRequestSender - Using open Channel [id: 0x43daccbb, L:/127.0.0.1:53510 - R:localhost/127.0.0.1:1448] for GET '/session/3e4951c79d2ede6566ce6a8f9cc5332f/element/0.330135430821078-109/attribute/value'
16:01:56.936 [AsyncHttpClient-1-2] DEBUG org.asynchttpclient.netty.handler.HttpHandler - 

Request DefaultFullHttpRequest(decodeResult: success, version: HTTP/1.1, content: EmptyByteBufBE)
GET /session/3e4951c79d2ede6566ce6a8f9cc5332f/element/0.330135430821078-109/attribute/value HTTP/1.1
User-Agent: selenium/4.0.0-alpha-7 (java windows)
Cache-Control: no-cache
Content-Type: application/json; charset=utf-8
host: localhost:1448
accept: */*

Response DefaultHttpResponse(decodeResult: success, version: HTTP/1.1)
HTTP/1.1 200 OK
Content-Length: 72
Content-Type: application/json; charset=utf-8

16:01:56.936 [AsyncHttpClient-1-2] DEBUG org.asynchttpclient.netty.channel.ChannelManager - Adding key: http://localhost:1448 for channel [id: 0x43daccbb, L:/127.0.0.1:53510 - R:localhost/127.0.0.1:1448]
16:01:56.938 [Forwarding getElementText on session 3e4951c79d2ede6566ce6a8f9cc5332f to remote] DEBUG org.asynchttpclient.netty.request.NettyRequestSender - Using pooled Channel '[id: 0x43daccbb, L:/127.0.0.1:53510 - R:localhost/127.0.0.1:1448]' for 'GET' to 'http://localhost:1448/session/3e4951c79d2ede6566ce6a8f9cc5332f/element/0.330135430821078-43/text'
16:01:56.939 [Forwarding getElementText on session 3e4951c79d2ede6566ce6a8f9cc5332f to remote] DEBUG org.asynchttpclient.netty.request.NettyRequestSender - Using open Channel [id: 0x43daccbb, L:/127.0.0.1:53510 - R:localhost/127.0.0.1:1448] for GET '/session/3e4951c79d2ede6566ce6a8f9cc5332f/element/0.330135430821078-43/text'
16:01:56.958 [AsyncHttpClient-1-2] DEBUG org.asynchttpclient.netty.handler.HttpHandler - 

Request DefaultFullHttpRequest(decodeResult: success, version: HTTP/1.1, content: EmptyByteBufBE)
GET /session/3e4951c79d2ede6566ce6a8f9cc5332f/element/0.330135430821078-43/text HTTP/1.1
User-Agent: selenium/4.0.0-alpha-7 (java windows)
Cache-Control: no-cache
Content-Type: application/json; charset=utf-8
host: localhost:1448
accept: */*

Response DefaultHttpResponse(decodeResult: success, version: HTTP/1.1)
HTTP/1.1 200 OK
Content-Length: 75
Content-Type: application/json; charset=utf-8

16:01:56.958 [AsyncHttpClient-1-2] DEBUG org.asynchttpclient.netty.channel.ChannelManager - Adding key: http://localhost:1448 for channel [id: 0x43daccbb, L:/127.0.0.1:53510 - R:localhost/127.0.0.1:1448]
16:01:56.960 [Forwarding findChildElement on session 3e4951c79d2ede6566ce6a8f9cc5332f to remote] DEBUG org.asynchttpclient.netty.request.NettyRequestSender - Using pooled Channel '[id: 0x43daccbb, L:/127.0.0.1:53510 - R:localhost/127.0.0.1:1448]' for 'POST' to 'http://localhost:1448/session/3e4951c79d2ede6566ce6a8f9cc5332f/element/0.330135430821078-43/element'
16:01:56.960 [Forwarding findChildElement on session 3e4951c79d2ede6566ce6a8f9cc5332f to remote] DEBUG org.asynchttpclient.netty.request.NettyRequestSender - Using open Channel [id: 0x43daccbb, L:/127.0.0.1:53510 - R:localhost/127.0.0.1:1448] for POST '/session/3e4951c79d2ede6566ce6a8f9cc5332f/element/0.330135430821078-43/element'
16:01:56.976 [AsyncHttpClient-1-2] DEBUG org.asynchttpclient.netty.handler.HttpHandler - 

Request DefaultHttpRequest(decodeResult: success, version: HTTP/1.1)
POST /session/3e4951c79d2ede6566ce6a8f9cc5332f/element/0.330135430821078-43/element HTTP/1.1
User-Agent: selenium/4.0.0-alpha-7 (java windows)
Content-Length: 77
Content-Type: application/json; charset=utf-8
host: localhost:1448
accept: */*

Response DefaultHttpResponse(decodeResult: success, version: HTTP/1.1)
HTTP/1.1 200 OK
Content-Length: 103
Content-Type: application/json; charset=utf-8

16:01:56.976 [AsyncHttpClient-1-2] DEBUG org.asynchttpclient.netty.channel.ChannelManager - Adding key: http://localhost:1448 for channel [id: 0x43daccbb, L:/127.0.0.1:53510 - R:localhost/127.0.0.1:1448]
16:01:56.977 [Forwarding getElementAttribute on session 3e4951c79d2ede6566ce6a8f9cc5332f to remote] DEBUG org.asynchttpclient.netty.request.NettyRequestSender - Using pooled Channel '[id: 0x43daccbb, L:/127.0.0.1:53510 - R:localhost/127.0.0.1:1448]' for 'GET' to 'http://localhost:1448/session/3e4951c79d2ede6566ce6a8f9cc5332f/element/0.330135430821078-110/attribute/value'
16:01:56.977 [Forwarding getElementAttribute on session 3e4951c79d2ede6566ce6a8f9cc5332f to remote] DEBUG org.asynchttpclient.netty.request.NettyRequestSender - Using open Channel [id: 0x43daccbb, L:/127.0.0.1:53510 - R:localhost/127.0.0.1:1448] for GET '/session/3e4951c79d2ede6566ce6a8f9cc5332f/element/0.330135430821078-110/attribute/value'
16:01:56.991 [AsyncHttpClient-1-2] DEBUG org.asynchttpclient.netty.handler.HttpHandler - 

Request DefaultFullHttpRequest(decodeResult: success, version: HTTP/1.1, content: EmptyByteBufBE)
GET /session/3e4951c79d2ede6566ce6a8f9cc5332f/element/0.330135430821078-110/attribute/value HTTP/1.1
User-Agent: selenium/4.0.0-alpha-7 (java windows)
Cache-Control: no-cache
Content-Type: application/json; charset=utf-8
host: localhost:1448
accept: */*

Response DefaultHttpResponse(decodeResult: success, version: HTTP/1.1)
HTTP/1.1 200 OK
Content-Length: 72
Content-Type: application/json; charset=utf-8

16:01:56.991 [AsyncHttpClient-1-2] DEBUG org.asynchttpclient.netty.channel.ChannelManager - Adding key: http://localhost:1448 for channel [id: 0x43daccbb, L:/127.0.0.1:53510 - R:localhost/127.0.0.1:1448]
16:01:56.992 [Forwarding getElementText on session 3e4951c79d2ede6566ce6a8f9cc5332f to remote] DEBUG org.asynchttpclient.netty.request.NettyRequestSender - Using pooled Channel '[id: 0x43daccbb, L:/127.0.0.1:53510 - R:localhost/127.0.0.1:1448]' for 'GET' to 'http://localhost:1448/session/3e4951c79d2ede6566ce6a8f9cc5332f/element/0.330135430821078-44/text'
16:01:56.992 [Forwarding getElementText on session 3e4951c79d2ede6566ce6a8f9cc5332f to remote] DEBUG org.asynchttpclient.netty.request.NettyRequestSender - Using open Channel [id: 0x43daccbb, L:/127.0.0.1:53510 - R:localhost/127.0.0.1:1448] for GET '/session/3e4951c79d2ede6566ce6a8f9cc5332f/element/0.330135430821078-44/text'
16:01:57.009 [AsyncHttpClient-1-2] DEBUG org.asynchttpclient.netty.handler.HttpHandler - 

Request DefaultFullHttpRequest(decodeResult: success, version: HTTP/1.1, content: EmptyByteBufBE)
GET /session/3e4951c79d2ede6566ce6a8f9cc5332f/element/0.330135430821078-44/text HTTP/1.1
User-Agent: selenium/4.0.0-alpha-7 (java windows)
Cache-Control: no-cache
Content-Type: application/json; charset=utf-8
host: localhost:1448
accept: */*

Response DefaultHttpResponse(decodeResult: success, version: HTTP/1.1)
HTTP/1.1 200 OK
Content-Length: 75
Content-Type: application/json; charset=utf-8

16:01:57.009 [AsyncHttpClient-1-2] DEBUG org.asynchttpclient.netty.channel.ChannelManager - Adding key: http://localhost:1448 for channel [id: 0x43daccbb, L:/127.0.0.1:53510 - R:localhost/127.0.0.1:1448]
16:01:57.011 [Forwarding findChildElement on session 3e4951c79d2ede6566ce6a8f9cc5332f to remote] DEBUG org.asynchttpclient.netty.request.NettyRequestSender - Using pooled Channel '[id: 0x43daccbb, L:/127.0.0.1:53510 - R:localhost/127.0.0.1:1448]' for 'POST' to 'http://localhost:1448/session/3e4951c79d2ede6566ce6a8f9cc5332f/element/0.330135430821078-44/element'
16:01:57.011 [Forwarding findChildElement on session 3e4951c79d2ede6566ce6a8f9cc5332f to remote] DEBUG org.asynchttpclient.netty.request.NettyRequestSender - Using open Channel [id: 0x43daccbb, L:/127.0.0.1:53510 - R:localhost/127.0.0.1:1448] for POST '/session/3e4951c79d2ede6566ce6a8f9cc5332f/element/0.330135430821078-44/element'
16:01:57.027 [AsyncHttpClient-1-2] DEBUG org.asynchttpclient.netty.handler.HttpHandler - 

Request DefaultHttpRequest(decodeResult: success, version: HTTP/1.1)
POST /session/3e4951c79d2ede6566ce6a8f9cc5332f/element/0.330135430821078-44/element HTTP/1.1
User-Agent: selenium/4.0.0-alpha-7 (java windows)
Content-Length: 77
Content-Type: application/json; charset=utf-8
host: localhost:1448
accept: */*

Response DefaultHttpResponse(decodeResult: success, version: HTTP/1.1)
HTTP/1.1 200 OK
Content-Length: 103
Content-Type: application/json; charset=utf-8

16:01:57.027 [AsyncHttpClient-1-2] DEBUG org.asynchttpclient.netty.channel.ChannelManager - Adding key: http://localhost:1448 for channel [id: 0x43daccbb, L:/127.0.0.1:53510 - R:localhost/127.0.0.1:1448]
16:01:57.028 [Forwarding getElementAttribute on session 3e4951c79d2ede6566ce6a8f9cc5332f to remote] DEBUG org.asynchttpclient.netty.request.NettyRequestSender - Using pooled Channel '[id: 0x43daccbb, L:/127.0.0.1:53510 - R:localhost/127.0.0.1:1448]' for 'GET' to 'http://localhost:1448/session/3e4951c79d2ede6566ce6a8f9cc5332f/element/0.330135430821078-111/attribute/value'
16:01:57.028 [Forwarding getElementAttribute on session 3e4951c79d2ede6566ce6a8f9cc5332f to remote] DEBUG org.asynchttpclient.netty.request.NettyRequestSender - Using open Channel [id: 0x43daccbb, L:/127.0.0.1:53510 - R:localhost/127.0.0.1:1448] for GET '/session/3e4951c79d2ede6566ce6a8f9cc5332f/element/0.330135430821078-111/attribute/value'
16:01:57.042 [AsyncHttpClient-1-2] DEBUG org.asynchttpclient.netty.handler.HttpHandler - 

Request DefaultFullHttpRequest(decodeResult: success, version: HTTP/1.1, content: EmptyByteBufBE)
GET /session/3e4951c79d2ede6566ce6a8f9cc5332f/element/0.330135430821078-111/attribute/value HTTP/1.1
User-Agent: selenium/4.0.0-alpha-7 (java windows)
Cache-Control: no-cache
Content-Type: application/json; charset=utf-8
host: localhost:1448
accept: */*

Response DefaultHttpResponse(decodeResult: success, version: HTTP/1.1)
HTTP/1.1 200 OK
Content-Length: 72
Content-Type: application/json; charset=utf-8

16:01:57.042 [AsyncHttpClient-1-2] DEBUG org.asynchttpclient.netty.channel.ChannelManager - Adding key: http://localhost:1448 for channel [id: 0x43daccbb, L:/127.0.0.1:53510 - R:localhost/127.0.0.1:1448]
16:01:57.044 [Forwarding getElementText on session 3e4951c79d2ede6566ce6a8f9cc5332f to remote] DEBUG org.asynchttpclient.netty.request.NettyRequestSender - Using pooled Channel '[id: 0x43daccbb, L:/127.0.0.1:53510 - R:localhost/127.0.0.1:1448]' for 'GET' to 'http://localhost:1448/session/3e4951c79d2ede6566ce6a8f9cc5332f/element/0.330135430821078-45/text'
16:01:57.044 [Forwarding getElementText on session 3e4951c79d2ede6566ce6a8f9cc5332f to remote] DEBUG org.asynchttpclient.netty.request.NettyRequestSender - Using open Channel [id: 0x43daccbb, L:/127.0.0.1:53510 - R:localhost/127.0.0.1:1448] for GET '/session/3e4951c79d2ede6566ce6a8f9cc5332f/element/0.330135430821078-45/text'
16:01:57.061 [AsyncHttpClient-1-2] DEBUG org.asynchttpclient.netty.handler.HttpHandler - 

Request DefaultFullHttpRequest(decodeResult: success, version: HTTP/1.1, content: EmptyByteBufBE)
GET /session/3e4951c79d2ede6566ce6a8f9cc5332f/element/0.330135430821078-45/text HTTP/1.1
User-Agent: selenium/4.0.0-alpha-7 (java windows)
Cache-Control: no-cache
Content-Type: application/json; charset=utf-8
host: localhost:1448
accept: */*

Response DefaultHttpResponse(decodeResult: success, version: HTTP/1.1)
HTTP/1.1 200 OK
Content-Length: 75
Content-Type: application/json; charset=utf-8

16:01:57.061 [AsyncHttpClient-1-2] DEBUG org.asynchttpclient.netty.channel.ChannelManager - Adding key: http://localhost:1448 for channel [id: 0x43daccbb, L:/127.0.0.1:53510 - R:localhost/127.0.0.1:1448]
16:01:57.063 [Forwarding findChildElement on session 3e4951c79d2ede6566ce6a8f9cc5332f to remote] DEBUG org.asynchttpclient.netty.request.NettyRequestSender - Using pooled Channel '[id: 0x43daccbb, L:/127.0.0.1:53510 - R:localhost/127.0.0.1:1448]' for 'POST' to 'http://localhost:1448/session/3e4951c79d2ede6566ce6a8f9cc5332f/element/0.330135430821078-45/element'
16:01:57.063 [Forwarding findChildElement on session 3e4951c79d2ede6566ce6a8f9cc5332f to remote] DEBUG org.asynchttpclient.netty.request.NettyRequestSender - Using open Channel [id: 0x43daccbb, L:/127.0.0.1:53510 - R:localhost/127.0.0.1:1448] for POST '/session/3e4951c79d2ede6566ce6a8f9cc5332f/element/0.330135430821078-45/element'
16:01:57.078 [AsyncHttpClient-1-2] DEBUG org.asynchttpclient.netty.handler.HttpHandler - 

Request DefaultHttpRequest(decodeResult: success, version: HTTP/1.1)
POST /session/3e4951c79d2ede6566ce6a8f9cc5332f/element/0.330135430821078-45/element HTTP/1.1
User-Agent: selenium/4.0.0-alpha-7 (java windows)
Content-Length: 77
Content-Type: application/json; charset=utf-8
host: localhost:1448
accept: */*

Response DefaultHttpResponse(decodeResult: success, version: HTTP/1.1)
HTTP/1.1 200 OK
Content-Length: 103
Content-Type: application/json; charset=utf-8

16:01:57.079 [AsyncHttpClient-1-2] DEBUG org.asynchttpclient.netty.channel.ChannelManager - Adding key: http://localhost:1448 for channel [id: 0x43daccbb, L:/127.0.0.1:53510 - R:localhost/127.0.0.1:1448]
16:01:57.080 [Forwarding getElementAttribute on session 3e4951c79d2ede6566ce6a8f9cc5332f to remote] DEBUG org.asynchttpclient.netty.request.NettyRequestSender - Using pooled Channel '[id: 0x43daccbb, L:/127.0.0.1:53510 - R:localhost/127.0.0.1:1448]' for 'GET' to 'http://localhost:1448/session/3e4951c79d2ede6566ce6a8f9cc5332f/element/0.330135430821078-112/attribute/value'
16:01:57.080 [Forwarding getElementAttribute on session 3e4951c79d2ede6566ce6a8f9cc5332f to remote] DEBUG org.asynchttpclient.netty.request.NettyRequestSender - Using open Channel [id: 0x43daccbb, L:/127.0.0.1:53510 - R:localhost/127.0.0.1:1448] for GET '/session/3e4951c79d2ede6566ce6a8f9cc5332f/element/0.330135430821078-112/attribute/value'
16:01:57.096 [AsyncHttpClient-1-2] DEBUG org.asynchttpclient.netty.handler.HttpHandler - 

Request DefaultFullHttpRequest(decodeResult: success, version: HTTP/1.1, content: EmptyByteBufBE)
GET /session/3e4951c79d2ede6566ce6a8f9cc5332f/element/0.330135430821078-112/attribute/value HTTP/1.1
User-Agent: selenium/4.0.0-alpha-7 (java windows)
Cache-Control: no-cache
Content-Type: application/json; charset=utf-8
host: localhost:1448
accept: */*

Response DefaultHttpResponse(decodeResult: success, version: HTTP/1.1)
HTTP/1.1 200 OK
Content-Length: 72
Content-Type: application/json; charset=utf-8

16:01:57.096 [AsyncHttpClient-1-2] DEBUG org.asynchttpclient.netty.channel.ChannelManager - Adding key: http://localhost:1448 for channel [id: 0x43daccbb, L:/127.0.0.1:53510 - R:localhost/127.0.0.1:1448]
16:01:57.096 [Forwarding getElementText on session 3e4951c79d2ede6566ce6a8f9cc5332f to remote] DEBUG org.asynchttpclient.netty.request.NettyRequestSender - Using pooled Channel '[id: 0x43daccbb, L:/127.0.0.1:53510 - R:localhost/127.0.0.1:1448]' for 'GET' to 'http://localhost:1448/session/3e4951c79d2ede6566ce6a8f9cc5332f/element/0.330135430821078-46/text'
16:01:57.096 [Forwarding getElementText on session 3e4951c79d2ede6566ce6a8f9cc5332f to remote] DEBUG org.asynchttpclient.netty.request.NettyRequestSender - Using open Channel [id: 0x43daccbb, L:/127.0.0.1:53510 - R:localhost/127.0.0.1:1448] for GET '/session/3e4951c79d2ede6566ce6a8f9cc5332f/element/0.330135430821078-46/text'
16:01:57.113 [AsyncHttpClient-1-2] DEBUG org.asynchttpclient.netty.handler.HttpHandler - 

Request DefaultFullHttpRequest(decodeResult: success, version: HTTP/1.1, content: EmptyByteBufBE)
GET /session/3e4951c79d2ede6566ce6a8f9cc5332f/element/0.330135430821078-46/text HTTP/1.1
User-Agent: selenium/4.0.0-alpha-7 (java windows)
Cache-Control: no-cache
Content-Type: application/json; charset=utf-8
host: localhost:1448
accept: */*

Response DefaultHttpResponse(decodeResult: success, version: HTTP/1.1)
HTTP/1.1 200 OK
Content-Length: 75
Content-Type: application/json; charset=utf-8

16:01:57.114 [AsyncHttpClient-1-2] DEBUG org.asynchttpclient.netty.channel.ChannelManager - Adding key: http://localhost:1448 for channel [id: 0x43daccbb, L:/127.0.0.1:53510 - R:localhost/127.0.0.1:1448]
16:01:57.114 [Forwarding findChildElement on session 3e4951c79d2ede6566ce6a8f9cc5332f to remote] DEBUG org.asynchttpclient.netty.request.NettyRequestSender - Using pooled Channel '[id: 0x43daccbb, L:/127.0.0.1:53510 - R:localhost/127.0.0.1:1448]' for 'POST' to 'http://localhost:1448/session/3e4951c79d2ede6566ce6a8f9cc5332f/element/0.330135430821078-46/element'
16:01:57.114 [Forwarding findChildElement on session 3e4951c79d2ede6566ce6a8f9cc5332f to remote] DEBUG org.asynchttpclient.netty.request.NettyRequestSender - Using open Channel [id: 0x43daccbb, L:/127.0.0.1:53510 - R:localhost/127.0.0.1:1448] for POST '/session/3e4951c79d2ede6566ce6a8f9cc5332f/element/0.330135430821078-46/element'
16:01:57.129 [AsyncHttpClient-1-2] DEBUG org.asynchttpclient.netty.handler.HttpHandler - 

Request DefaultHttpRequest(decodeResult: success, version: HTTP/1.1)
POST /session/3e4951c79d2ede6566ce6a8f9cc5332f/element/0.330135430821078-46/element HTTP/1.1
User-Agent: selenium/4.0.0-alpha-7 (java windows)
Content-Length: 77
Content-Type: application/json; charset=utf-8
host: localhost:1448
accept: */*

Response DefaultHttpResponse(decodeResult: success, version: HTTP/1.1)
HTTP/1.1 200 OK
Content-Length: 103
Content-Type: application/json; charset=utf-8

16:01:57.129 [AsyncHttpClient-1-2] DEBUG org.asynchttpclient.netty.channel.ChannelManager - Adding key: http://localhost:1448 for channel [id: 0x43daccbb, L:/127.0.0.1:53510 - R:localhost/127.0.0.1:1448]
16:01:57.130 [Forwarding getElementAttribute on session 3e4951c79d2ede6566ce6a8f9cc5332f to remote] DEBUG org.asynchttpclient.netty.request.NettyRequestSender - Using pooled Channel '[id: 0x43daccbb, L:/127.0.0.1:53510 - R:localhost/127.0.0.1:1448]' for 'GET' to 'http://localhost:1448/session/3e4951c79d2ede6566ce6a8f9cc5332f/element/0.330135430821078-113/attribute/value'
16:01:57.130 [Forwarding getElementAttribute on session 3e4951c79d2ede6566ce6a8f9cc5332f to remote] DEBUG org.asynchttpclient.netty.request.NettyRequestSender - Using open Channel [id: 0x43daccbb, L:/127.0.0.1:53510 - R:localhost/127.0.0.1:1448] for GET '/session/3e4951c79d2ede6566ce6a8f9cc5332f/element/0.330135430821078-113/attribute/value'
16:01:57.142 [AsyncHttpClient-1-2] DEBUG org.asynchttpclient.netty.handler.HttpHandler - 

Request DefaultFullHttpRequest(decodeResult: success, version: HTTP/1.1, content: EmptyByteBufBE)
GET /session/3e4951c79d2ede6566ce6a8f9cc5332f/element/0.330135430821078-113/attribute/value HTTP/1.1
User-Agent: selenium/4.0.0-alpha-7 (java windows)
Cache-Control: no-cache
Content-Type: application/json; charset=utf-8
host: localhost:1448
accept: */*

Response DefaultHttpResponse(decodeResult: success, version: HTTP/1.1)
HTTP/1.1 200 OK
Content-Length: 72
Content-Type: application/json; charset=utf-8

16:01:57.142 [AsyncHttpClient-1-2] DEBUG org.asynchttpclient.netty.channel.ChannelManager - Adding key: http://localhost:1448 for channel [id: 0x43daccbb, L:/127.0.0.1:53510 - R:localhost/127.0.0.1:1448]
16:01:57.144 [Forwarding getElementText on session 3e4951c79d2ede6566ce6a8f9cc5332f to remote] DEBUG org.asynchttpclient.netty.request.NettyRequestSender - Using pooled Channel '[id: 0x43daccbb, L:/127.0.0.1:53510 - R:localhost/127.0.0.1:1448]' for 'GET' to 'http://localhost:1448/session/3e4951c79d2ede6566ce6a8f9cc5332f/element/0.330135430821078-47/text'
16:01:57.144 [Forwarding getElementText on session 3e4951c79d2ede6566ce6a8f9cc5332f to remote] DEBUG org.asynchttpclient.netty.request.NettyRequestSender - Using open Channel [id: 0x43daccbb, L:/127.0.0.1:53510 - R:localhost/127.0.0.1:1448] for GET '/session/3e4951c79d2ede6566ce6a8f9cc5332f/element/0.330135430821078-47/text'
16:01:57.161 [AsyncHttpClient-1-2] DEBUG org.asynchttpclient.netty.handler.HttpHandler - 

Request DefaultFullHttpRequest(decodeResult: success, version: HTTP/1.1, content: EmptyByteBufBE)
GET /session/3e4951c79d2ede6566ce6a8f9cc5332f/element/0.330135430821078-47/text HTTP/1.1
User-Agent: selenium/4.0.0-alpha-7 (java windows)
Cache-Control: no-cache
Content-Type: application/json; charset=utf-8
host: localhost:1448
accept: */*

Response DefaultHttpResponse(decodeResult: success, version: HTTP/1.1)
HTTP/1.1 200 OK
Content-Length: 75
Content-Type: application/json; charset=utf-8

16:01:57.162 [AsyncHttpClient-1-2] DEBUG org.asynchttpclient.netty.channel.ChannelManager - Adding key: http://localhost:1448 for channel [id: 0x43daccbb, L:/127.0.0.1:53510 - R:localhost/127.0.0.1:1448]
16:01:57.162 [Forwarding findChildElement on session 3e4951c79d2ede6566ce6a8f9cc5332f to remote] DEBUG org.asynchttpclient.netty.request.NettyRequestSender - Using pooled Channel '[id: 0x43daccbb, L:/127.0.0.1:53510 - R:localhost/127.0.0.1:1448]' for 'POST' to 'http://localhost:1448/session/3e4951c79d2ede6566ce6a8f9cc5332f/element/0.330135430821078-47/element'
16:01:57.162 [Forwarding findChildElement on session 3e4951c79d2ede6566ce6a8f9cc5332f to remote] DEBUG org.asynchttpclient.netty.request.NettyRequestSender - Using open Channel [id: 0x43daccbb, L:/127.0.0.1:53510 - R:localhost/127.0.0.1:1448] for POST '/session/3e4951c79d2ede6566ce6a8f9cc5332f/element/0.330135430821078-47/element'
16:01:57.178 [AsyncHttpClient-1-2] DEBUG org.asynchttpclient.netty.handler.HttpHandler - 

Request DefaultHttpRequest(decodeResult: success, version: HTTP/1.1)
POST /session/3e4951c79d2ede6566ce6a8f9cc5332f/element/0.330135430821078-47/element HTTP/1.1
User-Agent: selenium/4.0.0-alpha-7 (java windows)
Content-Length: 77
Content-Type: application/json; charset=utf-8
host: localhost:1448
accept: */*

Response DefaultHttpResponse(decodeResult: success, version: HTTP/1.1)
HTTP/1.1 200 OK
Content-Length: 103
Content-Type: application/json; charset=utf-8

16:01:57.178 [AsyncHttpClient-1-2] DEBUG org.asynchttpclient.netty.channel.ChannelManager - Adding key: http://localhost:1448 for channel [id: 0x43daccbb, L:/127.0.0.1:53510 - R:localhost/127.0.0.1:1448]
16:01:57.179 [Forwarding getElementAttribute on session 3e4951c79d2ede6566ce6a8f9cc5332f to remote] DEBUG org.asynchttpclient.netty.request.NettyRequestSender - Using pooled Channel '[id: 0x43daccbb, L:/127.0.0.1:53510 - R:localhost/127.0.0.1:1448]' for 'GET' to 'http://localhost:1448/session/3e4951c79d2ede6566ce6a8f9cc5332f/element/0.330135430821078-114/attribute/value'
16:01:57.179 [Forwarding getElementAttribute on session 3e4951c79d2ede6566ce6a8f9cc5332f to remote] DEBUG org.asynchttpclient.netty.request.NettyRequestSender - Using open Channel [id: 0x43daccbb, L:/127.0.0.1:53510 - R:localhost/127.0.0.1:1448] for GET '/session/3e4951c79d2ede6566ce6a8f9cc5332f/element/0.330135430821078-114/attribute/value'
16:01:57.191 [AsyncHttpClient-1-2] DEBUG org.asynchttpclient.netty.handler.HttpHandler - 

Request DefaultFullHttpRequest(decodeResult: success, version: HTTP/1.1, content: EmptyByteBufBE)
GET /session/3e4951c79d2ede6566ce6a8f9cc5332f/element/0.330135430821078-114/attribute/value HTTP/1.1
User-Agent: selenium/4.0.0-alpha-7 (java windows)
Cache-Control: no-cache
Content-Type: application/json; charset=utf-8
host: localhost:1448
accept: */*

Response DefaultHttpResponse(decodeResult: success, version: HTTP/1.1)
HTTP/1.1 200 OK
Content-Length: 72
Content-Type: application/json; charset=utf-8

16:01:57.191 [AsyncHttpClient-1-2] DEBUG org.asynchttpclient.netty.channel.ChannelManager - Adding key: http://localhost:1448 for channel [id: 0x43daccbb, L:/127.0.0.1:53510 - R:localhost/127.0.0.1:1448]
16:01:57.193 [Forwarding getElementText on session 3e4951c79d2ede6566ce6a8f9cc5332f to remote] DEBUG org.asynchttpclient.netty.request.NettyRequestSender - Using pooled Channel '[id: 0x43daccbb, L:/127.0.0.1:53510 - R:localhost/127.0.0.1:1448]' for 'GET' to 'http://localhost:1448/session/3e4951c79d2ede6566ce6a8f9cc5332f/element/0.330135430821078-48/text'
16:01:57.193 [Forwarding getElementText on session 3e4951c79d2ede6566ce6a8f9cc5332f to remote] DEBUG org.asynchttpclient.netty.request.NettyRequestSender - Using open Channel [id: 0x43daccbb, L:/127.0.0.1:53510 - R:localhost/127.0.0.1:1448] for GET '/session/3e4951c79d2ede6566ce6a8f9cc5332f/element/0.330135430821078-48/text'
16:01:57.211 [AsyncHttpClient-1-2] DEBUG org.asynchttpclient.netty.handler.HttpHandler - 

Request DefaultFullHttpRequest(decodeResult: success, version: HTTP/1.1, content: EmptyByteBufBE)
GET /session/3e4951c79d2ede6566ce6a8f9cc5332f/element/0.330135430821078-48/text HTTP/1.1
User-Agent: selenium/4.0.0-alpha-7 (java windows)
Cache-Control: no-cache
Content-Type: application/json; charset=utf-8
host: localhost:1448
accept: */*

Response DefaultHttpResponse(decodeResult: success, version: HTTP/1.1)
HTTP/1.1 200 OK
Content-Length: 75
Content-Type: application/json; charset=utf-8

16:01:57.212 [AsyncHttpClient-1-2] DEBUG org.asynchttpclient.netty.channel.ChannelManager - Adding key: http://localhost:1448 for channel [id: 0x43daccbb, L:/127.0.0.1:53510 - R:localhost/127.0.0.1:1448]
16:01:57.213 [Forwarding findChildElement on session 3e4951c79d2ede6566ce6a8f9cc5332f to remote] DEBUG org.asynchttpclient.netty.request.NettyRequestSender - Using pooled Channel '[id: 0x43daccbb, L:/127.0.0.1:53510 - R:localhost/127.0.0.1:1448]' for 'POST' to 'http://localhost:1448/session/3e4951c79d2ede6566ce6a8f9cc5332f/element/0.330135430821078-48/element'
16:01:57.213 [Forwarding findChildElement on session 3e4951c79d2ede6566ce6a8f9cc5332f to remote] DEBUG org.asynchttpclient.netty.request.NettyRequestSender - Using open Channel [id: 0x43daccbb, L:/127.0.0.1:53510 - R:localhost/127.0.0.1:1448] for POST '/session/3e4951c79d2ede6566ce6a8f9cc5332f/element/0.330135430821078-48/element'
16:01:57.243 [AsyncHttpClient-1-2] DEBUG org.asynchttpclient.netty.handler.HttpHandler - 

Request DefaultHttpRequest(decodeResult: success, version: HTTP/1.1)
POST /session/3e4951c79d2ede6566ce6a8f9cc5332f/element/0.330135430821078-48/element HTTP/1.1
User-Agent: selenium/4.0.0-alpha-7 (java windows)
Content-Length: 77
Content-Type: application/json; charset=utf-8
host: localhost:1448
accept: */*

Response DefaultHttpResponse(decodeResult: success, version: HTTP/1.1)
HTTP/1.1 200 OK
Content-Length: 103
Content-Type: application/json; charset=utf-8

16:01:57.243 [AsyncHttpClient-1-2] DEBUG org.asynchttpclient.netty.channel.ChannelManager - Adding key: http://localhost:1448 for channel [id: 0x43daccbb, L:/127.0.0.1:53510 - R:localhost/127.0.0.1:1448]
16:01:57.244 [Forwarding getElementAttribute on session 3e4951c79d2ede6566ce6a8f9cc5332f to remote] DEBUG org.asynchttpclient.netty.request.NettyRequestSender - Using pooled Channel '[id: 0x43daccbb, L:/127.0.0.1:53510 - R:localhost/127.0.0.1:1448]' for 'GET' to 'http://localhost:1448/session/3e4951c79d2ede6566ce6a8f9cc5332f/element/0.330135430821078-115/attribute/value'
16:01:57.244 [Forwarding getElementAttribute on session 3e4951c79d2ede6566ce6a8f9cc5332f to remote] DEBUG org.asynchttpclient.netty.request.NettyRequestSender - Using open Channel [id: 0x43daccbb, L:/127.0.0.1:53510 - R:localhost/127.0.0.1:1448] for GET '/session/3e4951c79d2ede6566ce6a8f9cc5332f/element/0.330135430821078-115/attribute/value'
16:01:57.264 [AsyncHttpClient-1-2] DEBUG org.asynchttpclient.netty.handler.HttpHandler - 

Request DefaultFullHttpRequest(decodeResult: success, version: HTTP/1.1, content: EmptyByteBufBE)
GET /session/3e4951c79d2ede6566ce6a8f9cc5332f/element/0.330135430821078-115/attribute/value HTTP/1.1
User-Agent: selenium/4.0.0-alpha-7 (java windows)
Cache-Control: no-cache
Content-Type: application/json; charset=utf-8
host: localhost:1448
accept: */*

Response DefaultHttpResponse(decodeResult: success, version: HTTP/1.1)
HTTP/1.1 200 OK
Content-Length: 72
Content-Type: application/json; charset=utf-8

16:01:57.265 [AsyncHttpClient-1-2] DEBUG org.asynchttpclient.netty.channel.ChannelManager - Adding key: http://localhost:1448 for channel [id: 0x43daccbb, L:/127.0.0.1:53510 - R:localhost/127.0.0.1:1448]
16:01:57.265 [Forwarding getElementText on session 3e4951c79d2ede6566ce6a8f9cc5332f to remote] DEBUG org.asynchttpclient.netty.request.NettyRequestSender - Using pooled Channel '[id: 0x43daccbb, L:/127.0.0.1:53510 - R:localhost/127.0.0.1:1448]' for 'GET' to 'http://localhost:1448/session/3e4951c79d2ede6566ce6a8f9cc5332f/element/0.330135430821078-49/text'
16:01:57.265 [Forwarding getElementText on session 3e4951c79d2ede6566ce6a8f9cc5332f to remote] DEBUG org.asynchttpclient.netty.request.NettyRequestSender - Using open Channel [id: 0x43daccbb, L:/127.0.0.1:53510 - R:localhost/127.0.0.1:1448] for GET '/session/3e4951c79d2ede6566ce6a8f9cc5332f/element/0.330135430821078-49/text'
16:01:57.291 [AsyncHttpClient-1-2] DEBUG org.asynchttpclient.netty.handler.HttpHandler - 

Request DefaultFullHttpRequest(decodeResult: success, version: HTTP/1.1, content: EmptyByteBufBE)
GET /session/3e4951c79d2ede6566ce6a8f9cc5332f/element/0.330135430821078-49/text HTTP/1.1
User-Agent: selenium/4.0.0-alpha-7 (java windows)
Cache-Control: no-cache
Content-Type: application/json; charset=utf-8
host: localhost:1448
accept: */*

Response DefaultHttpResponse(decodeResult: success, version: HTTP/1.1)
HTTP/1.1 200 OK
Content-Length: 75
Content-Type: application/json; charset=utf-8

16:01:57.292 [AsyncHttpClient-1-2] DEBUG org.asynchttpclient.netty.channel.ChannelManager - Adding key: http://localhost:1448 for channel [id: 0x43daccbb, L:/127.0.0.1:53510 - R:localhost/127.0.0.1:1448]
16:01:57.293 [Forwarding findChildElement on session 3e4951c79d2ede6566ce6a8f9cc5332f to remote] DEBUG org.asynchttpclient.netty.request.NettyRequestSender - Using pooled Channel '[id: 0x43daccbb, L:/127.0.0.1:53510 - R:localhost/127.0.0.1:1448]' for 'POST' to 'http://localhost:1448/session/3e4951c79d2ede6566ce6a8f9cc5332f/element/0.330135430821078-49/element'
16:01:57.293 [Forwarding findChildElement on session 3e4951c79d2ede6566ce6a8f9cc5332f to remote] DEBUG org.asynchttpclient.netty.request.NettyRequestSender - Using open Channel [id: 0x43daccbb, L:/127.0.0.1:53510 - R:localhost/127.0.0.1:1448] for POST '/session/3e4951c79d2ede6566ce6a8f9cc5332f/element/0.330135430821078-49/element'
16:01:57.309 [AsyncHttpClient-1-2] DEBUG org.asynchttpclient.netty.handler.HttpHandler - 

Request DefaultHttpRequest(decodeResult: success, version: HTTP/1.1)
POST /session/3e4951c79d2ede6566ce6a8f9cc5332f/element/0.330135430821078-49/element HTTP/1.1
User-Agent: selenium/4.0.0-alpha-7 (java windows)
Content-Length: 77
Content-Type: application/json; charset=utf-8
host: localhost:1448
accept: */*

Response DefaultHttpResponse(decodeResult: success, version: HTTP/1.1)
HTTP/1.1 200 OK
Content-Length: 103
Content-Type: application/json; charset=utf-8

16:01:57.309 [AsyncHttpClient-1-2] DEBUG org.asynchttpclient.netty.channel.ChannelManager - Adding key: http://localhost:1448 for channel [id: 0x43daccbb, L:/127.0.0.1:53510 - R:localhost/127.0.0.1:1448]
16:01:57.310 [Forwarding getElementAttribute on session 3e4951c79d2ede6566ce6a8f9cc5332f to remote] DEBUG org.asynchttpclient.netty.request.NettyRequestSender - Using pooled Channel '[id: 0x43daccbb, L:/127.0.0.1:53510 - R:localhost/127.0.0.1:1448]' for 'GET' to 'http://localhost:1448/session/3e4951c79d2ede6566ce6a8f9cc5332f/element/0.330135430821078-116/attribute/value'
16:01:57.310 [Forwarding getElementAttribute on session 3e4951c79d2ede6566ce6a8f9cc5332f to remote] DEBUG org.asynchttpclient.netty.request.NettyRequestSender - Using open Channel [id: 0x43daccbb, L:/127.0.0.1:53510 - R:localhost/127.0.0.1:1448] for GET '/session/3e4951c79d2ede6566ce6a8f9cc5332f/element/0.330135430821078-116/attribute/value'
16:01:57.324 [AsyncHttpClient-1-2] DEBUG org.asynchttpclient.netty.handler.HttpHandler - 

Request DefaultFullHttpRequest(decodeResult: success, version: HTTP/1.1, content: EmptyByteBufBE)
GET /session/3e4951c79d2ede6566ce6a8f9cc5332f/element/0.330135430821078-116/attribute/value HTTP/1.1
User-Agent: selenium/4.0.0-alpha-7 (java windows)
Cache-Control: no-cache
Content-Type: application/json; charset=utf-8
host: localhost:1448
accept: */*

Response DefaultHttpResponse(decodeResult: success, version: HTTP/1.1)
HTTP/1.1 200 OK
Content-Length: 72
Content-Type: application/json; charset=utf-8

16:01:57.324 [AsyncHttpClient-1-2] DEBUG org.asynchttpclient.netty.channel.ChannelManager - Adding key: http://localhost:1448 for channel [id: 0x43daccbb, L:/127.0.0.1:53510 - R:localhost/127.0.0.1:1448]
16:01:57.325 [Forwarding getElementText on session 3e4951c79d2ede6566ce6a8f9cc5332f to remote] DEBUG org.asynchttpclient.netty.request.NettyRequestSender - Using pooled Channel '[id: 0x43daccbb, L:/127.0.0.1:53510 - R:localhost/127.0.0.1:1448]' for 'GET' to 'http://localhost:1448/session/3e4951c79d2ede6566ce6a8f9cc5332f/element/0.330135430821078-50/text'
16:01:57.325 [Forwarding getElementText on session 3e4951c79d2ede6566ce6a8f9cc5332f to remote] DEBUG org.asynchttpclient.netty.request.NettyRequestSender - Using open Channel [id: 0x43daccbb, L:/127.0.0.1:53510 - R:localhost/127.0.0.1:1448] for GET '/session/3e4951c79d2ede6566ce6a8f9cc5332f/element/0.330135430821078-50/text'
16:01:57.342 [AsyncHttpClient-1-2] DEBUG org.asynchttpclient.netty.handler.HttpHandler - 

Request DefaultFullHttpRequest(decodeResult: success, version: HTTP/1.1, content: EmptyByteBufBE)
GET /session/3e4951c79d2ede6566ce6a8f9cc5332f/element/0.330135430821078-50/text HTTP/1.1
User-Agent: selenium/4.0.0-alpha-7 (java windows)
Cache-Control: no-cache
Content-Type: application/json; charset=utf-8
host: localhost:1448
accept: */*

Response DefaultHttpResponse(decodeResult: success, version: HTTP/1.1)
HTTP/1.1 200 OK
Content-Length: 75
Content-Type: application/json; charset=utf-8

16:01:57.342 [AsyncHttpClient-1-2] DEBUG org.asynchttpclient.netty.channel.ChannelManager - Adding key: http://localhost:1448 for channel [id: 0x43daccbb, L:/127.0.0.1:53510 - R:localhost/127.0.0.1:1448]
16:01:57.343 [Forwarding findChildElement on session 3e4951c79d2ede6566ce6a8f9cc5332f to remote] DEBUG org.asynchttpclient.netty.request.NettyRequestSender - Using pooled Channel '[id: 0x43daccbb, L:/127.0.0.1:53510 - R:localhost/127.0.0.1:1448]' for 'POST' to 'http://localhost:1448/session/3e4951c79d2ede6566ce6a8f9cc5332f/element/0.330135430821078-50/element'
16:01:57.343 [Forwarding findChildElement on session 3e4951c79d2ede6566ce6a8f9cc5332f to remote] DEBUG org.asynchttpclient.netty.request.NettyRequestSender - Using open Channel [id: 0x43daccbb, L:/127.0.0.1:53510 - R:localhost/127.0.0.1:1448] for POST '/session/3e4951c79d2ede6566ce6a8f9cc5332f/element/0.330135430821078-50/element'
16:01:57.362 [AsyncHttpClient-1-2] DEBUG org.asynchttpclient.netty.handler.HttpHandler - 

Request DefaultHttpRequest(decodeResult: success, version: HTTP/1.1)
POST /session/3e4951c79d2ede6566ce6a8f9cc5332f/element/0.330135430821078-50/element HTTP/1.1
User-Agent: selenium/4.0.0-alpha-7 (java windows)
Content-Length: 77
Content-Type: application/json; charset=utf-8
host: localhost:1448
accept: */*

Response DefaultHttpResponse(decodeResult: success, version: HTTP/1.1)
HTTP/1.1 200 OK
Content-Length: 103
Content-Type: application/json; charset=utf-8

16:01:57.362 [AsyncHttpClient-1-2] DEBUG org.asynchttpclient.netty.channel.ChannelManager - Adding key: http://localhost:1448 for channel [id: 0x43daccbb, L:/127.0.0.1:53510 - R:localhost/127.0.0.1:1448]
16:01:57.362 [Forwarding getElementAttribute on session 3e4951c79d2ede6566ce6a8f9cc5332f to remote] DEBUG org.asynchttpclient.netty.request.NettyRequestSender - Using pooled Channel '[id: 0x43daccbb, L:/127.0.0.1:53510 - R:localhost/127.0.0.1:1448]' for 'GET' to 'http://localhost:1448/session/3e4951c79d2ede6566ce6a8f9cc5332f/element/0.330135430821078-117/attribute/value'
16:01:57.362 [Forwarding getElementAttribute on session 3e4951c79d2ede6566ce6a8f9cc5332f to remote] DEBUG org.asynchttpclient.netty.request.NettyRequestSender - Using open Channel [id: 0x43daccbb, L:/127.0.0.1:53510 - R:localhost/127.0.0.1:1448] for GET '/session/3e4951c79d2ede6566ce6a8f9cc5332f/element/0.330135430821078-117/attribute/value'
16:01:57.373 [AsyncHttpClient-1-2] DEBUG org.asynchttpclient.netty.handler.HttpHandler - 

Request DefaultFullHttpRequest(decodeResult: success, version: HTTP/1.1, content: EmptyByteBufBE)
GET /session/3e4951c79d2ede6566ce6a8f9cc5332f/element/0.330135430821078-117/attribute/value HTTP/1.1
User-Agent: selenium/4.0.0-alpha-7 (java windows)
Cache-Control: no-cache
Content-Type: application/json; charset=utf-8
host: localhost:1448
accept: */*

Response DefaultHttpResponse(decodeResult: success, version: HTTP/1.1)
HTTP/1.1 200 OK
Content-Length: 72
Content-Type: application/json; charset=utf-8

16:01:57.373 [AsyncHttpClient-1-2] DEBUG org.asynchttpclient.netty.channel.ChannelManager - Adding key: http://localhost:1448 for channel [id: 0x43daccbb, L:/127.0.0.1:53510 - R:localhost/127.0.0.1:1448]
16:01:57.375 [Forwarding getElementText on session 3e4951c79d2ede6566ce6a8f9cc5332f to remote] DEBUG org.asynchttpclient.netty.request.NettyRequestSender - Using pooled Channel '[id: 0x43daccbb, L:/127.0.0.1:53510 - R:localhost/127.0.0.1:1448]' for 'GET' to 'http://localhost:1448/session/3e4951c79d2ede6566ce6a8f9cc5332f/element/0.330135430821078-51/text'
16:01:57.375 [Forwarding getElementText on session 3e4951c79d2ede6566ce6a8f9cc5332f to remote] DEBUG org.asynchttpclient.netty.request.NettyRequestSender - Using open Channel [id: 0x43daccbb, L:/127.0.0.1:53510 - R:localhost/127.0.0.1:1448] for GET '/session/3e4951c79d2ede6566ce6a8f9cc5332f/element/0.330135430821078-51/text'
16:01:57.388 [AsyncHttpClient-1-2] DEBUG org.asynchttpclient.netty.handler.HttpHandler - 

Request DefaultFullHttpRequest(decodeResult: success, version: HTTP/1.1, content: EmptyByteBufBE)
GET /session/3e4951c79d2ede6566ce6a8f9cc5332f/element/0.330135430821078-51/text HTTP/1.1
User-Agent: selenium/4.0.0-alpha-7 (java windows)
Cache-Control: no-cache
Content-Type: application/json; charset=utf-8
host: localhost:1448
accept: */*

Response DefaultHttpResponse(decodeResult: success, version: HTTP/1.1)
HTTP/1.1 200 OK
Content-Length: 75
Content-Type: application/json; charset=utf-8

16:01:57.389 [AsyncHttpClient-1-2] DEBUG org.asynchttpclient.netty.channel.ChannelManager - Adding key: http://localhost:1448 for channel [id: 0x43daccbb, L:/127.0.0.1:53510 - R:localhost/127.0.0.1:1448]
16:01:57.390 [Forwarding findChildElement on session 3e4951c79d2ede6566ce6a8f9cc5332f to remote] DEBUG org.asynchttpclient.netty.request.NettyRequestSender - Using pooled Channel '[id: 0x43daccbb, L:/127.0.0.1:53510 - R:localhost/127.0.0.1:1448]' for 'POST' to 'http://localhost:1448/session/3e4951c79d2ede6566ce6a8f9cc5332f/element/0.330135430821078-51/element'
16:01:57.390 [Forwarding findChildElement on session 3e4951c79d2ede6566ce6a8f9cc5332f to remote] DEBUG org.asynchttpclient.netty.request.NettyRequestSender - Using open Channel [id: 0x43daccbb, L:/127.0.0.1:53510 - R:localhost/127.0.0.1:1448] for POST '/session/3e4951c79d2ede6566ce6a8f9cc5332f/element/0.330135430821078-51/element'
16:01:57.399 [AsyncHttpClient-1-2] DEBUG org.asynchttpclient.netty.handler.HttpHandler - 

Request DefaultHttpRequest(decodeResult: success, version: HTTP/1.1)
POST /session/3e4951c79d2ede6566ce6a8f9cc5332f/element/0.330135430821078-51/element HTTP/1.1
User-Agent: selenium/4.0.0-alpha-7 (java windows)
Content-Length: 77
Content-Type: application/json; charset=utf-8
host: localhost:1448
accept: */*

Response DefaultHttpResponse(decodeResult: success, version: HTTP/1.1)
HTTP/1.1 200 OK
Content-Length: 103
Content-Type: application/json; charset=utf-8

16:01:57.399 [AsyncHttpClient-1-2] DEBUG org.asynchttpclient.netty.channel.ChannelManager - Adding key: http://localhost:1448 for channel [id: 0x43daccbb, L:/127.0.0.1:53510 - R:localhost/127.0.0.1:1448]
16:01:57.400 [Forwarding getElementAttribute on session 3e4951c79d2ede6566ce6a8f9cc5332f to remote] DEBUG org.asynchttpclient.netty.request.NettyRequestSender - Using pooled Channel '[id: 0x43daccbb, L:/127.0.0.1:53510 - R:localhost/127.0.0.1:1448]' for 'GET' to 'http://localhost:1448/session/3e4951c79d2ede6566ce6a8f9cc5332f/element/0.330135430821078-118/attribute/value'
16:01:57.400 [Forwarding getElementAttribute on session 3e4951c79d2ede6566ce6a8f9cc5332f to remote] DEBUG org.asynchttpclient.netty.request.NettyRequestSender - Using open Channel [id: 0x43daccbb, L:/127.0.0.1:53510 - R:localhost/127.0.0.1:1448] for GET '/session/3e4951c79d2ede6566ce6a8f9cc5332f/element/0.330135430821078-118/attribute/value'
16:01:57.411 [AsyncHttpClient-1-2] DEBUG org.asynchttpclient.netty.handler.HttpHandler - 

Request DefaultFullHttpRequest(decodeResult: success, version: HTTP/1.1, content: EmptyByteBufBE)
GET /session/3e4951c79d2ede6566ce6a8f9cc5332f/element/0.330135430821078-118/attribute/value HTTP/1.1
User-Agent: selenium/4.0.0-alpha-7 (java windows)
Cache-Control: no-cache
Content-Type: application/json; charset=utf-8
host: localhost:1448
accept: */*

Response DefaultHttpResponse(decodeResult: success, version: HTTP/1.1)
HTTP/1.1 200 OK
Content-Length: 72
Content-Type: application/json; charset=utf-8

16:01:57.411 [AsyncHttpClient-1-2] DEBUG org.asynchttpclient.netty.channel.ChannelManager - Adding key: http://localhost:1448 for channel [id: 0x43daccbb, L:/127.0.0.1:53510 - R:localhost/127.0.0.1:1448]
16:01:57.415 [Forwarding getElementText on session 3e4951c79d2ede6566ce6a8f9cc5332f to remote] DEBUG org.asynchttpclient.netty.request.NettyRequestSender - Using pooled Channel '[id: 0x43daccbb, L:/127.0.0.1:53510 - R:localhost/127.0.0.1:1448]' for 'GET' to 'http://localhost:1448/session/3e4951c79d2ede6566ce6a8f9cc5332f/element/0.330135430821078-52/text'
16:01:57.415 [Forwarding getElementText on session 3e4951c79d2ede6566ce6a8f9cc5332f to remote] DEBUG org.asynchttpclient.netty.request.NettyRequestSender - Using open Channel [id: 0x43daccbb, L:/127.0.0.1:53510 - R:localhost/127.0.0.1:1448] for GET '/session/3e4951c79d2ede6566ce6a8f9cc5332f/element/0.330135430821078-52/text'
16:01:57.425 [AsyncHttpClient-1-2] DEBUG org.asynchttpclient.netty.handler.HttpHandler - 

Request DefaultFullHttpRequest(decodeResult: success, version: HTTP/1.1, content: EmptyByteBufBE)
GET /session/3e4951c79d2ede6566ce6a8f9cc5332f/element/0.330135430821078-52/text HTTP/1.1
User-Agent: selenium/4.0.0-alpha-7 (java windows)
Cache-Control: no-cache
Content-Type: application/json; charset=utf-8
host: localhost:1448
accept: */*

Response DefaultHttpResponse(decodeResult: success, version: HTTP/1.1)
HTTP/1.1 200 OK
Content-Length: 75
Content-Type: application/json; charset=utf-8

16:01:57.425 [AsyncHttpClient-1-2] DEBUG org.asynchttpclient.netty.channel.ChannelManager - Adding key: http://localhost:1448 for channel [id: 0x43daccbb, L:/127.0.0.1:53510 - R:localhost/127.0.0.1:1448]
16:01:57.426 [Forwarding findChildElement on session 3e4951c79d2ede6566ce6a8f9cc5332f to remote] DEBUG org.asynchttpclient.netty.request.NettyRequestSender - Using pooled Channel '[id: 0x43daccbb, L:/127.0.0.1:53510 - R:localhost/127.0.0.1:1448]' for 'POST' to 'http://localhost:1448/session/3e4951c79d2ede6566ce6a8f9cc5332f/element/0.330135430821078-52/element'
16:01:57.426 [Forwarding findChildElement on session 3e4951c79d2ede6566ce6a8f9cc5332f to remote] DEBUG org.asynchttpclient.netty.request.NettyRequestSender - Using open Channel [id: 0x43daccbb, L:/127.0.0.1:53510 - R:localhost/127.0.0.1:1448] for POST '/session/3e4951c79d2ede6566ce6a8f9cc5332f/element/0.330135430821078-52/element'
16:01:57.446 [AsyncHttpClient-1-2] DEBUG org.asynchttpclient.netty.handler.HttpHandler - 

Request DefaultHttpRequest(decodeResult: success, version: HTTP/1.1)
POST /session/3e4951c79d2ede6566ce6a8f9cc5332f/element/0.330135430821078-52/element HTTP/1.1
User-Agent: selenium/4.0.0-alpha-7 (java windows)
Content-Length: 77
Content-Type: application/json; charset=utf-8
host: localhost:1448
accept: */*

Response DefaultHttpResponse(decodeResult: success, version: HTTP/1.1)
HTTP/1.1 200 OK
Content-Length: 103
Content-Type: application/json; charset=utf-8

16:01:57.447 [AsyncHttpClient-1-2] DEBUG org.asynchttpclient.netty.channel.ChannelManager - Adding key: http://localhost:1448 for channel [id: 0x43daccbb, L:/127.0.0.1:53510 - R:localhost/127.0.0.1:1448]
16:01:57.447 [Forwarding getElementAttribute on session 3e4951c79d2ede6566ce6a8f9cc5332f to remote] DEBUG org.asynchttpclient.netty.request.NettyRequestSender - Using pooled Channel '[id: 0x43daccbb, L:/127.0.0.1:53510 - R:localhost/127.0.0.1:1448]' for 'GET' to 'http://localhost:1448/session/3e4951c79d2ede6566ce6a8f9cc5332f/element/0.330135430821078-119/attribute/value'
16:01:57.447 [Forwarding getElementAttribute on session 3e4951c79d2ede6566ce6a8f9cc5332f to remote] DEBUG org.asynchttpclient.netty.request.NettyRequestSender - Using open Channel [id: 0x43daccbb, L:/127.0.0.1:53510 - R:localhost/127.0.0.1:1448] for GET '/session/3e4951c79d2ede6566ce6a8f9cc5332f/element/0.330135430821078-119/attribute/value'
16:01:57.455 [AsyncHttpClient-1-2] DEBUG org.asynchttpclient.netty.handler.HttpHandler - 

Request DefaultFullHttpRequest(decodeResult: success, version: HTTP/1.1, content: EmptyByteBufBE)
GET /session/3e4951c79d2ede6566ce6a8f9cc5332f/element/0.330135430821078-119/attribute/value HTTP/1.1
User-Agent: selenium/4.0.0-alpha-7 (java windows)
Cache-Control: no-cache
Content-Type: application/json; charset=utf-8
host: localhost:1448
accept: */*

Response DefaultHttpResponse(decodeResult: success, version: HTTP/1.1)
HTTP/1.1 200 OK
Content-Length: 72
Content-Type: application/json; charset=utf-8

16:01:57.455 [AsyncHttpClient-1-2] DEBUG org.asynchttpclient.netty.channel.ChannelManager - Adding key: http://localhost:1448 for channel [id: 0x43daccbb, L:/127.0.0.1:53510 - R:localhost/127.0.0.1:1448]
16:01:57.455 [Forwarding getElementText on session 3e4951c79d2ede6566ce6a8f9cc5332f to remote] DEBUG org.asynchttpclient.netty.request.NettyRequestSender - Using pooled Channel '[id: 0x43daccbb, L:/127.0.0.1:53510 - R:localhost/127.0.0.1:1448]' for 'GET' to 'http://localhost:1448/session/3e4951c79d2ede6566ce6a8f9cc5332f/element/0.330135430821078-53/text'
16:01:57.455 [Forwarding getElementText on session 3e4951c79d2ede6566ce6a8f9cc5332f to remote] DEBUG org.asynchttpclient.netty.request.NettyRequestSender - Using open Channel [id: 0x43daccbb, L:/127.0.0.1:53510 - R:localhost/127.0.0.1:1448] for GET '/session/3e4951c79d2ede6566ce6a8f9cc5332f/element/0.330135430821078-53/text'
16:01:57.465 [AsyncHttpClient-1-2] DEBUG org.asynchttpclient.netty.handler.HttpHandler - 

Request DefaultFullHttpRequest(decodeResult: success, version: HTTP/1.1, content: EmptyByteBufBE)
GET /session/3e4951c79d2ede6566ce6a8f9cc5332f/element/0.330135430821078-53/text HTTP/1.1
User-Agent: selenium/4.0.0-alpha-7 (java windows)
Cache-Control: no-cache
Content-Type: application/json; charset=utf-8
host: localhost:1448
accept: */*

Response DefaultHttpResponse(decodeResult: success, version: HTTP/1.1)
HTTP/1.1 200 OK
Content-Length: 75
Content-Type: application/json; charset=utf-8

16:01:57.465 [AsyncHttpClient-1-2] DEBUG org.asynchttpclient.netty.channel.ChannelManager - Adding key: http://localhost:1448 for channel [id: 0x43daccbb, L:/127.0.0.1:53510 - R:localhost/127.0.0.1:1448]
16:01:57.466 [Forwarding findChildElement on session 3e4951c79d2ede6566ce6a8f9cc5332f to remote] DEBUG org.asynchttpclient.netty.request.NettyRequestSender - Using pooled Channel '[id: 0x43daccbb, L:/127.0.0.1:53510 - R:localhost/127.0.0.1:1448]' for 'POST' to 'http://localhost:1448/session/3e4951c79d2ede6566ce6a8f9cc5332f/element/0.330135430821078-53/element'
16:01:57.466 [Forwarding findChildElement on session 3e4951c79d2ede6566ce6a8f9cc5332f to remote] DEBUG org.asynchttpclient.netty.request.NettyRequestSender - Using open Channel [id: 0x43daccbb, L:/127.0.0.1:53510 - R:localhost/127.0.0.1:1448] for POST '/session/3e4951c79d2ede6566ce6a8f9cc5332f/element/0.330135430821078-53/element'
16:01:57.488 [AsyncHttpClient-1-2] DEBUG org.asynchttpclient.netty.handler.HttpHandler - 

Request DefaultHttpRequest(decodeResult: success, version: HTTP/1.1)
POST /session/3e4951c79d2ede6566ce6a8f9cc5332f/element/0.330135430821078-53/element HTTP/1.1
User-Agent: selenium/4.0.0-alpha-7 (java windows)
Content-Length: 77
Content-Type: application/json; charset=utf-8
host: localhost:1448
accept: */*

Response DefaultHttpResponse(decodeResult: success, version: HTTP/1.1)
HTTP/1.1 200 OK
Content-Length: 103
Content-Type: application/json; charset=utf-8

16:01:57.488 [AsyncHttpClient-1-2] DEBUG org.asynchttpclient.netty.channel.ChannelManager - Adding key: http://localhost:1448 for channel [id: 0x43daccbb, L:/127.0.0.1:53510 - R:localhost/127.0.0.1:1448]
16:01:57.488 [Forwarding getElementAttribute on session 3e4951c79d2ede6566ce6a8f9cc5332f to remote] DEBUG org.asynchttpclient.netty.request.NettyRequestSender - Using pooled Channel '[id: 0x43daccbb, L:/127.0.0.1:53510 - R:localhost/127.0.0.1:1448]' for 'GET' to 'http://localhost:1448/session/3e4951c79d2ede6566ce6a8f9cc5332f/element/0.330135430821078-120/attribute/value'
16:01:57.488 [Forwarding getElementAttribute on session 3e4951c79d2ede6566ce6a8f9cc5332f to remote] DEBUG org.asynchttpclient.netty.request.NettyRequestSender - Using open Channel [id: 0x43daccbb, L:/127.0.0.1:53510 - R:localhost/127.0.0.1:1448] for GET '/session/3e4951c79d2ede6566ce6a8f9cc5332f/element/0.330135430821078-120/attribute/value'
16:01:57.495 [AsyncHttpClient-1-2] DEBUG org.asynchttpclient.netty.handler.HttpHandler - 

Request DefaultFullHttpRequest(decodeResult: success, version: HTTP/1.1, content: EmptyByteBufBE)
GET /session/3e4951c79d2ede6566ce6a8f9cc5332f/element/0.330135430821078-120/attribute/value HTTP/1.1
User-Agent: selenium/4.0.0-alpha-7 (java windows)
Cache-Control: no-cache
Content-Type: application/json; charset=utf-8
host: localhost:1448
accept: */*

Response DefaultHttpResponse(decodeResult: success, version: HTTP/1.1)
HTTP/1.1 200 OK
Content-Length: 72
Content-Type: application/json; charset=utf-8

16:01:57.496 [AsyncHttpClient-1-2] DEBUG org.asynchttpclient.netty.channel.ChannelManager - Adding key: http://localhost:1448 for channel [id: 0x43daccbb, L:/127.0.0.1:53510 - R:localhost/127.0.0.1:1448]
16:01:57.496 [Forwarding getElementText on session 3e4951c79d2ede6566ce6a8f9cc5332f to remote] DEBUG org.asynchttpclient.netty.request.NettyRequestSender - Using pooled Channel '[id: 0x43daccbb, L:/127.0.0.1:53510 - R:localhost/127.0.0.1:1448]' for 'GET' to 'http://localhost:1448/session/3e4951c79d2ede6566ce6a8f9cc5332f/element/0.330135430821078-54/text'
16:01:57.496 [Forwarding getElementText on session 3e4951c79d2ede6566ce6a8f9cc5332f to remote] DEBUG org.asynchttpclient.netty.request.NettyRequestSender - Using open Channel [id: 0x43daccbb, L:/127.0.0.1:53510 - R:localhost/127.0.0.1:1448] for GET '/session/3e4951c79d2ede6566ce6a8f9cc5332f/element/0.330135430821078-54/text'
16:01:57.507 [AsyncHttpClient-1-2] DEBUG org.asynchttpclient.netty.handler.HttpHandler - 

Request DefaultFullHttpRequest(decodeResult: success, version: HTTP/1.1, content: EmptyByteBufBE)
GET /session/3e4951c79d2ede6566ce6a8f9cc5332f/element/0.330135430821078-54/text HTTP/1.1
User-Agent: selenium/4.0.0-alpha-7 (java windows)
Cache-Control: no-cache
Content-Type: application/json; charset=utf-8
host: localhost:1448
accept: */*

Response DefaultHttpResponse(decodeResult: success, version: HTTP/1.1)
HTTP/1.1 200 OK
Content-Length: 75
Content-Type: application/json; charset=utf-8

16:01:57.507 [AsyncHttpClient-1-2] DEBUG org.asynchttpclient.netty.channel.ChannelManager - Adding key: http://localhost:1448 for channel [id: 0x43daccbb, L:/127.0.0.1:53510 - R:localhost/127.0.0.1:1448]
16:01:57.508 [Forwarding findChildElement on session 3e4951c79d2ede6566ce6a8f9cc5332f to remote] DEBUG org.asynchttpclient.netty.request.NettyRequestSender - Using pooled Channel '[id: 0x43daccbb, L:/127.0.0.1:53510 - R:localhost/127.0.0.1:1448]' for 'POST' to 'http://localhost:1448/session/3e4951c79d2ede6566ce6a8f9cc5332f/element/0.330135430821078-54/element'
16:01:57.508 [Forwarding findChildElement on session 3e4951c79d2ede6566ce6a8f9cc5332f to remote] DEBUG org.asynchttpclient.netty.request.NettyRequestSender - Using open Channel [id: 0x43daccbb, L:/127.0.0.1:53510 - R:localhost/127.0.0.1:1448] for POST '/session/3e4951c79d2ede6566ce6a8f9cc5332f/element/0.330135430821078-54/element'
16:01:57.516 [AsyncHttpClient-1-2] DEBUG org.asynchttpclient.netty.handler.HttpHandler - 

Request DefaultHttpRequest(decodeResult: success, version: HTTP/1.1)
POST /session/3e4951c79d2ede6566ce6a8f9cc5332f/element/0.330135430821078-54/element HTTP/1.1
User-Agent: selenium/4.0.0-alpha-7 (java windows)
Content-Length: 77
Content-Type: application/json; charset=utf-8
host: localhost:1448
accept: */*

Response DefaultHttpResponse(decodeResult: success, version: HTTP/1.1)
HTTP/1.1 200 OK
Content-Length: 103
Content-Type: application/json; charset=utf-8

16:01:57.516 [AsyncHttpClient-1-2] DEBUG org.asynchttpclient.netty.channel.ChannelManager - Adding key: http://localhost:1448 for channel [id: 0x43daccbb, L:/127.0.0.1:53510 - R:localhost/127.0.0.1:1448]
16:01:57.518 [Forwarding getElementAttribute on session 3e4951c79d2ede6566ce6a8f9cc5332f to remote] DEBUG org.asynchttpclient.netty.request.NettyRequestSender - Using pooled Channel '[id: 0x43daccbb, L:/127.0.0.1:53510 - R:localhost/127.0.0.1:1448]' for 'GET' to 'http://localhost:1448/session/3e4951c79d2ede6566ce6a8f9cc5332f/element/0.330135430821078-121/attribute/value'
16:01:57.518 [Forwarding getElementAttribute on session 3e4951c79d2ede6566ce6a8f9cc5332f to remote] DEBUG org.asynchttpclient.netty.request.NettyRequestSender - Using open Channel [id: 0x43daccbb, L:/127.0.0.1:53510 - R:localhost/127.0.0.1:1448] for GET '/session/3e4951c79d2ede6566ce6a8f9cc5332f/element/0.330135430821078-121/attribute/value'
16:01:57.525 [AsyncHttpClient-1-2] DEBUG org.asynchttpclient.netty.handler.HttpHandler - 

Request DefaultFullHttpRequest(decodeResult: success, version: HTTP/1.1, content: EmptyByteBufBE)
GET /session/3e4951c79d2ede6566ce6a8f9cc5332f/element/0.330135430821078-121/attribute/value HTTP/1.1
User-Agent: selenium/4.0.0-alpha-7 (java windows)
Cache-Control: no-cache
Content-Type: application/json; charset=utf-8
host: localhost:1448
accept: */*

Response DefaultHttpResponse(decodeResult: success, version: HTTP/1.1)
HTTP/1.1 200 OK
Content-Length: 72
Content-Type: application/json; charset=utf-8

16:01:57.526 [AsyncHttpClient-1-2] DEBUG org.asynchttpclient.netty.channel.ChannelManager - Adding key: http://localhost:1448 for channel [id: 0x43daccbb, L:/127.0.0.1:53510 - R:localhost/127.0.0.1:1448]
16:01:57.526 [Forwarding getElementText on session 3e4951c79d2ede6566ce6a8f9cc5332f to remote] DEBUG org.asynchttpclient.netty.request.NettyRequestSender - Using pooled Channel '[id: 0x43daccbb, L:/127.0.0.1:53510 - R:localhost/127.0.0.1:1448]' for 'GET' to 'http://localhost:1448/session/3e4951c79d2ede6566ce6a8f9cc5332f/element/0.330135430821078-55/text'
16:01:57.526 [Forwarding getElementText on session 3e4951c79d2ede6566ce6a8f9cc5332f to remote] DEBUG org.asynchttpclient.netty.request.NettyRequestSender - Using open Channel [id: 0x43daccbb, L:/127.0.0.1:53510 - R:localhost/127.0.0.1:1448] for GET '/session/3e4951c79d2ede6566ce6a8f9cc5332f/element/0.330135430821078-55/text'
16:01:57.541 [AsyncHttpClient-1-2] DEBUG org.asynchttpclient.netty.handler.HttpHandler - 

Request DefaultFullHttpRequest(decodeResult: success, version: HTTP/1.1, content: EmptyByteBufBE)
GET /session/3e4951c79d2ede6566ce6a8f9cc5332f/element/0.330135430821078-55/text HTTP/1.1
User-Agent: selenium/4.0.0-alpha-7 (java windows)
Cache-Control: no-cache
Content-Type: application/json; charset=utf-8
host: localhost:1448
accept: */*

Response DefaultHttpResponse(decodeResult: success, version: HTTP/1.1)
HTTP/1.1 200 OK
Content-Length: 75
Content-Type: application/json; charset=utf-8

16:01:57.541 [AsyncHttpClient-1-2] DEBUG org.asynchttpclient.netty.channel.ChannelManager - Adding key: http://localhost:1448 for channel [id: 0x43daccbb, L:/127.0.0.1:53510 - R:localhost/127.0.0.1:1448]
16:01:57.541 [Forwarding findChildElement on session 3e4951c79d2ede6566ce6a8f9cc5332f to remote] DEBUG org.asynchttpclient.netty.request.NettyRequestSender - Using pooled Channel '[id: 0x43daccbb, L:/127.0.0.1:53510 - R:localhost/127.0.0.1:1448]' for 'POST' to 'http://localhost:1448/session/3e4951c79d2ede6566ce6a8f9cc5332f/element/0.330135430821078-55/element'
16:01:57.542 [Forwarding findChildElement on session 3e4951c79d2ede6566ce6a8f9cc5332f to remote] DEBUG org.asynchttpclient.netty.request.NettyRequestSender - Using open Channel [id: 0x43daccbb, L:/127.0.0.1:53510 - R:localhost/127.0.0.1:1448] for POST '/session/3e4951c79d2ede6566ce6a8f9cc5332f/element/0.330135430821078-55/element'
16:01:57.551 [AsyncHttpClient-1-2] DEBUG org.asynchttpclient.netty.handler.HttpHandler - 

Request DefaultHttpRequest(decodeResult: success, version: HTTP/1.1)
POST /session/3e4951c79d2ede6566ce6a8f9cc5332f/element/0.330135430821078-55/element HTTP/1.1
User-Agent: selenium/4.0.0-alpha-7 (java windows)
Content-Length: 77
Content-Type: application/json; charset=utf-8
host: localhost:1448
accept: */*

Response DefaultHttpResponse(decodeResult: success, version: HTTP/1.1)
HTTP/1.1 200 OK
Content-Length: 103
Content-Type: application/json; charset=utf-8

16:01:57.551 [AsyncHttpClient-1-2] DEBUG org.asynchttpclient.netty.channel.ChannelManager - Adding key: http://localhost:1448 for channel [id: 0x43daccbb, L:/127.0.0.1:53510 - R:localhost/127.0.0.1:1448]
16:01:57.552 [Forwarding getElementAttribute on session 3e4951c79d2ede6566ce6a8f9cc5332f to remote] DEBUG org.asynchttpclient.netty.request.NettyRequestSender - Using pooled Channel '[id: 0x43daccbb, L:/127.0.0.1:53510 - R:localhost/127.0.0.1:1448]' for 'GET' to 'http://localhost:1448/session/3e4951c79d2ede6566ce6a8f9cc5332f/element/0.330135430821078-122/attribute/value'
16:01:57.552 [Forwarding getElementAttribute on session 3e4951c79d2ede6566ce6a8f9cc5332f to remote] DEBUG org.asynchttpclient.netty.request.NettyRequestSender - Using open Channel [id: 0x43daccbb, L:/127.0.0.1:53510 - R:localhost/127.0.0.1:1448] for GET '/session/3e4951c79d2ede6566ce6a8f9cc5332f/element/0.330135430821078-122/attribute/value'
16:01:57.560 [AsyncHttpClient-1-2] DEBUG org.asynchttpclient.netty.handler.HttpHandler - 

Request DefaultFullHttpRequest(decodeResult: success, version: HTTP/1.1, content: EmptyByteBufBE)
GET /session/3e4951c79d2ede6566ce6a8f9cc5332f/element/0.330135430821078-122/attribute/value HTTP/1.1
User-Agent: selenium/4.0.0-alpha-7 (java windows)
Cache-Control: no-cache
Content-Type: application/json; charset=utf-8
host: localhost:1448
accept: */*

Response DefaultHttpResponse(decodeResult: success, version: HTTP/1.1)
HTTP/1.1 200 OK
Content-Length: 72
Content-Type: application/json; charset=utf-8

16:01:57.560 [AsyncHttpClient-1-2] DEBUG org.asynchttpclient.netty.channel.ChannelManager - Adding key: http://localhost:1448 for channel [id: 0x43daccbb, L:/127.0.0.1:53510 - R:localhost/127.0.0.1:1448]
16:01:57.561 [Forwarding getElementText on session 3e4951c79d2ede6566ce6a8f9cc5332f to remote] DEBUG org.asynchttpclient.netty.request.NettyRequestSender - Using pooled Channel '[id: 0x43daccbb, L:/127.0.0.1:53510 - R:localhost/127.0.0.1:1448]' for 'GET' to 'http://localhost:1448/session/3e4951c79d2ede6566ce6a8f9cc5332f/element/0.330135430821078-56/text'
16:01:57.561 [Forwarding getElementText on session 3e4951c79d2ede6566ce6a8f9cc5332f to remote] DEBUG org.asynchttpclient.netty.request.NettyRequestSender - Using open Channel [id: 0x43daccbb, L:/127.0.0.1:53510 - R:localhost/127.0.0.1:1448] for GET '/session/3e4951c79d2ede6566ce6a8f9cc5332f/element/0.330135430821078-56/text'
16:01:57.572 [AsyncHttpClient-1-2] DEBUG org.asynchttpclient.netty.handler.HttpHandler - 

Request DefaultFullHttpRequest(decodeResult: success, version: HTTP/1.1, content: EmptyByteBufBE)
GET /session/3e4951c79d2ede6566ce6a8f9cc5332f/element/0.330135430821078-56/text HTTP/1.1
User-Agent: selenium/4.0.0-alpha-7 (java windows)
Cache-Control: no-cache
Content-Type: application/json; charset=utf-8
host: localhost:1448
accept: */*

Response DefaultHttpResponse(decodeResult: success, version: HTTP/1.1)
HTTP/1.1 200 OK
Content-Length: 75
Content-Type: application/json; charset=utf-8

16:01:57.572 [AsyncHttpClient-1-2] DEBUG org.asynchttpclient.netty.channel.ChannelManager - Adding key: http://localhost:1448 for channel [id: 0x43daccbb, L:/127.0.0.1:53510 - R:localhost/127.0.0.1:1448]
16:01:57.572 [Forwarding findChildElement on session 3e4951c79d2ede6566ce6a8f9cc5332f to remote] DEBUG org.asynchttpclient.netty.request.NettyRequestSender - Using pooled Channel '[id: 0x43daccbb, L:/127.0.0.1:53510 - R:localhost/127.0.0.1:1448]' for 'POST' to 'http://localhost:1448/session/3e4951c79d2ede6566ce6a8f9cc5332f/element/0.330135430821078-56/element'
16:01:57.572 [Forwarding findChildElement on session 3e4951c79d2ede6566ce6a8f9cc5332f to remote] DEBUG org.asynchttpclient.netty.request.NettyRequestSender - Using open Channel [id: 0x43daccbb, L:/127.0.0.1:53510 - R:localhost/127.0.0.1:1448] for POST '/session/3e4951c79d2ede6566ce6a8f9cc5332f/element/0.330135430821078-56/element'
16:01:57.581 [AsyncHttpClient-1-2] DEBUG org.asynchttpclient.netty.handler.HttpHandler - 

Request DefaultHttpRequest(decodeResult: success, version: HTTP/1.1)
POST /session/3e4951c79d2ede6566ce6a8f9cc5332f/element/0.330135430821078-56/element HTTP/1.1
User-Agent: selenium/4.0.0-alpha-7 (java windows)
Content-Length: 77
Content-Type: application/json; charset=utf-8
host: localhost:1448
accept: */*

Response DefaultHttpResponse(decodeResult: success, version: HTTP/1.1)
HTTP/1.1 200 OK
Content-Length: 103
Content-Type: application/json; charset=utf-8

16:01:57.581 [AsyncHttpClient-1-2] DEBUG org.asynchttpclient.netty.channel.ChannelManager - Adding key: http://localhost:1448 for channel [id: 0x43daccbb, L:/127.0.0.1:53510 - R:localhost/127.0.0.1:1448]
16:01:57.581 [Forwarding getElementAttribute on session 3e4951c79d2ede6566ce6a8f9cc5332f to remote] DEBUG org.asynchttpclient.netty.request.NettyRequestSender - Using pooled Channel '[id: 0x43daccbb, L:/127.0.0.1:53510 - R:localhost/127.0.0.1:1448]' for 'GET' to 'http://localhost:1448/session/3e4951c79d2ede6566ce6a8f9cc5332f/element/0.330135430821078-123/attribute/value'
16:01:57.581 [Forwarding getElementAttribute on session 3e4951c79d2ede6566ce6a8f9cc5332f to remote] DEBUG org.asynchttpclient.netty.request.NettyRequestSender - Using open Channel [id: 0x43daccbb, L:/127.0.0.1:53510 - R:localhost/127.0.0.1:1448] for GET '/session/3e4951c79d2ede6566ce6a8f9cc5332f/element/0.330135430821078-123/attribute/value'
16:01:57.593 [AsyncHttpClient-1-2] DEBUG org.asynchttpclient.netty.handler.HttpHandler - 

Request DefaultFullHttpRequest(decodeResult: success, version: HTTP/1.1, content: EmptyByteBufBE)
GET /session/3e4951c79d2ede6566ce6a8f9cc5332f/element/0.330135430821078-123/attribute/value HTTP/1.1
User-Agent: selenium/4.0.0-alpha-7 (java windows)
Cache-Control: no-cache
Content-Type: application/json; charset=utf-8
host: localhost:1448
accept: */*

Response DefaultHttpResponse(decodeResult: success, version: HTTP/1.1)
HTTP/1.1 200 OK
Content-Length: 72
Content-Type: application/json; charset=utf-8

16:01:57.594 [AsyncHttpClient-1-2] DEBUG org.asynchttpclient.netty.channel.ChannelManager - Adding key: http://localhost:1448 for channel [id: 0x43daccbb, L:/127.0.0.1:53510 - R:localhost/127.0.0.1:1448]
16:01:57.594 [Forwarding getElementText on session 3e4951c79d2ede6566ce6a8f9cc5332f to remote] DEBUG org.asynchttpclient.netty.request.NettyRequestSender - Using pooled Channel '[id: 0x43daccbb, L:/127.0.0.1:53510 - R:localhost/127.0.0.1:1448]' for 'GET' to 'http://localhost:1448/session/3e4951c79d2ede6566ce6a8f9cc5332f/element/0.330135430821078-57/text'
16:01:57.594 [Forwarding getElementText on session 3e4951c79d2ede6566ce6a8f9cc5332f to remote] DEBUG org.asynchttpclient.netty.request.NettyRequestSender - Using open Channel [id: 0x43daccbb, L:/127.0.0.1:53510 - R:localhost/127.0.0.1:1448] for GET '/session/3e4951c79d2ede6566ce6a8f9cc5332f/element/0.330135430821078-57/text'
16:01:57.606 [AsyncHttpClient-1-2] DEBUG org.asynchttpclient.netty.handler.HttpHandler - 

Request DefaultFullHttpRequest(decodeResult: success, version: HTTP/1.1, content: EmptyByteBufBE)
GET /session/3e4951c79d2ede6566ce6a8f9cc5332f/element/0.330135430821078-57/text HTTP/1.1
User-Agent: selenium/4.0.0-alpha-7 (java windows)
Cache-Control: no-cache
Content-Type: application/json; charset=utf-8
host: localhost:1448
accept: */*

Response DefaultHttpResponse(decodeResult: success, version: HTTP/1.1)
HTTP/1.1 200 OK
Content-Length: 75
Content-Type: application/json; charset=utf-8

16:01:57.606 [AsyncHttpClient-1-2] DEBUG org.asynchttpclient.netty.channel.ChannelManager - Adding key: http://localhost:1448 for channel [id: 0x43daccbb, L:/127.0.0.1:53510 - R:localhost/127.0.0.1:1448]
16:01:57.607 [Forwarding findChildElement on session 3e4951c79d2ede6566ce6a8f9cc5332f to remote] DEBUG org.asynchttpclient.netty.request.NettyRequestSender - Using pooled Channel '[id: 0x43daccbb, L:/127.0.0.1:53510 - R:localhost/127.0.0.1:1448]' for 'POST' to 'http://localhost:1448/session/3e4951c79d2ede6566ce6a8f9cc5332f/element/0.330135430821078-57/element'
16:01:57.607 [Forwarding findChildElement on session 3e4951c79d2ede6566ce6a8f9cc5332f to remote] DEBUG org.asynchttpclient.netty.request.NettyRequestSender - Using open Channel [id: 0x43daccbb, L:/127.0.0.1:53510 - R:localhost/127.0.0.1:1448] for POST '/session/3e4951c79d2ede6566ce6a8f9cc5332f/element/0.330135430821078-57/element'
16:01:57.622 [AsyncHttpClient-1-2] DEBUG org.asynchttpclient.netty.handler.HttpHandler - 

Request DefaultHttpRequest(decodeResult: success, version: HTTP/1.1)
POST /session/3e4951c79d2ede6566ce6a8f9cc5332f/element/0.330135430821078-57/element HTTP/1.1
User-Agent: selenium/4.0.0-alpha-7 (java windows)
Content-Length: 77
Content-Type: application/json; charset=utf-8
host: localhost:1448
accept: */*

Response DefaultHttpResponse(decodeResult: success, version: HTTP/1.1)
HTTP/1.1 200 OK
Content-Length: 103
Content-Type: application/json; charset=utf-8

16:01:57.622 [AsyncHttpClient-1-2] DEBUG org.asynchttpclient.netty.channel.ChannelManager - Adding key: http://localhost:1448 for channel [id: 0x43daccbb, L:/127.0.0.1:53510 - R:localhost/127.0.0.1:1448]
16:01:57.623 [Forwarding getElementAttribute on session 3e4951c79d2ede6566ce6a8f9cc5332f to remote] DEBUG org.asynchttpclient.netty.request.NettyRequestSender - Using pooled Channel '[id: 0x43daccbb, L:/127.0.0.1:53510 - R:localhost/127.0.0.1:1448]' for 'GET' to 'http://localhost:1448/session/3e4951c79d2ede6566ce6a8f9cc5332f/element/0.330135430821078-124/attribute/value'
16:01:57.623 [Forwarding getElementAttribute on session 3e4951c79d2ede6566ce6a8f9cc5332f to remote] DEBUG org.asynchttpclient.netty.request.NettyRequestSender - Using open Channel [id: 0x43daccbb, L:/127.0.0.1:53510 - R:localhost/127.0.0.1:1448] for GET '/session/3e4951c79d2ede6566ce6a8f9cc5332f/element/0.330135430821078-124/attribute/value'
16:01:57.666 [AsyncHttpClient-1-2] DEBUG org.asynchttpclient.netty.handler.HttpHandler - 

Request DefaultFullHttpRequest(decodeResult: success, version: HTTP/1.1, content: EmptyByteBufBE)
GET /session/3e4951c79d2ede6566ce6a8f9cc5332f/element/0.330135430821078-124/attribute/value HTTP/1.1
User-Agent: selenium/4.0.0-alpha-7 (java windows)
Cache-Control: no-cache
Content-Type: application/json; charset=utf-8
host: localhost:1448
accept: */*

Response DefaultHttpResponse(decodeResult: success, version: HTTP/1.1)
HTTP/1.1 200 OK
Content-Length: 72
Content-Type: application/json; charset=utf-8

16:01:57.667 [AsyncHttpClient-1-2] DEBUG org.asynchttpclient.netty.channel.ChannelManager - Adding key: http://localhost:1448 for channel [id: 0x43daccbb, L:/127.0.0.1:53510 - R:localhost/127.0.0.1:1448]
16:01:57.668 [Forwarding getElementText on session 3e4951c79d2ede6566ce6a8f9cc5332f to remote] DEBUG org.asynchttpclient.netty.request.NettyRequestSender - Using pooled Channel '[id: 0x43daccbb, L:/127.0.0.1:53510 - R:localhost/127.0.0.1:1448]' for 'GET' to 'http://localhost:1448/session/3e4951c79d2ede6566ce6a8f9cc5332f/element/0.330135430821078-58/text'
16:01:57.668 [Forwarding getElementText on session 3e4951c79d2ede6566ce6a8f9cc5332f to remote] DEBUG org.asynchttpclient.netty.request.NettyRequestSender - Using open Channel [id: 0x43daccbb, L:/127.0.0.1:53510 - R:localhost/127.0.0.1:1448] for GET '/session/3e4951c79d2ede6566ce6a8f9cc5332f/element/0.330135430821078-58/text'
16:01:57.681 [AsyncHttpClient-1-2] DEBUG org.asynchttpclient.netty.handler.HttpHandler - 

Request DefaultFullHttpRequest(decodeResult: success, version: HTTP/1.1, content: EmptyByteBufBE)
GET /session/3e4951c79d2ede6566ce6a8f9cc5332f/element/0.330135430821078-58/text HTTP/1.1
User-Agent: selenium/4.0.0-alpha-7 (java windows)
Cache-Control: no-cache
Content-Type: application/json; charset=utf-8
host: localhost:1448
accept: */*

Response DefaultHttpResponse(decodeResult: success, version: HTTP/1.1)
HTTP/1.1 200 OK
Content-Length: 75
Content-Type: application/json; charset=utf-8

16:01:57.681 [AsyncHttpClient-1-2] DEBUG org.asynchttpclient.netty.channel.ChannelManager - Adding key: http://localhost:1448 for channel [id: 0x43daccbb, L:/127.0.0.1:53510 - R:localhost/127.0.0.1:1448]
16:01:57.681 [Forwarding findChildElement on session 3e4951c79d2ede6566ce6a8f9cc5332f to remote] DEBUG org.asynchttpclient.netty.request.NettyRequestSender - Using pooled Channel '[id: 0x43daccbb, L:/127.0.0.1:53510 - R:localhost/127.0.0.1:1448]' for 'POST' to 'http://localhost:1448/session/3e4951c79d2ede6566ce6a8f9cc5332f/element/0.330135430821078-58/element'
16:01:57.681 [Forwarding findChildElement on session 3e4951c79d2ede6566ce6a8f9cc5332f to remote] DEBUG org.asynchttpclient.netty.request.NettyRequestSender - Using open Channel [id: 0x43daccbb, L:/127.0.0.1:53510 - R:localhost/127.0.0.1:1448] for POST '/session/3e4951c79d2ede6566ce6a8f9cc5332f/element/0.330135430821078-58/element'
16:01:57.691 [AsyncHttpClient-1-2] DEBUG org.asynchttpclient.netty.handler.HttpHandler - 

Request DefaultHttpRequest(decodeResult: success, version: HTTP/1.1)
POST /session/3e4951c79d2ede6566ce6a8f9cc5332f/element/0.330135430821078-58/element HTTP/1.1
User-Agent: selenium/4.0.0-alpha-7 (java windows)
Content-Length: 77
Content-Type: application/json; charset=utf-8
host: localhost:1448
accept: */*

Response DefaultHttpResponse(decodeResult: success, version: HTTP/1.1)
HTTP/1.1 200 OK
Content-Length: 103
Content-Type: application/json; charset=utf-8

16:01:57.691 [AsyncHttpClient-1-2] DEBUG org.asynchttpclient.netty.channel.ChannelManager - Adding key: http://localhost:1448 for channel [id: 0x43daccbb, L:/127.0.0.1:53510 - R:localhost/127.0.0.1:1448]
16:01:57.692 [Forwarding getElementAttribute on session 3e4951c79d2ede6566ce6a8f9cc5332f to remote] DEBUG org.asynchttpclient.netty.request.NettyRequestSender - Using pooled Channel '[id: 0x43daccbb, L:/127.0.0.1:53510 - R:localhost/127.0.0.1:1448]' for 'GET' to 'http://localhost:1448/session/3e4951c79d2ede6566ce6a8f9cc5332f/element/0.330135430821078-125/attribute/value'
16:01:57.692 [Forwarding getElementAttribute on session 3e4951c79d2ede6566ce6a8f9cc5332f to remote] DEBUG org.asynchttpclient.netty.request.NettyRequestSender - Using open Channel [id: 0x43daccbb, L:/127.0.0.1:53510 - R:localhost/127.0.0.1:1448] for GET '/session/3e4951c79d2ede6566ce6a8f9cc5332f/element/0.330135430821078-125/attribute/value'
16:01:57.699 [AsyncHttpClient-1-2] DEBUG org.asynchttpclient.netty.handler.HttpHandler - 

Request DefaultFullHttpRequest(decodeResult: success, version: HTTP/1.1, content: EmptyByteBufBE)
GET /session/3e4951c79d2ede6566ce6a8f9cc5332f/element/0.330135430821078-125/attribute/value HTTP/1.1
User-Agent: selenium/4.0.0-alpha-7 (java windows)
Cache-Control: no-cache
Content-Type: application/json; charset=utf-8
host: localhost:1448
accept: */*

Response DefaultHttpResponse(decodeResult: success, version: HTTP/1.1)
HTTP/1.1 200 OK
Content-Length: 72
Content-Type: application/json; charset=utf-8

16:01:57.699 [AsyncHttpClient-1-2] DEBUG org.asynchttpclient.netty.channel.ChannelManager - Adding key: http://localhost:1448 for channel [id: 0x43daccbb, L:/127.0.0.1:53510 - R:localhost/127.0.0.1:1448]
16:01:57.700 [Forwarding getElementText on session 3e4951c79d2ede6566ce6a8f9cc5332f to remote] DEBUG org.asynchttpclient.netty.request.NettyRequestSender - Using pooled Channel '[id: 0x43daccbb, L:/127.0.0.1:53510 - R:localhost/127.0.0.1:1448]' for 'GET' to 'http://localhost:1448/session/3e4951c79d2ede6566ce6a8f9cc5332f/element/0.330135430821078-59/text'
16:01:57.700 [Forwarding getElementText on session 3e4951c79d2ede6566ce6a8f9cc5332f to remote] DEBUG org.asynchttpclient.netty.request.NettyRequestSender - Using open Channel [id: 0x43daccbb, L:/127.0.0.1:53510 - R:localhost/127.0.0.1:1448] for GET '/session/3e4951c79d2ede6566ce6a8f9cc5332f/element/0.330135430821078-59/text'
16:01:57.712 [AsyncHttpClient-1-2] DEBUG org.asynchttpclient.netty.handler.HttpHandler - 

Request DefaultFullHttpRequest(decodeResult: success, version: HTTP/1.1, content: EmptyByteBufBE)
GET /session/3e4951c79d2ede6566ce6a8f9cc5332f/element/0.330135430821078-59/text HTTP/1.1
User-Agent: selenium/4.0.0-alpha-7 (java windows)
Cache-Control: no-cache
Content-Type: application/json; charset=utf-8
host: localhost:1448
accept: */*

Response DefaultHttpResponse(decodeResult: success, version: HTTP/1.1)
HTTP/1.1 200 OK
Content-Length: 75
Content-Type: application/json; charset=utf-8

16:01:57.712 [AsyncHttpClient-1-2] DEBUG org.asynchttpclient.netty.channel.ChannelManager - Adding key: http://localhost:1448 for channel [id: 0x43daccbb, L:/127.0.0.1:53510 - R:localhost/127.0.0.1:1448]
16:01:57.713 [Forwarding findChildElement on session 3e4951c79d2ede6566ce6a8f9cc5332f to remote] DEBUG org.asynchttpclient.netty.request.NettyRequestSender - Using pooled Channel '[id: 0x43daccbb, L:/127.0.0.1:53510 - R:localhost/127.0.0.1:1448]' for 'POST' to 'http://localhost:1448/session/3e4951c79d2ede6566ce6a8f9cc5332f/element/0.330135430821078-59/element'
16:01:57.713 [Forwarding findChildElement on session 3e4951c79d2ede6566ce6a8f9cc5332f to remote] DEBUG org.asynchttpclient.netty.request.NettyRequestSender - Using open Channel [id: 0x43daccbb, L:/127.0.0.1:53510 - R:localhost/127.0.0.1:1448] for POST '/session/3e4951c79d2ede6566ce6a8f9cc5332f/element/0.330135430821078-59/element'
16:01:57.723 [AsyncHttpClient-1-2] DEBUG org.asynchttpclient.netty.handler.HttpHandler - 

Request DefaultHttpRequest(decodeResult: success, version: HTTP/1.1)
POST /session/3e4951c79d2ede6566ce6a8f9cc5332f/element/0.330135430821078-59/element HTTP/1.1
User-Agent: selenium/4.0.0-alpha-7 (java windows)
Content-Length: 77
Content-Type: application/json; charset=utf-8
host: localhost:1448
accept: */*

Response DefaultHttpResponse(decodeResult: success, version: HTTP/1.1)
HTTP/1.1 200 OK
Content-Length: 103
Content-Type: application/json; charset=utf-8

16:01:57.723 [AsyncHttpClient-1-2] DEBUG org.asynchttpclient.netty.channel.ChannelManager - Adding key: http://localhost:1448 for channel [id: 0x43daccbb, L:/127.0.0.1:53510 - R:localhost/127.0.0.1:1448]
16:01:57.723 [Forwarding getElementAttribute on session 3e4951c79d2ede6566ce6a8f9cc5332f to remote] DEBUG org.asynchttpclient.netty.request.NettyRequestSender - Using pooled Channel '[id: 0x43daccbb, L:/127.0.0.1:53510 - R:localhost/127.0.0.1:1448]' for 'GET' to 'http://localhost:1448/session/3e4951c79d2ede6566ce6a8f9cc5332f/element/0.330135430821078-126/attribute/value'
16:01:57.723 [Forwarding getElementAttribute on session 3e4951c79d2ede6566ce6a8f9cc5332f to remote] DEBUG org.asynchttpclient.netty.request.NettyRequestSender - Using open Channel [id: 0x43daccbb, L:/127.0.0.1:53510 - R:localhost/127.0.0.1:1448] for GET '/session/3e4951c79d2ede6566ce6a8f9cc5332f/element/0.330135430821078-126/attribute/value'
16:01:57.730 [AsyncHttpClient-1-2] DEBUG org.asynchttpclient.netty.handler.HttpHandler - 

Request DefaultFullHttpRequest(decodeResult: success, version: HTTP/1.1, content: EmptyByteBufBE)
GET /session/3e4951c79d2ede6566ce6a8f9cc5332f/element/0.330135430821078-126/attribute/value HTTP/1.1
User-Agent: selenium/4.0.0-alpha-7 (java windows)
Cache-Control: no-cache
Content-Type: application/json; charset=utf-8
host: localhost:1448
accept: */*

Response DefaultHttpResponse(decodeResult: success, version: HTTP/1.1)
HTTP/1.1 200 OK
Content-Length: 72
Content-Type: application/json; charset=utf-8

16:01:57.730 [AsyncHttpClient-1-2] DEBUG org.asynchttpclient.netty.channel.ChannelManager - Adding key: http://localhost:1448 for channel [id: 0x43daccbb, L:/127.0.0.1:53510 - R:localhost/127.0.0.1:1448]
16:01:57.731 [Forwarding getElementText on session 3e4951c79d2ede6566ce6a8f9cc5332f to remote] DEBUG org.asynchttpclient.netty.request.NettyRequestSender - Using pooled Channel '[id: 0x43daccbb, L:/127.0.0.1:53510 - R:localhost/127.0.0.1:1448]' for 'GET' to 'http://localhost:1448/session/3e4951c79d2ede6566ce6a8f9cc5332f/element/0.330135430821078-60/text'
16:01:57.731 [Forwarding getElementText on session 3e4951c79d2ede6566ce6a8f9cc5332f to remote] DEBUG org.asynchttpclient.netty.request.NettyRequestSender - Using open Channel [id: 0x43daccbb, L:/127.0.0.1:53510 - R:localhost/127.0.0.1:1448] for GET '/session/3e4951c79d2ede6566ce6a8f9cc5332f/element/0.330135430821078-60/text'
16:01:57.742 [AsyncHttpClient-1-2] DEBUG org.asynchttpclient.netty.handler.HttpHandler - 

Request DefaultFullHttpRequest(decodeResult: success, version: HTTP/1.1, content: EmptyByteBufBE)
GET /session/3e4951c79d2ede6566ce6a8f9cc5332f/element/0.330135430821078-60/text HTTP/1.1
User-Agent: selenium/4.0.0-alpha-7 (java windows)
Cache-Control: no-cache
Content-Type: application/json; charset=utf-8
host: localhost:1448
accept: */*

Response DefaultHttpResponse(decodeResult: success, version: HTTP/1.1)
HTTP/1.1 200 OK
Content-Length: 75
Content-Type: application/json; charset=utf-8

16:01:57.742 [AsyncHttpClient-1-2] DEBUG org.asynchttpclient.netty.channel.ChannelManager - Adding key: http://localhost:1448 for channel [id: 0x43daccbb, L:/127.0.0.1:53510 - R:localhost/127.0.0.1:1448]
16:01:57.742 [Forwarding findChildElement on session 3e4951c79d2ede6566ce6a8f9cc5332f to remote] DEBUG org.asynchttpclient.netty.request.NettyRequestSender - Using pooled Channel '[id: 0x43daccbb, L:/127.0.0.1:53510 - R:localhost/127.0.0.1:1448]' for 'POST' to 'http://localhost:1448/session/3e4951c79d2ede6566ce6a8f9cc5332f/element/0.330135430821078-60/element'
16:01:57.742 [Forwarding findChildElement on session 3e4951c79d2ede6566ce6a8f9cc5332f to remote] DEBUG org.asynchttpclient.netty.request.NettyRequestSender - Using open Channel [id: 0x43daccbb, L:/127.0.0.1:53510 - R:localhost/127.0.0.1:1448] for POST '/session/3e4951c79d2ede6566ce6a8f9cc5332f/element/0.330135430821078-60/element'
16:01:57.749 [AsyncHttpClient-1-1] DEBUG org.asynchttpclient.netty.channel.DefaultChannelPool - Entry count for : http://localhost:53512 : 1
16:01:57.751 [AsyncHttpClient-1-2] DEBUG org.asynchttpclient.netty.handler.HttpHandler - 

Request DefaultHttpRequest(decodeResult: success, version: HTTP/1.1)
POST /session/3e4951c79d2ede6566ce6a8f9cc5332f/element/0.330135430821078-60/element HTTP/1.1
User-Agent: selenium/4.0.0-alpha-7 (java windows)
Content-Length: 77
Content-Type: application/json; charset=utf-8
host: localhost:1448
accept: */*

Response DefaultHttpResponse(decodeResult: success, version: HTTP/1.1)
HTTP/1.1 200 OK
Content-Length: 103
Content-Type: application/json; charset=utf-8

16:01:57.751 [AsyncHttpClient-1-2] DEBUG org.asynchttpclient.netty.channel.ChannelManager - Adding key: http://localhost:1448 for channel [id: 0x43daccbb, L:/127.0.0.1:53510 - R:localhost/127.0.0.1:1448]
16:01:57.752 [Forwarding getElementAttribute on session 3e4951c79d2ede6566ce6a8f9cc5332f to remote] DEBUG org.asynchttpclient.netty.request.NettyRequestSender - Using pooled Channel '[id: 0x43daccbb, L:/127.0.0.1:53510 - R:localhost/127.0.0.1:1448]' for 'GET' to 'http://localhost:1448/session/3e4951c79d2ede6566ce6a8f9cc5332f/element/0.330135430821078-127/attribute/value'
16:01:57.752 [Forwarding getElementAttribute on session 3e4951c79d2ede6566ce6a8f9cc5332f to remote] DEBUG org.asynchttpclient.netty.request.NettyRequestSender - Using open Channel [id: 0x43daccbb, L:/127.0.0.1:53510 - R:localhost/127.0.0.1:1448] for GET '/session/3e4951c79d2ede6566ce6a8f9cc5332f/element/0.330135430821078-127/attribute/value'
16:01:57.760 [AsyncHttpClient-1-2] DEBUG org.asynchttpclient.netty.handler.HttpHandler - 

Request DefaultFullHttpRequest(decodeResult: success, version: HTTP/1.1, content: EmptyByteBufBE)
GET /session/3e4951c79d2ede6566ce6a8f9cc5332f/element/0.330135430821078-127/attribute/value HTTP/1.1
User-Agent: selenium/4.0.0-alpha-7 (java windows)
Cache-Control: no-cache
Content-Type: application/json; charset=utf-8
host: localhost:1448
accept: */*

Response DefaultHttpResponse(decodeResult: success, version: HTTP/1.1)
HTTP/1.1 200 OK
Content-Length: 72
Content-Type: application/json; charset=utf-8

16:01:57.760 [AsyncHttpClient-1-2] DEBUG org.asynchttpclient.netty.channel.ChannelManager - Adding key: http://localhost:1448 for channel [id: 0x43daccbb, L:/127.0.0.1:53510 - R:localhost/127.0.0.1:1448]
16:01:57.761 [Forwarding getElementText on session 3e4951c79d2ede6566ce6a8f9cc5332f to remote] DEBUG org.asynchttpclient.netty.request.NettyRequestSender - Using pooled Channel '[id: 0x43daccbb, L:/127.0.0.1:53510 - R:localhost/127.0.0.1:1448]' for 'GET' to 'http://localhost:1448/session/3e4951c79d2ede6566ce6a8f9cc5332f/element/0.330135430821078-61/text'
16:01:57.761 [Forwarding getElementText on session 3e4951c79d2ede6566ce6a8f9cc5332f to remote] DEBUG org.asynchttpclient.netty.request.NettyRequestSender - Using open Channel [id: 0x43daccbb, L:/127.0.0.1:53510 - R:localhost/127.0.0.1:1448] for GET '/session/3e4951c79d2ede6566ce6a8f9cc5332f/element/0.330135430821078-61/text'
16:01:57.773 [AsyncHttpClient-1-2] DEBUG org.asynchttpclient.netty.handler.HttpHandler - 

Request DefaultFullHttpRequest(decodeResult: success, version: HTTP/1.1, content: EmptyByteBufBE)
GET /session/3e4951c79d2ede6566ce6a8f9cc5332f/element/0.330135430821078-61/text HTTP/1.1
User-Agent: selenium/4.0.0-alpha-7 (java windows)
Cache-Control: no-cache
Content-Type: application/json; charset=utf-8
host: localhost:1448
accept: */*

Response DefaultHttpResponse(decodeResult: success, version: HTTP/1.1)
HTTP/1.1 200 OK
Content-Length: 75
Content-Type: application/json; charset=utf-8

16:01:57.773 [AsyncHttpClient-1-2] DEBUG org.asynchttpclient.netty.channel.ChannelManager - Adding key: http://localhost:1448 for channel [id: 0x43daccbb, L:/127.0.0.1:53510 - R:localhost/127.0.0.1:1448]
16:01:57.774 [Forwarding findChildElement on session 3e4951c79d2ede6566ce6a8f9cc5332f to remote] DEBUG org.asynchttpclient.netty.request.NettyRequestSender - Using pooled Channel '[id: 0x43daccbb, L:/127.0.0.1:53510 - R:localhost/127.0.0.1:1448]' for 'POST' to 'http://localhost:1448/session/3e4951c79d2ede6566ce6a8f9cc5332f/element/0.330135430821078-61/element'
16:01:57.774 [Forwarding findChildElement on session 3e4951c79d2ede6566ce6a8f9cc5332f to remote] DEBUG org.asynchttpclient.netty.request.NettyRequestSender - Using open Channel [id: 0x43daccbb, L:/127.0.0.1:53510 - R:localhost/127.0.0.1:1448] for POST '/session/3e4951c79d2ede6566ce6a8f9cc5332f/element/0.330135430821078-61/element'
16:01:57.783 [AsyncHttpClient-1-2] DEBUG org.asynchttpclient.netty.handler.HttpHandler - 

Request DefaultHttpRequest(decodeResult: success, version: HTTP/1.1)
POST /session/3e4951c79d2ede6566ce6a8f9cc5332f/element/0.330135430821078-61/element HTTP/1.1
User-Agent: selenium/4.0.0-alpha-7 (java windows)
Content-Length: 77
Content-Type: application/json; charset=utf-8
host: localhost:1448
accept: */*

Response DefaultHttpResponse(decodeResult: success, version: HTTP/1.1)
HTTP/1.1 200 OK
Content-Length: 103
Content-Type: application/json; charset=utf-8

16:01:57.783 [AsyncHttpClient-1-2] DEBUG org.asynchttpclient.netty.channel.ChannelManager - Adding key: http://localhost:1448 for channel [id: 0x43daccbb, L:/127.0.0.1:53510 - R:localhost/127.0.0.1:1448]
16:01:57.784 [Forwarding getElementAttribute on session 3e4951c79d2ede6566ce6a8f9cc5332f to remote] DEBUG org.asynchttpclient.netty.request.NettyRequestSender - Using pooled Channel '[id: 0x43daccbb, L:/127.0.0.1:53510 - R:localhost/127.0.0.1:1448]' for 'GET' to 'http://localhost:1448/session/3e4951c79d2ede6566ce6a8f9cc5332f/element/0.330135430821078-128/attribute/value'
16:01:57.784 [Forwarding getElementAttribute on session 3e4951c79d2ede6566ce6a8f9cc5332f to remote] DEBUG org.asynchttpclient.netty.request.NettyRequestSender - Using open Channel [id: 0x43daccbb, L:/127.0.0.1:53510 - R:localhost/127.0.0.1:1448] for GET '/session/3e4951c79d2ede6566ce6a8f9cc5332f/element/0.330135430821078-128/attribute/value'
16:01:57.792 [AsyncHttpClient-1-2] DEBUG org.asynchttpclient.netty.handler.HttpHandler - 

Request DefaultFullHttpRequest(decodeResult: success, version: HTTP/1.1, content: EmptyByteBufBE)
GET /session/3e4951c79d2ede6566ce6a8f9cc5332f/element/0.330135430821078-128/attribute/value HTTP/1.1
User-Agent: selenium/4.0.0-alpha-7 (java windows)
Cache-Control: no-cache
Content-Type: application/json; charset=utf-8
host: localhost:1448
accept: */*

Response DefaultHttpResponse(decodeResult: success, version: HTTP/1.1)
HTTP/1.1 200 OK
Content-Length: 72
Content-Type: application/json; charset=utf-8

16:01:57.792 [AsyncHttpClient-1-2] DEBUG org.asynchttpclient.netty.channel.ChannelManager - Adding key: http://localhost:1448 for channel [id: 0x43daccbb, L:/127.0.0.1:53510 - R:localhost/127.0.0.1:1448]
16:01:57.792 [Forwarding getElementText on session 3e4951c79d2ede6566ce6a8f9cc5332f to remote] DEBUG org.asynchttpclient.netty.request.NettyRequestSender - Using pooled Channel '[id: 0x43daccbb, L:/127.0.0.1:53510 - R:localhost/127.0.0.1:1448]' for 'GET' to 'http://localhost:1448/session/3e4951c79d2ede6566ce6a8f9cc5332f/element/0.330135430821078-62/text'
16:01:57.792 [Forwarding getElementText on session 3e4951c79d2ede6566ce6a8f9cc5332f to remote] DEBUG org.asynchttpclient.netty.request.NettyRequestSender - Using open Channel [id: 0x43daccbb, L:/127.0.0.1:53510 - R:localhost/127.0.0.1:1448] for GET '/session/3e4951c79d2ede6566ce6a8f9cc5332f/element/0.330135430821078-62/text'
16:01:57.803 [AsyncHttpClient-1-2] DEBUG org.asynchttpclient.netty.handler.HttpHandler - 

Request DefaultFullHttpRequest(decodeResult: success, version: HTTP/1.1, content: EmptyByteBufBE)
GET /session/3e4951c79d2ede6566ce6a8f9cc5332f/element/0.330135430821078-62/text HTTP/1.1
User-Agent: selenium/4.0.0-alpha-7 (java windows)
Cache-Control: no-cache
Content-Type: application/json; charset=utf-8
host: localhost:1448
accept: */*

Response DefaultHttpResponse(decodeResult: success, version: HTTP/1.1)
HTTP/1.1 200 OK
Content-Length: 75
Content-Type: application/json; charset=utf-8

16:01:57.803 [AsyncHttpClient-1-2] DEBUG org.asynchttpclient.netty.channel.ChannelManager - Adding key: http://localhost:1448 for channel [id: 0x43daccbb, L:/127.0.0.1:53510 - R:localhost/127.0.0.1:1448]
16:01:57.804 [Forwarding findChildElement on session 3e4951c79d2ede6566ce6a8f9cc5332f to remote] DEBUG org.asynchttpclient.netty.request.NettyRequestSender - Using pooled Channel '[id: 0x43daccbb, L:/127.0.0.1:53510 - R:localhost/127.0.0.1:1448]' for 'POST' to 'http://localhost:1448/session/3e4951c79d2ede6566ce6a8f9cc5332f/element/0.330135430821078-62/element'
16:01:57.804 [Forwarding findChildElement on session 3e4951c79d2ede6566ce6a8f9cc5332f to remote] DEBUG org.asynchttpclient.netty.request.NettyRequestSender - Using open Channel [id: 0x43daccbb, L:/127.0.0.1:53510 - R:localhost/127.0.0.1:1448] for POST '/session/3e4951c79d2ede6566ce6a8f9cc5332f/element/0.330135430821078-62/element'
16:01:57.814 [AsyncHttpClient-1-2] DEBUG org.asynchttpclient.netty.handler.HttpHandler - 

Request DefaultHttpRequest(decodeResult: success, version: HTTP/1.1)
POST /session/3e4951c79d2ede6566ce6a8f9cc5332f/element/0.330135430821078-62/element HTTP/1.1
User-Agent: selenium/4.0.0-alpha-7 (java windows)
Content-Length: 77
Content-Type: application/json; charset=utf-8
host: localhost:1448
accept: */*

Response DefaultHttpResponse(decodeResult: success, version: HTTP/1.1)
HTTP/1.1 200 OK
Content-Length: 103
Content-Type: application/json; charset=utf-8

16:01:57.814 [AsyncHttpClient-1-2] DEBUG org.asynchttpclient.netty.channel.ChannelManager - Adding key: http://localhost:1448 for channel [id: 0x43daccbb, L:/127.0.0.1:53510 - R:localhost/127.0.0.1:1448]
16:01:57.815 [Forwarding getElementAttribute on session 3e4951c79d2ede6566ce6a8f9cc5332f to remote] DEBUG org.asynchttpclient.netty.request.NettyRequestSender - Using pooled Channel '[id: 0x43daccbb, L:/127.0.0.1:53510 - R:localhost/127.0.0.1:1448]' for 'GET' to 'http://localhost:1448/session/3e4951c79d2ede6566ce6a8f9cc5332f/element/0.330135430821078-129/attribute/value'
16:01:57.815 [Forwarding getElementAttribute on session 3e4951c79d2ede6566ce6a8f9cc5332f to remote] DEBUG org.asynchttpclient.netty.request.NettyRequestSender - Using open Channel [id: 0x43daccbb, L:/127.0.0.1:53510 - R:localhost/127.0.0.1:1448] for GET '/session/3e4951c79d2ede6566ce6a8f9cc5332f/element/0.330135430821078-129/attribute/value'
16:01:57.824 [AsyncHttpClient-1-2] DEBUG org.asynchttpclient.netty.handler.HttpHandler - 

Request DefaultFullHttpRequest(decodeResult: success, version: HTTP/1.1, content: EmptyByteBufBE)
GET /session/3e4951c79d2ede6566ce6a8f9cc5332f/element/0.330135430821078-129/attribute/value HTTP/1.1
User-Agent: selenium/4.0.0-alpha-7 (java windows)
Cache-Control: no-cache
Content-Type: application/json; charset=utf-8
host: localhost:1448
accept: */*

Response DefaultHttpResponse(decodeResult: success, version: HTTP/1.1)
HTTP/1.1 200 OK
Content-Length: 72
Content-Type: application/json; charset=utf-8

16:01:57.824 [AsyncHttpClient-1-2] DEBUG org.asynchttpclient.netty.channel.ChannelManager - Adding key: http://localhost:1448 for channel [id: 0x43daccbb, L:/127.0.0.1:53510 - R:localhost/127.0.0.1:1448]
16:01:57.825 [Forwarding getElementText on session 3e4951c79d2ede6566ce6a8f9cc5332f to remote] DEBUG org.asynchttpclient.netty.request.NettyRequestSender - Using pooled Channel '[id: 0x43daccbb, L:/127.0.0.1:53510 - R:localhost/127.0.0.1:1448]' for 'GET' to 'http://localhost:1448/session/3e4951c79d2ede6566ce6a8f9cc5332f/element/0.330135430821078-63/text'
16:01:57.825 [Forwarding getElementText on session 3e4951c79d2ede6566ce6a8f9cc5332f to remote] DEBUG org.asynchttpclient.netty.request.NettyRequestSender - Using open Channel [id: 0x43daccbb, L:/127.0.0.1:53510 - R:localhost/127.0.0.1:1448] for GET '/session/3e4951c79d2ede6566ce6a8f9cc5332f/element/0.330135430821078-63/text'
16:01:57.836 [AsyncHttpClient-1-2] DEBUG org.asynchttpclient.netty.handler.HttpHandler - 

Request DefaultFullHttpRequest(decodeResult: success, version: HTTP/1.1, content: EmptyByteBufBE)
GET /session/3e4951c79d2ede6566ce6a8f9cc5332f/element/0.330135430821078-63/text HTTP/1.1
User-Agent: selenium/4.0.0-alpha-7 (java windows)
Cache-Control: no-cache
Content-Type: application/json; charset=utf-8
host: localhost:1448
accept: */*

Response DefaultHttpResponse(decodeResult: success, version: HTTP/1.1)
HTTP/1.1 200 OK
Content-Length: 75
Content-Type: application/json; charset=utf-8

16:01:57.836 [AsyncHttpClient-1-2] DEBUG org.asynchttpclient.netty.channel.ChannelManager - Adding key: http://localhost:1448 for channel [id: 0x43daccbb, L:/127.0.0.1:53510 - R:localhost/127.0.0.1:1448]
16:01:57.837 [Forwarding findChildElement on session 3e4951c79d2ede6566ce6a8f9cc5332f to remote] DEBUG org.asynchttpclient.netty.request.NettyRequestSender - Using pooled Channel '[id: 0x43daccbb, L:/127.0.0.1:53510 - R:localhost/127.0.0.1:1448]' for 'POST' to 'http://localhost:1448/session/3e4951c79d2ede6566ce6a8f9cc5332f/element/0.330135430821078-63/element'
16:01:57.837 [Forwarding findChildElement on session 3e4951c79d2ede6566ce6a8f9cc5332f to remote] DEBUG org.asynchttpclient.netty.request.NettyRequestSender - Using open Channel [id: 0x43daccbb, L:/127.0.0.1:53510 - R:localhost/127.0.0.1:1448] for POST '/session/3e4951c79d2ede6566ce6a8f9cc5332f/element/0.330135430821078-63/element'
16:01:57.846 [AsyncHttpClient-1-2] DEBUG org.asynchttpclient.netty.handler.HttpHandler - 

Request DefaultHttpRequest(decodeResult: success, version: HTTP/1.1)
POST /session/3e4951c79d2ede6566ce6a8f9cc5332f/element/0.330135430821078-63/element HTTP/1.1
User-Agent: selenium/4.0.0-alpha-7 (java windows)
Content-Length: 77
Content-Type: application/json; charset=utf-8
host: localhost:1448
accept: */*

Response DefaultHttpResponse(decodeResult: success, version: HTTP/1.1)
HTTP/1.1 200 OK
Content-Length: 103
Content-Type: application/json; charset=utf-8

16:01:57.846 [AsyncHttpClient-1-2] DEBUG org.asynchttpclient.netty.channel.ChannelManager - Adding key: http://localhost:1448 for channel [id: 0x43daccbb, L:/127.0.0.1:53510 - R:localhost/127.0.0.1:1448]
16:01:57.846 [Forwarding getElementAttribute on session 3e4951c79d2ede6566ce6a8f9cc5332f to remote] DEBUG org.asynchttpclient.netty.request.NettyRequestSender - Using pooled Channel '[id: 0x43daccbb, L:/127.0.0.1:53510 - R:localhost/127.0.0.1:1448]' for 'GET' to 'http://localhost:1448/session/3e4951c79d2ede6566ce6a8f9cc5332f/element/0.330135430821078-130/attribute/value'
16:01:57.847 [Forwarding getElementAttribute on session 3e4951c79d2ede6566ce6a8f9cc5332f to remote] DEBUG org.asynchttpclient.netty.request.NettyRequestSender - Using open Channel [id: 0x43daccbb, L:/127.0.0.1:53510 - R:localhost/127.0.0.1:1448] for GET '/session/3e4951c79d2ede6566ce6a8f9cc5332f/element/0.330135430821078-130/attribute/value'
16:01:57.855 [AsyncHttpClient-1-2] DEBUG org.asynchttpclient.netty.handler.HttpHandler - 

Request DefaultFullHttpRequest(decodeResult: success, version: HTTP/1.1, content: EmptyByteBufBE)
GET /session/3e4951c79d2ede6566ce6a8f9cc5332f/element/0.330135430821078-130/attribute/value HTTP/1.1
User-Agent: selenium/4.0.0-alpha-7 (java windows)
Cache-Control: no-cache
Content-Type: application/json; charset=utf-8
host: localhost:1448
accept: */*

Response DefaultHttpResponse(decodeResult: success, version: HTTP/1.1)
HTTP/1.1 200 OK
Content-Length: 72
Content-Type: application/json; charset=utf-8

16:01:57.855 [AsyncHttpClient-1-2] DEBUG org.asynchttpclient.netty.channel.ChannelManager - Adding key: http://localhost:1448 for channel [id: 0x43daccbb, L:/127.0.0.1:53510 - R:localhost/127.0.0.1:1448]
16:01:57.855 [Forwarding getElementText on session 3e4951c79d2ede6566ce6a8f9cc5332f to remote] DEBUG org.asynchttpclient.netty.request.NettyRequestSender - Using pooled Channel '[id: 0x43daccbb, L:/127.0.0.1:53510 - R:localhost/127.0.0.1:1448]' for 'GET' to 'http://localhost:1448/session/3e4951c79d2ede6566ce6a8f9cc5332f/element/0.330135430821078-64/text'
16:01:57.855 [Forwarding getElementText on session 3e4951c79d2ede6566ce6a8f9cc5332f to remote] DEBUG org.asynchttpclient.netty.request.NettyRequestSender - Using open Channel [id: 0x43daccbb, L:/127.0.0.1:53510 - R:localhost/127.0.0.1:1448] for GET '/session/3e4951c79d2ede6566ce6a8f9cc5332f/element/0.330135430821078-64/text'
16:01:57.865 [AsyncHttpClient-1-2] DEBUG org.asynchttpclient.netty.handler.HttpHandler - 

Request DefaultFullHttpRequest(decodeResult: success, version: HTTP/1.1, content: EmptyByteBufBE)
GET /session/3e4951c79d2ede6566ce6a8f9cc5332f/element/0.330135430821078-64/text HTTP/1.1
User-Agent: selenium/4.0.0-alpha-7 (java windows)
Cache-Control: no-cache
Content-Type: application/json; charset=utf-8
host: localhost:1448
accept: */*

Response DefaultHttpResponse(decodeResult: success, version: HTTP/1.1)
HTTP/1.1 200 OK
Content-Length: 75
Content-Type: application/json; charset=utf-8

16:01:57.865 [AsyncHttpClient-1-2] DEBUG org.asynchttpclient.netty.channel.ChannelManager - Adding key: http://localhost:1448 for channel [id: 0x43daccbb, L:/127.0.0.1:53510 - R:localhost/127.0.0.1:1448]
16:01:57.866 [Forwarding findChildElement on session 3e4951c79d2ede6566ce6a8f9cc5332f to remote] DEBUG org.asynchttpclient.netty.request.NettyRequestSender - Using pooled Channel '[id: 0x43daccbb, L:/127.0.0.1:53510 - R:localhost/127.0.0.1:1448]' for 'POST' to 'http://localhost:1448/session/3e4951c79d2ede6566ce6a8f9cc5332f/element/0.330135430821078-64/element'
16:01:57.866 [Forwarding findChildElement on session 3e4951c79d2ede6566ce6a8f9cc5332f to remote] DEBUG org.asynchttpclient.netty.request.NettyRequestSender - Using open Channel [id: 0x43daccbb, L:/127.0.0.1:53510 - R:localhost/127.0.0.1:1448] for POST '/session/3e4951c79d2ede6566ce6a8f9cc5332f/element/0.330135430821078-64/element'
16:01:57.876 [AsyncHttpClient-1-2] DEBUG org.asynchttpclient.netty.handler.HttpHandler - 

Request DefaultHttpRequest(decodeResult: success, version: HTTP/1.1)
POST /session/3e4951c79d2ede6566ce6a8f9cc5332f/element/0.330135430821078-64/element HTTP/1.1
User-Agent: selenium/4.0.0-alpha-7 (java windows)
Content-Length: 77
Content-Type: application/json; charset=utf-8
host: localhost:1448
accept: */*

Response DefaultHttpResponse(decodeResult: success, version: HTTP/1.1)
HTTP/1.1 200 OK
Content-Length: 103
Content-Type: application/json; charset=utf-8

16:01:57.876 [AsyncHttpClient-1-2] DEBUG org.asynchttpclient.netty.channel.ChannelManager - Adding key: http://localhost:1448 for channel [id: 0x43daccbb, L:/127.0.0.1:53510 - R:localhost/127.0.0.1:1448]
16:01:57.877 [Forwarding getElementAttribute on session 3e4951c79d2ede6566ce6a8f9cc5332f to remote] DEBUG org.asynchttpclient.netty.request.NettyRequestSender - Using pooled Channel '[id: 0x43daccbb, L:/127.0.0.1:53510 - R:localhost/127.0.0.1:1448]' for 'GET' to 'http://localhost:1448/session/3e4951c79d2ede6566ce6a8f9cc5332f/element/0.330135430821078-131/attribute/value'
16:01:57.877 [Forwarding getElementAttribute on session 3e4951c79d2ede6566ce6a8f9cc5332f to remote] DEBUG org.asynchttpclient.netty.request.NettyRequestSender - Using open Channel [id: 0x43daccbb, L:/127.0.0.1:53510 - R:localhost/127.0.0.1:1448] for GET '/session/3e4951c79d2ede6566ce6a8f9cc5332f/element/0.330135430821078-131/attribute/value'
16:01:57.884 [AsyncHttpClient-1-2] DEBUG org.asynchttpclient.netty.handler.HttpHandler - 

Request DefaultFullHttpRequest(decodeResult: success, version: HTTP/1.1, content: EmptyByteBufBE)
GET /session/3e4951c79d2ede6566ce6a8f9cc5332f/element/0.330135430821078-131/attribute/value HTTP/1.1
User-Agent: selenium/4.0.0-alpha-7 (java windows)
Cache-Control: no-cache
Content-Type: application/json; charset=utf-8
host: localhost:1448
accept: */*

Response DefaultHttpResponse(decodeResult: success, version: HTTP/1.1)
HTTP/1.1 200 OK
Content-Length: 72
Content-Type: application/json; charset=utf-8

16:01:57.884 [AsyncHttpClient-1-2] DEBUG org.asynchttpclient.netty.channel.ChannelManager - Adding key: http://localhost:1448 for channel [id: 0x43daccbb, L:/127.0.0.1:53510 - R:localhost/127.0.0.1:1448]
16:01:57.885 [Forwarding getElementText on session 3e4951c79d2ede6566ce6a8f9cc5332f to remote] DEBUG org.asynchttpclient.netty.request.NettyRequestSender - Using pooled Channel '[id: 0x43daccbb, L:/127.0.0.1:53510 - R:localhost/127.0.0.1:1448]' for 'GET' to 'http://localhost:1448/session/3e4951c79d2ede6566ce6a8f9cc5332f/element/0.330135430821078-65/text'
16:01:57.885 [Forwarding getElementText on session 3e4951c79d2ede6566ce6a8f9cc5332f to remote] DEBUG org.asynchttpclient.netty.request.NettyRequestSender - Using open Channel [id: 0x43daccbb, L:/127.0.0.1:53510 - R:localhost/127.0.0.1:1448] for GET '/session/3e4951c79d2ede6566ce6a8f9cc5332f/element/0.330135430821078-65/text'
16:01:57.896 [AsyncHttpClient-1-2] DEBUG org.asynchttpclient.netty.handler.HttpHandler - 

Request DefaultFullHttpRequest(decodeResult: success, version: HTTP/1.1, content: EmptyByteBufBE)
GET /session/3e4951c79d2ede6566ce6a8f9cc5332f/element/0.330135430821078-65/text HTTP/1.1
User-Agent: selenium/4.0.0-alpha-7 (java windows)
Cache-Control: no-cache
Content-Type: application/json; charset=utf-8
host: localhost:1448
accept: */*

Response DefaultHttpResponse(decodeResult: success, version: HTTP/1.1)
HTTP/1.1 200 OK
Content-Length: 75
Content-Type: application/json; charset=utf-8

16:01:57.896 [AsyncHttpClient-1-2] DEBUG org.asynchttpclient.netty.channel.ChannelManager - Adding key: http://localhost:1448 for channel [id: 0x43daccbb, L:/127.0.0.1:53510 - R:localhost/127.0.0.1:1448]
16:01:57.896 [Forwarding findChildElement on session 3e4951c79d2ede6566ce6a8f9cc5332f to remote] DEBUG org.asynchttpclient.netty.request.NettyRequestSender - Using pooled Channel '[id: 0x43daccbb, L:/127.0.0.1:53510 - R:localhost/127.0.0.1:1448]' for 'POST' to 'http://localhost:1448/session/3e4951c79d2ede6566ce6a8f9cc5332f/element/0.330135430821078-65/element'
16:01:57.896 [Forwarding findChildElement on session 3e4951c79d2ede6566ce6a8f9cc5332f to remote] DEBUG org.asynchttpclient.netty.request.NettyRequestSender - Using open Channel [id: 0x43daccbb, L:/127.0.0.1:53510 - R:localhost/127.0.0.1:1448] for POST '/session/3e4951c79d2ede6566ce6a8f9cc5332f/element/0.330135430821078-65/element'
16:01:57.906 [AsyncHttpClient-1-2] DEBUG org.asynchttpclient.netty.handler.HttpHandler - 

Request DefaultHttpRequest(decodeResult: success, version: HTTP/1.1)
POST /session/3e4951c79d2ede6566ce6a8f9cc5332f/element/0.330135430821078-65/element HTTP/1.1
User-Agent: selenium/4.0.0-alpha-7 (java windows)
Content-Length: 77
Content-Type: application/json; charset=utf-8
host: localhost:1448
accept: */*

Response DefaultHttpResponse(decodeResult: success, version: HTTP/1.1)
HTTP/1.1 200 OK
Content-Length: 103
Content-Type: application/json; charset=utf-8

16:01:57.906 [AsyncHttpClient-1-2] DEBUG org.asynchttpclient.netty.channel.ChannelManager - Adding key: http://localhost:1448 for channel [id: 0x43daccbb, L:/127.0.0.1:53510 - R:localhost/127.0.0.1:1448]
16:01:57.906 [Forwarding getElementAttribute on session 3e4951c79d2ede6566ce6a8f9cc5332f to remote] DEBUG org.asynchttpclient.netty.request.NettyRequestSender - Using pooled Channel '[id: 0x43daccbb, L:/127.0.0.1:53510 - R:localhost/127.0.0.1:1448]' for 'GET' to 'http://localhost:1448/session/3e4951c79d2ede6566ce6a8f9cc5332f/element/0.330135430821078-132/attribute/value'
16:01:57.906 [Forwarding getElementAttribute on session 3e4951c79d2ede6566ce6a8f9cc5332f to remote] DEBUG org.asynchttpclient.netty.request.NettyRequestSender - Using open Channel [id: 0x43daccbb, L:/127.0.0.1:53510 - R:localhost/127.0.0.1:1448] for GET '/session/3e4951c79d2ede6566ce6a8f9cc5332f/element/0.330135430821078-132/attribute/value'
16:01:57.914 [AsyncHttpClient-1-2] DEBUG org.asynchttpclient.netty.handler.HttpHandler - 

Request DefaultFullHttpRequest(decodeResult: success, version: HTTP/1.1, content: EmptyByteBufBE)
GET /session/3e4951c79d2ede6566ce6a8f9cc5332f/element/0.330135430821078-132/attribute/value HTTP/1.1
User-Agent: selenium/4.0.0-alpha-7 (java windows)
Cache-Control: no-cache
Content-Type: application/json; charset=utf-8
host: localhost:1448
accept: */*

Response DefaultHttpResponse(decodeResult: success, version: HTTP/1.1)
HTTP/1.1 200 OK
Content-Length: 72
Content-Type: application/json; charset=utf-8

16:01:57.914 [AsyncHttpClient-1-2] DEBUG org.asynchttpclient.netty.channel.ChannelManager - Adding key: http://localhost:1448 for channel [id: 0x43daccbb, L:/127.0.0.1:53510 - R:localhost/127.0.0.1:1448]
16:01:57.914 [Forwarding getElementText on session 3e4951c79d2ede6566ce6a8f9cc5332f to remote] DEBUG org.asynchttpclient.netty.request.NettyRequestSender - Using pooled Channel '[id: 0x43daccbb, L:/127.0.0.1:53510 - R:localhost/127.0.0.1:1448]' for 'GET' to 'http://localhost:1448/session/3e4951c79d2ede6566ce6a8f9cc5332f/element/0.330135430821078-66/text'
16:01:57.914 [Forwarding getElementText on session 3e4951c79d2ede6566ce6a8f9cc5332f to remote] DEBUG org.asynchttpclient.netty.request.NettyRequestSender - Using open Channel [id: 0x43daccbb, L:/127.0.0.1:53510 - R:localhost/127.0.0.1:1448] for GET '/session/3e4951c79d2ede6566ce6a8f9cc5332f/element/0.330135430821078-66/text'
16:01:57.925 [AsyncHttpClient-1-2] DEBUG org.asynchttpclient.netty.handler.HttpHandler - 

Request DefaultFullHttpRequest(decodeResult: success, version: HTTP/1.1, content: EmptyByteBufBE)
GET /session/3e4951c79d2ede6566ce6a8f9cc5332f/element/0.330135430821078-66/text HTTP/1.1
User-Agent: selenium/4.0.0-alpha-7 (java windows)
Cache-Control: no-cache
Content-Type: application/json; charset=utf-8
host: localhost:1448
accept: */*

Response DefaultHttpResponse(decodeResult: success, version: HTTP/1.1)
HTTP/1.1 200 OK
Content-Length: 75
Content-Type: application/json; charset=utf-8

16:01:57.925 [AsyncHttpClient-1-2] DEBUG org.asynchttpclient.netty.channel.ChannelManager - Adding key: http://localhost:1448 for channel [id: 0x43daccbb, L:/127.0.0.1:53510 - R:localhost/127.0.0.1:1448]
16:01:57.925 [Forwarding findChildElement on session 3e4951c79d2ede6566ce6a8f9cc5332f to remote] DEBUG org.asynchttpclient.netty.request.NettyRequestSender - Using pooled Channel '[id: 0x43daccbb, L:/127.0.0.1:53510 - R:localhost/127.0.0.1:1448]' for 'POST' to 'http://localhost:1448/session/3e4951c79d2ede6566ce6a8f9cc5332f/element/0.330135430821078-66/element'
16:01:57.925 [Forwarding findChildElement on session 3e4951c79d2ede6566ce6a8f9cc5332f to remote] DEBUG org.asynchttpclient.netty.request.NettyRequestSender - Using open Channel [id: 0x43daccbb, L:/127.0.0.1:53510 - R:localhost/127.0.0.1:1448] for POST '/session/3e4951c79d2ede6566ce6a8f9cc5332f/element/0.330135430821078-66/element'
16:01:57.934 [AsyncHttpClient-1-2] DEBUG org.asynchttpclient.netty.handler.HttpHandler - 

Request DefaultHttpRequest(decodeResult: success, version: HTTP/1.1)
POST /session/3e4951c79d2ede6566ce6a8f9cc5332f/element/0.330135430821078-66/element HTTP/1.1
User-Agent: selenium/4.0.0-alpha-7 (java windows)
Content-Length: 77
Content-Type: application/json; charset=utf-8
host: localhost:1448
accept: */*

Response DefaultHttpResponse(decodeResult: success, version: HTTP/1.1)
HTTP/1.1 200 OK
Content-Length: 103
Content-Type: application/json; charset=utf-8

16:01:57.935 [AsyncHttpClient-1-2] DEBUG org.asynchttpclient.netty.channel.ChannelManager - Adding key: http://localhost:1448 for channel [id: 0x43daccbb, L:/127.0.0.1:53510 - R:localhost/127.0.0.1:1448]
16:01:57.935 [Forwarding getElementAttribute on session 3e4951c79d2ede6566ce6a8f9cc5332f to remote] DEBUG org.asynchttpclient.netty.request.NettyRequestSender - Using pooled Channel '[id: 0x43daccbb, L:/127.0.0.1:53510 - R:localhost/127.0.0.1:1448]' for 'GET' to 'http://localhost:1448/session/3e4951c79d2ede6566ce6a8f9cc5332f/element/0.330135430821078-133/attribute/value'
16:01:57.935 [Forwarding getElementAttribute on session 3e4951c79d2ede6566ce6a8f9cc5332f to remote] DEBUG org.asynchttpclient.netty.request.NettyRequestSender - Using open Channel [id: 0x43daccbb, L:/127.0.0.1:53510 - R:localhost/127.0.0.1:1448] for GET '/session/3e4951c79d2ede6566ce6a8f9cc5332f/element/0.330135430821078-133/attribute/value'
16:01:57.944 [AsyncHttpClient-1-2] DEBUG org.asynchttpclient.netty.handler.HttpHandler - 

Request DefaultFullHttpRequest(decodeResult: success, version: HTTP/1.1, content: EmptyByteBufBE)
GET /session/3e4951c79d2ede6566ce6a8f9cc5332f/element/0.330135430821078-133/attribute/value HTTP/1.1
User-Agent: selenium/4.0.0-alpha-7 (java windows)
Cache-Control: no-cache
Content-Type: application/json; charset=utf-8
host: localhost:1448
accept: */*

Response DefaultHttpResponse(decodeResult: success, version: HTTP/1.1)
HTTP/1.1 200 OK
Content-Length: 72
Content-Type: application/json; charset=utf-8

16:01:57.944 [AsyncHttpClient-1-2] DEBUG org.asynchttpclient.netty.channel.ChannelManager - Adding key: http://localhost:1448 for channel [id: 0x43daccbb, L:/127.0.0.1:53510 - R:localhost/127.0.0.1:1448]
16:01:57.945 [Forwarding getElementText on session 3e4951c79d2ede6566ce6a8f9cc5332f to remote] DEBUG org.asynchttpclient.netty.request.NettyRequestSender - Using pooled Channel '[id: 0x43daccbb, L:/127.0.0.1:53510 - R:localhost/127.0.0.1:1448]' for 'GET' to 'http://localhost:1448/session/3e4951c79d2ede6566ce6a8f9cc5332f/element/0.330135430821078-67/text'
16:01:57.945 [Forwarding getElementText on session 3e4951c79d2ede6566ce6a8f9cc5332f to remote] DEBUG org.asynchttpclient.netty.request.NettyRequestSender - Using open Channel [id: 0x43daccbb, L:/127.0.0.1:53510 - R:localhost/127.0.0.1:1448] for GET '/session/3e4951c79d2ede6566ce6a8f9cc5332f/element/0.330135430821078-67/text'
16:01:57.955 [AsyncHttpClient-1-2] DEBUG org.asynchttpclient.netty.handler.HttpHandler - 

Request DefaultFullHttpRequest(decodeResult: success, version: HTTP/1.1, content: EmptyByteBufBE)
GET /session/3e4951c79d2ede6566ce6a8f9cc5332f/element/0.330135430821078-67/text HTTP/1.1
User-Agent: selenium/4.0.0-alpha-7 (java windows)
Cache-Control: no-cache
Content-Type: application/json; charset=utf-8
host: localhost:1448
accept: */*

Response DefaultHttpResponse(decodeResult: success, version: HTTP/1.1)
HTTP/1.1 200 OK
Content-Length: 75
Content-Type: application/json; charset=utf-8

16:01:57.955 [AsyncHttpClient-1-2] DEBUG org.asynchttpclient.netty.channel.ChannelManager - Adding key: http://localhost:1448 for channel [id: 0x43daccbb, L:/127.0.0.1:53510 - R:localhost/127.0.0.1:1448]
16:01:57.956 [Forwarding findChildElement on session 3e4951c79d2ede6566ce6a8f9cc5332f to remote] DEBUG org.asynchttpclient.netty.request.NettyRequestSender - Using pooled Channel '[id: 0x43daccbb, L:/127.0.0.1:53510 - R:localhost/127.0.0.1:1448]' for 'POST' to 'http://localhost:1448/session/3e4951c79d2ede6566ce6a8f9cc5332f/element/0.330135430821078-67/element'
16:01:57.956 [Forwarding findChildElement on session 3e4951c79d2ede6566ce6a8f9cc5332f to remote] DEBUG org.asynchttpclient.netty.request.NettyRequestSender - Using open Channel [id: 0x43daccbb, L:/127.0.0.1:53510 - R:localhost/127.0.0.1:1448] for POST '/session/3e4951c79d2ede6566ce6a8f9cc5332f/element/0.330135430821078-67/element'
16:01:57.965 [AsyncHttpClient-1-2] DEBUG org.asynchttpclient.netty.handler.HttpHandler - 

Request DefaultHttpRequest(decodeResult: success, version: HTTP/1.1)
POST /session/3e4951c79d2ede6566ce6a8f9cc5332f/element/0.330135430821078-67/element HTTP/1.1
User-Agent: selenium/4.0.0-alpha-7 (java windows)
Content-Length: 77
Content-Type: application/json; charset=utf-8
host: localhost:1448
accept: */*

Response DefaultHttpResponse(decodeResult: success, version: HTTP/1.1)
HTTP/1.1 200 OK
Content-Length: 103
Content-Type: application/json; charset=utf-8

16:01:57.965 [AsyncHttpClient-1-2] DEBUG org.asynchttpclient.netty.channel.ChannelManager - Adding key: http://localhost:1448 for channel [id: 0x43daccbb, L:/127.0.0.1:53510 - R:localhost/127.0.0.1:1448]
16:01:57.965 [Forwarding getElementAttribute on session 3e4951c79d2ede6566ce6a8f9cc5332f to remote] DEBUG org.asynchttpclient.netty.request.NettyRequestSender - Using pooled Channel '[id: 0x43daccbb, L:/127.0.0.1:53510 - R:localhost/127.0.0.1:1448]' for 'GET' to 'http://localhost:1448/session/3e4951c79d2ede6566ce6a8f9cc5332f/element/0.330135430821078-134/attribute/value'
16:01:57.965 [Forwarding getElementAttribute on session 3e4951c79d2ede6566ce6a8f9cc5332f to remote] DEBUG org.asynchttpclient.netty.request.NettyRequestSender - Using open Channel [id: 0x43daccbb, L:/127.0.0.1:53510 - R:localhost/127.0.0.1:1448] for GET '/session/3e4951c79d2ede6566ce6a8f9cc5332f/element/0.330135430821078-134/attribute/value'
16:01:57.973 [AsyncHttpClient-1-2] DEBUG org.asynchttpclient.netty.handler.HttpHandler - 

Request DefaultFullHttpRequest(decodeResult: success, version: HTTP/1.1, content: EmptyByteBufBE)
GET /session/3e4951c79d2ede6566ce6a8f9cc5332f/element/0.330135430821078-134/attribute/value HTTP/1.1
User-Agent: selenium/4.0.0-alpha-7 (java windows)
Cache-Control: no-cache
Content-Type: application/json; charset=utf-8
host: localhost:1448
accept: */*

Response DefaultHttpResponse(decodeResult: success, version: HTTP/1.1)
HTTP/1.1 200 OK
Content-Length: 72
Content-Type: application/json; charset=utf-8

16:01:57.974 [AsyncHttpClient-1-2] DEBUG org.asynchttpclient.netty.channel.ChannelManager - Adding key: http://localhost:1448 for channel [id: 0x43daccbb, L:/127.0.0.1:53510 - R:localhost/127.0.0.1:1448]
16:01:57.998 [Forwarding findElements on session 3e4951c79d2ede6566ce6a8f9cc5332f to remote] DEBUG org.asynchttpclient.netty.request.NettyRequestSender - Using pooled Channel '[id: 0x43daccbb, L:/127.0.0.1:53510 - R:localhost/127.0.0.1:1448]' for 'POST' to 'http://localhost:1448/session/3e4951c79d2ede6566ce6a8f9cc5332f/elements'
16:01:57.998 [Forwarding findElements on session 3e4951c79d2ede6566ce6a8f9cc5332f to remote] DEBUG org.asynchttpclient.netty.request.NettyRequestSender - Using open Channel [id: 0x43daccbb, L:/127.0.0.1:53510 - R:localhost/127.0.0.1:1448] for POST '/session/3e4951c79d2ede6566ce6a8f9cc5332f/elements'
16:01:58.014 [AsyncHttpClient-1-2] DEBUG org.asynchttpclient.netty.handler.HttpHandler - 

Request DefaultHttpRequest(decodeResult: success, version: HTTP/1.1)
POST /session/3e4951c79d2ede6566ce6a8f9cc5332f/elements HTTP/1.1
User-Agent: selenium/4.0.0-alpha-7 (java windows)
Content-Length: 46
Content-Type: application/json; charset=utf-8
host: localhost:1448
accept: */*

Response DefaultHttpResponse(decodeResult: success, version: HTTP/1.1)
HTTP/1.1 200 OK
Content-Length: 2449
Content-Type: application/json; charset=utf-8

16:01:58.015 [AsyncHttpClient-1-2] DEBUG org.asynchttpclient.netty.channel.ChannelManager - Adding key: http://localhost:1448 for channel [id: 0x43daccbb, L:/127.0.0.1:53510 - R:localhost/127.0.0.1:1448]
16:01:58.109 [Test worker] INFO ru.stqa.pft.addressbook.lessons_68.tests.GroupDeletionTests - Stop test testGroupCreation
]]></system-out>
  <system-err><![CDATA[Starting OperaDriver 87.0.4280.67 (0e5d92df40086cf0050c00f87b11da1b14580930-refs/branch-heads/4280@{#1441}) on port 1448
Only local connections are allowed.
Please see https://chromedriver.chromium.org/security-considerations for suggestions on keeping OperaDriver safe.
OperaDriver was started successfully.
[1614607252.369][WARNING]: This version of OperaDriver has not been tested with Opera version 88.
мар 01, 2021 4:01:01 PM org.openqa.selenium.remote.ProtocolHandshake createSession
INFO: Detected dialect: OSS
мар 01, 2021 4:01:03 PM org.openqa.selenium.devtools.CdpVersionFinder findNearestMatch
WARNING: Unable to find an exact match for CDP version 88, so returning the closest version found: 86
мар 01, 2021 4:01:03 PM org.openqa.selenium.devtools.CdpVersionFinder findNearestMatch
INFO: Found CDP implementation for version 88 of 86
]]></system-err>
</testsuite>
