<?xml version="1.0" encoding="UTF-8"?>
<testsuite name="ru.stqa.pft.addressbook.lessons_55.tests.GroupCreationTests" tests="2" skipped="0" failures="0" errors="0" timestamp="2021-01-25T18:32:00" hostname="DESKTOP-5UIVN5C" time="28.907">
  <properties/>
  <testcase name="testBadGroupCreation" classname="ru.stqa.pft.addressbook.lessons_55.tests.GroupCreationTests" time="7.074"/>
  <testcase name="testGroupCreation" classname="ru.stqa.pft.addressbook.lessons_55.tests.GroupCreationTests" time="8.579"/>
  <system-out><![CDATA[]]></system-out>
  <system-err><![CDATA[SLF4J: Failed to load class "org.slf4j.impl.StaticLoggerBinder".
SLF4J: Defaulting to no-operation (NOP) logger implementation
SLF4J: See http://www.slf4j.org/codes.html#StaticLoggerBinder for further details.
Starting ChromeDriver 87.0.4280.88 (89e2380a3e36c3464b5dd1302349b1382549290d-refs/branch-heads/4280@{#1761}) on port 17091
Only local connections are allowed.
Please see https://chromedriver.chromium.org/security-considerations for suggestions on keeping ChromeDriver safe.
ChromeDriver was started successfully.
янв 25, 2021 8:31:55 PM org.openqa.selenium.remote.ProtocolHandshake createSession
INFO: Detected dialect: W3C
янв 25, 2021 8:31:56 PM org.openqa.selenium.devtools.CdpVersionFinder findNearestMatch
WARNING: Unable to find an exact match for CDP version 87, so returning the closest version found: 86
янв 25, 2021 8:31:56 PM org.openqa.selenium.devtools.CdpVersionFinder findNearestMatch
INFO: Found CDP implementation for version 87 of 86
]]></system-err>
</testsuite>
