<?xml version="1.0" encoding="UTF-8"?>
<testsuite name="ru.stqa.pft.addressbook.lessons_49.tests.GroupModificationTests" tests="1" skipped="0" failures="0" errors="0" timestamp="2020-12-16T13:05:50" hostname="lst-1" time="3.3">
  <properties/>
  <testcase name="testGroupModification" classname="ru.stqa.pft.addressbook.lessons_49.tests.GroupModificationTests" time="3.3"/>
  <system-out><![CDATA[]]></system-out>
  <system-err><![CDATA[]]></system-err>
</testsuite>
