<?xml version="1.0" encoding="UTF-8"?>
<testsuite name="ru.stqa.pft.addressbook.lessons_56.tests.GroupCreationTests" tests="2" skipped="0" failures="0" errors="0" timestamp="2021-01-26T12:15:22" hostname="lst-1" time="57.233">
  <properties/>
  <testcase name="testBadGroupCreation" classname="ru.stqa.pft.addressbook.lessons_56.tests.GroupCreationTests" time="31.815"/>
  <testcase name="testGroupCreation" classname="ru.stqa.pft.addressbook.lessons_56.tests.GroupCreationTests" time="5.487"/>
  <system-out><![CDATA[]]></system-out>
  <system-err><![CDATA[SLF4J: Failed to load class "org.slf4j.impl.StaticLoggerBinder".
SLF4J: Defaulting to no-operation (NOP) logger implementation
SLF4J: See http://www.slf4j.org/codes.html#StaticLoggerBinder for further details.
Starting ChromeDriver 86.0.4240.22 (398b0743353ff36fb1b82468f63a3a93b4e2e89e-refs/branch-heads/4240@{#378}) on port 33026
Only local connections are allowed.
Please see https://chromedriver.chromium.org/security-considerations for suggestions on keeping ChromeDriver safe.
ChromeDriver was started successfully.
[1611663298.591][WARNING]: This version of ChromeDriver has not been tested with Chrome version 87.
янв 26, 2021 2:15:08 PM org.openqa.selenium.remote.ProtocolHandshake createSession
INFO: Detected dialect: W3C
янв 26, 2021 2:15:10 PM org.openqa.selenium.devtools.CdpVersionFinder findNearestMatch
WARNING: Unable to find an exact match for CDP version 87, so returning the closest version found: 86
янв 26, 2021 2:15:10 PM org.openqa.selenium.devtools.CdpVersionFinder findNearestMatch
INFO: Found CDP implementation for version 87 of 86
]]></system-err>
</testsuite>
