<?xml version="1.0" encoding="UTF-8"?>
<testsuite name="ru.stqa.pft.addressbook.lessons_69.tests.GroupCreationTests" tests="2" skipped="0" failures="0" errors="0" timestamp="2021-03-02T13:37:46" hostname="lst-1" time="12.021">
  <properties/>
  <testcase name="testGroupCreation[0](GroupData{name='test 0', id='2147483647'})" classname="ru.stqa.pft.addressbook.lessons_69.tests.GroupCreationTests" time="7.247"/>
  <testcase name="testGroupCreation[1](GroupData{name='test 1', id='2147483647'})" classname="ru.stqa.pft.addressbook.lessons_69.tests.GroupCreationTests" time="4.77"/>
  <system-out><![CDATA[]]></system-out>
  <system-err><![CDATA[]]></system-err>
</testsuite>
