<?xml version="1.0" encoding="UTF-8"?>
<testsuite name="ru.stqa.pft.addressbook.lessons_62.tests.GroupCreationTests" tests="3" skipped="0" failures="0" errors="0" timestamp="2021-02-05T12:21:01" hostname="lst-1" time="42.836">
  <properties/>
  <testcase name="testGroupCreation[0](GroupData{name='test1', id='2147483647'})" classname="ru.stqa.pft.addressbook.lessons_62.tests.GroupCreationTests" time="3.876"/>
  <testcase name="testGroupCreation[1](GroupData{name='test2', id='2147483647'})" classname="ru.stqa.pft.addressbook.lessons_62.tests.GroupCreationTests" time="5.008"/>
  <testcase name="testGroupCreation[2](GroupData{name='test3', id='2147483647'})" classname="ru.stqa.pft.addressbook.lessons_62.tests.GroupCreationTests" time="4.493"/>
  <system-out><![CDATA[]]></system-out>
  <system-err><![CDATA[SLF4J: Failed to load class "org.slf4j.impl.StaticLoggerBinder".
SLF4J: Defaulting to no-operation (NOP) logger implementation
SLF4J: See http://www.slf4j.org/codes.html#StaticLoggerBinder for further details.
Starting OperaDriver 87.0.4280.67 (0e5d92df40086cf0050c00f87b11da1b14580930-refs/branch-heads/4280@{#1441}) on port 27726
Only local connections are allowed.
Please see https://chromedriver.chromium.org/security-considerations for suggestions on keeping OperaDriver safe.
OperaDriver was started successfully.
[1612527657.665][WARNING]: This version of OperaDriver has not been tested with Opera version 88.
фев 05, 2021 2:20:58 PM org.openqa.selenium.remote.ProtocolHandshake createSession
INFO: Detected dialect: OSS
фев 05, 2021 2:20:59 PM org.openqa.selenium.devtools.CdpVersionFinder findNearestMatch
WARNING: Unable to find an exact match for CDP version 88, so returning the closest version found: 86
фев 05, 2021 2:20:59 PM org.openqa.selenium.devtools.CdpVersionFinder findNearestMatch
INFO: Found CDP implementation for version 88 of 86
]]></system-err>
</testsuite>
