<?xml version="1.0" encoding="UTF-8"?>
<testsuite name="ru.stqa.pft.addressbook.lessons_52.tests.GroupModificationTests" tests="1" skipped="0" failures="0" errors="0" timestamp="2020-12-17T13:22:30" hostname="lst-1" time="2.84">
  <properties/>
  <testcase name="testGroupModification" classname="ru.stqa.pft.addressbook.lessons_52.tests.GroupModificationTests" time="2.84"/>
  <system-out><![CDATA[]]></system-out>
  <system-err><![CDATA[]]></system-err>
</testsuite>
